<?xml version="1.0" encoding="UTF-8"?>
<robot generator="Robot 6.0.2 (Python 3.11.3 on win32)" generated="20230518 08:46:06.829" rpa="false" schemaversion="3">
<suite id="s1" name="Register" source="C:\Users\kumaran\Downloads\RFW-Practice\testCases\Register.robot">
<test id="s1-t1" name="Register User and Validating Registration details" line="18">
<kw name="Open Browser" library="SeleniumLibrary" type="SETUP">
<arg>${url}</arg>
<arg>${browserName}</arg>
<doc>Opens a new browser instance to the optional ``url``.</doc>
<msg timestamp="20230518 08:46:07.935" level="INFO">Opening browser 'Chrome' to base url 'https://demo.nopcommerce.com/'.</msg>
<status status="PASS" starttime="20230518 08:46:07.933" endtime="20230518 08:46:12.786"/>
</kw>
<kw name="Maximize Browser Window" library="SeleniumLibrary">
<doc>Maximizes current browser window.</doc>
<status status="PASS" starttime="20230518 08:46:12.787" endtime="20230518 08:46:12.983"/>
</kw>
<kw name="Wait Until Element Is Visible" library="SeleniumLibrary">
<arg>${img_demoStore}</arg>
<doc>Waits until the element ``locator`` is visible.</doc>
<status status="PASS" starttime="20230518 08:46:12.983" endtime="20230518 08:46:13.113"/>
</kw>
<kw name="Click Link" library="SeleniumLibrary">
<arg>${lnk_register}</arg>
<doc>Clicks a link identified by ``locator``.</doc>
<msg timestamp="20230518 08:46:13.113" level="INFO">Clicking link '//a[@class='ico-register']'.</msg>
<status status="PASS" starttime="20230518 08:46:13.113" endtime="20230518 08:46:15.017"/>
</kw>
<kw name="Select Radio Button" library="SeleniumLibrary">
<arg>${rdBtn_name}</arg>
<arg>${genderName}</arg>
<doc>Sets the radio button group ``group_name`` to ``value``.</doc>
<msg timestamp="20230518 08:46:15.019" level="INFO">Selecting 'F' from radio button 'Gender'.</msg>
<status status="PASS" starttime="20230518 08:46:15.019" endtime="20230518 08:46:15.160"/>
</kw>
<kw name="First Name" library="FakerLibrary">
<var>${firstName}</var>
<msg timestamp="20230518 08:46:15.161" level="INFO">${firstName} = Mary</msg>
<status status="PASS" starttime="20230518 08:46:15.161" endtime="20230518 08:46:15.161"/>
</kw>
<kw name="Input Text" library="SeleniumLibrary">
<arg>${txt_fName}</arg>
<arg>${firstName}</arg>
<doc>Types the given ``text`` into the text field identified by ``locator``.</doc>
<msg timestamp="20230518 08:46:15.161" level="INFO">Typing text 'Mary' into text field 'FirstName'.</msg>
<status status="PASS" starttime="20230518 08:46:15.161" endtime="20230518 08:46:15.384"/>
</kw>
<kw name="Last Name" library="FakerLibrary">
<var>${lastName}</var>
<msg timestamp="20230518 08:46:15.385" level="INFO">${lastName} = Hill</msg>
<status status="PASS" starttime="20230518 08:46:15.385" endtime="20230518 08:46:15.385"/>
</kw>
<kw name="Input Text" library="SeleniumLibrary">
<arg>${txt_lName}</arg>
<arg>${lastName}</arg>
<doc>Types the given ``text`` into the text field identified by ``locator``.</doc>
<msg timestamp="20230518 08:46:15.388" level="INFO">Typing text 'Hill' into text field 'LastName'.</msg>
<status status="PASS" starttime="20230518 08:46:15.386" endtime="20230518 08:46:15.587"/>
</kw>
<kw name="Month Name" library="FakerLibrary">
<var>${monthIndex}</var>
<msg timestamp="20230518 08:46:15.592" level="INFO">${monthIndex} = December</msg>
<status status="PASS" starttime="20230518 08:46:15.588" endtime="20230518 08:46:15.592"/>
</kw>
<kw name="Year" library="FakerLibrary">
<var>${yearIndex}</var>
<msg timestamp="20230518 08:46:15.593" level="INFO">${yearIndex} = 1993</msg>
<status status="PASS" starttime="20230518 08:46:15.593" endtime="20230518 08:46:15.593"/>
</kw>
<kw name="Select From List By Label" library="SeleniumLibrary">
<arg>${date_locator}</arg>
<arg>${dateIndex}</arg>
<doc>Selects options from selection list ``locator`` by ``labels``.</doc>
<msg timestamp="20230518 08:46:15.595" level="INFO">Selecting options from selection list 'DateOfBirthDay' by label 1.</msg>
<status status="PASS" starttime="20230518 08:46:15.594" endtime="20230518 08:46:15.739"/>
</kw>
<kw name="Select From List By Label" library="SeleniumLibrary">
<arg>${month_locator}</arg>
<arg>${monthIndex}</arg>
<doc>Selects options from selection list ``locator`` by ``labels``.</doc>
<msg timestamp="20230518 08:46:15.743" level="INFO">Selecting options from selection list 'DateOfBirthMonth' by label December.</msg>
<status status="PASS" starttime="20230518 08:46:15.742" endtime="20230518 08:46:15.896"/>
</kw>
<kw name="Select From List By Value" library="SeleniumLibrary">
<arg>${year_locator}</arg>
<arg>${yearIndex}</arg>
<doc>Selects options from selection list ``locator`` by ``values``.</doc>
<msg timestamp="20230518 08:46:15.900" level="INFO">Selecting options from selection list 'DateOfBirthYear' by value 1993.</msg>
<status status="PASS" starttime="20230518 08:46:15.898" endtime="20230518 08:46:16.037"/>
</kw>
<kw name="Email" library="FakerLibrary">
<var>${email}</var>
<msg timestamp="20230518 08:46:16.040" level="INFO">${email} = ellen92@example.com</msg>
<status status="PASS" starttime="20230518 08:46:16.038" endtime="20230518 08:46:16.040"/>
</kw>
<kw name="Input Text" library="SeleniumLibrary">
<arg>${txt_email}</arg>
<arg>${email}</arg>
<doc>Types the given ``text`` into the text field identified by ``locator``.</doc>
<msg timestamp="20230518 08:46:16.043" level="INFO">Typing text 'ellen92@example.com' into text field 'Email'.</msg>
<status status="PASS" starttime="20230518 08:46:16.040" endtime="20230518 08:46:16.243"/>
</kw>
<kw name="Company" library="FakerLibrary">
<var>${company}</var>
<doc>:example: 'Acme Ltd'</doc>
<msg timestamp="20230518 08:46:16.243" level="INFO">${company} = Baker-Hayes</msg>
<status status="PASS" starttime="20230518 08:46:16.243" endtime="20230518 08:46:16.243"/>
</kw>
<kw name="Input Text" library="SeleniumLibrary">
<arg>${txt_company}</arg>
<arg>${company}</arg>
<doc>Types the given ``text`` into the text field identified by ``locator``.</doc>
<msg timestamp="20230518 08:46:16.243" level="INFO">Typing text 'Baker-Hayes' into text field 'Company'.</msg>
<status status="PASS" starttime="20230518 08:46:16.243" endtime="20230518 08:46:16.457"/>
</kw>
<kw name="Input Password" library="SeleniumLibrary">
<arg>${txt_password}</arg>
<arg>${password}</arg>
<doc>Types the given password into the text field identified by ``locator``.</doc>
<msg timestamp="20230518 08:46:16.457" level="INFO">Typing password into text field 'Password'.</msg>
<msg timestamp="20230518 08:46:16.532" level="INFO">Temporally setting log level to: NONE</msg>
<msg timestamp="20230518 08:46:16.666" level="INFO">Log level changed from NONE to INFO.</msg>
<status status="PASS" starttime="20230518 08:46:16.457" endtime="20230518 08:46:16.666"/>
</kw>
<kw name="Input Password" library="SeleniumLibrary">
<arg>${txt_cnfPassword}</arg>
<arg>${confirmPassword}</arg>
<doc>Types the given password into the text field identified by ``locator``.</doc>
<msg timestamp="20230518 08:46:16.669" level="INFO">Typing password into text field 'ConfirmPassword'.</msg>
<msg timestamp="20230518 08:46:16.742" level="INFO">Temporally setting log level to: NONE</msg>
<msg timestamp="20230518 08:46:16.857" level="INFO">Log level changed from NONE to INFO.</msg>
<status status="PASS" starttime="20230518 08:46:16.667" endtime="20230518 08:46:16.857"/>
</kw>
<kw name="Should Be Equal" library="BuiltIn">
<arg>${password}</arg>
<arg>${confirmPassword}</arg>
<doc>Fails if the given objects are unequal.</doc>
<status status="PASS" starttime="20230518 08:46:16.857" endtime="20230518 08:46:16.857"/>
</kw>
<kw name="Click Button" library="SeleniumLibrary">
<arg>${register_btn}</arg>
<doc>Clicks the button identified by ``locator``.</doc>
<msg timestamp="20230518 08:46:16.857" level="INFO">Clicking button 'register-button'.</msg>
<status status="PASS" starttime="20230518 08:46:16.857" endtime="20230518 08:46:18.427"/>
</kw>
<kw name="Wait Until Page Contains" library="SeleniumLibrary">
<arg>${successRegisterPagetxt}</arg>
<doc>Waits until ``text`` appears on the current page.</doc>
<status status="PASS" starttime="20230518 08:46:18.428" endtime="20230518 08:46:18.467"/>
</kw>
<kw name="Capture Page Screenshot" library="SeleniumLibrary">
<arg>C:/Users/kumaran/eclipse-workspace/robotframework1/nopCommerceRFWProjects/result/screenshot.png</arg>
<doc>Takes a screenshot of the current page and embeds it into a log file.</doc>
<msg timestamp="20230518 08:46:18.704" level="INFO" html="true">&lt;/td&gt;&lt;/tr&gt;&lt;tr&gt;&lt;td colspan="3"&gt;&lt;a href="../../../eclipse-workspace/robotframework1/nopCommerceRFWProjects/result/screenshot.png"&gt;&lt;img src="../../../eclipse-workspace/robotframework1/nopCommerceRFWProjects/result/screenshot.png" width="800px"&gt;&lt;/a&gt;</msg>
<status status="PASS" starttime="20230518 08:46:18.469" endtime="20230518 08:46:18.704"/>
</kw>
<kw name="Close Browser" library="SeleniumLibrary" type="TEARDOWN">
<doc>Closes the current browser.</doc>
<status status="PASS" starttime="20230518 08:46:18.706" endtime="20230518 08:46:22.112"/>
</kw>
<tag>smoke</tag>
<status status="PASS" starttime="20230518 08:46:07.929" endtime="20230518 08:46:22.115"/>
</test>
<doc>This file is for registering account</doc>
<status status="PASS" starttime="20230518 08:46:06.832" endtime="20230518 08:46:22.122"/>
</suite>
<statistics>
<total>
<stat pass="1" fail="0" skip="0">All Tests</stat>
</total>
<tag>
<stat pass="1" fail="0" skip="0">smoke</stat>
</tag>
<suite>
<stat pass="1" fail="0" skip="0" id="s1" name="Register">Register</stat>
</suite>
</statistics>
<errors>
</errors>
</robot>
