<?xml version="1.0" encoding="UTF-8"?>
<robot generator="Robot 6.0.2 (Python 3.11.3 on win32)" generated="20230517 11:14:40.450" rpa="false" schemaversion="3">
<suite id="s1" name="TestCases" source="C:\Users\DhineshlingamNataraj\Downloads\eclipse-workspace-robotframeworkNew2\RFW-Practice\TestCases">
<suite id="s1-s1" name="Register" source="C:\Users\DhineshlingamNataraj\Downloads\eclipse-workspace-robotframeworkNew2\RFW-Practice\TestCases\Register.robot">
<test id="s1-s1-t1" name="Empty Firstname" line="18">
<kw name="Open Browser" library="SeleniumLibrary" type="SETUP">
<arg>${url}</arg>
<arg>${browser}</arg>
<doc>Opens a new browser instance to the optional ``url``.</doc>
<msg timestamp="20230517 11:14:40.988" level="INFO">Opening browser 'chrome' to base url 'https://rahulshettyacademy.com/client'.</msg>
<status status="PASS" starttime="20230517 11:14:40.988" endtime="20230517 11:14:46.275"/>
</kw>
<kw name="Maximize Browser Window" library="SeleniumLibrary">
<doc>Maximizes current browser window.</doc>
<status status="PASS" starttime="20230517 11:14:46.276" endtime="20230517 11:14:46.390"/>
</kw>
<kw name="Click Element" library="SeleniumLibrary">
<arg>${btn_RegisterHere}</arg>
<doc>Click the element identified by ``locator``.</doc>
<msg timestamp="20230517 11:14:46.392" level="INFO">Clicking element '//a[@class='text-reset']'.</msg>
<status status="PASS" starttime="20230517 11:14:46.391" endtime="20230517 11:14:46.524"/>
</kw>
<kw name="Input Text" library="SeleniumLibrary">
<arg>${txt_FirstName}</arg>
<arg>${EmptyFirstName}</arg>
<doc>Types the given ``text`` into the text field identified by ``locator``.</doc>
<msg timestamp="20230517 11:14:46.525" level="INFO">Typing text '' into text field '//input[@id='firstName']'.</msg>
<status status="PASS" starttime="20230517 11:14:46.525" endtime="20230517 11:14:46.662"/>
</kw>
<kw name="Input Text" library="SeleniumLibrary">
<arg>${txt_LastName}</arg>
<arg>${invalidLastname}</arg>
<doc>Types the given ``text`` into the text field identified by ``locator``.</doc>
<msg timestamp="20230517 11:14:46.664" level="INFO">Typing text '' into text field '//input[@id='lastName']'.</msg>
<status status="PASS" starttime="20230517 11:14:46.663" endtime="20230517 11:14:46.740"/>
</kw>
<kw name="Input Text" library="SeleniumLibrary">
<arg>${txt_Email}</arg>
<arg>${Emp_Firstname_Email}</arg>
<doc>Types the given ``text`` into the text field identified by ``locator``.</doc>
<msg timestamp="20230517 11:14:46.741" level="INFO">Typing text 'dhinesh@gmail.com' into text field '//input[@id='userEmail']'.</msg>
<status status="PASS" starttime="20230517 11:14:46.741" endtime="20230517 11:14:46.854"/>
</kw>
<kw name="Input Text" library="SeleniumLibrary">
<arg>${txt_mobile}</arg>
<arg>${Emp_mob}</arg>
<doc>Types the given ``text`` into the text field identified by ``locator``.</doc>
<msg timestamp="20230517 11:14:46.854" level="INFO">Typing text '6123457890' into text field '//input[@id='userMobile']'.</msg>
<status status="PASS" starttime="20230517 11:14:46.854" endtime="20230517 11:14:46.943"/>
</kw>
<kw name="Wait Until Element Is Visible" library="SeleniumLibrary">
<arg>${dropdown_btn}</arg>
<doc>Waits until the element ``locator`` is visible.</doc>
<status status="PASS" starttime="20230517 11:14:46.944" endtime="20230517 11:14:46.968"/>
</kw>
<kw name="Select From List By Label" library="SeleniumLibrary">
<arg>${dropdown_btn}</arg>
<arg>Doctor</arg>
<doc>Selects options from selection list ``locator`` by ``labels``.</doc>
<msg timestamp="20230517 11:14:46.968" level="INFO">Selecting options from selection list '//select[@formcontrolname='occupation']' by label Doctor.</msg>
<status status="PASS" starttime="20230517 11:14:46.968" endtime="20230517 11:14:47.047"/>
</kw>
<kw name="Click Element" library="SeleniumLibrary">
<arg>${btn_Radio}</arg>
<doc>Click the element identified by ``locator``.</doc>
<msg timestamp="20230517 11:14:47.047" level="INFO">Clicking element '//input[@value='Male']'.</msg>
<status status="PASS" starttime="20230517 11:14:47.047" endtime="20230517 11:14:47.082"/>
</kw>
<kw name="Input Password" library="SeleniumLibrary">
<arg>${txt_password}</arg>
<arg>${Wrongpassword}</arg>
<doc>Types the given password into the text field identified by ``locator``.</doc>
<msg timestamp="20230517 11:14:47.082" level="INFO">Typing password into text field '//input[@id='userPassword']'.</msg>
<msg timestamp="20230517 11:14:47.129" level="INFO">Temporally setting log level to: NONE</msg>
<msg timestamp="20230517 11:14:47.178" level="INFO">Log level changed from NONE to INFO.</msg>
<status status="PASS" starttime="20230517 11:14:47.082" endtime="20230517 11:14:47.178"/>
</kw>
<kw name="Input Password" library="SeleniumLibrary">
<arg>${txt_Confirmpassword}</arg>
<arg>${Wrongpassword}</arg>
<doc>Types the given password into the text field identified by ``locator``.</doc>
<msg timestamp="20230517 11:14:47.178" level="INFO">Typing password into text field '//input[@id='confirmPassword']'.</msg>
<msg timestamp="20230517 11:14:47.195" level="INFO">Temporally setting log level to: NONE</msg>
<msg timestamp="20230517 11:14:47.250" level="INFO">Log level changed from NONE to INFO.</msg>
<status status="PASS" starttime="20230517 11:14:47.178" endtime="20230517 11:14:47.250"/>
</kw>
<kw name="Click Element" library="SeleniumLibrary">
<arg>${Chech_box}</arg>
<doc>Click the element identified by ``locator``.</doc>
<msg timestamp="20230517 11:14:47.250" level="INFO">Clicking element '//input[@type='checkbox']'.</msg>
<status status="PASS" starttime="20230517 11:14:47.250" endtime="20230517 11:14:47.291"/>
</kw>
<kw name="Click Button" library="SeleniumLibrary">
<arg>${btn_Login}</arg>
<doc>Clicks the button identified by ``locator``.</doc>
<msg timestamp="20230517 11:14:47.293" level="INFO">Clicking button '//input[@id='login']'.</msg>
<status status="PASS" starttime="20230517 11:14:47.292" endtime="20230517 11:14:47.346"/>
</kw>
<kw name="Wait Until Page Contains" library="SeleniumLibrary">
<arg>*First Name is required</arg>
<doc>Waits until ``text`` appears on the current page.</doc>
<status status="PASS" starttime="20230517 11:14:47.346" endtime="20230517 11:14:47.357"/>
</kw>
<kw name="Capture Page Screenshot" library="SeleniumLibrary">
<arg>C:/Users/DhineshlingamNataraj/Downloads/eclipse-workspace-robotframeworkNew2/RFW-Practice/Result/Screenshot1.png</arg>
<doc>Takes a screenshot of the current page and embeds it into a log file.</doc>
<msg timestamp="20230517 11:14:47.512" level="INFO" html="true">&lt;/td&gt;&lt;/tr&gt;&lt;tr&gt;&lt;td colspan="3"&gt;&lt;a href="../Result/Screenshot1.png"&gt;&lt;img src="../Result/Screenshot1.png" width="800px"&gt;&lt;/a&gt;</msg>
<status status="PASS" starttime="20230517 11:14:47.357" endtime="20230517 11:14:47.512"/>
</kw>
<kw name="Close Browser" library="SeleniumLibrary" type="TEARDOWN">
<doc>Closes the current browser.</doc>
<status status="PASS" starttime="20230517 11:14:47.512" endtime="20230517 11:14:49.635"/>
</kw>
<status status="PASS" starttime="20230517 11:14:40.988" endtime="20230517 11:14:49.635"/>
</test>
<test id="s1-s1-t2" name="Invalid Email" line="35">
<kw name="Open Browser" library="SeleniumLibrary" type="SETUP">
<arg>${url}</arg>
<arg>${browser}</arg>
<doc>Opens a new browser instance to the optional ``url``.</doc>
<msg timestamp="20230517 11:14:49.635" level="INFO">Opening browser 'chrome' to base url 'https://rahulshettyacademy.com/client'.</msg>
<status status="PASS" starttime="20230517 11:14:49.635" endtime="20230517 11:14:51.448"/>
</kw>
<kw name="Maximize Browser Window" library="SeleniumLibrary">
<doc>Maximizes current browser window.</doc>
<status status="PASS" starttime="20230517 11:14:51.448" endtime="20230517 11:14:51.560"/>
</kw>
<kw name="Click Element" library="SeleniumLibrary">
<arg>${btn_RegisterHere}</arg>
<doc>Click the element identified by ``locator``.</doc>
<msg timestamp="20230517 11:14:51.560" level="INFO">Clicking element '//a[@class='text-reset']'.</msg>
<status status="PASS" starttime="20230517 11:14:51.560" endtime="20230517 11:14:51.637"/>
</kw>
<kw name="Input Text" library="SeleniumLibrary">
<arg>${txt_FirstName}</arg>
<arg>${mail_name}</arg>
<doc>Types the given ``text`` into the text field identified by ``locator``.</doc>
<msg timestamp="20230517 11:14:51.639" level="INFO">Typing text 'Lingam' into text field '//input[@id='firstName']'.</msg>
<status status="PASS" starttime="20230517 11:14:51.638" endtime="20230517 11:14:51.736"/>
</kw>
<kw name="Input Text" library="SeleniumLibrary">
<arg>${txt_Email}</arg>
<arg>${Invalid_Email}</arg>
<doc>Types the given ``text`` into the text field identified by ``locator``.</doc>
<msg timestamp="20230517 11:14:51.736" level="INFO">Typing text 'dini125gmail' into text field '//input[@id='userEmail']'.</msg>
<status status="PASS" starttime="20230517 11:14:51.736" endtime="20230517 11:14:51.824"/>
</kw>
<kw name="Input Text" library="SeleniumLibrary">
<arg>${txt_mobile}</arg>
<arg>${Email_mob}</arg>
<doc>Types the given ``text`` into the text field identified by ``locator``.</doc>
<msg timestamp="20230517 11:14:51.825" level="INFO">Typing text '1234567880' into text field '//input[@id='userMobile']'.</msg>
<status status="PASS" starttime="20230517 11:14:51.824" endtime="20230517 11:14:51.897"/>
</kw>
<kw name="Wait Until Element Is Visible" library="SeleniumLibrary">
<arg>${dropdown_btn}</arg>
<doc>Waits until the element ``locator`` is visible.</doc>
<status status="PASS" starttime="20230517 11:14:51.897" endtime="20230517 11:14:51.913"/>
</kw>
<kw name="Select From List By Label" library="SeleniumLibrary">
<arg>${dropdown_btn}</arg>
<arg>Doctor</arg>
<doc>Selects options from selection list ``locator`` by ``labels``.</doc>
<msg timestamp="20230517 11:14:51.913" level="INFO">Selecting options from selection list '//select[@formcontrolname='occupation']' by label Doctor.</msg>
<status status="PASS" starttime="20230517 11:14:51.913" endtime="20230517 11:14:51.989"/>
</kw>
<kw name="Click Element" library="SeleniumLibrary">
<arg>${btn_Radio}</arg>
<doc>Click the element identified by ``locator``.</doc>
<msg timestamp="20230517 11:14:51.989" level="INFO">Clicking element '//input[@value='Male']'.</msg>
<status status="PASS" starttime="20230517 11:14:51.989" endtime="20230517 11:14:52.028"/>
</kw>
<kw name="Input Password" library="SeleniumLibrary">
<arg>${txt_password}</arg>
<arg>${Email_password}</arg>
<doc>Types the given password into the text field identified by ``locator``.</doc>
<msg timestamp="20230517 11:14:52.028" level="INFO">Typing password into text field '//input[@id='userPassword']'.</msg>
<msg timestamp="20230517 11:14:52.063" level="INFO">Temporally setting log level to: NONE</msg>
<msg timestamp="20230517 11:14:52.110" level="INFO">Log level changed from NONE to INFO.</msg>
<status status="PASS" starttime="20230517 11:14:52.028" endtime="20230517 11:14:52.110"/>
</kw>
<kw name="Input Password" library="SeleniumLibrary">
<arg>${txt_Confirmpassword}</arg>
<arg>${Email_password}</arg>
<doc>Types the given password into the text field identified by ``locator``.</doc>
<msg timestamp="20230517 11:14:52.110" level="INFO">Typing password into text field '//input[@id='confirmPassword']'.</msg>
<msg timestamp="20230517 11:14:52.129" level="INFO">Temporally setting log level to: NONE</msg>
<msg timestamp="20230517 11:14:52.181" level="INFO">Log level changed from NONE to INFO.</msg>
<status status="PASS" starttime="20230517 11:14:52.110" endtime="20230517 11:14:52.181"/>
</kw>
<kw name="Click Element" library="SeleniumLibrary">
<arg>${Chech_box}</arg>
<doc>Click the element identified by ``locator``.</doc>
<msg timestamp="20230517 11:14:52.181" level="INFO">Clicking element '//input[@type='checkbox']'.</msg>
<status status="PASS" starttime="20230517 11:14:52.181" endtime="20230517 11:14:52.225"/>
</kw>
<kw name="Click Button" library="SeleniumLibrary">
<arg>${btn_Login}</arg>
<doc>Clicks the button identified by ``locator``.</doc>
<msg timestamp="20230517 11:14:52.227" level="INFO">Clicking button '//input[@id='login']'.</msg>
<status status="PASS" starttime="20230517 11:14:52.225" endtime="20230517 11:14:52.277"/>
</kw>
<kw name="Wait Until Page Contains" library="SeleniumLibrary">
<arg>*Enter Valid Email</arg>
<doc>Waits until ``text`` appears on the current page.</doc>
<status status="PASS" starttime="20230517 11:14:52.277" endtime="20230517 11:14:52.277"/>
</kw>
<kw name="Capture Page Screenshot" library="SeleniumLibrary">
<arg>C:/Users/DhineshlingamNataraj/Downloads/eclipse-workspace-robotframeworkNew2/RFW-Practice/Result/Screenshot2.png</arg>
<doc>Takes a screenshot of the current page and embeds it into a log file.</doc>
<msg timestamp="20230517 11:14:52.441" level="INFO" html="true">&lt;/td&gt;&lt;/tr&gt;&lt;tr&gt;&lt;td colspan="3"&gt;&lt;a href="../Result/Screenshot2.png"&gt;&lt;img src="../Result/Screenshot2.png" width="800px"&gt;&lt;/a&gt;</msg>
<status status="PASS" starttime="20230517 11:14:52.277" endtime="20230517 11:14:52.441"/>
</kw>
<kw name="Close Browser" library="SeleniumLibrary" type="TEARDOWN">
<doc>Closes the current browser.</doc>
<status status="PASS" starttime="20230517 11:14:52.442" endtime="20230517 11:14:54.522"/>
</kw>
<status status="PASS" starttime="20230517 11:14:49.635" endtime="20230517 11:14:54.522"/>
</test>
<test id="s1-s1-t3" name="Invalid Phonenumber" line="51">
<kw name="Open Browser" library="SeleniumLibrary" type="SETUP">
<arg>${url}</arg>
<arg>${browser}</arg>
<doc>Opens a new browser instance to the optional ``url``.</doc>
<msg timestamp="20230517 11:14:54.527" level="INFO">Opening browser 'chrome' to base url 'https://rahulshettyacademy.com/client'.</msg>
<status status="PASS" starttime="20230517 11:14:54.522" endtime="20230517 11:14:56.251"/>
</kw>
<kw name="Maximize Browser Window" library="SeleniumLibrary">
<doc>Maximizes current browser window.</doc>
<status status="PASS" starttime="20230517 11:14:56.252" endtime="20230517 11:14:56.376"/>
</kw>
<kw name="Click Element" library="SeleniumLibrary">
<arg>${btn_RegisterHere}</arg>
<doc>Click the element identified by ``locator``.</doc>
<msg timestamp="20230517 11:14:56.376" level="INFO">Clicking element '//a[@class='text-reset']'.</msg>
<status status="PASS" starttime="20230517 11:14:56.376" endtime="20230517 11:14:56.474"/>
</kw>
<kw name="Input Text" library="SeleniumLibrary">
<arg>${txt_FirstName}</arg>
<arg>${mob_name}</arg>
<doc>Types the given ``text`` into the text field identified by ``locator``.</doc>
<msg timestamp="20230517 11:14:56.474" level="INFO">Typing text 'Sanjai' into text field '//input[@id='firstName']'.</msg>
<status status="PASS" starttime="20230517 11:14:56.474" endtime="20230517 11:14:56.558"/>
</kw>
<kw name="Input Text" library="SeleniumLibrary">
<arg>${txt_Email}</arg>
<arg>${mob_Email}</arg>
<doc>Types the given ``text`` into the text field identified by ``locator``.</doc>
<msg timestamp="20230517 11:14:56.558" level="INFO">Typing text 'san135@gmail.com' into text field '//input[@id='userEmail']'.</msg>
<status status="PASS" starttime="20230517 11:14:56.558" endtime="20230517 11:14:56.642"/>
</kw>
<kw name="Input Text" library="SeleniumLibrary">
<arg>${txt_mobile}</arg>
<arg>${mob_no}</arg>
<doc>Types the given ``text`` into the text field identified by ``locator``.</doc>
<msg timestamp="20230517 11:14:56.642" level="INFO">Typing text '7687809' into text field '//input[@id='userMobile']'.</msg>
<status status="PASS" starttime="20230517 11:14:56.642" endtime="20230517 11:14:56.732"/>
</kw>
<kw name="Wait Until Element Is Visible" library="SeleniumLibrary">
<arg>${dropdown_btn}</arg>
<doc>Waits until the element ``locator`` is visible.</doc>
<status status="PASS" starttime="20230517 11:14:56.732" endtime="20230517 11:14:56.750"/>
</kw>
<kw name="Select From List By Label" library="SeleniumLibrary">
<arg>${dropdown_btn}</arg>
<arg>Doctor</arg>
<doc>Selects options from selection list ``locator`` by ``labels``.</doc>
<msg timestamp="20230517 11:14:56.751" level="INFO">Selecting options from selection list '//select[@formcontrolname='occupation']' by label Doctor.</msg>
<status status="PASS" starttime="20230517 11:14:56.751" endtime="20230517 11:14:56.823"/>
</kw>
<kw name="Click Element" library="SeleniumLibrary">
<arg>${btn_Radio}</arg>
<doc>Click the element identified by ``locator``.</doc>
<msg timestamp="20230517 11:14:56.824" level="INFO">Clicking element '//input[@value='Male']'.</msg>
<status status="PASS" starttime="20230517 11:14:56.823" endtime="20230517 11:14:56.866"/>
</kw>
<kw name="Input Password" library="SeleniumLibrary">
<arg>${txt_password}</arg>
<arg>${mob_password}</arg>
<doc>Types the given password into the text field identified by ``locator``.</doc>
<msg timestamp="20230517 11:14:56.867" level="INFO">Typing password into text field '//input[@id='userPassword']'.</msg>
<msg timestamp="20230517 11:14:56.898" level="INFO">Temporally setting log level to: NONE</msg>
<msg timestamp="20230517 11:14:56.944" level="INFO">Log level changed from NONE to INFO.</msg>
<status status="PASS" starttime="20230517 11:14:56.867" endtime="20230517 11:14:56.944"/>
</kw>
<kw name="Input Password" library="SeleniumLibrary">
<arg>${txt_Confirmpassword}</arg>
<arg>${mob_password}</arg>
<doc>Types the given password into the text field identified by ``locator``.</doc>
<msg timestamp="20230517 11:14:56.945" level="INFO">Typing password into text field '//input[@id='confirmPassword']'.</msg>
<msg timestamp="20230517 11:14:56.975" level="INFO">Temporally setting log level to: NONE</msg>
<msg timestamp="20230517 11:14:57.018" level="INFO">Log level changed from NONE to INFO.</msg>
<status status="PASS" starttime="20230517 11:14:56.945" endtime="20230517 11:14:57.018"/>
</kw>
<kw name="Click Element" library="SeleniumLibrary">
<arg>${Chech_box}</arg>
<doc>Click the element identified by ``locator``.</doc>
<msg timestamp="20230517 11:14:57.019" level="INFO">Clicking element '//input[@type='checkbox']'.</msg>
<status status="PASS" starttime="20230517 11:14:57.019" endtime="20230517 11:14:57.061"/>
</kw>
<kw name="Click Button" library="SeleniumLibrary">
<arg>${btn_Login}</arg>
<doc>Clicks the button identified by ``locator``.</doc>
<msg timestamp="20230517 11:14:57.061" level="INFO">Clicking button '//input[@id='login']'.</msg>
<status status="PASS" starttime="20230517 11:14:57.061" endtime="20230517 11:14:57.114"/>
</kw>
<kw name="Wait Until Page Contains" library="SeleniumLibrary">
<arg>*Phone Number must be 10 digit</arg>
<doc>Waits until ``text`` appears on the current page.</doc>
<status status="PASS" starttime="20230517 11:14:57.115" endtime="20230517 11:14:57.127"/>
</kw>
<kw name="Capture Page Screenshot" library="SeleniumLibrary">
<arg>C:/Users/DhineshlingamNataraj/Downloads/eclipse-workspace-robotframeworkNew2/RFW-Practice/Result/Screenshot3.png</arg>
<doc>Takes a screenshot of the current page and embeds it into a log file.</doc>
<msg timestamp="20230517 11:14:57.274" level="INFO" html="true">&lt;/td&gt;&lt;/tr&gt;&lt;tr&gt;&lt;td colspan="3"&gt;&lt;a href="../Result/Screenshot3.png"&gt;&lt;img src="../Result/Screenshot3.png" width="800px"&gt;&lt;/a&gt;</msg>
<status status="PASS" starttime="20230517 11:14:57.128" endtime="20230517 11:14:57.274"/>
</kw>
<kw name="Close Browser" library="SeleniumLibrary" type="TEARDOWN">
<doc>Closes the current browser.</doc>
<status status="PASS" starttime="20230517 11:14:57.274" endtime="20230517 11:14:59.385"/>
</kw>
<status status="PASS" starttime="20230517 11:14:54.522" endtime="20230517 11:14:59.386"/>
</test>
<test id="s1-s1-t4" name="Invalid Password" line="68">
<kw name="Open Browser" library="SeleniumLibrary" type="SETUP">
<arg>${url}</arg>
<arg>${browser}</arg>
<doc>Opens a new browser instance to the optional ``url``.</doc>
<msg timestamp="20230517 11:14:59.389" level="INFO">Opening browser 'chrome' to base url 'https://rahulshettyacademy.com/client'.</msg>
<status status="PASS" starttime="20230517 11:14:59.388" endtime="20230517 11:15:01.070"/>
</kw>
<kw name="Maximize Browser Window" library="SeleniumLibrary">
<doc>Maximizes current browser window.</doc>
<status status="PASS" starttime="20230517 11:15:01.071" endtime="20230517 11:15:01.191"/>
</kw>
<kw name="Click Element" library="SeleniumLibrary">
<arg>${btn_RegisterHere}</arg>
<doc>Click the element identified by ``locator``.</doc>
<msg timestamp="20230517 11:15:01.191" level="INFO">Clicking element '//a[@class='text-reset']'.</msg>
<status status="PASS" starttime="20230517 11:15:01.191" endtime="20230517 11:15:01.309"/>
</kw>
<kw name="Input Text" library="SeleniumLibrary">
<arg>${txt_FirstName}</arg>
<arg>${pass_name}</arg>
<doc>Types the given ``text`` into the text field identified by ``locator``.</doc>
<msg timestamp="20230517 11:15:01.310" level="INFO">Typing text 'Kumaran' into text field '//input[@id='firstName']'.</msg>
<status status="PASS" starttime="20230517 11:15:01.310" endtime="20230517 11:15:01.395"/>
</kw>
<kw name="Input Text" library="SeleniumLibrary">
<arg>${txt_Email}</arg>
<arg>${pass_Email}</arg>
<doc>Types the given ``text`` into the text field identified by ``locator``.</doc>
<msg timestamp="20230517 11:15:01.395" level="INFO">Typing text 'kumaran@gmail.com' into text field '//input[@id='userEmail']'.</msg>
<status status="PASS" starttime="20230517 11:15:01.395" endtime="20230517 11:15:01.497"/>
</kw>
<kw name="Input Text" library="SeleniumLibrary">
<arg>${txt_mobile}</arg>
<arg>${pass_mob}</arg>
<doc>Types the given ``text`` into the text field identified by ``locator``.</doc>
<msg timestamp="20230517 11:15:01.497" level="INFO">Typing text '1234567890' into text field '//input[@id='userMobile']'.</msg>
<status status="PASS" starttime="20230517 11:15:01.497" endtime="20230517 11:15:01.576"/>
</kw>
<kw name="Wait Until Element Is Visible" library="SeleniumLibrary">
<arg>${dropdown_btn}</arg>
<doc>Waits until the element ``locator`` is visible.</doc>
<status status="PASS" starttime="20230517 11:15:01.576" endtime="20230517 11:15:01.598"/>
</kw>
<kw name="Select From List By Label" library="SeleniumLibrary">
<arg>${dropdown_btn}</arg>
<arg>Doctor</arg>
<doc>Selects options from selection list ``locator`` by ``labels``.</doc>
<msg timestamp="20230517 11:15:01.599" level="INFO">Selecting options from selection list '//select[@formcontrolname='occupation']' by label Doctor.</msg>
<status status="PASS" starttime="20230517 11:15:01.599" endtime="20230517 11:15:01.665"/>
</kw>
<kw name="Click Element" library="SeleniumLibrary">
<arg>${btn_Radio}</arg>
<doc>Click the element identified by ``locator``.</doc>
<msg timestamp="20230517 11:15:01.666" level="INFO">Clicking element '//input[@value='Male']'.</msg>
<status status="PASS" starttime="20230517 11:15:01.665" endtime="20230517 11:15:01.708"/>
</kw>
<kw name="Input Password" library="SeleniumLibrary">
<arg>${txt_password}</arg>
<arg>${pass_password}</arg>
<doc>Types the given password into the text field identified by ``locator``.</doc>
<msg timestamp="20230517 11:15:01.709" level="INFO">Typing password into text field '//input[@id='userPassword']'.</msg>
<msg timestamp="20230517 11:15:01.743" level="INFO">Temporally setting log level to: NONE</msg>
<msg timestamp="20230517 11:15:01.776" level="INFO">Log level changed from NONE to INFO.</msg>
<status status="PASS" starttime="20230517 11:15:01.708" endtime="20230517 11:15:01.776"/>
</kw>
<kw name="Input Password" library="SeleniumLibrary">
<arg>${txt_Confirmpassword}</arg>
<arg>${pass_password}</arg>
<doc>Types the given password into the text field identified by ``locator``.</doc>
<msg timestamp="20230517 11:15:01.776" level="INFO">Typing password into text field '//input[@id='confirmPassword']'.</msg>
<msg timestamp="20230517 11:15:01.801" level="INFO">Temporally setting log level to: NONE</msg>
<msg timestamp="20230517 11:15:01.832" level="INFO">Log level changed from NONE to INFO.</msg>
<status status="PASS" starttime="20230517 11:15:01.776" endtime="20230517 11:15:01.832"/>
</kw>
<kw name="Click Element" library="SeleniumLibrary">
<arg>${Chech_box}</arg>
<doc>Click the element identified by ``locator``.</doc>
<msg timestamp="20230517 11:15:01.833" level="INFO">Clicking element '//input[@type='checkbox']'.</msg>
<status status="PASS" starttime="20230517 11:15:01.833" endtime="20230517 11:15:01.874"/>
</kw>
<kw name="Click Button" library="SeleniumLibrary">
<arg>${btn_Login}</arg>
<doc>Clicks the button identified by ``locator``.</doc>
<msg timestamp="20230517 11:15:01.875" level="INFO">Clicking button '//input[@id='login']'.</msg>
<status status="PASS" starttime="20230517 11:15:01.874" endtime="20230517 11:15:01.925"/>
</kw>
<kw name="Wait Until Page Contains" library="SeleniumLibrary">
<arg>*Password is required</arg>
<doc>Waits until ``text`` appears on the current page.</doc>
<status status="PASS" starttime="20230517 11:15:01.925" endtime="20230517 11:15:01.935"/>
</kw>
<kw name="Capture Page Screenshot" library="SeleniumLibrary">
<arg>C:/Users/DhineshlingamNataraj/Downloads/eclipse-workspace-robotframeworkNew2/RFW-Practice/Result/Screenshot4.png</arg>
<doc>Takes a screenshot of the current page and embeds it into a log file.</doc>
<msg timestamp="20230517 11:15:02.090" level="INFO" html="true">&lt;/td&gt;&lt;/tr&gt;&lt;tr&gt;&lt;td colspan="3"&gt;&lt;a href="../Result/Screenshot4.png"&gt;&lt;img src="../Result/Screenshot4.png" width="800px"&gt;&lt;/a&gt;</msg>
<status status="PASS" starttime="20230517 11:15:01.935" endtime="20230517 11:15:02.090"/>
</kw>
<kw name="Close Browser" library="SeleniumLibrary" type="TEARDOWN">
<doc>Closes the current browser.</doc>
<status status="PASS" starttime="20230517 11:15:02.090" endtime="20230517 11:15:04.202"/>
</kw>
<status status="PASS" starttime="20230517 11:14:59.387" endtime="20230517 11:15:04.202"/>
</test>
<test id="s1-s1-t5" name="Create new account" line="85">
<kw name="Open Browser" library="SeleniumLibrary" type="SETUP">
<arg>${url}</arg>
<arg>${browser}</arg>
<doc>Opens a new browser instance to the optional ``url``.</doc>
<msg timestamp="20230517 11:15:04.202" level="INFO">Opening browser 'chrome' to base url 'https://rahulshettyacademy.com/client'.</msg>
<status status="PASS" starttime="20230517 11:15:04.202" endtime="20230517 11:15:05.815"/>
</kw>
<kw name="Maximize Browser Window" library="SeleniumLibrary">
<doc>Maximizes current browser window.</doc>
<status status="PASS" starttime="20230517 11:15:05.816" endtime="20230517 11:15:05.939"/>
</kw>
<kw name="Click Element" library="SeleniumLibrary">
<arg>${btn_RegisterHere}</arg>
<doc>Click the element identified by ``locator``.</doc>
<msg timestamp="20230517 11:15:05.939" level="INFO">Clicking element '//a[@class='text-reset']'.</msg>
<status status="PASS" starttime="20230517 11:15:05.939" endtime="20230517 11:15:06.030"/>
</kw>
<kw name="Set Global Variable" library="BuiltIn">
<arg>${Email}</arg>
<doc>Makes a variable available globally in all tests and suites.</doc>
<msg timestamp="20230517 11:15:06.031" level="INFO">${Email} = </msg>
<status status="PASS" starttime="20230517 11:15:06.030" endtime="20230517 11:15:06.031"/>
</kw>
<kw name="Set Global Variable" library="BuiltIn">
<arg>${password}</arg>
<doc>Makes a variable available globally in all tests and suites.</doc>
<msg timestamp="20230517 11:15:06.031" level="INFO">${password} = </msg>
<status status="PASS" starttime="20230517 11:15:06.031" endtime="20230517 11:15:06.031"/>
</kw>
<kw name="First Name Male" library="FakerLibrary">
<var>${Firstname}</var>
<msg timestamp="20230517 11:15:06.032" level="INFO">${Firstname} = Jacob</msg>
<status status="PASS" starttime="20230517 11:15:06.032" endtime="20230517 11:15:06.032"/>
</kw>
<kw name="Last Name" library="FakerLibrary">
<var>${Lastname}</var>
<msg timestamp="20230517 11:15:06.033" level="INFO">${Lastname} = Anderson</msg>
<status status="PASS" starttime="20230517 11:15:06.032" endtime="20230517 11:15:06.033"/>
</kw>
<kw name="Email" library="FakerLibrary">
<var>${Email}</var>
<msg timestamp="20230517 11:15:06.033" level="INFO">${Email} = heatherwaters@example.net</msg>
<status status="PASS" starttime="20230517 11:15:06.033" endtime="20230517 11:15:06.033"/>
</kw>
<kw name="Password" library="FakerLibrary">
<var>${password}</var>
<doc>Generate a random password of the specified ``length``.</doc>
<msg timestamp="20230517 11:15:06.033" level="INFO">${password} = DPl6EKlk#Q</msg>
<status status="PASS" starttime="20230517 11:15:06.033" endtime="20230517 11:15:06.034"/>
</kw>
<kw name="Input Text" library="SeleniumLibrary">
<arg>${txt_FirstName}</arg>
<arg>${Firstname}</arg>
<doc>Types the given ``text`` into the text field identified by ``locator``.</doc>
<msg timestamp="20230517 11:15:06.034" level="INFO">Typing text 'Jacob' into text field '//input[@id='firstName']'.</msg>
<status status="PASS" starttime="20230517 11:15:06.034" endtime="20230517 11:15:06.130"/>
</kw>
<kw name="Log" library="BuiltIn">
<arg>${Firstname}</arg>
<doc>Logs the given message with the given level.</doc>
<msg timestamp="20230517 11:15:06.131" level="INFO">Jacob</msg>
<status status="PASS" starttime="20230517 11:15:06.131" endtime="20230517 11:15:06.131"/>
</kw>
<kw name="Input Text" library="SeleniumLibrary">
<arg>${txt_LastName}</arg>
<arg>${Lastname}</arg>
<doc>Types the given ``text`` into the text field identified by ``locator``.</doc>
<msg timestamp="20230517 11:15:06.131" level="INFO">Typing text 'Anderson' into text field '//input[@id='lastName']'.</msg>
<status status="PASS" starttime="20230517 11:15:06.131" endtime="20230517 11:15:06.209"/>
</kw>
<kw name="Input Text" library="SeleniumLibrary">
<arg>${txt_Email}</arg>
<arg>${Email}</arg>
<doc>Types the given ``text`` into the text field identified by ``locator``.</doc>
<msg timestamp="20230517 11:15:06.210" level="INFO">Typing text 'heatherwaters@example.net' into text field '//input[@id='userEmail']'.</msg>
<status status="PASS" starttime="20230517 11:15:06.209" endtime="20230517 11:15:06.313"/>
</kw>
<kw name="Input Text" library="SeleniumLibrary">
<arg>${txt_mobile}</arg>
<arg>${mobileNo}</arg>
<doc>Types the given ``text`` into the text field identified by ``locator``.</doc>
<msg timestamp="20230517 11:15:06.313" level="INFO">Typing text '8932002123' into text field '//input[@id='userMobile']'.</msg>
<status status="PASS" starttime="20230517 11:15:06.313" endtime="20230517 11:15:06.399"/>
</kw>
<kw name="Wait Until Element Is Visible" library="SeleniumLibrary">
<arg>${dropdown_btn}</arg>
<doc>Waits until the element ``locator`` is visible.</doc>
<status status="PASS" starttime="20230517 11:15:06.399" endtime="20230517 11:15:06.404"/>
</kw>
<kw name="Select From List By Label" library="SeleniumLibrary">
<arg>${dropdown_btn}</arg>
<arg>Doctor</arg>
<doc>Selects options from selection list ``locator`` by ``labels``.</doc>
<msg timestamp="20230517 11:15:06.419" level="INFO">Selecting options from selection list '//select[@formcontrolname='occupation']' by label Doctor.</msg>
<status status="PASS" starttime="20230517 11:15:06.404" endtime="20230517 11:15:06.485"/>
</kw>
<kw name="Click Element" library="SeleniumLibrary">
<arg>${btn_Radio}</arg>
<doc>Click the element identified by ``locator``.</doc>
<msg timestamp="20230517 11:15:06.486" level="INFO">Clicking element '//input[@value='Male']'.</msg>
<status status="PASS" starttime="20230517 11:15:06.486" endtime="20230517 11:15:06.529"/>
</kw>
<kw name="Input Password" library="SeleniumLibrary">
<arg>${txt_password}</arg>
<arg>${password}</arg>
<doc>Types the given password into the text field identified by ``locator``.</doc>
<msg timestamp="20230517 11:15:06.530" level="INFO">Typing password into text field '//input[@id='userPassword']'.</msg>
<msg timestamp="20230517 11:15:06.557" level="INFO">Temporally setting log level to: NONE</msg>
<msg timestamp="20230517 11:15:06.602" level="INFO">Log level changed from NONE to INFO.</msg>
<status status="PASS" starttime="20230517 11:15:06.529" endtime="20230517 11:15:06.602"/>
</kw>
<kw name="Input Password" library="SeleniumLibrary">
<arg>${txt_Confirmpassword}</arg>
<arg>${password}</arg>
<doc>Types the given password into the text field identified by ``locator``.</doc>
<msg timestamp="20230517 11:15:06.604" level="INFO">Typing password into text field '//input[@id='confirmPassword']'.</msg>
<msg timestamp="20230517 11:15:06.630" level="INFO">Temporally setting log level to: NONE</msg>
<msg timestamp="20230517 11:15:06.676" level="INFO">Log level changed from NONE to INFO.</msg>
<status status="PASS" starttime="20230517 11:15:06.603" endtime="20230517 11:15:06.676"/>
</kw>
<kw name="Click Element" library="SeleniumLibrary">
<arg>${Chech_box}</arg>
<doc>Click the element identified by ``locator``.</doc>
<msg timestamp="20230517 11:15:06.677" level="INFO">Clicking element '//input[@type='checkbox']'.</msg>
<status status="PASS" starttime="20230517 11:15:06.676" endtime="20230517 11:15:06.717"/>
</kw>
<kw name="Click Button" library="SeleniumLibrary">
<arg>${btn_Login}</arg>
<doc>Clicks the button identified by ``locator``.</doc>
<msg timestamp="20230517 11:15:06.718" level="INFO">Clicking button '//input[@id='login']'.</msg>
<status status="PASS" starttime="20230517 11:15:06.718" endtime="20230517 11:15:06.771"/>
</kw>
<kw name="Wait Until Page Contains" library="SeleniumLibrary">
<arg>Account Created Successfully</arg>
<doc>Waits until ``text`` appears on the current page.</doc>
<status status="PASS" starttime="20230517 11:15:06.771" endtime="20230517 11:15:06.987"/>
</kw>
<kw name="Capture Page Screenshot" library="SeleniumLibrary">
<arg>C:/Users/DhineshlingamNataraj/Downloads/eclipse-workspace-robotframeworkNew2/RFW-Practice/Result/Screenshot5.png</arg>
<doc>Takes a screenshot of the current page and embeds it into a log file.</doc>
<msg timestamp="20230517 11:15:07.167" level="INFO" html="true">&lt;/td&gt;&lt;/tr&gt;&lt;tr&gt;&lt;td colspan="3"&gt;&lt;a href="../Result/Screenshot5.png"&gt;&lt;img src="../Result/Screenshot5.png" width="800px"&gt;&lt;/a&gt;</msg>
<status status="PASS" starttime="20230517 11:15:06.987" endtime="20230517 11:15:07.167"/>
</kw>
<kw name="Close Browser" library="SeleniumLibrary" type="TEARDOWN">
<doc>Closes the current browser.</doc>
<status status="PASS" starttime="20230517 11:15:07.167" endtime="20230517 11:15:09.285"/>
</kw>
<status status="PASS" starttime="20230517 11:15:04.202" endtime="20230517 11:15:09.286"/>
</test>
<doc>Create new account</doc>
<status status="PASS" starttime="20230517 11:14:40.466" endtime="20230517 11:15:09.286"/>
</suite>
<status status="PASS" starttime="20230517 11:14:40.450" endtime="20230517 11:15:09.286"/>
</suite>
<statistics>
<total>
<stat pass="5" fail="0" skip="0">All Tests</stat>
</total>
<tag>
</tag>
<suite>
<stat pass="5" fail="0" skip="0" id="s1" name="TestCases">TestCases</stat>
<stat pass="5" fail="0" skip="0" id="s1-s1" name="Register">TestCases.Register</stat>
</suite>
</statistics>
<errors>
</errors>
</robot>
