<?xml version="1.0" encoding="UTF-8"?>
<robot generator="Robot 3.1.2 (Python 3.7.5 on win32)" generated="20230515 18:49:41.869" rpa="false">
<suite id="s1" name="TestCases" source="C:\Users\DhineshlingamNataraj\Downloads\eclipse-workspace-robotframeworkNew2\RFW-Practice\TestCases">
<suite id="s1-s1" name="001EmptyFirstname" source="C:\Users\DhineshlingamNataraj\Downloads\eclipse-workspace-robotframeworkNew2\RFW-Practice\TestCases\001EmptyFirstname.robot">
<test id="s1-s1-t1" name="Empty Firstname">
<kw name="Open Browser" library="SeleniumLibrary" type="setup">
<doc>Opens a new browser instance to the given ``url``.</doc>
<arguments>
<arg>${url}</arg>
<arg>${browser}</arg>
</arguments>
<msg timestamp="20230515 18:49:42.407" level="INFO">Opening browser 'Chrome' to base url 'https://rahulshettyacademy.com/client'.</msg>
<status status="PASS" starttime="20230515 18:49:42.407" endtime="20230515 18:49:48.185"></status>
</kw>
<kw name="Maximize Browser Window" library="SeleniumLibrary">
<doc>Maximizes current browser window.</doc>
<status status="PASS" starttime="20230515 18:49:48.185" endtime="20230515 18:49:48.317"></status>
</kw>
<kw name="Click Element" library="SeleniumLibrary">
<doc>Click element identified by ``locator``.</doc>
<arguments>
<arg>${btn_RegisterHere}</arg>
</arguments>
<msg timestamp="20230515 18:49:48.317" level="INFO">Clicking element '//a[@class='text-reset']'.</msg>
<status status="PASS" starttime="20230515 18:49:48.317" endtime="20230515 18:49:48.438"></status>
</kw>
<kw name="Input Text" library="SeleniumLibrary">
<doc>Types the given ``text`` into text field identified by ``locator``.</doc>
<arguments>
<arg>${txt_FirstName}</arg>
<arg>${EmptyFirstName}</arg>
</arguments>
<msg timestamp="20230515 18:49:48.438" level="INFO">Typing text '' into text field '//input[@id='firstName']'.</msg>
<status status="PASS" starttime="20230515 18:49:48.438" endtime="20230515 18:49:48.575"></status>
</kw>
<kw name="Input Text" library="SeleniumLibrary">
<doc>Types the given ``text`` into text field identified by ``locator``.</doc>
<arguments>
<arg>${txt_LastName}</arg>
<arg>${invalidLastname}</arg>
</arguments>
<msg timestamp="20230515 18:49:48.575" level="INFO">Typing text '' into text field '//input[@id='lastName']'.</msg>
<status status="PASS" starttime="20230515 18:49:48.575" endtime="20230515 18:49:48.767"></status>
</kw>
<kw name="Input Text" library="SeleniumLibrary">
<doc>Types the given ``text`` into text field identified by ``locator``.</doc>
<arguments>
<arg>${txt_Email}</arg>
<arg>${Emp_Firstname_Email}</arg>
</arguments>
<msg timestamp="20230515 18:49:48.767" level="INFO">Typing text 'dhinesh@gmail.com' into text field '//input[@id='userEmail']'.</msg>
<status status="PASS" starttime="20230515 18:49:48.767" endtime="20230515 18:49:49.073"></status>
</kw>
<kw name="Input Text" library="SeleniumLibrary">
<doc>Types the given ``text`` into text field identified by ``locator``.</doc>
<arguments>
<arg>${txt_mobile}</arg>
<arg>${Emp_mob}</arg>
</arguments>
<msg timestamp="20230515 18:49:49.073" level="INFO">Typing text '6123457890' into text field '//input[@id='userMobile']'.</msg>
<status status="PASS" starttime="20230515 18:49:49.073" endtime="20230515 18:49:49.160"></status>
</kw>
<kw name="Wait Until Element Is Visible" library="SeleniumLibrary">
<doc>Waits until element ``locator`` is visible.</doc>
<arguments>
<arg>${dropdown_btn}</arg>
</arguments>
<status status="PASS" starttime="20230515 18:49:49.160" endtime="20230515 18:49:49.190"></status>
</kw>
<kw name="Select From List By Label" library="SeleniumLibrary">
<doc>Selects options from selection list ``locator`` by ``labels``.</doc>
<arguments>
<arg>${dropdown_btn}</arg>
<arg>Doctor</arg>
</arguments>
<msg timestamp="20230515 18:49:49.190" level="INFO">Selecting options from selection list '//select[@formcontrolname='occupation']' by label Doctor.</msg>
<status status="PASS" starttime="20230515 18:49:49.190" endtime="20230515 18:49:49.296"></status>
</kw>
<kw name="Click Element" library="SeleniumLibrary">
<doc>Click element identified by ``locator``.</doc>
<arguments>
<arg>${btn_Radio}</arg>
</arguments>
<msg timestamp="20230515 18:49:49.296" level="INFO">Clicking element '//input[@value='Male']'.</msg>
<status status="PASS" starttime="20230515 18:49:49.296" endtime="20230515 18:49:49.367"></status>
</kw>
<kw name="Input Password" library="SeleniumLibrary">
<doc>Types the given password into text field identified by ``locator``.</doc>
<arguments>
<arg>${txt_password}</arg>
<arg>${Wrongpassword}</arg>
</arguments>
<msg timestamp="20230515 18:49:49.367" level="INFO">Typing password into text field '//input[@id='userPassword']'.</msg>
<status status="PASS" starttime="20230515 18:49:49.367" endtime="20230515 18:49:49.472"></status>
</kw>
<kw name="Input Password" library="SeleniumLibrary">
<doc>Types the given password into text field identified by ``locator``.</doc>
<arguments>
<arg>${txt_Confirmpassword}</arg>
<arg>${Wrongpassword}</arg>
</arguments>
<msg timestamp="20230515 18:49:49.472" level="INFO">Typing password into text field '//input[@id='confirmPassword']'.</msg>
<status status="PASS" starttime="20230515 18:49:49.472" endtime="20230515 18:49:49.622"></status>
</kw>
<kw name="Click Element" library="SeleniumLibrary">
<doc>Click element identified by ``locator``.</doc>
<arguments>
<arg>${Chech_box}</arg>
</arguments>
<msg timestamp="20230515 18:49:49.623" level="INFO">Clicking element '//input[@type='checkbox']'.</msg>
<status status="PASS" starttime="20230515 18:49:49.623" endtime="20230515 18:49:49.688"></status>
</kw>
<kw name="Click Button" library="SeleniumLibrary">
<doc>Clicks button identified by ``locator``.</doc>
<arguments>
<arg>${btn_Login}</arg>
</arguments>
<msg timestamp="20230515 18:49:49.690" level="INFO">Clicking button '//input[@id='login']'.</msg>
<status status="PASS" starttime="20230515 18:49:49.690" endtime="20230515 18:49:49.804"></status>
</kw>
<kw name="Wait Until Page Contains" library="SeleniumLibrary">
<doc>Waits until ``text`` appears on current page.</doc>
<arguments>
<arg>*First Name is required</arg>
</arguments>
<status status="PASS" starttime="20230515 18:49:49.804" endtime="20230515 18:49:49.822"></status>
</kw>
<kw name="Capture Page Screenshot" library="SeleniumLibrary">
<doc>Takes screenshot of the current page and embeds it into log file.</doc>
<arguments>
<arg>C:/Users/DhineshlingamNataraj/eclipse-workspace/Ecommerce/Result/Screenshot.png</arg>
</arguments>
<msg timestamp="20230515 18:49:49.984" level="INFO" html="yes">&lt;/td&gt;&lt;/tr&gt;&lt;tr&gt;&lt;td colspan="3"&gt;&lt;a href="../../../../eclipse-workspace/Ecommerce/Result/Screenshot.png"&gt;&lt;img src="../../../../eclipse-workspace/Ecommerce/Result/Screenshot.png" width="800px"&gt;&lt;/a&gt;</msg>
<status status="PASS" starttime="20230515 18:49:49.822" endtime="20230515 18:49:49.984"></status>
</kw>
<kw name="Close Browser" library="SeleniumLibrary" type="teardown">
<doc>Closes the current browser.</doc>
<status status="PASS" starttime="20230515 18:49:49.984" endtime="20230515 18:49:52.197"></status>
</kw>
<status status="PASS" starttime="20230515 18:49:42.404" endtime="20230515 18:49:52.197" critical="yes"></status>
</test>
<doc>Click Register here button</doc>
<status status="PASS" starttime="20230515 18:49:41.885" endtime="20230515 18:49:52.197"></status>
</suite>
<suite id="s1-s2" name="002InvalidEmail" source="C:\Users\DhineshlingamNataraj\Downloads\eclipse-workspace-robotframeworkNew2\RFW-Practice\TestCases\002InvalidEmail.robot">
<test id="s1-s2-t1" name="Invalid Email">
<kw name="Open Browser" library="SeleniumLibrary" type="setup">
<doc>Opens a new browser instance to the given ``url``.</doc>
<arguments>
<arg>${url}</arg>
<arg>${browser}</arg>
</arguments>
<msg timestamp="20230515 18:49:52.229" level="INFO">Opening browser 'Chrome' to base url 'https://rahulshettyacademy.com/client'.</msg>
<status status="PASS" starttime="20230515 18:49:52.229" endtime="20230515 18:49:54.044"></status>
</kw>
<kw name="Maximize Browser Window" library="SeleniumLibrary">
<doc>Maximizes current browser window.</doc>
<status status="PASS" starttime="20230515 18:49:54.044" endtime="20230515 18:49:54.169"></status>
</kw>
<kw name="Click Element" library="SeleniumLibrary">
<doc>Click element identified by ``locator``.</doc>
<arguments>
<arg>${btn_RegisterHere}</arg>
</arguments>
<msg timestamp="20230515 18:49:54.169" level="INFO">Clicking element '//a[@class='text-reset']'.</msg>
<status status="PASS" starttime="20230515 18:49:54.169" endtime="20230515 18:49:54.267"></status>
</kw>
<kw name="Input Text" library="SeleniumLibrary">
<doc>Types the given ``text`` into text field identified by ``locator``.</doc>
<arguments>
<arg>${txt_FirstName}</arg>
<arg>${Email_name}</arg>
</arguments>
<msg timestamp="20230515 18:49:54.274" level="INFO">Typing text 'Lingam' into text field '//input[@id='firstName']'.</msg>
<status status="PASS" starttime="20230515 18:49:54.274" endtime="20230515 18:49:54.387"></status>
</kw>
<kw name="Input Text" library="SeleniumLibrary">
<doc>Types the given ``text`` into text field identified by ``locator``.</doc>
<arguments>
<arg>${txt_Email}</arg>
<arg>${Invalid_Email}</arg>
</arguments>
<msg timestamp="20230515 18:49:54.387" level="INFO">Typing text 'dini125gmail' into text field '//input[@id='userEmail']'.</msg>
<status status="PASS" starttime="20230515 18:49:54.387" endtime="20230515 18:49:54.521"></status>
</kw>
<kw name="Input Text" library="SeleniumLibrary">
<doc>Types the given ``text`` into text field identified by ``locator``.</doc>
<arguments>
<arg>${txt_mobile}</arg>
<arg>${Email_mob}</arg>
</arguments>
<msg timestamp="20230515 18:49:54.521" level="INFO">Typing text '1234567880' into text field '//input[@id='userMobile']'.</msg>
<status status="PASS" starttime="20230515 18:49:54.521" endtime="20230515 18:49:54.623"></status>
</kw>
<kw name="Wait Until Element Is Visible" library="SeleniumLibrary">
<doc>Waits until element ``locator`` is visible.</doc>
<arguments>
<arg>${dropdown_btn}</arg>
</arguments>
<status status="PASS" starttime="20230515 18:49:54.623" endtime="20230515 18:49:54.655"></status>
</kw>
<kw name="Select From List By Label" library="SeleniumLibrary">
<doc>Selects options from selection list ``locator`` by ``labels``.</doc>
<arguments>
<arg>${dropdown_btn}</arg>
<arg>Doctor</arg>
</arguments>
<msg timestamp="20230515 18:49:54.658" level="INFO">Selecting options from selection list '//select[@formcontrolname='occupation']' by label Doctor.</msg>
<status status="PASS" starttime="20230515 18:49:54.655" endtime="20230515 18:49:54.766"></status>
</kw>
<kw name="Click Element" library="SeleniumLibrary">
<doc>Click element identified by ``locator``.</doc>
<arguments>
<arg>${btn_Radio}</arg>
</arguments>
<msg timestamp="20230515 18:49:54.768" level="INFO">Clicking element '//input[@value='Male']'.</msg>
<status status="PASS" starttime="20230515 18:49:54.766" endtime="20230515 18:49:54.835"></status>
</kw>
<kw name="Input Password" library="SeleniumLibrary">
<doc>Types the given password into text field identified by ``locator``.</doc>
<arguments>
<arg>${txt_password}</arg>
<arg>${Email_password}</arg>
</arguments>
<msg timestamp="20230515 18:49:54.836" level="INFO">Typing password into text field '//input[@id='userPassword']'.</msg>
<status status="PASS" starttime="20230515 18:49:54.836" endtime="20230515 18:49:54.992"></status>
</kw>
<kw name="Input Password" library="SeleniumLibrary">
<doc>Types the given password into text field identified by ``locator``.</doc>
<arguments>
<arg>${txt_Confirmpassword}</arg>
<arg>${Email_password}</arg>
</arguments>
<msg timestamp="20230515 18:49:54.992" level="INFO">Typing password into text field '//input[@id='confirmPassword']'.</msg>
<status status="PASS" starttime="20230515 18:49:54.992" endtime="20230515 18:49:55.124"></status>
</kw>
<kw name="Click Element" library="SeleniumLibrary">
<doc>Click element identified by ``locator``.</doc>
<arguments>
<arg>${Chech_box}</arg>
</arguments>
<msg timestamp="20230515 18:49:55.124" level="INFO">Clicking element '//input[@type='checkbox']'.</msg>
<status status="PASS" starttime="20230515 18:49:55.124" endtime="20230515 18:49:55.206"></status>
</kw>
<kw name="Click Button" library="SeleniumLibrary">
<doc>Clicks button identified by ``locator``.</doc>
<arguments>
<arg>${btn_Login}</arg>
</arguments>
<msg timestamp="20230515 18:49:55.214" level="INFO">Clicking button '//input[@id='login']'.</msg>
<status status="PASS" starttime="20230515 18:49:55.214" endtime="20230515 18:49:55.316"></status>
</kw>
<kw name="Wait Until Page Contains" library="SeleniumLibrary">
<doc>Waits until ``text`` appears on current page.</doc>
<arguments>
<arg>*Enter Valid Email</arg>
</arguments>
<status status="PASS" starttime="20230515 18:49:55.316" endtime="20230515 18:49:55.335"></status>
</kw>
<kw name="Capture Page Screenshot" library="SeleniumLibrary">
<doc>Takes screenshot of the current page and embeds it into log file.</doc>
<arguments>
<arg>C:/Users/DhineshlingamNataraj/eclipse-workspace/Ecommerce/Result/Screenshot.png</arg>
</arguments>
<msg timestamp="20230515 18:49:55.505" level="INFO" html="yes">&lt;/td&gt;&lt;/tr&gt;&lt;tr&gt;&lt;td colspan="3"&gt;&lt;a href="../../../../eclipse-workspace/Ecommerce/Result/Screenshot.png"&gt;&lt;img src="../../../../eclipse-workspace/Ecommerce/Result/Screenshot.png" width="800px"&gt;&lt;/a&gt;</msg>
<status status="PASS" starttime="20230515 18:49:55.335" endtime="20230515 18:49:55.505"></status>
</kw>
<kw name="Close Browser" library="SeleniumLibrary" type="teardown">
<doc>Closes the current browser.</doc>
<status status="PASS" starttime="20230515 18:49:55.505" endtime="20230515 18:49:57.707"></status>
</kw>
<status status="PASS" starttime="20230515 18:49:52.229" endtime="20230515 18:49:57.709" critical="yes"></status>
</test>
<doc>Click Register here button</doc>
<status status="PASS" starttime="20230515 18:49:52.197" endtime="20230515 18:49:57.709"></status>
</suite>
<suite id="s1-s3" name="003InvalidNumber" source="C:\Users\DhineshlingamNataraj\Downloads\eclipse-workspace-robotframeworkNew2\RFW-Practice\TestCases\003InvalidNumber.robot">
<test id="s1-s3-t1" name="Invalid Phonenumber">
<kw name="Open Browser" library="SeleniumLibrary" type="setup">
<doc>Opens a new browser instance to the given ``url``.</doc>
<arguments>
<arg>${url}</arg>
<arg>${browser}</arg>
</arguments>
<msg timestamp="20230515 18:49:57.741" level="INFO">Opening browser 'Chrome' to base url 'https://rahulshettyacademy.com/client'.</msg>
<status status="PASS" starttime="20230515 18:49:57.741" endtime="20230515 18:49:59.686"></status>
</kw>
<kw name="Maximize Browser Window" library="SeleniumLibrary">
<doc>Maximizes current browser window.</doc>
<status status="PASS" starttime="20230515 18:49:59.687" endtime="20230515 18:49:59.821"></status>
</kw>
<kw name="Click Element" library="SeleniumLibrary">
<doc>Click element identified by ``locator``.</doc>
<arguments>
<arg>${btn_RegisterHere}</arg>
</arguments>
<msg timestamp="20230515 18:49:59.821" level="INFO">Clicking element '//a[@class='text-reset']'.</msg>
<status status="PASS" starttime="20230515 18:49:59.821" endtime="20230515 18:49:59.964"></status>
</kw>
<kw name="Input Text" library="SeleniumLibrary">
<doc>Types the given ``text`` into text field identified by ``locator``.</doc>
<arguments>
<arg>${txt_FirstName}</arg>
<arg>${mob_name}</arg>
</arguments>
<msg timestamp="20230515 18:49:59.964" level="INFO">Typing text 'Sanjai' into text field '//input[@id='firstName']'.</msg>
<status status="PASS" starttime="20230515 18:49:59.964" endtime="20230515 18:50:00.136"></status>
</kw>
<kw name="Input Text" library="SeleniumLibrary">
<doc>Types the given ``text`` into text field identified by ``locator``.</doc>
<arguments>
<arg>${txt_Email}</arg>
<arg>${mob_Email}</arg>
</arguments>
<msg timestamp="20230515 18:50:00.136" level="INFO">Typing text 'san135@gmail.com' into text field '//input[@id='userEmail']'.</msg>
<status status="PASS" starttime="20230515 18:50:00.136" endtime="20230515 18:50:00.336"></status>
</kw>
<kw name="Input Text" library="SeleniumLibrary">
<doc>Types the given ``text`` into text field identified by ``locator``.</doc>
<arguments>
<arg>${txt_mobile}</arg>
<arg>${mob_no}</arg>
</arguments>
<msg timestamp="20230515 18:50:00.336" level="INFO">Typing text '7687809' into text field '//input[@id='userMobile']'.</msg>
<status status="PASS" starttime="20230515 18:50:00.336" endtime="20230515 18:50:00.491"></status>
</kw>
<kw name="Wait Until Element Is Visible" library="SeleniumLibrary">
<doc>Waits until element ``locator`` is visible.</doc>
<arguments>
<arg>${dropdown_btn}</arg>
</arguments>
<status status="PASS" starttime="20230515 18:50:00.491" endtime="20230515 18:50:00.523"></status>
</kw>
<kw name="Select From List By Label" library="SeleniumLibrary">
<doc>Selects options from selection list ``locator`` by ``labels``.</doc>
<arguments>
<arg>${dropdown_btn}</arg>
<arg>Doctor</arg>
</arguments>
<msg timestamp="20230515 18:50:00.523" level="INFO">Selecting options from selection list '//select[@formcontrolname='occupation']' by label Doctor.</msg>
<status status="PASS" starttime="20230515 18:50:00.523" endtime="20230515 18:50:00.667"></status>
</kw>
<kw name="Click Element" library="SeleniumLibrary">
<doc>Click element identified by ``locator``.</doc>
<arguments>
<arg>${btn_Radio}</arg>
</arguments>
<msg timestamp="20230515 18:50:00.668" level="INFO">Clicking element '//input[@value='Male']'.</msg>
<status status="PASS" starttime="20230515 18:50:00.668" endtime="20230515 18:50:00.726"></status>
</kw>
<kw name="Input Password" library="SeleniumLibrary">
<doc>Types the given password into text field identified by ``locator``.</doc>
<arguments>
<arg>${txt_password}</arg>
<arg>${mob_password}</arg>
</arguments>
<msg timestamp="20230515 18:50:00.733" level="INFO">Typing password into text field '//input[@id='userPassword']'.</msg>
<status status="PASS" starttime="20230515 18:50:00.733" endtime="20230515 18:50:00.903"></status>
</kw>
<kw name="Input Password" library="SeleniumLibrary">
<doc>Types the given password into text field identified by ``locator``.</doc>
<arguments>
<arg>${txt_Confirmpassword}</arg>
<arg>${mob_password}</arg>
</arguments>
<msg timestamp="20230515 18:50:00.903" level="INFO">Typing password into text field '//input[@id='confirmPassword']'.</msg>
<status status="PASS" starttime="20230515 18:50:00.903" endtime="20230515 18:50:01.056"></status>
</kw>
<kw name="Click Element" library="SeleniumLibrary">
<doc>Click element identified by ``locator``.</doc>
<arguments>
<arg>${Chech_box}</arg>
</arguments>
<msg timestamp="20230515 18:50:01.061" level="INFO">Clicking element '//input[@type='checkbox']'.</msg>
<status status="PASS" starttime="20230515 18:50:01.056" endtime="20230515 18:50:01.151"></status>
</kw>
<kw name="Click Button" library="SeleniumLibrary">
<doc>Clicks button identified by ``locator``.</doc>
<arguments>
<arg>${btn_Login}</arg>
</arguments>
<msg timestamp="20230515 18:50:01.153" level="INFO">Clicking button '//input[@id='login']'.</msg>
<status status="PASS" starttime="20230515 18:50:01.151" endtime="20230515 18:50:01.254"></status>
</kw>
<kw name="Wait Until Page Contains" library="SeleniumLibrary">
<doc>Waits until ``text`` appears on current page.</doc>
<arguments>
<arg>*Phone Number must be 10 digit</arg>
</arguments>
<status status="PASS" starttime="20230515 18:50:01.254" endtime="20230515 18:50:01.274"></status>
</kw>
<kw name="Capture Page Screenshot" library="SeleniumLibrary">
<doc>Takes screenshot of the current page and embeds it into log file.</doc>
<arguments>
<arg>C:/Users/DhineshlingamNataraj/eclipse-workspace/Ecommerce/Result/Screenshot.png</arg>
</arguments>
<msg timestamp="20230515 18:50:01.461" level="INFO" html="yes">&lt;/td&gt;&lt;/tr&gt;&lt;tr&gt;&lt;td colspan="3"&gt;&lt;a href="../../../../eclipse-workspace/Ecommerce/Result/Screenshot.png"&gt;&lt;img src="../../../../eclipse-workspace/Ecommerce/Result/Screenshot.png" width="800px"&gt;&lt;/a&gt;</msg>
<status status="PASS" starttime="20230515 18:50:01.274" endtime="20230515 18:50:01.461"></status>
</kw>
<kw name="Close Browser" library="SeleniumLibrary" type="teardown">
<doc>Closes the current browser.</doc>
<status status="PASS" starttime="20230515 18:50:01.463" endtime="20230515 18:50:03.712"></status>
</kw>
<status status="PASS" starttime="20230515 18:49:57.740" endtime="20230515 18:50:03.712" critical="yes"></status>
</test>
<doc>Click Register here button</doc>
<status status="PASS" starttime="20230515 18:49:57.716" endtime="20230515 18:50:03.712"></status>
</suite>
<suite id="s1-s4" name="004InvalidPassword" source="C:\Users\DhineshlingamNataraj\Downloads\eclipse-workspace-robotframeworkNew2\RFW-Practice\TestCases\004InvalidPassword.robot">
<test id="s1-s4-t1" name="Invalid Password">
<kw name="Open Browser" library="SeleniumLibrary" type="setup">
<doc>Opens a new browser instance to the given ``url``.</doc>
<arguments>
<arg>${url}</arg>
<arg>${browser}</arg>
</arguments>
<msg timestamp="20230515 18:50:03.746" level="INFO">Opening browser 'Chrome' to base url 'https://rahulshettyacademy.com/client'.</msg>
<status status="PASS" starttime="20230515 18:50:03.741" endtime="20230515 18:50:05.639"></status>
</kw>
<kw name="Maximize Browser Window" library="SeleniumLibrary">
<doc>Maximizes current browser window.</doc>
<status status="PASS" starttime="20230515 18:50:05.639" endtime="20230515 18:50:05.770"></status>
</kw>
<kw name="Click Element" library="SeleniumLibrary">
<doc>Click element identified by ``locator``.</doc>
<arguments>
<arg>${btn_RegisterHere}</arg>
</arguments>
<msg timestamp="20230515 18:50:05.770" level="INFO">Clicking element '//a[@class='text-reset']'.</msg>
<status status="PASS" starttime="20230515 18:50:05.770" endtime="20230515 18:50:05.914"></status>
</kw>
<kw name="Input Text" library="SeleniumLibrary">
<doc>Types the given ``text`` into text field identified by ``locator``.</doc>
<arguments>
<arg>${txt_FirstName}</arg>
<arg>${pass_name}</arg>
</arguments>
<msg timestamp="20230515 18:50:05.916" level="INFO">Typing text 'Kumaran' into text field '//input[@id='firstName']'.</msg>
<status status="PASS" starttime="20230515 18:50:05.916" endtime="20230515 18:50:06.070"></status>
</kw>
<kw name="Input Text" library="SeleniumLibrary">
<doc>Types the given ``text`` into text field identified by ``locator``.</doc>
<arguments>
<arg>${txt_Email}</arg>
<arg>${pass_Email}</arg>
</arguments>
<msg timestamp="20230515 18:50:06.070" level="INFO">Typing text 'kumaran@gmail.com' into text field '//input[@id='userEmail']'.</msg>
<status status="PASS" starttime="20230515 18:50:06.070" endtime="20230515 18:50:06.250"></status>
</kw>
<kw name="Input Text" library="SeleniumLibrary">
<doc>Types the given ``text`` into text field identified by ``locator``.</doc>
<arguments>
<arg>${txt_mobile}</arg>
<arg>${pass_mob}</arg>
</arguments>
<msg timestamp="20230515 18:50:06.250" level="INFO">Typing text '1234567890' into text field '//input[@id='userMobile']'.</msg>
<status status="PASS" starttime="20230515 18:50:06.250" endtime="20230515 18:50:06.434"></status>
</kw>
<kw name="Wait Until Element Is Visible" library="SeleniumLibrary">
<doc>Waits until element ``locator`` is visible.</doc>
<arguments>
<arg>${dropdown_btn}</arg>
</arguments>
<status status="PASS" starttime="20230515 18:50:06.434" endtime="20230515 18:50:06.464"></status>
</kw>
<kw name="Select From List By Label" library="SeleniumLibrary">
<doc>Selects options from selection list ``locator`` by ``labels``.</doc>
<arguments>
<arg>${dropdown_btn}</arg>
<arg>Doctor</arg>
</arguments>
<msg timestamp="20230515 18:50:06.466" level="INFO">Selecting options from selection list '//select[@formcontrolname='occupation']' by label Doctor.</msg>
<status status="PASS" starttime="20230515 18:50:06.464" endtime="20230515 18:50:06.605"></status>
</kw>
<kw name="Click Element" library="SeleniumLibrary">
<doc>Click element identified by ``locator``.</doc>
<arguments>
<arg>${btn_Radio}</arg>
</arguments>
<msg timestamp="20230515 18:50:06.605" level="INFO">Clicking element '//input[@value='Male']'.</msg>
<status status="PASS" starttime="20230515 18:50:06.605" endtime="20230515 18:50:06.688"></status>
</kw>
<kw name="Input Password" library="SeleniumLibrary">
<doc>Types the given password into text field identified by ``locator``.</doc>
<arguments>
<arg>${txt_password}</arg>
<arg>${pass_password}</arg>
</arguments>
<msg timestamp="20230515 18:50:06.688" level="INFO">Typing password into text field '//input[@id='userPassword']'.</msg>
<status status="PASS" starttime="20230515 18:50:06.688" endtime="20230515 18:50:06.848"></status>
</kw>
<kw name="Input Password" library="SeleniumLibrary">
<doc>Types the given password into text field identified by ``locator``.</doc>
<arguments>
<arg>${txt_Confirmpassword}</arg>
<arg>${pass_password}</arg>
</arguments>
<msg timestamp="20230515 18:50:06.848" level="INFO">Typing password into text field '//input[@id='confirmPassword']'.</msg>
<status status="PASS" starttime="20230515 18:50:06.848" endtime="20230515 18:50:06.943"></status>
</kw>
<kw name="Click Element" library="SeleniumLibrary">
<doc>Click element identified by ``locator``.</doc>
<arguments>
<arg>${Chech_box}</arg>
</arguments>
<msg timestamp="20230515 18:50:06.943" level="INFO">Clicking element '//input[@type='checkbox']'.</msg>
<status status="PASS" starttime="20230515 18:50:06.943" endtime="20230515 18:50:07.035"></status>
</kw>
<kw name="Click Button" library="SeleniumLibrary">
<doc>Clicks button identified by ``locator``.</doc>
<arguments>
<arg>${btn_Login}</arg>
</arguments>
<msg timestamp="20230515 18:50:07.035" level="INFO">Clicking button '//input[@id='login']'.</msg>
<status status="PASS" starttime="20230515 18:50:07.035" endtime="20230515 18:50:07.134"></status>
</kw>
<kw name="Wait Until Page Contains" library="SeleniumLibrary">
<doc>Waits until ``text`` appears on current page.</doc>
<arguments>
<arg>*Password is required</arg>
</arguments>
<status status="PASS" starttime="20230515 18:50:07.134" endtime="20230515 18:50:07.154"></status>
</kw>
<kw name="Capture Page Screenshot" library="SeleniumLibrary">
<doc>Takes screenshot of the current page and embeds it into log file.</doc>
<arguments>
<arg>C:/Users/DhineshlingamNataraj/eclipse-workspace/Ecommerce/Result/Screenshot.png</arg>
</arguments>
<msg timestamp="20230515 18:50:07.298" level="INFO" html="yes">&lt;/td&gt;&lt;/tr&gt;&lt;tr&gt;&lt;td colspan="3"&gt;&lt;a href="../../../../eclipse-workspace/Ecommerce/Result/Screenshot.png"&gt;&lt;img src="../../../../eclipse-workspace/Ecommerce/Result/Screenshot.png" width="800px"&gt;&lt;/a&gt;</msg>
<status status="PASS" starttime="20230515 18:50:07.154" endtime="20230515 18:50:07.298"></status>
</kw>
<kw name="Close Browser" library="SeleniumLibrary" type="teardown">
<doc>Closes the current browser.</doc>
<status status="PASS" starttime="20230515 18:50:07.298" endtime="20230515 18:50:09.465"></status>
</kw>
<status status="PASS" starttime="20230515 18:50:03.741" endtime="20230515 18:50:09.465" critical="yes"></status>
</test>
<doc>Click Register here button</doc>
<status status="PASS" starttime="20230515 18:50:03.721" endtime="20230515 18:50:09.465"></status>
</suite>
<suite id="s1-s5" name="005RegisterUser" source="C:\Users\DhineshlingamNataraj\Downloads\eclipse-workspace-robotframeworkNew2\RFW-Practice\TestCases\005RegisterUser.robot">
<test id="s1-s5-t1" name="Create new account">
<kw name="Open Browser" library="SeleniumLibrary" type="setup">
<doc>Opens a new browser instance to the given ``url``.</doc>
<arguments>
<arg>${url}</arg>
<arg>${browser}</arg>
</arguments>
<msg timestamp="20230515 18:50:09.499" level="INFO">Opening browser 'Chrome' to base url 'https://rahulshettyacademy.com/client'.</msg>
<status status="PASS" starttime="20230515 18:50:09.497" endtime="20230515 18:50:11.443"></status>
</kw>
<kw name="Maximize Browser Window" library="SeleniumLibrary">
<doc>Maximizes current browser window.</doc>
<status status="PASS" starttime="20230515 18:50:11.444" endtime="20230515 18:50:11.565"></status>
</kw>
<kw name="Click Element" library="SeleniumLibrary">
<doc>Click element identified by ``locator``.</doc>
<arguments>
<arg>${btn_RegisterHere}</arg>
</arguments>
<msg timestamp="20230515 18:50:11.565" level="INFO">Clicking element '//a[@class='text-reset']'.</msg>
<status status="PASS" starttime="20230515 18:50:11.565" endtime="20230515 18:50:11.690"></status>
</kw>
<kw name="Set Global Variable" library="BuiltIn">
<doc>Makes a variable available globally in all tests and suites.</doc>
<arguments>
<arg>${Email}</arg>
</arguments>
<msg timestamp="20230515 18:50:11.698" level="INFO">${Email} = </msg>
<status status="PASS" starttime="20230515 18:50:11.698" endtime="20230515 18:50:11.698"></status>
</kw>
<kw name="Set Global Variable" library="BuiltIn">
<doc>Makes a variable available globally in all tests and suites.</doc>
<arguments>
<arg>${password}</arg>
</arguments>
<msg timestamp="20230515 18:50:11.698" level="INFO">${password} = </msg>
<status status="PASS" starttime="20230515 18:50:11.698" endtime="20230515 18:50:11.698"></status>
</kw>
<kw name="First Name Male" library="FakerLibrary">
<assign>
<var>${Firstname}</var>
</assign>
<msg timestamp="20230515 18:50:11.698" level="INFO">${Firstname} = James</msg>
<status status="PASS" starttime="20230515 18:50:11.698" endtime="20230515 18:50:11.698"></status>
</kw>
<kw name="Last Name" library="FakerLibrary">
<assign>
<var>${Lastname}</var>
</assign>
<msg timestamp="20230515 18:50:11.698" level="INFO">${Lastname} = Smith</msg>
<status status="PASS" starttime="20230515 18:50:11.698" endtime="20230515 18:50:11.698"></status>
</kw>
<kw name="Email" library="FakerLibrary">
<assign>
<var>${Email}</var>
</assign>
<msg timestamp="20230515 18:50:11.698" level="INFO">${Email} = qmorse@example.net</msg>
<status status="PASS" starttime="20230515 18:50:11.698" endtime="20230515 18:50:11.698"></status>
</kw>
<kw name="Password" library="FakerLibrary">
<doc>Generate a random password of the specified ``length``.</doc>
<assign>
<var>${password}</var>
</assign>
<msg timestamp="20230515 18:50:11.706" level="INFO">${password} = %5Xi20kPyR</msg>
<status status="PASS" starttime="20230515 18:50:11.706" endtime="20230515 18:50:11.706"></status>
</kw>
<kw name="Input Text" library="SeleniumLibrary">
<doc>Types the given ``text`` into text field identified by ``locator``.</doc>
<arguments>
<arg>${txt_FirstName}</arg>
<arg>${Firstname}</arg>
</arguments>
<msg timestamp="20230515 18:50:11.706" level="INFO">Typing text 'James' into text field '//input[@id='firstName']'.</msg>
<status status="PASS" starttime="20230515 18:50:11.706" endtime="20230515 18:50:11.838"></status>
</kw>
<kw name="Input Text" library="SeleniumLibrary">
<doc>Types the given ``text`` into text field identified by ``locator``.</doc>
<arguments>
<arg>${txt_LastName}</arg>
<arg>${Lastname}</arg>
</arguments>
<msg timestamp="20230515 18:50:11.847" level="INFO">Typing text 'Smith' into text field '//input[@id='lastName']'.</msg>
<status status="PASS" starttime="20230515 18:50:11.846" endtime="20230515 18:50:11.999"></status>
</kw>
<kw name="Input Text" library="SeleniumLibrary">
<doc>Types the given ``text`` into text field identified by ``locator``.</doc>
<arguments>
<arg>${txt_Email}</arg>
<arg>${Email}</arg>
</arguments>
<msg timestamp="20230515 18:50:11.999" level="INFO">Typing text 'qmorse@example.net' into text field '//input[@id='userEmail']'.</msg>
<status status="PASS" starttime="20230515 18:50:11.999" endtime="20230515 18:50:12.147"></status>
</kw>
<kw name="Input Text" library="SeleniumLibrary">
<doc>Types the given ``text`` into text field identified by ``locator``.</doc>
<arguments>
<arg>${txt_mobile}</arg>
<arg>${mobileNo}</arg>
</arguments>
<msg timestamp="20230515 18:50:12.162" level="INFO">Typing text '8932002123' into text field '//input[@id='userMobile']'.</msg>
<status status="PASS" starttime="20230515 18:50:12.162" endtime="20230515 18:50:12.275"></status>
</kw>
<kw name="Wait Until Element Is Visible" library="SeleniumLibrary">
<doc>Waits until element ``locator`` is visible.</doc>
<arguments>
<arg>${dropdown_btn}</arg>
</arguments>
<status status="PASS" starttime="20230515 18:50:12.275" endtime="20230515 18:50:12.303"></status>
</kw>
<kw name="Select From List By Label" library="SeleniumLibrary">
<doc>Selects options from selection list ``locator`` by ``labels``.</doc>
<arguments>
<arg>${dropdown_btn}</arg>
<arg>Doctor</arg>
</arguments>
<msg timestamp="20230515 18:50:12.303" level="INFO">Selecting options from selection list '//select[@formcontrolname='occupation']' by label Doctor.</msg>
<status status="PASS" starttime="20230515 18:50:12.303" endtime="20230515 18:50:12.399"></status>
</kw>
<kw name="Click Element" library="SeleniumLibrary">
<doc>Click element identified by ``locator``.</doc>
<arguments>
<arg>${btn_Radio}</arg>
</arguments>
<msg timestamp="20230515 18:50:12.399" level="INFO">Clicking element '//input[@value='Male']'.</msg>
<status status="PASS" starttime="20230515 18:50:12.399" endtime="20230515 18:50:12.470"></status>
</kw>
<kw name="Input Password" library="SeleniumLibrary">
<doc>Types the given password into text field identified by ``locator``.</doc>
<arguments>
<arg>${txt_password}</arg>
<arg>${password}</arg>
</arguments>
<msg timestamp="20230515 18:50:12.470" level="INFO">Typing password into text field '//input[@id='userPassword']'.</msg>
<status status="PASS" starttime="20230515 18:50:12.470" endtime="20230515 18:50:12.566"></status>
</kw>
<kw name="Input Password" library="SeleniumLibrary">
<doc>Types the given password into text field identified by ``locator``.</doc>
<arguments>
<arg>${txt_Confirmpassword}</arg>
<arg>${password}</arg>
</arguments>
<msg timestamp="20230515 18:50:12.566" level="INFO">Typing password into text field '//input[@id='confirmPassword']'.</msg>
<status status="PASS" starttime="20230515 18:50:12.566" endtime="20230515 18:50:12.694"></status>
</kw>
<kw name="Click Element" library="SeleniumLibrary">
<doc>Click element identified by ``locator``.</doc>
<arguments>
<arg>${Chech_box}</arg>
</arguments>
<msg timestamp="20230515 18:50:12.694" level="INFO">Clicking element '//input[@type='checkbox']'.</msg>
<status status="PASS" starttime="20230515 18:50:12.694" endtime="20230515 18:50:12.761"></status>
</kw>
<kw name="Click Button" library="SeleniumLibrary">
<doc>Clicks button identified by ``locator``.</doc>
<arguments>
<arg>${btn_Login}</arg>
</arguments>
<msg timestamp="20230515 18:50:12.761" level="INFO">Clicking button '//input[@id='login']'.</msg>
<status status="PASS" starttime="20230515 18:50:12.761" endtime="20230515 18:50:12.853"></status>
</kw>
<kw name="Wait Until Page Contains" library="SeleniumLibrary">
<doc>Waits until ``text`` appears on current page.</doc>
<arguments>
<arg>Account Created Successfully</arg>
</arguments>
<status status="PASS" starttime="20230515 18:50:12.853" endtime="20230515 18:50:13.083"></status>
</kw>
<kw name="Capture Page Screenshot" library="SeleniumLibrary">
<doc>Takes screenshot of the current page and embeds it into log file.</doc>
<arguments>
<arg>C:/Users/DhineshlingamNataraj/eclipse-workspace/Ecommerce/Result/Screenshot.png</arg>
</arguments>
<msg timestamp="20230515 18:50:13.309" level="INFO" html="yes">&lt;/td&gt;&lt;/tr&gt;&lt;tr&gt;&lt;td colspan="3"&gt;&lt;a href="../../../../eclipse-workspace/Ecommerce/Result/Screenshot.png"&gt;&lt;img src="../../../../eclipse-workspace/Ecommerce/Result/Screenshot.png" width="800px"&gt;&lt;/a&gt;</msg>
<status status="PASS" starttime="20230515 18:50:13.083" endtime="20230515 18:50:13.309"></status>
</kw>
<kw name="Close Browser" library="SeleniumLibrary" type="teardown">
<doc>Closes the current browser.</doc>
<status status="PASS" starttime="20230515 18:50:13.309" endtime="20230515 18:50:15.438"></status>
</kw>
<status status="PASS" starttime="20230515 18:50:09.497" endtime="20230515 18:50:15.438" critical="yes"></status>
</test>
<doc>Click Register here button</doc>
<status status="PASS" starttime="20230515 18:50:09.472" endtime="20230515 18:50:15.440"></status>
</suite>
<status status="PASS" starttime="20230515 18:49:41.869" endtime="20230515 18:50:15.445"></status>
</suite>
<statistics>
<total>
<stat pass="5" fail="0">Critical Tests</stat>
<stat pass="5" fail="0">All Tests</stat>
</total>
<tag>
</tag>
<suite>
<stat pass="5" fail="0" id="s1" name="TestCases">TestCases</stat>
<stat pass="1" fail="0" id="s1-s1" name="001EmptyFirstname">TestCases.001EmptyFirstname</stat>
<stat pass="1" fail="0" id="s1-s2" name="002InvalidEmail">TestCases.002InvalidEmail</stat>
<stat pass="1" fail="0" id="s1-s3" name="003InvalidNumber">TestCases.003InvalidNumber</stat>
<stat pass="1" fail="0" id="s1-s4" name="004InvalidPassword">TestCases.004InvalidPassword</stat>
<stat pass="1" fail="0" id="s1-s5" name="005RegisterUser">TestCases.005RegisterUser</stat>
</suite>
</statistics>
<errors>
</errors>
</robot>
