<?xml version="1.0" encoding="UTF-8"?>
<robot generator="Rebot 6.0.2 (Python 3.11.3 on win32)" generated="20230516 16:32:56.825" rpa="false" schemaversion="3">
<suite id="s1" name="Register" source="C:\Users\UdhayaParanthaman\Downloads\RFW-Practice\TestCase\register.robot">
<test id="s1-t1" name="Register User and Validating Registration details" line="26">
<kw name="Open Browser" library="SeleniumLibrary" type="SETUP">
<arg>${url}</arg>
<arg>${browserName}</arg>
<doc>Opens a new browser instance to the optional ``url``.</doc>
<msg timestamp="20230516 16:32:36.618" level="INFO">Opening browser 'Chrome' to base url 'https://demo.nopcommerce.com/'.</msg>
<status status="PASS" starttime="20230516 16:32:36.614" endtime="20230516 16:32:46.060"/>
</kw>
<kw name="Maximize Browser Window" library="SeleniumLibrary">
<doc>Maximizes current browser window.</doc>
<status status="PASS" starttime="20230516 16:32:46.060" endtime="20230516 16:32:46.222"/>
</kw>
<kw name="Wait Until Element Is Visible" library="SeleniumLibrary">
<arg>${img_demoStore}</arg>
<doc>Waits until the element ``locator`` is visible.</doc>
<status status="PASS" starttime="20230516 16:32:46.227" endtime="20230516 16:32:46.317"/>
</kw>
<kw name="Click Link" library="SeleniumLibrary">
<arg>${lnk_register}</arg>
<doc>Clicks a link identified by ``locator``.</doc>
<msg timestamp="20230516 16:32:46.317" level="INFO">Clicking link '//a[@class='ico-register']'.</msg>
<status status="PASS" starttime="20230516 16:32:46.317" endtime="20230516 16:32:47.012"/>
</kw>
<kw name="Select Radio Button" library="SeleniumLibrary">
<arg>${rdBtn_name}</arg>
<arg>${genderName}</arg>
<doc>Sets the radio button group ``group_name`` to ``value``.</doc>
<msg timestamp="20230516 16:32:47.015" level="INFO">Selecting 'F' from radio button 'Gender'.</msg>
<status status="PASS" starttime="20230516 16:32:47.012" endtime="20230516 16:32:47.163"/>
</kw>
<kw name="First Name" library="FakerLibrary">
<var>${firstName}</var>
<msg timestamp="20230516 16:32:47.165" level="INFO">${firstName} = Patricia</msg>
<status status="PASS" starttime="20230516 16:32:47.163" endtime="20230516 16:32:47.165"/>
</kw>
<kw name="Input Text" library="SeleniumLibrary">
<arg>${txt_fName}</arg>
<arg>${firstName}</arg>
<doc>Types the given ``text`` into the text field identified by ``locator``.</doc>
<msg timestamp="20230516 16:32:47.165" level="INFO">Typing text 'Patricia' into text field 'FirstName'.</msg>
<status status="PASS" starttime="20230516 16:32:47.165" endtime="20230516 16:32:47.397"/>
</kw>
<kw name="Last Name" library="FakerLibrary">
<var>${lastName}</var>
<msg timestamp="20230516 16:32:47.397" level="INFO">${lastName} = Bell</msg>
<status status="PASS" starttime="20230516 16:32:47.397" endtime="20230516 16:32:47.397"/>
</kw>
<kw name="Input Text" library="SeleniumLibrary">
<arg>${txt_lName}</arg>
<arg>${lastName}</arg>
<doc>Types the given ``text`` into the text field identified by ``locator``.</doc>
<msg timestamp="20230516 16:32:47.406" level="INFO">Typing text 'Bell' into text field 'LastName'.</msg>
<status status="PASS" starttime="20230516 16:32:47.397" endtime="20230516 16:32:47.600"/>
</kw>
<kw name="Select From List By Label" library="SeleniumLibrary">
<arg>${date_locator}</arg>
<arg>${dateIndex}</arg>
<doc>Selects options from selection list ``locator`` by ``labels``.</doc>
<msg timestamp="20230516 16:32:47.600" level="INFO">Selecting options from selection list 'DateOfBirthDay' by label 1.</msg>
<status status="PASS" starttime="20230516 16:32:47.600" endtime="20230516 16:32:47.756"/>
</kw>
<kw name="Month Name" library="FakerLibrary">
<var>${monthIndex}</var>
<msg timestamp="20230516 16:32:47.756" level="INFO">${monthIndex} = March</msg>
<status status="PASS" starttime="20230516 16:32:47.756" endtime="20230516 16:32:47.756"/>
</kw>
<kw name="Select From List By Label" library="SeleniumLibrary">
<arg>${month_locator}</arg>
<arg>${monthIndex}</arg>
<doc>Selects options from selection list ``locator`` by ``labels``.</doc>
<msg timestamp="20230516 16:32:47.756" level="INFO">Selecting options from selection list 'DateOfBirthMonth' by label March.</msg>
<status status="PASS" starttime="20230516 16:32:47.756" endtime="20230516 16:32:47.874"/>
</kw>
<kw name="Year" library="FakerLibrary">
<var>${yearIndex}</var>
<msg timestamp="20230516 16:32:47.874" level="INFO">${yearIndex} = 2020</msg>
<status status="PASS" starttime="20230516 16:32:47.874" endtime="20230516 16:32:47.874"/>
</kw>
<kw name="Select From List By Label" library="SeleniumLibrary">
<arg>${year_locator}</arg>
<arg>${yearIndex}</arg>
<doc>Selects options from selection list ``locator`` by ``labels``.</doc>
<msg timestamp="20230516 16:32:47.881" level="INFO">Selecting options from selection list 'DateOfBirthYear' by label 2020.</msg>
<status status="PASS" starttime="20230516 16:32:47.874" endtime="20230516 16:32:48.039"/>
</kw>
<kw name="Email" library="FakerLibrary">
<var>${email}</var>
<msg timestamp="20230516 16:32:48.039" level="INFO">${email} = lopezwilliam@example.net</msg>
<status status="PASS" starttime="20230516 16:32:48.039" endtime="20230516 16:32:48.039"/>
</kw>
<kw name="Input Text" library="SeleniumLibrary">
<arg>${txt_email}</arg>
<arg>${email}</arg>
<doc>Types the given ``text`` into the text field identified by ``locator``.</doc>
<msg timestamp="20230516 16:32:48.039" level="INFO">Typing text 'lopezwilliam@example.net' into text field 'Email'.</msg>
<status status="PASS" starttime="20230516 16:32:48.039" endtime="20230516 16:32:48.313"/>
</kw>
<kw name="Company" library="FakerLibrary">
<var>${company}</var>
<doc>:example: 'Acme Ltd'</doc>
<msg timestamp="20230516 16:32:48.320" level="INFO">${company} = Taylor Group</msg>
<status status="PASS" starttime="20230516 16:32:48.320" endtime="20230516 16:32:48.320"/>
</kw>
<kw name="Input Text" library="SeleniumLibrary">
<arg>${txt_company}</arg>
<arg>${company}</arg>
<doc>Types the given ``text`` into the text field identified by ``locator``.</doc>
<msg timestamp="20230516 16:32:48.322" level="INFO">Typing text 'Taylor Group' into text field 'Company'.</msg>
<status status="PASS" starttime="20230516 16:32:48.320" endtime="20230516 16:32:48.538"/>
</kw>
<kw name="Input Password" library="SeleniumLibrary">
<arg>${txt_password}</arg>
<arg>${password}</arg>
<doc>Types the given password into the text field identified by ``locator``.</doc>
<msg timestamp="20230516 16:32:48.538" level="INFO">Typing password into text field 'Password'.</msg>
<msg timestamp="20230516 16:32:48.649" level="INFO">Temporally setting log level to: NONE</msg>
<msg timestamp="20230516 16:32:48.764" level="INFO">Log level changed from NONE to INFO.</msg>
<status status="PASS" starttime="20230516 16:32:48.538" endtime="20230516 16:32:48.764"/>
</kw>
<kw name="Input Password" library="SeleniumLibrary">
<arg>${txt_cnfPassword}</arg>
<arg>${confirmPassword}</arg>
<doc>Types the given password into the text field identified by ``locator``.</doc>
<msg timestamp="20230516 16:32:48.765" level="INFO">Typing password into text field 'ConfirmPassword'.</msg>
<msg timestamp="20230516 16:32:48.821" level="INFO">Temporally setting log level to: NONE</msg>
<msg timestamp="20230516 16:32:48.953" level="INFO">Log level changed from NONE to INFO.</msg>
<status status="PASS" starttime="20230516 16:32:48.765" endtime="20230516 16:32:48.953"/>
</kw>
<kw name="Should Be Equal" library="BuiltIn">
<arg>${password}</arg>
<arg>${confirmPassword}</arg>
<doc>Fails if the given objects are unequal.</doc>
<status status="PASS" starttime="20230516 16:32:48.965" endtime="20230516 16:32:48.966"/>
</kw>
<kw name="Click Button" library="SeleniumLibrary">
<arg>${register_btn}</arg>
<doc>Clicks the button identified by ``locator``.</doc>
<msg timestamp="20230516 16:32:48.966" level="INFO">Clicking button 'register-button'.</msg>
<status status="PASS" starttime="20230516 16:32:48.966" endtime="20230516 16:32:49.959"/>
</kw>
<kw name="Wait Until Page Contains" library="SeleniumLibrary">
<arg>${successRegisterPagetxt}</arg>
<doc>Waits until ``text`` appears on the current page.</doc>
<status status="PASS" starttime="20230516 16:32:49.959" endtime="20230516 16:32:49.991"/>
</kw>
<kw name="Capture Page Screenshot" library="SeleniumLibrary">
<arg>C:/Users/UdhayaParanthaman/eclipse-workspace/RobotProjects/nopCommerceProject/result/screenshot.png</arg>
<doc>Takes a screenshot of the current page and embeds it into a log file.</doc>
<msg timestamp="20230516 16:32:50.153" level="INFO" html="true">&lt;/td&gt;&lt;/tr&gt;&lt;tr&gt;&lt;td colspan="3"&gt;&lt;a href="../../../eclipse-workspace/RobotProjects/nopCommerceProject/result/screenshot.png"&gt;&lt;img src="../../../eclipse-workspace/RobotProjects/nopCommerceProject/result/screenshot.png" width="800px"&gt;&lt;/a&gt;</msg>
<status status="PASS" starttime="20230516 16:32:49.991" endtime="20230516 16:32:50.153"/>
</kw>
<kw name="Close Browser" library="SeleniumLibrary" type="TEARDOWN">
<doc>Closes the current browser.</doc>
<status status="PASS" starttime="20230516 16:32:50.153" endtime="20230516 16:32:52.460"/>
</kw>
<tag>Smoke</tag>
<status status="PASS" starttime="20230516 16:32:36.614" endtime="20230516 16:32:52.460"/>
</test>
<test id="s1-t2" name="Register with incorrect data and validating" line="68">
<kw name="Open Browser" library="SeleniumLibrary" type="SETUP">
<arg>${url}</arg>
<arg>${browserName}</arg>
<doc>Opens a new browser instance to the optional ``url``.</doc>
<msg timestamp="20230516 16:32:36.600" level="INFO">Opening browser 'Chrome' to base url 'https://demo.nopcommerce.com/'.</msg>
<status status="PASS" starttime="20230516 16:32:36.600" endtime="20230516 16:32:46.171"/>
</kw>
<kw name="Maximize Browser Window" library="SeleniumLibrary">
<doc>Maximizes current browser window.</doc>
<status status="PASS" starttime="20230516 16:32:46.171" endtime="20230516 16:32:46.375"/>
</kw>
<kw name="Wait Until Element Is Visible" library="SeleniumLibrary">
<arg>${img_demoStore}</arg>
<doc>Waits until the element ``locator`` is visible.</doc>
<status status="PASS" starttime="20230516 16:32:46.375" endtime="20230516 16:32:46.433"/>
</kw>
<kw name="Click Link" library="SeleniumLibrary">
<arg>${lnk_register}</arg>
<doc>Clicks a link identified by ``locator``.</doc>
<msg timestamp="20230516 16:32:46.448" level="INFO">Clicking link '//a[@class='ico-register']'.</msg>
<status status="PASS" starttime="20230516 16:32:46.433" endtime="20230516 16:32:47.131"/>
</kw>
<kw name="Input Text" library="SeleniumLibrary">
<arg>${txt_fName}</arg>
<arg>${nameFirst}</arg>
<doc>Types the given ``text`` into the text field identified by ``locator``.</doc>
<msg timestamp="20230516 16:32:47.133" level="INFO">Typing text ' ' into text field 'FirstName'.</msg>
<status status="PASS" starttime="20230516 16:32:47.133" endtime="20230516 16:32:47.350"/>
</kw>
<kw name="Input Text" library="SeleniumLibrary">
<arg>${txt_lName}</arg>
<arg>${nameLast}</arg>
<doc>Types the given ``text`` into the text field identified by ``locator``.</doc>
<msg timestamp="20230516 16:32:47.350" level="INFO">Typing text ' ' into text field 'LastName'.</msg>
<status status="PASS" starttime="20230516 16:32:47.350" endtime="20230516 16:32:47.571"/>
</kw>
<kw name="Input Text" library="SeleniumLibrary">
<arg>${txt_email}</arg>
<arg>${invalidEmail}</arg>
<doc>Types the given ``text`` into the text field identified by ``locator``.</doc>
<msg timestamp="20230516 16:32:47.573" level="INFO">Typing text 'gouse@gmail.com' into text field 'Email'.</msg>
<status status="PASS" starttime="20230516 16:32:47.571" endtime="20230516 16:32:47.772"/>
</kw>
<kw name="Input Text" library="SeleniumLibrary">
<arg>${txt_company}</arg>
<arg>${invalidCompany}</arg>
<doc>Types the given ``text`` into the text field identified by ``locator``.</doc>
<msg timestamp="20230516 16:32:47.772" level="INFO">Typing text 'Kumaran Systems Private Limited' into text field 'Company'.</msg>
<status status="PASS" starttime="20230516 16:32:47.772" endtime="20230516 16:32:47.992"/>
</kw>
<kw name="Input Password" library="SeleniumLibrary">
<arg>${txt_password}</arg>
<arg>${invalidpassword}</arg>
<doc>Types the given password into the text field identified by ``locator``.</doc>
<msg timestamp="20230516 16:32:47.992" level="INFO">Typing password into text field 'Password'.</msg>
<msg timestamp="20230516 16:32:48.072" level="INFO">Temporally setting log level to: NONE</msg>
<msg timestamp="20230516 16:32:48.175" level="INFO">Log level changed from NONE to INFO.</msg>
<status status="PASS" starttime="20230516 16:32:47.992" endtime="20230516 16:32:48.175"/>
</kw>
<kw name="Input Password" library="SeleniumLibrary">
<arg>${txt_password}</arg>
<arg>${invalidConfirmPassword}</arg>
<doc>Types the given password into the text field identified by ``locator``.</doc>
<msg timestamp="20230516 16:32:48.175" level="INFO">Typing password into text field 'Password'.</msg>
<msg timestamp="20230516 16:32:48.265" level="INFO">Temporally setting log level to: NONE</msg>
<msg timestamp="20230516 16:32:48.383" level="INFO">Log level changed from NONE to INFO.</msg>
<status status="PASS" starttime="20230516 16:32:48.175" endtime="20230516 16:32:48.383"/>
</kw>
<kw name="Click Button" library="SeleniumLibrary">
<arg>${register_btn}</arg>
<doc>Clicks the button identified by ``locator``.</doc>
<msg timestamp="20230516 16:32:48.383" level="INFO">Clicking button 'register-button'.</msg>
<status status="PASS" starttime="20230516 16:32:48.383" endtime="20230516 16:32:48.546"/>
</kw>
<kw name="Wait Until Page Contains" library="SeleniumLibrary">
<arg>${errorMsgTxt}</arg>
<doc>Waits until ``text`` appears on the current page.</doc>
<status status="PASS" starttime="20230516 16:32:48.546" endtime="20230516 16:32:48.578"/>
</kw>
<kw name="Close Browser" library="SeleniumLibrary" type="TEARDOWN">
<doc>Closes the current browser.</doc>
<status status="PASS" starttime="20230516 16:32:48.578" endtime="20230516 16:32:50.729"/>
</kw>
<tag>Regression</tag>
<status status="PASS" starttime="20230516 16:32:36.600" endtime="20230516 16:32:50.730"/>
</test>
<doc>This file is for registering account</doc>
<status status="PASS" starttime="20230516 16:32:35.599" endtime="20230516 16:32:52.460"/>
</suite>
<statistics>
<total>
<stat pass="2" fail="0" skip="0">All Tests</stat>
</total>
<tag>
<stat pass="1" fail="0" skip="0">Regression</stat>
<stat pass="1" fail="0" skip="0">Smoke</stat>
</tag>
<suite>
<stat pass="2" fail="0" skip="0" id="s1" name="Register">Register</stat>
</suite>
</statistics>
<errors>
</errors>
</robot>
