<?xml version="1.0" encoding="UTF-8"?>
<robot generator="Robot 6.0.2 (Python 3.11.3 on win32)" generated="20230517 11:41:42.794" rpa="false" schemaversion="3">
<suite id="s1" name="Register" source="C:\Users\DhineshlingamNataraj\Downloads\eclipse-workspace-robotframeworkNew2\RFW-Practice\TestCases\Register.robot">
<test id="s1-t1" name="Invalid Phonenumber" line="51">
<kw name="Open Browser" library="SeleniumLibrary" type="SETUP">
<arg>${url}</arg>
<arg>${browser}</arg>
<doc>Opens a new browser instance to the optional ``url``.</doc>
<msg timestamp="20230517 11:41:43.515" level="INFO">Opening browser 'chrome' to base url 'https://rahulshettyacademy.com/client'.</msg>
<status status="PASS" starttime="20230517 11:41:43.515" endtime="20230517 11:41:50.709"/>
</kw>
<kw name="Maximize Browser Window" library="SeleniumLibrary">
<doc>Maximizes current browser window.</doc>
<status status="PASS" starttime="20230517 11:41:50.709" endtime="20230517 11:41:50.931"/>
</kw>
<kw name="Click Element" library="SeleniumLibrary">
<arg>${btn_RegisterHere}</arg>
<doc>Click the element identified by ``locator``.</doc>
<msg timestamp="20230517 11:41:50.937" level="INFO">Clicking element '//a[@class='text-reset']'.</msg>
<status status="PASS" starttime="20230517 11:41:50.932" endtime="20230517 11:41:51.159"/>
</kw>
<kw name="Input Text" library="SeleniumLibrary">
<arg>${txt_FirstName}</arg>
<arg>${mob_name}</arg>
<doc>Types the given ``text`` into the text field identified by ``locator``.</doc>
<msg timestamp="20230517 11:41:51.162" level="INFO">Typing text 'Sanjai' into text field '//input[@id='firstName']'.</msg>
<status status="PASS" starttime="20230517 11:41:51.160" endtime="20230517 11:41:51.371"/>
</kw>
<kw name="Input Text" library="SeleniumLibrary">
<arg>${txt_Email}</arg>
<arg>${mob_Email}</arg>
<doc>Types the given ``text`` into the text field identified by ``locator``.</doc>
<msg timestamp="20230517 11:41:51.373" level="INFO">Typing text 'san135@gmail.com' into text field '//input[@id='userEmail']'.</msg>
<status status="PASS" starttime="20230517 11:41:51.371" endtime="20230517 11:41:51.609"/>
</kw>
<kw name="Input Text" library="SeleniumLibrary">
<arg>${txt_mobile}</arg>
<arg>${mob_no}</arg>
<doc>Types the given ``text`` into the text field identified by ``locator``.</doc>
<msg timestamp="20230517 11:41:51.610" level="INFO">Typing text '7687809' into text field '//input[@id='userMobile']'.</msg>
<status status="PASS" starttime="20230517 11:41:51.609" endtime="20230517 11:41:51.868"/>
</kw>
<kw name="Wait Until Element Is Visible" library="SeleniumLibrary">
<arg>${dropdown_btn}</arg>
<doc>Waits until the element ``locator`` is visible.</doc>
<status status="PASS" starttime="20230517 11:41:51.869" endtime="20230517 11:41:52.022"/>
</kw>
<kw name="Select From List By Label" library="SeleniumLibrary">
<arg>${dropdown_btn}</arg>
<arg>Doctor</arg>
<doc>Selects options from selection list ``locator`` by ``labels``.</doc>
<msg timestamp="20230517 11:41:52.022" level="INFO">Selecting options from selection list '//select[@formcontrolname='occupation']' by label Doctor.</msg>
<status status="PASS" starttime="20230517 11:41:52.022" endtime="20230517 11:41:52.172"/>
</kw>
<kw name="Click Element" library="SeleniumLibrary">
<arg>${btn_Radio}</arg>
<doc>Click the element identified by ``locator``.</doc>
<msg timestamp="20230517 11:41:52.174" level="INFO">Clicking element '//input[@value='Male']'.</msg>
<status status="PASS" starttime="20230517 11:41:52.173" endtime="20230517 11:41:52.275"/>
</kw>
<kw name="Input Password" library="SeleniumLibrary">
<arg>${txt_password}</arg>
<arg>${mob_password}</arg>
<doc>Types the given password into the text field identified by ``locator``.</doc>
<msg timestamp="20230517 11:41:52.280" level="INFO">Typing password into text field '//input[@id='userPassword']'.</msg>
<msg timestamp="20230517 11:41:52.344" level="INFO">Temporally setting log level to: NONE</msg>
<msg timestamp="20230517 11:41:52.472" level="INFO">Log level changed from NONE to INFO.</msg>
<status status="PASS" starttime="20230517 11:41:52.275" endtime="20230517 11:41:52.472"/>
</kw>
<kw name="Input Password" library="SeleniumLibrary">
<arg>${txt_Confirmpassword}</arg>
<arg>${mob_password}</arg>
<doc>Types the given password into the text field identified by ``locator``.</doc>
<msg timestamp="20230517 11:41:52.472" level="INFO">Typing password into text field '//input[@id='confirmPassword']'.</msg>
<msg timestamp="20230517 11:41:52.552" level="INFO">Temporally setting log level to: NONE</msg>
<msg timestamp="20230517 11:41:52.683" level="INFO">Log level changed from NONE to INFO.</msg>
<status status="PASS" starttime="20230517 11:41:52.472" endtime="20230517 11:41:52.683"/>
</kw>
<kw name="Click Element" library="SeleniumLibrary">
<arg>${Chech_box}</arg>
<doc>Click the element identified by ``locator``.</doc>
<msg timestamp="20230517 11:41:52.686" level="INFO">Clicking element '//input[@type='checkbox']'.</msg>
<status status="PASS" starttime="20230517 11:41:52.684" endtime="20230517 11:41:52.772"/>
</kw>
<kw name="Click Button" library="SeleniumLibrary">
<arg>${btn_Login}</arg>
<doc>Clicks the button identified by ``locator``.</doc>
<msg timestamp="20230517 11:41:52.773" level="INFO">Clicking button '//input[@id='login']'.</msg>
<status status="PASS" starttime="20230517 11:41:52.772" endtime="20230517 11:41:52.908"/>
</kw>
<kw name="Wait Until Page Contains" library="SeleniumLibrary">
<arg>*Phone Number must be 10 digit</arg>
<doc>Waits until ``text`` appears on the current page.</doc>
<status status="PASS" starttime="20230517 11:41:52.908" endtime="20230517 11:41:52.940"/>
</kw>
<kw name="Capture Page Screenshot" library="SeleniumLibrary">
<arg>C:/Users/DhineshlingamNataraj/Downloads/eclipse-workspace-robotframeworkNew2/RFW-Practice/Result/Screenshot3.png</arg>
<doc>Takes a screenshot of the current page and embeds it into a log file.</doc>
<msg timestamp="20230517 11:41:53.210" level="INFO" html="true">&lt;/td&gt;&lt;/tr&gt;&lt;tr&gt;&lt;td colspan="3"&gt;&lt;a href="../../../Result/Screenshot3.png"&gt;&lt;img src="../../../Result/Screenshot3.png" width="800px"&gt;&lt;/a&gt;</msg>
<status status="PASS" starttime="20230517 11:41:52.940" endtime="20230517 11:41:53.210"/>
</kw>
<kw name="Close Browser" library="SeleniumLibrary" type="TEARDOWN">
<doc>Closes the current browser.</doc>
<status status="PASS" starttime="20230517 11:41:53.212" endtime="20230517 11:41:55.355"/>
</kw>
<status status="PASS" starttime="20230517 11:41:43.515" endtime="20230517 11:41:55.355"/>
</test>
<doc>Create new account</doc>
<status status="PASS" starttime="20230517 11:41:42.807" endtime="20230517 11:41:55.355"/>
</suite>
<statistics>
<total>
<stat pass="1" fail="0" skip="0">All Tests</stat>
</total>
<tag>
</tag>
<suite>
<stat pass="1" fail="0" skip="0" id="s1" name="Register">Register</stat>
</suite>
</statistics>
<errors>
</errors>
</robot>
