<?xml version="1.0" encoding="UTF-8"?>
<robot generator="Robot 6.0.2 (Python 3.11.3 on win32)" generated="20230518 07:53:22.025" rpa="false" schemaversion="3">
<suite id="s1" name="Register" source="C:\Users\kumaran\Downloads\RFW-Practice\testCases\Register.robot">
<test id="s1-t1" name="Register User and Validating Registration details" line="18">
<kw name="Open Browser" library="SeleniumLibrary" type="SETUP">
<arg>${url}</arg>
<arg>${browserName}</arg>
<doc>Opens a new browser instance to the optional ``url``.</doc>
<msg timestamp="20230518 07:53:23.918" level="INFO">Opening browser 'Chrome' to base url 'https://demo.nopcommerce.com/'.</msg>
<status status="PASS" starttime="20230518 07:53:23.918" endtime="20230518 07:53:29.790"/>
</kw>
<kw name="Maximize Browser Window" library="SeleniumLibrary">
<doc>Maximizes current browser window.</doc>
<status status="PASS" starttime="20230518 07:53:29.793" endtime="20230518 07:53:30.040"/>
</kw>
<kw name="Wait Until Element Is Visible" library="SeleniumLibrary">
<arg>${img_demoStore}</arg>
<doc>Waits until the element ``locator`` is visible.</doc>
<status status="PASS" starttime="20230518 07:53:30.041" endtime="20230518 07:53:30.158"/>
</kw>
<kw name="Click Link" library="SeleniumLibrary">
<arg>${lnk_register}</arg>
<doc>Clicks a link identified by ``locator``.</doc>
<msg timestamp="20230518 07:53:30.164" level="INFO">Clicking link '//a[@class='ico-register']'.</msg>
<status status="PASS" starttime="20230518 07:53:30.159" endtime="20230518 07:53:32.204"/>
</kw>
<kw name="Select Radio Button" library="SeleniumLibrary">
<arg>${rdBtn_name}</arg>
<arg>${genderName}</arg>
<doc>Sets the radio button group ``group_name`` to ``value``.</doc>
<msg timestamp="20230518 07:53:32.208" level="INFO">Selecting 'F' from radio button 'Gender'.</msg>
<status status="PASS" starttime="20230518 07:53:32.206" endtime="20230518 07:53:32.336"/>
</kw>
<kw name="First Name" library="FakerLibrary">
<var>${firstName}</var>
<msg timestamp="20230518 07:53:32.339" level="INFO">${firstName} = Diane</msg>
<status status="PASS" starttime="20230518 07:53:32.337" endtime="20230518 07:53:32.339"/>
</kw>
<kw name="Input Text" library="SeleniumLibrary">
<arg>${txt_fName}</arg>
<arg>${firstName}</arg>
<doc>Types the given ``text`` into the text field identified by ``locator``.</doc>
<msg timestamp="20230518 07:53:32.340" level="INFO">Typing text 'Diane' into text field 'FirstName'.</msg>
<status status="PASS" starttime="20230518 07:53:32.339" endtime="20230518 07:53:32.565"/>
</kw>
<kw name="Last Name" library="FakerLibrary">
<var>${lastName}</var>
<msg timestamp="20230518 07:53:32.566" level="INFO">${lastName} = Ramos</msg>
<status status="PASS" starttime="20230518 07:53:32.565" endtime="20230518 07:53:32.566"/>
</kw>
<kw name="Input Text" library="SeleniumLibrary">
<arg>${txt_lName}</arg>
<arg>${lastName}</arg>
<doc>Types the given ``text`` into the text field identified by ``locator``.</doc>
<msg timestamp="20230518 07:53:32.569" level="INFO">Typing text 'Ramos' into text field 'LastName'.</msg>
<status status="PASS" starttime="20230518 07:53:32.567" endtime="20230518 07:53:32.771"/>
</kw>
<kw name="Month Name" library="FakerLibrary">
<var>${monthIndex}</var>
<msg timestamp="20230518 07:53:32.773" level="INFO">${monthIndex} = November</msg>
<status status="PASS" starttime="20230518 07:53:32.772" endtime="20230518 07:53:32.773"/>
</kw>
<kw name="Year" library="FakerLibrary">
<var>${yearIndex}</var>
<msg timestamp="20230518 07:53:32.775" level="INFO">${yearIndex} = 2008</msg>
<status status="PASS" starttime="20230518 07:53:32.774" endtime="20230518 07:53:32.775"/>
</kw>
<kw name="Select From List By Label" library="SeleniumLibrary">
<arg>${date_locator}</arg>
<arg>${dateIndex}</arg>
<doc>Selects options from selection list ``locator`` by ``labels``.</doc>
<msg timestamp="20230518 07:53:32.778" level="INFO">Selecting options from selection list 'DateOfBirthDay' by label 1.</msg>
<status status="PASS" starttime="20230518 07:53:32.776" endtime="20230518 07:53:32.946"/>
</kw>
<kw name="Select From List By Label" library="SeleniumLibrary">
<arg>${month_locator}</arg>
<arg>${monthIndex}</arg>
<doc>Selects options from selection list ``locator`` by ``labels``.</doc>
<msg timestamp="20230518 07:53:32.949" level="INFO">Selecting options from selection list 'DateOfBirthMonth' by label November.</msg>
<status status="PASS" starttime="20230518 07:53:32.947" endtime="20230518 07:53:33.110"/>
</kw>
<kw name="Select From List By Value" library="SeleniumLibrary">
<arg>${year_locator}</arg>
<arg>${yearIndex}</arg>
<doc>Selects options from selection list ``locator`` by ``values``.</doc>
<msg timestamp="20230518 07:53:33.113" level="INFO">Selecting options from selection list 'DateOfBirthYear' by value 2008.</msg>
<status status="PASS" starttime="20230518 07:53:33.111" endtime="20230518 07:53:33.251"/>
</kw>
<kw name="Email" library="FakerLibrary">
<var>${email}</var>
<msg timestamp="20230518 07:53:33.254" level="INFO">${email} = bestmarcus@example.org</msg>
<status status="PASS" starttime="20230518 07:53:33.252" endtime="20230518 07:53:33.254"/>
</kw>
<kw name="Input Text" library="SeleniumLibrary">
<arg>${txt_email}</arg>
<arg>${email}</arg>
<doc>Types the given ``text`` into the text field identified by ``locator``.</doc>
<msg timestamp="20230518 07:53:33.255" level="INFO">Typing text 'bestmarcus@example.org' into text field 'Email'.</msg>
<status status="PASS" starttime="20230518 07:53:33.255" endtime="20230518 07:53:33.490"/>
</kw>
<kw name="Company" library="FakerLibrary">
<var>${company}</var>
<doc>:example: 'Acme Ltd'</doc>
<msg timestamp="20230518 07:53:33.491" level="INFO">${company} = Bowen, Kim and Klein</msg>
<status status="PASS" starttime="20230518 07:53:33.490" endtime="20230518 07:53:33.491"/>
</kw>
<kw name="Input Text" library="SeleniumLibrary">
<arg>${txt_company}</arg>
<arg>${company}</arg>
<doc>Types the given ``text`` into the text field identified by ``locator``.</doc>
<msg timestamp="20230518 07:53:33.491" level="INFO">Typing text 'Bowen, Kim and Klein' into text field 'Company'.</msg>
<status status="PASS" starttime="20230518 07:53:33.491" endtime="20230518 07:53:33.760"/>
</kw>
<kw name="Input Password" library="SeleniumLibrary">
<arg>${txt_password}</arg>
<arg>${password}</arg>
<doc>Types the given password into the text field identified by ``locator``.</doc>
<msg timestamp="20230518 07:53:33.764" level="INFO">Typing password into text field 'Password'.</msg>
<msg timestamp="20230518 07:53:33.854" level="INFO">Temporally setting log level to: NONE</msg>
<msg timestamp="20230518 07:53:33.996" level="INFO">Log level changed from NONE to INFO.</msg>
<status status="PASS" starttime="20230518 07:53:33.762" endtime="20230518 07:53:33.996"/>
</kw>
<kw name="Input Password" library="SeleniumLibrary">
<arg>${txt_cnfPassword}</arg>
<arg>${confirmPassword}</arg>
<doc>Types the given password into the text field identified by ``locator``.</doc>
<msg timestamp="20230518 07:53:33.998" level="INFO">Typing password into text field 'ConfirmPassword'.</msg>
<msg timestamp="20230518 07:53:34.059" level="INFO">Temporally setting log level to: NONE</msg>
<msg timestamp="20230518 07:53:34.174" level="INFO">Log level changed from NONE to INFO.</msg>
<status status="PASS" starttime="20230518 07:53:33.996" endtime="20230518 07:53:34.174"/>
</kw>
<kw name="Should Be Equal" library="BuiltIn">
<arg>${password}</arg>
<arg>${confirmPassword}</arg>
<doc>Fails if the given objects are unequal.</doc>
<status status="PASS" starttime="20230518 07:53:34.175" endtime="20230518 07:53:34.175"/>
</kw>
<kw name="Click Button" library="SeleniumLibrary">
<arg>${register_btn}</arg>
<doc>Clicks the button identified by ``locator``.</doc>
<msg timestamp="20230518 07:53:34.175" level="INFO">Clicking button 'register-button'.</msg>
<status status="PASS" starttime="20230518 07:53:34.175" endtime="20230518 07:53:35.416"/>
</kw>
<kw name="Wait Until Page Contains" library="SeleniumLibrary">
<arg>${successRegisterPagetxt}</arg>
<doc>Waits until ``text`` appears on the current page.</doc>
<status status="PASS" starttime="20230518 07:53:35.417" endtime="20230518 07:53:35.447"/>
</kw>
<kw name="Capture Page Screenshot" library="SeleniumLibrary">
<arg>C:/Users/kumaran/eclipse-workspace/robotframework1/nopCommerceRFWProjects/result/screenshot.png</arg>
<doc>Takes a screenshot of the current page and embeds it into a log file.</doc>
<msg timestamp="20230518 07:53:35.655" level="INFO" html="true">&lt;/td&gt;&lt;/tr&gt;&lt;tr&gt;&lt;td colspan="3"&gt;&lt;a href="../../../../../eclipse-workspace/robotframework1/nopCommerceRFWProjects/result/screenshot.png"&gt;&lt;img src="../../../../../eclipse-workspace/robotframework1/nopCommerceRFWProjects/result/screenshot.png" width="800px"&gt;&lt;/a&gt;</msg>
<status status="PASS" starttime="20230518 07:53:35.447" endtime="20230518 07:53:35.655"/>
</kw>
<kw name="Close Browser" library="SeleniumLibrary" type="TEARDOWN">
<doc>Closes the current browser.</doc>
<status status="PASS" starttime="20230518 07:53:35.655" endtime="20230518 07:53:37.995"/>
</kw>
<tag>smoke</tag>
<status status="PASS" starttime="20230518 07:53:23.918" endtime="20230518 07:53:37.996"/>
</test>
<doc>This file is for registering account</doc>
<status status="PASS" starttime="20230518 07:53:22.046" endtime="20230518 07:53:37.996"/>
</suite>
<statistics>
<total>
<stat pass="1" fail="0" skip="0">All Tests</stat>
</total>
<tag>
<stat pass="1" fail="0" skip="0">smoke</stat>
</tag>
<suite>
<stat pass="1" fail="0" skip="0" id="s1" name="Register">Register</stat>
</suite>
</statistics>
<errors>
</errors>
</robot>
