<?xml version="1.0" encoding="UTF-8"?>
<robot generator="Robot 6.0.2 (Python 3.11.3 on win32)" generated="20230517 11:41:42.794" rpa="false" schemaversion="3">
<suite id="s1" name="Register" source="C:\Users\DhineshlingamNataraj\Downloads\eclipse-workspace-robotframeworkNew2\RFW-Practice\TestCases\Register.robot">
<test id="s1-t1" name="Empty Firstname" line="18">
<kw name="Open Browser" library="SeleniumLibrary" type="SETUP">
<arg>${url}</arg>
<arg>${browser}</arg>
<doc>Opens a new browser instance to the optional ``url``.</doc>
<msg timestamp="20230517 11:41:43.515" level="INFO">Opening browser 'chrome' to base url 'https://rahulshettyacademy.com/client'.</msg>
<status status="PASS" starttime="20230517 11:41:43.515" endtime="20230517 11:41:50.175"/>
</kw>
<kw name="Maximize Browser Window" library="SeleniumLibrary">
<doc>Maximizes current browser window.</doc>
<status status="PASS" starttime="20230517 11:41:50.175" endtime="20230517 11:41:50.377"/>
</kw>
<kw name="Click Element" library="SeleniumLibrary">
<arg>${btn_RegisterHere}</arg>
<doc>Click the element identified by ``locator``.</doc>
<msg timestamp="20230517 11:41:50.384" level="INFO">Clicking element '//a[@class='text-reset']'.</msg>
<status status="PASS" starttime="20230517 11:41:50.381" endtime="20230517 11:41:51.041"/>
</kw>
<kw name="Input Text" library="SeleniumLibrary">
<arg>${txt_FirstName}</arg>
<arg>${EmptyFirstName}</arg>
<doc>Types the given ``text`` into the text field identified by ``locator``.</doc>
<msg timestamp="20230517 11:41:51.042" level="INFO">Typing text '' into text field '//input[@id='firstName']'.</msg>
<status status="PASS" starttime="20230517 11:41:51.041" endtime="20230517 11:41:51.241"/>
</kw>
<kw name="Input Text" library="SeleniumLibrary">
<arg>${txt_LastName}</arg>
<arg>${invalidLastname}</arg>
<doc>Types the given ``text`` into the text field identified by ``locator``.</doc>
<msg timestamp="20230517 11:41:51.243" level="INFO">Typing text '' into text field '//input[@id='lastName']'.</msg>
<status status="PASS" starttime="20230517 11:41:51.242" endtime="20230517 11:41:51.440"/>
</kw>
<kw name="Input Text" library="SeleniumLibrary">
<arg>${txt_Email}</arg>
<arg>${Emp_Firstname_Email}</arg>
<doc>Types the given ``text`` into the text field identified by ``locator``.</doc>
<msg timestamp="20230517 11:41:51.440" level="INFO">Typing text 'dhinesh@gmail.com' into text field '//input[@id='userEmail']'.</msg>
<status status="PASS" starttime="20230517 11:41:51.440" endtime="20230517 11:41:51.738"/>
</kw>
<kw name="Input Text" library="SeleniumLibrary">
<arg>${txt_mobile}</arg>
<arg>${Emp_mob}</arg>
<doc>Types the given ``text`` into the text field identified by ``locator``.</doc>
<msg timestamp="20230517 11:41:51.739" level="INFO">Typing text '6123457890' into text field '//input[@id='userMobile']'.</msg>
<status status="PASS" starttime="20230517 11:41:51.738" endtime="20230517 11:41:51.946"/>
</kw>
<kw name="Wait Until Element Is Visible" library="SeleniumLibrary">
<arg>${dropdown_btn}</arg>
<doc>Waits until the element ``locator`` is visible.</doc>
<status status="PASS" starttime="20230517 11:41:51.947" endtime="20230517 11:41:52.022"/>
</kw>
<kw name="Select From List By Label" library="SeleniumLibrary">
<arg>${dropdown_btn}</arg>
<arg>Doctor</arg>
<doc>Selects options from selection list ``locator`` by ``labels``.</doc>
<msg timestamp="20230517 11:41:52.022" level="INFO">Selecting options from selection list '//select[@formcontrolname='occupation']' by label Doctor.</msg>
<status status="PASS" starttime="20230517 11:41:52.022" endtime="20230517 11:41:52.174"/>
</kw>
<kw name="Click Element" library="SeleniumLibrary">
<arg>${btn_Radio}</arg>
<doc>Click the element identified by ``locator``.</doc>
<msg timestamp="20230517 11:41:52.177" level="INFO">Clicking element '//input[@value='Male']'.</msg>
<status status="PASS" starttime="20230517 11:41:52.175" endtime="20230517 11:41:52.275"/>
</kw>
<kw name="Input Password" library="SeleniumLibrary">
<arg>${txt_password}</arg>
<arg>${Wrongpassword}</arg>
<doc>Types the given password into the text field identified by ``locator``.</doc>
<msg timestamp="20230517 11:41:52.275" level="INFO">Typing password into text field '//input[@id='userPassword']'.</msg>
<msg timestamp="20230517 11:41:52.351" level="INFO">Temporally setting log level to: NONE</msg>
<msg timestamp="20230517 11:41:52.472" level="INFO">Log level changed from NONE to INFO.</msg>
<status status="PASS" starttime="20230517 11:41:52.275" endtime="20230517 11:41:52.472"/>
</kw>
<kw name="Input Password" library="SeleniumLibrary">
<arg>${txt_Confirmpassword}</arg>
<arg>${Wrongpassword}</arg>
<doc>Types the given password into the text field identified by ``locator``.</doc>
<msg timestamp="20230517 11:41:52.472" level="INFO">Typing password into text field '//input[@id='confirmPassword']'.</msg>
<msg timestamp="20230517 11:41:52.552" level="INFO">Temporally setting log level to: NONE</msg>
<msg timestamp="20230517 11:41:52.673" level="INFO">Log level changed from NONE to INFO.</msg>
<status status="PASS" starttime="20230517 11:41:52.472" endtime="20230517 11:41:52.673"/>
</kw>
<kw name="Click Element" library="SeleniumLibrary">
<arg>${Chech_box}</arg>
<doc>Click the element identified by ``locator``.</doc>
<msg timestamp="20230517 11:41:52.674" level="INFO">Clicking element '//input[@type='checkbox']'.</msg>
<status status="PASS" starttime="20230517 11:41:52.673" endtime="20230517 11:41:52.771"/>
</kw>
<kw name="Click Button" library="SeleniumLibrary">
<arg>${btn_Login}</arg>
<doc>Clicks the button identified by ``locator``.</doc>
<msg timestamp="20230517 11:41:52.773" level="INFO">Clicking button '//input[@id='login']'.</msg>
<status status="PASS" starttime="20230517 11:41:52.772" endtime="20230517 11:41:52.908"/>
</kw>
<kw name="Wait Until Page Contains" library="SeleniumLibrary">
<arg>*First Name is required</arg>
<doc>Waits until ``text`` appears on the current page.</doc>
<status status="PASS" starttime="20230517 11:41:52.908" endtime="20230517 11:41:52.940"/>
</kw>
<kw name="Capture Page Screenshot" library="SeleniumLibrary">
<arg>C:/Users/DhineshlingamNataraj/Downloads/eclipse-workspace-robotframeworkNew2/RFW-Practice/Result/Screenshot1.png</arg>
<doc>Takes a screenshot of the current page and embeds it into a log file.</doc>
<msg timestamp="20230517 11:41:53.210" level="INFO" html="true">&lt;/td&gt;&lt;/tr&gt;&lt;tr&gt;&lt;td colspan="3"&gt;&lt;a href="../../../Result/Screenshot1.png"&gt;&lt;img src="../../../Result/Screenshot1.png" width="800px"&gt;&lt;/a&gt;</msg>
<status status="PASS" starttime="20230517 11:41:52.940" endtime="20230517 11:41:53.210"/>
</kw>
<kw name="Close Browser" library="SeleniumLibrary" type="TEARDOWN">
<doc>Closes the current browser.</doc>
<status status="PASS" starttime="20230517 11:41:53.212" endtime="20230517 11:41:55.355"/>
</kw>
<status status="PASS" starttime="20230517 11:41:43.502" endtime="20230517 11:41:55.355"/>
</test>
<doc>Create new account</doc>
<status status="PASS" starttime="20230517 11:41:42.812" endtime="20230517 11:41:55.355"/>
</suite>
<statistics>
<total>
<stat pass="1" fail="0" skip="0">All Tests</stat>
</total>
<tag>
</tag>
<suite>
<stat pass="1" fail="0" skip="0" id="s1" name="Register">Register</stat>
</suite>
</statistics>
<errors>
</errors>
</robot>
