<?xml version="1.0" encoding="UTF-8"?>
<robot generator="Robot 6.0.2 (Python 3.11.3 on win32)" generated="20230517 11:41:42.788" rpa="false" schemaversion="3">
<suite id="s1" name="Register" source="C:\Users\DhineshlingamNataraj\Downloads\eclipse-workspace-robotframeworkNew2\RFW-Practice\TestCases\Register.robot">
<test id="s1-t1" name="Invalid Email" line="35">
<kw name="Open Browser" library="SeleniumLibrary" type="SETUP">
<arg>${url}</arg>
<arg>${browser}</arg>
<doc>Opens a new browser instance to the optional ``url``.</doc>
<msg timestamp="20230517 11:41:43.515" level="INFO">Opening browser 'chrome' to base url 'https://rahulshettyacademy.com/client'.</msg>
<status status="PASS" starttime="20230517 11:41:43.515" endtime="20230517 11:41:50.590"/>
</kw>
<kw name="Maximize Browser Window" library="SeleniumLibrary">
<doc>Maximizes current browser window.</doc>
<status status="PASS" starttime="20230517 11:41:50.590" endtime="20230517 11:41:50.825"/>
</kw>
<kw name="Click Element" library="SeleniumLibrary">
<arg>${btn_RegisterHere}</arg>
<doc>Click the element identified by ``locator``.</doc>
<msg timestamp="20230517 11:41:50.826" level="INFO">Clicking element '//a[@class='text-reset']'.</msg>
<status status="PASS" starttime="20230517 11:41:50.825" endtime="20230517 11:41:51.153"/>
</kw>
<kw name="Input Text" library="SeleniumLibrary">
<arg>${txt_FirstName}</arg>
<arg>${mail_name}</arg>
<doc>Types the given ``text`` into the text field identified by ``locator``.</doc>
<msg timestamp="20230517 11:41:51.155" level="INFO">Typing text 'Lingam' into text field '//input[@id='firstName']'.</msg>
<status status="PASS" starttime="20230517 11:41:51.154" endtime="20230517 11:41:51.370"/>
</kw>
<kw name="Input Text" library="SeleniumLibrary">
<arg>${txt_Email}</arg>
<arg>${Invalid_Email}</arg>
<doc>Types the given ``text`` into the text field identified by ``locator``.</doc>
<msg timestamp="20230517 11:41:51.371" level="INFO">Typing text 'dini125gmail' into text field '//input[@id='userEmail']'.</msg>
<status status="PASS" starttime="20230517 11:41:51.371" endtime="20230517 11:41:51.606"/>
</kw>
<kw name="Input Text" library="SeleniumLibrary">
<arg>${txt_mobile}</arg>
<arg>${Email_mob}</arg>
<doc>Types the given ``text`` into the text field identified by ``locator``.</doc>
<msg timestamp="20230517 11:41:51.607" level="INFO">Typing text '1234567880' into text field '//input[@id='userMobile']'.</msg>
<status status="PASS" starttime="20230517 11:41:51.607" endtime="20230517 11:41:51.842"/>
</kw>
<kw name="Wait Until Element Is Visible" library="SeleniumLibrary">
<arg>${dropdown_btn}</arg>
<doc>Waits until the element ``locator`` is visible.</doc>
<status status="PASS" starttime="20230517 11:41:51.843" endtime="20230517 11:41:52.022"/>
</kw>
<kw name="Select From List By Label" library="SeleniumLibrary">
<arg>${dropdown_btn}</arg>
<arg>Doctor</arg>
<doc>Selects options from selection list ``locator`` by ``labels``.</doc>
<msg timestamp="20230517 11:41:52.022" level="INFO">Selecting options from selection list '//select[@formcontrolname='occupation']' by label Doctor.</msg>
<status status="PASS" starttime="20230517 11:41:52.022" endtime="20230517 11:41:52.180"/>
</kw>
<kw name="Click Element" library="SeleniumLibrary">
<arg>${btn_Radio}</arg>
<doc>Click the element identified by ``locator``.</doc>
<msg timestamp="20230517 11:41:52.183" level="INFO">Clicking element '//input[@value='Male']'.</msg>
<status status="PASS" starttime="20230517 11:41:52.181" endtime="20230517 11:41:52.278"/>
</kw>
<kw name="Input Password" library="SeleniumLibrary">
<arg>${txt_password}</arg>
<arg>${Email_password}</arg>
<doc>Types the given password into the text field identified by ``locator``.</doc>
<msg timestamp="20230517 11:41:52.281" level="INFO">Typing password into text field '//input[@id='userPassword']'.</msg>
<msg timestamp="20230517 11:41:52.346" level="INFO">Temporally setting log level to: NONE</msg>
<msg timestamp="20230517 11:41:52.456" level="INFO">Log level changed from NONE to INFO.</msg>
<status status="PASS" starttime="20230517 11:41:52.279" endtime="20230517 11:41:52.456"/>
</kw>
<kw name="Input Password" library="SeleniumLibrary">
<arg>${txt_Confirmpassword}</arg>
<arg>${Email_password}</arg>
<doc>Types the given password into the text field identified by ``locator``.</doc>
<msg timestamp="20230517 11:41:52.458" level="INFO">Typing password into text field '//input[@id='confirmPassword']'.</msg>
<msg timestamp="20230517 11:41:52.539" level="INFO">Temporally setting log level to: NONE</msg>
<msg timestamp="20230517 11:41:52.675" level="INFO">Log level changed from NONE to INFO.</msg>
<status status="PASS" starttime="20230517 11:41:52.458" endtime="20230517 11:41:52.675"/>
</kw>
<kw name="Click Element" library="SeleniumLibrary">
<arg>${Chech_box}</arg>
<doc>Click the element identified by ``locator``.</doc>
<msg timestamp="20230517 11:41:52.676" level="INFO">Clicking element '//input[@type='checkbox']'.</msg>
<status status="PASS" starttime="20230517 11:41:52.675" endtime="20230517 11:41:52.775"/>
</kw>
<kw name="Click Button" library="SeleniumLibrary">
<arg>${btn_Login}</arg>
<doc>Clicks the button identified by ``locator``.</doc>
<msg timestamp="20230517 11:41:52.776" level="INFO">Clicking button '//input[@id='login']'.</msg>
<status status="PASS" starttime="20230517 11:41:52.775" endtime="20230517 11:41:52.908"/>
</kw>
<kw name="Wait Until Page Contains" library="SeleniumLibrary">
<arg>*Enter Valid Email</arg>
<doc>Waits until ``text`` appears on the current page.</doc>
<status status="PASS" starttime="20230517 11:41:52.908" endtime="20230517 11:41:52.940"/>
</kw>
<kw name="Capture Page Screenshot" library="SeleniumLibrary">
<arg>C:/Users/DhineshlingamNataraj/Downloads/eclipse-workspace-robotframeworkNew2/RFW-Practice/Result/Screenshot2.png</arg>
<doc>Takes a screenshot of the current page and embeds it into a log file.</doc>
<msg timestamp="20230517 11:41:53.190" level="INFO" html="true">&lt;/td&gt;&lt;/tr&gt;&lt;tr&gt;&lt;td colspan="3"&gt;&lt;a href="../../../Result/Screenshot2.png"&gt;&lt;img src="../../../Result/Screenshot2.png" width="800px"&gt;&lt;/a&gt;</msg>
<status status="PASS" starttime="20230517 11:41:52.940" endtime="20230517 11:41:53.190"/>
</kw>
<kw name="Close Browser" library="SeleniumLibrary" type="TEARDOWN">
<doc>Closes the current browser.</doc>
<status status="PASS" starttime="20230517 11:41:53.191" endtime="20230517 11:41:55.402"/>
</kw>
<status status="PASS" starttime="20230517 11:41:43.515" endtime="20230517 11:41:55.402"/>
</test>
<doc>Create new account</doc>
<status status="PASS" starttime="20230517 11:41:42.806" endtime="20230517 11:41:55.405"/>
</suite>
<statistics>
<total>
<stat pass="1" fail="0" skip="0">All Tests</stat>
</total>
<tag>
</tag>
<suite>
<stat pass="1" fail="0" skip="0" id="s1" name="Register">Register</stat>
</suite>
</statistics>
<errors>
</errors>
</robot>
