<?xml version="1.0" encoding="UTF-8"?>
<robot generator="Robot 6.0.2 (Python 3.11.3 on win32)" generated="20230517 10:55:11.723" rpa="false" schemaversion="3">
<suite id="s1" name="Register" source="C:\Users\DhineshlingamNataraj\Downloads\eclipse-workspace-robotframeworkNew2\RFW-Practice\TestCases\Register.robot">
<test id="s1-t1" name="Invalid Email" line="35">
<kw name="Open Browser" library="SeleniumLibrary" type="SETUP">
<arg>${url}</arg>
<arg>${browser}</arg>
<doc>Opens a new browser instance to the optional ``url``.</doc>
<msg timestamp="20230517 10:55:12.451" level="INFO">Opening browser 'chrome' to base url 'https://rahulshettyacademy.com/client'.</msg>
<status status="PASS" starttime="20230517 10:55:12.444" endtime="20230517 10:55:15.534"/>
</kw>
<kw name="Maximize Browser Window" library="SeleniumLibrary">
<doc>Maximizes current browser window.</doc>
<status status="PASS" starttime="20230517 10:55:15.534" endtime="20230517 10:55:15.817"/>
</kw>
<kw name="Click Element" library="SeleniumLibrary">
<arg>${btn_RegisterHere}</arg>
<doc>Click the element identified by ``locator``.</doc>
<msg timestamp="20230517 10:55:15.824" level="INFO">Clicking element '//a[@class='text-reset']'.</msg>
<status status="PASS" starttime="20230517 10:55:15.817" endtime="20230517 10:55:16.182"/>
</kw>
<kw name="Input Text" library="SeleniumLibrary">
<arg>${txt_FirstName}</arg>
<arg>${mail_name}</arg>
<doc>Types the given ``text`` into the text field identified by ``locator``.</doc>
<msg timestamp="20230517 10:55:16.182" level="INFO">Typing text 'Lingam' into text field '//input[@id='firstName']'.</msg>
<status status="PASS" starttime="20230517 10:55:16.182" endtime="20230517 10:55:16.376"/>
</kw>
<kw name="Input Text" library="SeleniumLibrary">
<arg>${txt_Email}</arg>
<arg>${Invalid_Email}</arg>
<doc>Types the given ``text`` into the text field identified by ``locator``.</doc>
<msg timestamp="20230517 10:55:16.376" level="INFO">Typing text 'dini125gmail' into text field '//input[@id='userEmail']'.</msg>
<status status="PASS" starttime="20230517 10:55:16.376" endtime="20230517 10:55:16.562"/>
</kw>
<kw name="Input Text" library="SeleniumLibrary">
<arg>${txt_mobile}</arg>
<arg>${Email_mob}</arg>
<doc>Types the given ``text`` into the text field identified by ``locator``.</doc>
<msg timestamp="20230517 10:55:16.562" level="INFO">Typing text '1234567880' into text field '//input[@id='userMobile']'.</msg>
<status status="PASS" starttime="20230517 10:55:16.562" endtime="20230517 10:55:16.808"/>
</kw>
<kw name="Wait Until Element Is Visible" library="SeleniumLibrary">
<arg>${dropdown_btn}</arg>
<doc>Waits until the element ``locator`` is visible.</doc>
<status status="PASS" starttime="20230517 10:55:16.808" endtime="20230517 10:55:16.854"/>
</kw>
<kw name="Select From List By Label" library="SeleniumLibrary">
<arg>${dropdown_btn}</arg>
<arg>Doctor</arg>
<doc>Selects options from selection list ``locator`` by ``labels``.</doc>
<msg timestamp="20230517 10:55:16.855" level="INFO">Selecting options from selection list '//select[@formcontrolname='occupation']' by label Doctor.</msg>
<status status="PASS" starttime="20230517 10:55:16.854" endtime="20230517 10:55:17.030"/>
</kw>
<kw name="Click Element" library="SeleniumLibrary">
<arg>${btn_Radio}</arg>
<doc>Click the element identified by ``locator``.</doc>
<msg timestamp="20230517 10:55:17.031" level="INFO">Clicking element '//input[@value='Male']'.</msg>
<status status="PASS" starttime="20230517 10:55:17.030" endtime="20230517 10:55:17.112"/>
</kw>
<kw name="Input Password" library="SeleniumLibrary">
<arg>${txt_password}</arg>
<arg>${Email_password}</arg>
<doc>Types the given password into the text field identified by ``locator``.</doc>
<msg timestamp="20230517 10:55:17.112" level="INFO">Typing password into text field '//input[@id='userPassword']'.</msg>
<msg timestamp="20230517 10:55:17.177" level="INFO">Temporally setting log level to: NONE</msg>
<msg timestamp="20230517 10:55:17.275" level="INFO">Log level changed from NONE to INFO.</msg>
<status status="PASS" starttime="20230517 10:55:17.112" endtime="20230517 10:55:17.276"/>
</kw>
<kw name="Input Password" library="SeleniumLibrary">
<arg>${txt_Confirmpassword}</arg>
<arg>${Email_password}</arg>
<doc>Types the given password into the text field identified by ``locator``.</doc>
<msg timestamp="20230517 10:55:17.276" level="INFO">Typing password into text field '//input[@id='confirmPassword']'.</msg>
<msg timestamp="20230517 10:55:17.339" level="INFO">Temporally setting log level to: NONE</msg>
<msg timestamp="20230517 10:55:17.447" level="INFO">Log level changed from NONE to INFO.</msg>
<status status="PASS" starttime="20230517 10:55:17.276" endtime="20230517 10:55:17.447"/>
</kw>
<kw name="Click Element" library="SeleniumLibrary">
<arg>${Chech_box}</arg>
<doc>Click the element identified by ``locator``.</doc>
<msg timestamp="20230517 10:55:17.452" level="INFO">Clicking element '//input[@type='checkbox']'.</msg>
<status status="PASS" starttime="20230517 10:55:17.447" endtime="20230517 10:55:17.547"/>
</kw>
<kw name="Click Button" library="SeleniumLibrary">
<arg>${btn_Login}</arg>
<doc>Clicks the button identified by ``locator``.</doc>
<msg timestamp="20230517 10:55:17.550" level="INFO">Clicking button '//input[@id='login']'.</msg>
<status status="PASS" starttime="20230517 10:55:17.550" endtime="20230517 10:55:17.681"/>
</kw>
<kw name="Wait Until Page Contains" library="SeleniumLibrary">
<arg>*Enter Valid Email</arg>
<doc>Waits until ``text`` appears on the current page.</doc>
<status status="PASS" starttime="20230517 10:55:17.681" endtime="20230517 10:55:17.698"/>
</kw>
<kw name="Capture Page Screenshot" library="SeleniumLibrary">
<arg>C:/Users/DhineshlingamNataraj/Downloads/eclipse-workspace-robotframeworkNew2/RFW-Practice/Result/Screenshot2.png</arg>
<doc>Takes a screenshot of the current page and embeds it into a log file.</doc>
<msg timestamp="20230517 10:55:17.899" level="INFO" html="true">&lt;/td&gt;&lt;/tr&gt;&lt;tr&gt;&lt;td colspan="3"&gt;&lt;a href="../../../Result/Screenshot2.png"&gt;&lt;img src="../../../Result/Screenshot2.png" width="800px"&gt;&lt;/a&gt;</msg>
<status status="PASS" starttime="20230517 10:55:17.698" endtime="20230517 10:55:17.899"/>
</kw>
<kw name="Close Browser" library="SeleniumLibrary" type="TEARDOWN">
<doc>Closes the current browser.</doc>
<status status="PASS" starttime="20230517 10:55:17.899" endtime="20230517 10:55:20.129"/>
</kw>
<status status="PASS" starttime="20230517 10:55:12.444" endtime="20230517 10:55:20.129"/>
</test>
<doc>Create new account</doc>
<status status="PASS" starttime="20230517 10:55:11.735" endtime="20230517 10:55:20.129"/>
</suite>
<statistics>
<total>
<stat pass="1" fail="0" skip="0">All Tests</stat>
</total>
<tag>
</tag>
<suite>
<stat pass="1" fail="0" skip="0" id="s1" name="Register">Register</stat>
</suite>
</statistics>
<errors>
</errors>
</robot>
