<?xml version="1.0" encoding="UTF-8"?>
<robot generator="Robot 6.0.2 (Python 3.11.3 on win32)" generated="20230518 07:53:22.004" rpa="false" schemaversion="3">
<suite id="s1" name="Register" source="C:\Users\kumaran\Downloads\RFW-Practice\testCases\Register.robot">
<test id="s1-t1" name="Register with incorrect data and validating" line="56">
<kw name="Open Browser" library="SeleniumLibrary" type="SETUP">
<arg>${url}</arg>
<arg>${browserName}</arg>
<doc>Opens a new browser instance to the optional ``url``.</doc>
<msg timestamp="20230518 07:53:23.989" level="INFO">Opening browser 'Chrome' to base url 'https://demo.nopcommerce.com/'.</msg>
<status status="PASS" starttime="20230518 07:53:23.987" endtime="20230518 07:53:30.069"/>
</kw>
<kw name="Maximize Browser Window" library="SeleniumLibrary">
<doc>Maximizes current browser window.</doc>
<status status="PASS" starttime="20230518 07:53:30.070" endtime="20230518 07:53:30.198"/>
</kw>
<kw name="Wait Until Element Is Visible" library="SeleniumLibrary">
<arg>${img_demoStore}</arg>
<doc>Waits until the element ``locator`` is visible.</doc>
<status status="PASS" starttime="20230518 07:53:30.199" endtime="20230518 07:53:30.267"/>
</kw>
<kw name="Click Link" library="SeleniumLibrary">
<arg>${lnk_register}</arg>
<doc>Clicks a link identified by ``locator``.</doc>
<msg timestamp="20230518 07:53:30.268" level="INFO">Clicking link '//a[@class='ico-register']'.</msg>
<status status="PASS" starttime="20230518 07:53:30.267" endtime="20230518 07:53:32.203"/>
</kw>
<kw name="Input Text" library="SeleniumLibrary">
<arg>${txt_fName}</arg>
<arg>${nameFirst}</arg>
<doc>Types the given ``text`` into the text field identified by ``locator``.</doc>
<msg timestamp="20230518 07:53:32.207" level="INFO">Typing text ' ' into text field 'FirstName'.</msg>
<status status="PASS" starttime="20230518 07:53:32.204" endtime="20230518 07:53:32.402"/>
</kw>
<kw name="Input Text" library="SeleniumLibrary">
<arg>${txt_lName}</arg>
<arg>${nameLast}</arg>
<doc>Types the given ``text`` into the text field identified by ``locator``.</doc>
<msg timestamp="20230518 07:53:32.404" level="INFO">Typing text ' ' into text field 'LastName'.</msg>
<status status="PASS" starttime="20230518 07:53:32.403" endtime="20230518 07:53:32.621"/>
</kw>
<kw name="Input Text" library="SeleniumLibrary">
<arg>${txt_email}</arg>
<arg>${invalidEmail}</arg>
<doc>Types the given ``text`` into the text field identified by ``locator``.</doc>
<msg timestamp="20230518 07:53:32.623" level="INFO">Typing text 'gouse@gmail.com' into text field 'Email'.</msg>
<status status="PASS" starttime="20230518 07:53:32.621" endtime="20230518 07:53:32.839"/>
</kw>
<kw name="Input Text" library="SeleniumLibrary">
<arg>${txt_company}</arg>
<arg>${invalidCompany}</arg>
<doc>Types the given ``text`` into the text field identified by ``locator``.</doc>
<msg timestamp="20230518 07:53:32.842" level="INFO">Typing text 'Kumaran Systems Private Limited' into text field 'Company'.</msg>
<status status="PASS" starttime="20230518 07:53:32.839" endtime="20230518 07:53:33.092"/>
</kw>
<kw name="Input Password" library="SeleniumLibrary">
<arg>${txt_password}</arg>
<arg>${invalidpassword}</arg>
<doc>Types the given password into the text field identified by ``locator``.</doc>
<msg timestamp="20230518 07:53:33.093" level="INFO">Typing password into text field 'Password'.</msg>
<msg timestamp="20230518 07:53:33.160" level="INFO">Temporally setting log level to: NONE</msg>
<msg timestamp="20230518 07:53:33.263" level="INFO">Log level changed from NONE to INFO.</msg>
<status status="PASS" starttime="20230518 07:53:33.092" endtime="20230518 07:53:33.263"/>
</kw>
<kw name="Input Password" library="SeleniumLibrary">
<arg>${txt_password}</arg>
<arg>${invalidConfirmPassword}</arg>
<doc>Types the given password into the text field identified by ``locator``.</doc>
<msg timestamp="20230518 07:53:33.265" level="INFO">Typing password into text field 'Password'.</msg>
<msg timestamp="20230518 07:53:33.333" level="INFO">Temporally setting log level to: NONE</msg>
<msg timestamp="20230518 07:53:33.437" level="INFO">Log level changed from NONE to INFO.</msg>
<status status="PASS" starttime="20230518 07:53:33.263" endtime="20230518 07:53:33.437"/>
</kw>
<kw name="Click Button" library="SeleniumLibrary">
<arg>${register_btn}</arg>
<doc>Clicks the button identified by ``locator``.</doc>
<msg timestamp="20230518 07:53:33.440" level="INFO">Clicking button 'register-button'.</msg>
<status status="PASS" starttime="20230518 07:53:33.438" endtime="20230518 07:53:33.572"/>
</kw>
<kw name="Wait Until Page Contains" library="SeleniumLibrary">
<arg>${errorMsgTxt}</arg>
<doc>Waits until ``text`` appears on the current page.</doc>
<status status="PASS" starttime="20230518 07:53:33.573" endtime="20230518 07:53:33.599"/>
</kw>
<kw name="Close Browser" library="SeleniumLibrary" type="TEARDOWN">
<doc>Closes the current browser.</doc>
<status status="PASS" starttime="20230518 07:53:33.600" endtime="20230518 07:53:35.891"/>
</kw>
<tag>regression</tag>
<status status="PASS" starttime="20230518 07:53:23.983" endtime="20230518 07:53:35.893"/>
</test>
<doc>This file is for registering account</doc>
<status status="PASS" starttime="20230518 07:53:22.022" endtime="20230518 07:53:35.894"/>
</suite>
<statistics>
<total>
<stat pass="1" fail="0" skip="0">All Tests</stat>
</total>
<tag>
<stat pass="1" fail="0" skip="0">regression</stat>
</tag>
<suite>
<stat pass="1" fail="0" skip="0" id="s1" name="Register">Register</stat>
</suite>
</statistics>
<errors>
</errors>
</robot>
