<?xml version="1.0" encoding="UTF-8"?>
<robot generator="Robot 6.0.2 (Python 3.11.3 on win32)" generated="20230515 18:55:40.635" rpa="false" schemaversion="3">
<suite id="s1" name="RFW-Practice" source="C:\Users\mani3359\Downloads\RFW-Practice">
<suite id="s1-s1" name="Test Cases" source="C:\Users\mani3359\Downloads\RFW-Practice\Test Cases">
<suite id="s1-s1-s1" name="Login scenario" source="C:\Users\mani3359\Downloads\RFW-Practice\Test Cases\Login scenario.robot">
<test id="s1-s1-s1-t1" name="Enter invalid username and invalid password" line="11">
<kw name="Open Browser" library="SeleniumLibrary" type="SETUP">
<arg>${url}</arg>
<arg>${browser}</arg>
<doc>Opens a new browser instance to the optional ``url``.</doc>
<msg timestamp="20230515 18:55:41.037" level="INFO">Opening browser 'chrome' to base url 'https://saucedemo.com'.</msg>
<status status="PASS" starttime="20230515 18:55:41.029" endtime="20230515 18:55:43.720"/>
</kw>
<kw name="Maximize Browser Window" library="SeleniumLibrary">
<doc>Maximizes current browser window.</doc>
<status status="PASS" starttime="20230515 18:55:43.728" endtime="20230515 18:55:43.860"/>
</kw>
<kw name="Input Text" library="SeleniumLibrary">
<arg>${username_loc}</arg>
<arg>${ivusername}</arg>
<doc>Types the given ``text`` into the text field identified by ``locator``.</doc>
<msg timestamp="20230515 18:55:43.863" level="INFO">Typing text 'invalid_username' into text field '//input[@id='user-name']'.</msg>
<status status="PASS" starttime="20230515 18:55:43.860" endtime="20230515 18:55:44.149"/>
</kw>
<kw name="Input Password" library="SeleniumLibrary">
<arg>${password_loc}</arg>
<arg>${ivpassword}</arg>
<doc>Types the given password into the text field identified by ``locator``.</doc>
<msg timestamp="20230515 18:55:44.149" level="INFO">Typing password into text field '//input[@id='password']'.</msg>
<msg timestamp="20230515 18:55:44.207" level="INFO">Temporally setting log level to: NONE</msg>
<msg timestamp="20230515 18:55:44.290" level="INFO">Log level changed from NONE to INFO.</msg>
<status status="PASS" starttime="20230515 18:55:44.149" endtime="20230515 18:55:44.290"/>
</kw>
<kw name="Click Button" library="SeleniumLibrary">
<arg>${login_btn_loc}</arg>
<doc>Clicks the button identified by ``locator``.</doc>
<msg timestamp="20230515 18:55:44.290" level="INFO">Clicking button '//input[@id='login-button']'.</msg>
<status status="PASS" starttime="20230515 18:55:44.290" endtime="20230515 18:55:44.368"/>
</kw>
<kw name="Page Should Contain" library="SeleniumLibrary">
<arg>${ivu_ivp_error_msg}</arg>
<doc>Verifies that current page contains ``text``.</doc>
<msg timestamp="20230515 18:55:44.392" level="INFO">Current page contains text 'Epic sadface: Username and password do not match any user in this service'.</msg>
<status status="PASS" starttime="20230515 18:55:44.376" endtime="20230515 18:55:44.392"/>
</kw>
<kw name="Close Browser" library="SeleniumLibrary" type="TEARDOWN">
<doc>Closes the current browser.</doc>
<status status="PASS" starttime="20230515 18:55:44.392" endtime="20230515 18:55:46.682"/>
</kw>
<status status="PASS" starttime="20230515 18:55:41.029" endtime="20230515 18:55:46.684"/>
</test>
<test id="s1-s1-s1-t2" name="Enter invalid username and valid password" line="18">
<kw name="Open Browser" library="SeleniumLibrary" type="SETUP">
<arg>${url}</arg>
<arg>${browser}</arg>
<doc>Opens a new browser instance to the optional ``url``.</doc>
<msg timestamp="20230515 18:55:46.684" level="INFO">Opening browser 'chrome' to base url 'https://saucedemo.com'.</msg>
<status status="PASS" starttime="20230515 18:55:46.684" endtime="20230515 18:55:48.724"/>
</kw>
<kw name="Maximize Browser Window" library="SeleniumLibrary">
<doc>Maximizes current browser window.</doc>
<status status="PASS" starttime="20230515 18:55:48.740" endtime="20230515 18:55:48.908"/>
</kw>
<kw name="Input Text" library="SeleniumLibrary">
<arg>${username_loc}</arg>
<arg>${ivusername}</arg>
<doc>Types the given ``text`` into the text field identified by ``locator``.</doc>
<msg timestamp="20230515 18:55:48.908" level="INFO">Typing text 'invalid_username' into text field '//input[@id='user-name']'.</msg>
<status status="PASS" starttime="20230515 18:55:48.908" endtime="20230515 18:55:49.169"/>
</kw>
<kw name="Input Password" library="SeleniumLibrary">
<arg>${password_loc}</arg>
<arg>${vpassword}</arg>
<doc>Types the given password into the text field identified by ``locator``.</doc>
<msg timestamp="20230515 18:55:49.169" level="INFO">Typing password into text field '//input[@id='password']'.</msg>
<msg timestamp="20230515 18:55:49.221" level="INFO">Temporally setting log level to: NONE</msg>
<msg timestamp="20230515 18:55:49.301" level="INFO">Log level changed from NONE to INFO.</msg>
<status status="PASS" starttime="20230515 18:55:49.169" endtime="20230515 18:55:49.301"/>
</kw>
<kw name="Click Button" library="SeleniumLibrary">
<arg>${login_btn_loc}</arg>
<doc>Clicks the button identified by ``locator``.</doc>
<msg timestamp="20230515 18:55:49.309" level="INFO">Clicking button '//input[@id='login-button']'.</msg>
<status status="PASS" starttime="20230515 18:55:49.301" endtime="20230515 18:55:49.397"/>
</kw>
<kw name="Page Should Contain" library="SeleniumLibrary">
<arg>${ivu_ivp_error_msg}</arg>
<doc>Verifies that current page contains ``text``.</doc>
<msg timestamp="20230515 18:55:49.415" level="INFO">Current page contains text 'Epic sadface: Username and password do not match any user in this service'.</msg>
<status status="PASS" starttime="20230515 18:55:49.397" endtime="20230515 18:55:49.415"/>
</kw>
<kw name="Close Browser" library="SeleniumLibrary" type="TEARDOWN">
<doc>Closes the current browser.</doc>
<status status="PASS" starttime="20230515 18:55:49.415" endtime="20230515 18:55:51.724"/>
</kw>
<status status="PASS" starttime="20230515 18:55:46.684" endtime="20230515 18:55:51.724"/>
</test>
<test id="s1-s1-s1-t3" name="Enter valid username and invalid password" line="25">
<kw name="Open Browser" library="SeleniumLibrary" type="SETUP">
<arg>${url}</arg>
<arg>${browser}</arg>
<doc>Opens a new browser instance to the optional ``url``.</doc>
<msg timestamp="20230515 18:55:51.724" level="INFO">Opening browser 'chrome' to base url 'https://saucedemo.com'.</msg>
<status status="PASS" starttime="20230515 18:55:51.724" endtime="20230515 18:55:53.872"/>
</kw>
<kw name="Maximize Browser Window" library="SeleniumLibrary">
<doc>Maximizes current browser window.</doc>
<status status="PASS" starttime="20230515 18:55:53.872" endtime="20230515 18:55:54.041"/>
</kw>
<kw name="Input Text" library="SeleniumLibrary">
<arg>${username_loc}</arg>
<arg>${vusername}</arg>
<doc>Types the given ``text`` into the text field identified by ``locator``.</doc>
<msg timestamp="20230515 18:55:54.057" level="INFO">Typing text 'standard_user' into text field '//input[@id='user-name']'.</msg>
<status status="PASS" starttime="20230515 18:55:54.057" endtime="20230515 18:55:54.313"/>
</kw>
<kw name="Input Password" library="SeleniumLibrary">
<arg>${password_loc}</arg>
<arg>${ivpassword}</arg>
<doc>Types the given password into the text field identified by ``locator``.</doc>
<msg timestamp="20230515 18:55:54.315" level="INFO">Typing password into text field '//input[@id='password']'.</msg>
<msg timestamp="20230515 18:55:54.363" level="INFO">Temporally setting log level to: NONE</msg>
<msg timestamp="20230515 18:55:54.439" level="INFO">Log level changed from NONE to INFO.</msg>
<status status="PASS" starttime="20230515 18:55:54.315" endtime="20230515 18:55:54.439"/>
</kw>
<kw name="Click Button" library="SeleniumLibrary">
<arg>${login_btn_loc}</arg>
<doc>Clicks the button identified by ``locator``.</doc>
<msg timestamp="20230515 18:55:54.447" level="INFO">Clicking button '//input[@id='login-button']'.</msg>
<status status="PASS" starttime="20230515 18:55:54.439" endtime="20230515 18:55:54.530"/>
</kw>
<kw name="Page Should Contain" library="SeleniumLibrary">
<arg>${ivu_ivp_error_msg}</arg>
<doc>Verifies that current page contains ``text``.</doc>
<msg timestamp="20230515 18:55:54.554" level="INFO">Current page contains text 'Epic sadface: Username and password do not match any user in this service'.</msg>
<status status="PASS" starttime="20230515 18:55:54.530" endtime="20230515 18:55:54.554"/>
</kw>
<kw name="Close Browser" library="SeleniumLibrary" type="TEARDOWN">
<doc>Closes the current browser.</doc>
<status status="PASS" starttime="20230515 18:55:54.554" endtime="20230515 18:55:56.859"/>
</kw>
<status status="PASS" starttime="20230515 18:55:51.724" endtime="20230515 18:55:56.859"/>
</test>
<test id="s1-s1-s1-t4" name="Enter null username and invalid password" line="32">
<kw name="Open Browser" library="SeleniumLibrary" type="SETUP">
<arg>${url}</arg>
<arg>${browser}</arg>
<doc>Opens a new browser instance to the optional ``url``.</doc>
<msg timestamp="20230515 18:55:56.866" level="INFO">Opening browser 'chrome' to base url 'https://saucedemo.com'.</msg>
<status status="PASS" starttime="20230515 18:55:56.859" endtime="20230515 18:55:59.033"/>
</kw>
<kw name="Maximize Browser Window" library="SeleniumLibrary">
<doc>Maximizes current browser window.</doc>
<status status="PASS" starttime="20230515 18:55:59.033" endtime="20230515 18:55:59.176"/>
</kw>
<kw name="Input Text" library="SeleniumLibrary">
<arg>${username_loc}</arg>
<arg>${null_data}</arg>
<doc>Types the given ``text`` into the text field identified by ``locator``.</doc>
<msg timestamp="20230515 18:55:59.176" level="INFO">Typing text '' into text field '//input[@id='user-name']'.</msg>
<status status="PASS" starttime="20230515 18:55:59.176" endtime="20230515 18:55:59.389"/>
</kw>
<kw name="Input Password" library="SeleniumLibrary">
<arg>${password_loc}</arg>
<arg>${ivpassword}</arg>
<doc>Types the given password into the text field identified by ``locator``.</doc>
<msg timestamp="20230515 18:55:59.389" level="INFO">Typing password into text field '//input[@id='password']'.</msg>
<msg timestamp="20230515 18:55:59.450" level="INFO">Temporally setting log level to: NONE</msg>
<msg timestamp="20230515 18:55:59.538" level="INFO">Log level changed from NONE to INFO.</msg>
<status status="PASS" starttime="20230515 18:55:59.389" endtime="20230515 18:55:59.538"/>
</kw>
<kw name="Click Button" library="SeleniumLibrary">
<arg>${login_btn_loc}</arg>
<doc>Clicks the button identified by ``locator``.</doc>
<msg timestamp="20230515 18:55:59.548" level="INFO">Clicking button '//input[@id='login-button']'.</msg>
<status status="PASS" starttime="20230515 18:55:59.546" endtime="20230515 18:55:59.632"/>
</kw>
<kw name="Page Should Contain" library="SeleniumLibrary">
<arg>${uname_req_txt}</arg>
<doc>Verifies that current page contains ``text``.</doc>
<msg timestamp="20230515 18:55:59.656" level="INFO">Current page contains text 'Epic sadface: Username is required'.</msg>
<status status="PASS" starttime="20230515 18:55:59.632" endtime="20230515 18:55:59.656"/>
</kw>
<kw name="Close Browser" library="SeleniumLibrary" type="TEARDOWN">
<doc>Closes the current browser.</doc>
<status status="PASS" starttime="20230515 18:55:59.656" endtime="20230515 18:56:01.973"/>
</kw>
<status status="PASS" starttime="20230515 18:55:56.859" endtime="20230515 18:56:01.973"/>
</test>
<test id="s1-s1-s1-t5" name="Enter valid username and null password" line="39">
<kw name="Open Browser" library="SeleniumLibrary" type="SETUP">
<arg>${url}</arg>
<arg>${browser}</arg>
<doc>Opens a new browser instance to the optional ``url``.</doc>
<msg timestamp="20230515 18:56:01.981" level="INFO">Opening browser 'chrome' to base url 'https://saucedemo.com'.</msg>
<status status="PASS" starttime="20230515 18:56:01.973" endtime="20230515 18:56:04.092"/>
</kw>
<kw name="Maximize Browser Window" library="SeleniumLibrary">
<doc>Maximizes current browser window.</doc>
<status status="PASS" starttime="20230515 18:56:04.100" endtime="20230515 18:56:04.241"/>
</kw>
<kw name="Input Text" library="SeleniumLibrary">
<arg>${username_loc}</arg>
<arg>${ivusername}</arg>
<doc>Types the given ``text`` into the text field identified by ``locator``.</doc>
<msg timestamp="20230515 18:56:04.245" level="INFO">Typing text 'invalid_username' into text field '//input[@id='user-name']'.</msg>
<status status="PASS" starttime="20230515 18:56:04.241" endtime="20230515 18:56:04.519"/>
</kw>
<kw name="Input Password" library="SeleniumLibrary">
<arg>${password_loc}</arg>
<arg>${null_data}</arg>
<doc>Types the given password into the text field identified by ``locator``.</doc>
<msg timestamp="20230515 18:56:04.519" level="INFO">Typing password into text field '//input[@id='password']'.</msg>
<msg timestamp="20230515 18:56:04.567" level="INFO">Temporally setting log level to: NONE</msg>
<msg timestamp="20230515 18:56:04.623" level="INFO">Log level changed from NONE to INFO.</msg>
<status status="PASS" starttime="20230515 18:56:04.519" endtime="20230515 18:56:04.623"/>
</kw>
<kw name="Click Button" library="SeleniumLibrary">
<arg>${login_btn_loc}</arg>
<doc>Clicks the button identified by ``locator``.</doc>
<msg timestamp="20230515 18:56:04.623" level="INFO">Clicking button '//input[@id='login-button']'.</msg>
<status status="PASS" starttime="20230515 18:56:04.623" endtime="20230515 18:56:04.708"/>
</kw>
<kw name="Page Should Contain" library="SeleniumLibrary">
<arg>${pwd_req_txt}</arg>
<doc>Verifies that current page contains ``text``.</doc>
<msg timestamp="20230515 18:56:04.729" level="INFO">Current page contains text 'Epic sadface: Password is required'.</msg>
<status status="PASS" starttime="20230515 18:56:04.708" endtime="20230515 18:56:04.729"/>
</kw>
<kw name="Close Browser" library="SeleniumLibrary" type="TEARDOWN">
<doc>Closes the current browser.</doc>
<status status="PASS" starttime="20230515 18:56:04.729" endtime="20230515 18:56:07.007"/>
</kw>
<status status="PASS" starttime="20230515 18:56:01.973" endtime="20230515 18:56:07.007"/>
</test>
<test id="s1-s1-s1-t6" name="Enter null username and null password" line="46">
<kw name="Open Browser" library="SeleniumLibrary" type="SETUP">
<arg>${url}</arg>
<arg>${browser}</arg>
<doc>Opens a new browser instance to the optional ``url``.</doc>
<msg timestamp="20230515 18:56:07.015" level="INFO">Opening browser 'chrome' to base url 'https://saucedemo.com'.</msg>
<status status="PASS" starttime="20230515 18:56:07.007" endtime="20230515 18:56:09.193"/>
</kw>
<kw name="Maximize Browser Window" library="SeleniumLibrary">
<doc>Maximizes current browser window.</doc>
<status status="PASS" starttime="20230515 18:56:09.193" endtime="20230515 18:56:09.339"/>
</kw>
<kw name="Input Text" library="SeleniumLibrary">
<arg>${username_loc}</arg>
<arg>${null_data}</arg>
<doc>Types the given ``text`` into the text field identified by ``locator``.</doc>
<msg timestamp="20230515 18:56:09.343" level="INFO">Typing text '' into text field '//input[@id='user-name']'.</msg>
<status status="PASS" starttime="20230515 18:56:09.339" endtime="20230515 18:56:09.554"/>
</kw>
<kw name="Input Password" library="SeleniumLibrary">
<arg>${password_loc}</arg>
<arg>${null_data}</arg>
<doc>Types the given password into the text field identified by ``locator``.</doc>
<msg timestamp="20230515 18:56:09.554" level="INFO">Typing password into text field '//input[@id='password']'.</msg>
<msg timestamp="20230515 18:56:09.622" level="INFO">Temporally setting log level to: NONE</msg>
<msg timestamp="20230515 18:56:09.662" level="INFO">Log level changed from NONE to INFO.</msg>
<status status="PASS" starttime="20230515 18:56:09.554" endtime="20230515 18:56:09.670"/>
</kw>
<kw name="Click Button" library="SeleniumLibrary">
<arg>${login_btn_loc}</arg>
<doc>Clicks the button identified by ``locator``.</doc>
<msg timestamp="20230515 18:56:09.670" level="INFO">Clicking button '//input[@id='login-button']'.</msg>
<status status="PASS" starttime="20230515 18:56:09.670" endtime="20230515 18:56:09.752"/>
</kw>
<kw name="Page Should Contain" library="SeleniumLibrary">
<arg>${uname_req_txt}</arg>
<doc>Verifies that current page contains ``text``.</doc>
<msg timestamp="20230515 18:56:09.771" level="INFO">Current page contains text 'Epic sadface: Username is required'.</msg>
<status status="PASS" starttime="20230515 18:56:09.752" endtime="20230515 18:56:09.771"/>
</kw>
<kw name="Close Browser" library="SeleniumLibrary" type="TEARDOWN">
<doc>Closes the current browser.</doc>
<status status="PASS" starttime="20230515 18:56:09.771" endtime="20230515 18:56:12.057"/>
</kw>
<status status="PASS" starttime="20230515 18:56:07.007" endtime="20230515 18:56:12.057"/>
</test>
<test id="s1-s1-s1-t7" name="Enter valid username and valid password" line="53">
<kw name="Open Browser" library="SeleniumLibrary" type="SETUP">
<arg>${url}</arg>
<arg>${browser}</arg>
<doc>Opens a new browser instance to the optional ``url``.</doc>
<msg timestamp="20230515 18:56:12.064" level="INFO">Opening browser 'chrome' to base url 'https://saucedemo.com'.</msg>
<status status="PASS" starttime="20230515 18:56:12.057" endtime="20230515 18:56:14.156"/>
</kw>
<kw name="Maximize Browser Window" library="SeleniumLibrary">
<doc>Maximizes current browser window.</doc>
<status status="PASS" starttime="20230515 18:56:14.172" endtime="20230515 18:56:14.362"/>
</kw>
<kw name="Input Text" library="SeleniumLibrary">
<arg>${username_loc}</arg>
<arg>${vusername}</arg>
<doc>Types the given ``text`` into the text field identified by ``locator``.</doc>
<msg timestamp="20230515 18:56:14.384" level="INFO">Typing text 'standard_user' into text field '//input[@id='user-name']'.</msg>
<status status="PASS" starttime="20230515 18:56:14.384" endtime="20230515 18:56:14.698"/>
</kw>
<kw name="Input Password" library="SeleniumLibrary">
<arg>${password_loc}</arg>
<arg>${vpassword}</arg>
<doc>Types the given password into the text field identified by ``locator``.</doc>
<msg timestamp="20230515 18:56:14.698" level="INFO">Typing password into text field '//input[@id='password']'.</msg>
<msg timestamp="20230515 18:56:14.772" level="INFO">Temporally setting log level to: NONE</msg>
<msg timestamp="20230515 18:56:14.871" level="INFO">Log level changed from NONE to INFO.</msg>
<status status="PASS" starttime="20230515 18:56:14.698" endtime="20230515 18:56:14.871"/>
</kw>
<kw name="Click Button" library="SeleniumLibrary">
<arg>${login_btn_loc}</arg>
<doc>Clicks the button identified by ``locator``.</doc>
<msg timestamp="20230515 18:56:14.875" level="INFO">Clicking button '//input[@id='login-button']'.</msg>
<status status="PASS" starttime="20230515 18:56:14.871" endtime="20230515 18:56:15.070"/>
</kw>
<kw name="Page Should Contain Element" library="SeleniumLibrary">
<arg>${cart_icon}</arg>
<doc>Verifies that element ``locator`` is found on the current page.</doc>
<msg timestamp="20230515 18:56:15.121" level="INFO">Current page contains element '//*[@id='shopping_cart_container']/a'.</msg>
<status status="PASS" starttime="20230515 18:56:15.070" endtime="20230515 18:56:15.121"/>
</kw>
<kw name="Page Should Contain" library="SeleniumLibrary">
<arg>${products_txt}</arg>
<doc>Verifies that current page contains ``text``.</doc>
<msg timestamp="20230515 18:56:15.184" level="INFO">Current page contains text 'Products'.</msg>
<status status="PASS" starttime="20230515 18:56:15.137" endtime="20230515 18:56:15.184"/>
</kw>
<kw name="Close Browser" library="SeleniumLibrary" type="TEARDOWN">
<doc>Closes the current browser.</doc>
<status status="PASS" starttime="20230515 18:56:15.192" endtime="20230515 18:56:17.554"/>
</kw>
<status status="PASS" starttime="20230515 18:56:12.057" endtime="20230515 18:56:17.554"/>
</test>
<doc>This test suite is to perform login scenario testcases</doc>
<status status="PASS" starttime="20230515 18:55:40.716" endtime="20230515 18:56:17.554"/>
</suite>
<status status="PASS" starttime="20230515 18:55:40.708" endtime="20230515 18:56:17.562"/>
</suite>
<status status="PASS" starttime="20230515 18:55:40.643" endtime="20230515 18:56:17.570"/>
</suite>
<statistics>
<total>
<stat pass="7" fail="0" skip="0">All Tests</stat>
</total>
<tag>
</tag>
<suite>
<stat pass="7" fail="0" skip="0" id="s1" name="RFW-Practice">RFW-Practice</stat>
<stat pass="7" fail="0" skip="0" id="s1-s1" name="Test Cases">RFW-Practice.Test Cases</stat>
<stat pass="7" fail="0" skip="0" id="s1-s1-s1" name="Login scenario">RFW-Practice.Test Cases.Login scenario</stat>
</suite>
</statistics>
<errors>
</errors>
</robot>
