<?xml version="1.0" encoding="UTF-8"?>
<robot generator="Robot 6.0.2 (Python 3.11.3 on win32)" generated="20230515 18:40:06.077" rpa="false" schemaversion="3">
<suite id="s1" name="RFW-Practice" source="C:\Users\mani3359\Downloads\RFW-Practice">
<suite id="s1-s1" name="Test Cases" source="C:\Users\mani3359\Downloads\RFW-Practice\Test Cases">
<suite id="s1-s1-s1" name="Login scenario" source="C:\Users\mani3359\Downloads\RFW-Practice\Test Cases\Login scenario.robot">
<test id="s1-s1-s1-t1" name="Enter invalid username and invalid password" line="11">
<kw name="Open Browser" library="SeleniumLibrary" type="SETUP">
<arg>${url}</arg>
<arg>${browser}</arg>
<doc>Opens a new browser instance to the optional ``url``.</doc>
<msg timestamp="20230515 18:40:06.545" level="INFO">Opening browser 'chrome' to base url 'https://saucedemo.com'.</msg>
<status status="PASS" starttime="20230515 18:40:06.545" endtime="20230515 18:40:13.280"/>
</kw>
<kw name="Maximize Browser Window" library="SeleniumLibrary">
<doc>Maximizes current browser window.</doc>
<status status="PASS" starttime="20230515 18:40:13.288" endtime="20230515 18:40:13.420"/>
</kw>
<kw name="Input Text" library="SeleniumLibrary">
<arg>${username_loc}</arg>
<arg>${ivusername}</arg>
<doc>Types the given ``text`` into the text field identified by ``locator``.</doc>
<msg timestamp="20230515 18:40:13.420" level="INFO">Typing text 'invalid_username' into text field '//input[@id='user-name']'.</msg>
<status status="PASS" starttime="20230515 18:40:13.420" endtime="20230515 18:40:13.618"/>
</kw>
<kw name="Input Password" library="SeleniumLibrary">
<arg>${password_loc}</arg>
<arg>${ivpassword}</arg>
<doc>Types the given password into the text field identified by ``locator``.</doc>
<msg timestamp="20230515 18:40:13.618" level="INFO">Typing password into text field '//input[@id='password']'.</msg>
<msg timestamp="20230515 18:40:13.668" level="INFO">Temporally setting log level to: NONE</msg>
<msg timestamp="20230515 18:40:13.752" level="INFO">Log level changed from NONE to INFO.</msg>
<status status="PASS" starttime="20230515 18:40:13.618" endtime="20230515 18:40:13.752"/>
</kw>
<kw name="Click Button" library="SeleniumLibrary">
<arg>${login_btn_loc}</arg>
<doc>Clicks the button identified by ``locator``.</doc>
<msg timestamp="20230515 18:40:13.763" level="INFO">Clicking button '//input[@id='login-button']'.</msg>
<status status="PASS" starttime="20230515 18:40:13.760" endtime="20230515 18:40:13.869"/>
</kw>
<kw name="Page Should Contain" library="SeleniumLibrary">
<arg>${ivu_ivp_error_msg}</arg>
<doc>Verifies that current page contains ``text``.</doc>
<msg timestamp="20230515 18:40:13.885" level="INFO">Current page contains text 'Epic sadface: Username and password do not match any user in this service'.</msg>
<status status="PASS" starttime="20230515 18:40:13.869" endtime="20230515 18:40:13.885"/>
</kw>
<kw name="Close Browser" library="SeleniumLibrary" type="TEARDOWN">
<doc>Closes the current browser.</doc>
<status status="PASS" starttime="20230515 18:40:13.885" endtime="20230515 18:40:16.154"/>
</kw>
<status status="PASS" starttime="20230515 18:40:06.545" endtime="20230515 18:40:16.154"/>
</test>
<test id="s1-s1-s1-t2" name="Enter invalid username and valid password" line="18">
<kw name="Open Browser" library="SeleniumLibrary" type="SETUP">
<arg>${url}</arg>
<arg>${browser}</arg>
<doc>Opens a new browser instance to the optional ``url``.</doc>
<msg timestamp="20230515 18:40:16.170" level="INFO">Opening browser 'chrome' to base url 'https://saucedemo.com'.</msg>
<status status="PASS" starttime="20230515 18:40:16.162" endtime="20230515 18:40:18.300"/>
</kw>
<kw name="Maximize Browser Window" library="SeleniumLibrary">
<doc>Maximizes current browser window.</doc>
<status status="PASS" starttime="20230515 18:40:18.300" endtime="20230515 18:40:18.436"/>
</kw>
<kw name="Input Text" library="SeleniumLibrary">
<arg>${username_loc}</arg>
<arg>${ivusername}</arg>
<doc>Types the given ``text`` into the text field identified by ``locator``.</doc>
<msg timestamp="20230515 18:40:18.436" level="INFO">Typing text 'invalid_username' into text field '//input[@id='user-name']'.</msg>
<status status="PASS" starttime="20230515 18:40:18.436" endtime="20230515 18:40:18.700"/>
</kw>
<kw name="Input Password" library="SeleniumLibrary">
<arg>${password_loc}</arg>
<arg>${vpassword}</arg>
<doc>Types the given password into the text field identified by ``locator``.</doc>
<msg timestamp="20230515 18:40:18.700" level="INFO">Typing password into text field '//input[@id='password']'.</msg>
<msg timestamp="20230515 18:40:18.732" level="INFO">Temporally setting log level to: NONE</msg>
<msg timestamp="20230515 18:40:18.812" level="INFO">Log level changed from NONE to INFO.</msg>
<status status="PASS" starttime="20230515 18:40:18.700" endtime="20230515 18:40:18.812"/>
</kw>
<kw name="Click Button" library="SeleniumLibrary">
<arg>${login_btn_loc}</arg>
<doc>Clicks the button identified by ``locator``.</doc>
<msg timestamp="20230515 18:40:18.812" level="INFO">Clicking button '//input[@id='login-button']'.</msg>
<status status="PASS" starttime="20230515 18:40:18.812" endtime="20230515 18:40:18.908"/>
</kw>
<kw name="Page Should Contain" library="SeleniumLibrary">
<arg>${ivu_ivp_error_msg}</arg>
<doc>Verifies that current page contains ``text``.</doc>
<msg timestamp="20230515 18:40:18.924" level="INFO">Current page contains text 'Epic sadface: Username and password do not match any user in this service'.</msg>
<status status="PASS" starttime="20230515 18:40:18.908" endtime="20230515 18:40:18.924"/>
</kw>
<kw name="Close Browser" library="SeleniumLibrary" type="TEARDOWN">
<doc>Closes the current browser.</doc>
<status status="PASS" starttime="20230515 18:40:18.932" endtime="20230515 18:40:21.202"/>
</kw>
<status status="PASS" starttime="20230515 18:40:16.162" endtime="20230515 18:40:21.202"/>
</test>
<test id="s1-s1-s1-t3" name="Enter valid username and invalid password" line="25">
<kw name="Open Browser" library="SeleniumLibrary" type="SETUP">
<arg>${url}</arg>
<arg>${browser}</arg>
<doc>Opens a new browser instance to the optional ``url``.</doc>
<msg timestamp="20230515 18:40:21.202" level="INFO">Opening browser 'chrome' to base url 'https://saucedemo.com'.</msg>
<status status="PASS" starttime="20230515 18:40:21.202" endtime="20230515 18:40:23.515"/>
</kw>
<kw name="Maximize Browser Window" library="SeleniumLibrary">
<doc>Maximizes current browser window.</doc>
<status status="PASS" starttime="20230515 18:40:23.515" endtime="20230515 18:40:23.647"/>
</kw>
<kw name="Input Text" library="SeleniumLibrary">
<arg>${username_loc}</arg>
<arg>${vusername}</arg>
<doc>Types the given ``text`` into the text field identified by ``locator``.</doc>
<msg timestamp="20230515 18:40:23.647" level="INFO">Typing text 'standard_user' into text field '//input[@id='user-name']'.</msg>
<status status="PASS" starttime="20230515 18:40:23.647" endtime="20230515 18:40:23.925"/>
</kw>
<kw name="Input Password" library="SeleniumLibrary">
<arg>${password_loc}</arg>
<arg>${ivpassword}</arg>
<doc>Types the given password into the text field identified by ``locator``.</doc>
<msg timestamp="20230515 18:40:23.933" level="INFO">Typing password into text field '//input[@id='password']'.</msg>
<msg timestamp="20230515 18:40:23.967" level="INFO">Temporally setting log level to: NONE</msg>
<msg timestamp="20230515 18:40:24.051" level="INFO">Log level changed from NONE to INFO.</msg>
<status status="PASS" starttime="20230515 18:40:23.933" endtime="20230515 18:40:24.051"/>
</kw>
<kw name="Click Button" library="SeleniumLibrary">
<arg>${login_btn_loc}</arg>
<doc>Clicks the button identified by ``locator``.</doc>
<msg timestamp="20230515 18:40:24.051" level="INFO">Clicking button '//input[@id='login-button']'.</msg>
<status status="PASS" starttime="20230515 18:40:24.051" endtime="20230515 18:40:24.135"/>
</kw>
<kw name="Page Should Contain" library="SeleniumLibrary">
<arg>${ivu_ivp_error_msg}</arg>
<doc>Verifies that current page contains ``text``.</doc>
<msg timestamp="20230515 18:40:24.159" level="INFO">Current page contains text 'Epic sadface: Username and password do not match any user in this service'.</msg>
<status status="PASS" starttime="20230515 18:40:24.143" endtime="20230515 18:40:24.167"/>
</kw>
<kw name="Close Browser" library="SeleniumLibrary" type="TEARDOWN">
<doc>Closes the current browser.</doc>
<status status="PASS" starttime="20230515 18:40:24.167" endtime="20230515 18:40:26.445"/>
</kw>
<status status="PASS" starttime="20230515 18:40:21.202" endtime="20230515 18:40:26.445"/>
</test>
<test id="s1-s1-s1-t4" name="Enter null username and invalid password" line="32">
<kw name="Open Browser" library="SeleniumLibrary" type="SETUP">
<arg>${url}</arg>
<arg>${browser}</arg>
<doc>Opens a new browser instance to the optional ``url``.</doc>
<msg timestamp="20230515 18:40:26.445" level="INFO">Opening browser 'chrome' to base url 'https://saucedemo.com'.</msg>
<status status="PASS" starttime="20230515 18:40:26.445" endtime="20230515 18:40:28.938"/>
</kw>
<kw name="Maximize Browser Window" library="SeleniumLibrary">
<doc>Maximizes current browser window.</doc>
<status status="PASS" starttime="20230515 18:40:28.946" endtime="20230515 18:40:29.085"/>
</kw>
<kw name="Input Text" library="SeleniumLibrary">
<arg>${username_loc}</arg>
<arg>${null_data}</arg>
<doc>Types the given ``text`` into the text field identified by ``locator``.</doc>
<msg timestamp="20230515 18:40:29.085" level="INFO">Typing text '' into text field '//input[@id='user-name']'.</msg>
<status status="PASS" starttime="20230515 18:40:29.085" endtime="20230515 18:40:29.293"/>
</kw>
<kw name="Input Password" library="SeleniumLibrary">
<arg>${password_loc}</arg>
<arg>${ivpassword}</arg>
<doc>Types the given password into the text field identified by ``locator``.</doc>
<msg timestamp="20230515 18:40:29.301" level="INFO">Typing password into text field '//input[@id='password']'.</msg>
<msg timestamp="20230515 18:40:29.362" level="INFO">Temporally setting log level to: NONE</msg>
<msg timestamp="20230515 18:40:29.450" level="INFO">Log level changed from NONE to INFO.</msg>
<status status="PASS" starttime="20230515 18:40:29.301" endtime="20230515 18:40:29.450"/>
</kw>
<kw name="Click Button" library="SeleniumLibrary">
<arg>${login_btn_loc}</arg>
<doc>Clicks the button identified by ``locator``.</doc>
<msg timestamp="20230515 18:40:29.450" level="INFO">Clicking button '//input[@id='login-button']'.</msg>
<status status="PASS" starttime="20230515 18:40:29.450" endtime="20230515 18:40:29.526"/>
</kw>
<kw name="Page Should Contain" library="SeleniumLibrary">
<arg>${uname_req_txt}</arg>
<doc>Verifies that current page contains ``text``.</doc>
<msg timestamp="20230515 18:40:29.542" level="INFO">Current page contains text 'Epic sadface: Username is required'.</msg>
<status status="PASS" starttime="20230515 18:40:29.526" endtime="20230515 18:40:29.542"/>
</kw>
<kw name="Close Browser" library="SeleniumLibrary" type="TEARDOWN">
<doc>Closes the current browser.</doc>
<status status="PASS" starttime="20230515 18:40:29.550" endtime="20230515 18:40:31.835"/>
</kw>
<status status="PASS" starttime="20230515 18:40:26.445" endtime="20230515 18:40:31.835"/>
</test>
<test id="s1-s1-s1-t5" name="Enter valid username and null password" line="39">
<kw name="Open Browser" library="SeleniumLibrary" type="SETUP">
<arg>${url}</arg>
<arg>${browser}</arg>
<doc>Opens a new browser instance to the optional ``url``.</doc>
<msg timestamp="20230515 18:40:31.844" level="INFO">Opening browser 'chrome' to base url 'https://saucedemo.com'.</msg>
<status status="PASS" starttime="20230515 18:40:31.835" endtime="20230515 18:40:34.375"/>
</kw>
<kw name="Maximize Browser Window" library="SeleniumLibrary">
<doc>Maximizes current browser window.</doc>
<status status="PASS" starttime="20230515 18:40:34.384" endtime="20230515 18:40:34.504"/>
</kw>
<kw name="Input Text" library="SeleniumLibrary">
<arg>${username_loc}</arg>
<arg>${ivusername}</arg>
<doc>Types the given ``text`` into the text field identified by ``locator``.</doc>
<msg timestamp="20230515 18:40:34.504" level="INFO">Typing text 'invalid_username' into text field '//input[@id='user-name']'.</msg>
<status status="PASS" starttime="20230515 18:40:34.504" endtime="20230515 18:40:34.799"/>
</kw>
<kw name="Input Password" library="SeleniumLibrary">
<arg>${password_loc}</arg>
<arg>${null_data}</arg>
<doc>Types the given password into the text field identified by ``locator``.</doc>
<msg timestamp="20230515 18:40:34.799" level="INFO">Typing password into text field '//input[@id='password']'.</msg>
<msg timestamp="20230515 18:40:34.841" level="INFO">Temporally setting log level to: NONE</msg>
<msg timestamp="20230515 18:40:34.884" level="INFO">Log level changed from NONE to INFO.</msg>
<status status="PASS" starttime="20230515 18:40:34.799" endtime="20230515 18:40:34.884"/>
</kw>
<kw name="Click Button" library="SeleniumLibrary">
<arg>${login_btn_loc}</arg>
<doc>Clicks the button identified by ``locator``.</doc>
<msg timestamp="20230515 18:40:34.884" level="INFO">Clicking button '//input[@id='login-button']'.</msg>
<status status="PASS" starttime="20230515 18:40:34.884" endtime="20230515 18:40:34.967"/>
</kw>
<kw name="Page Should Contain" library="SeleniumLibrary">
<arg>${pwd_req_txt}</arg>
<doc>Verifies that current page contains ``text``.</doc>
<msg timestamp="20230515 18:40:34.984" level="INFO">Current page contains text 'Epic sadface: Password is required'.</msg>
<status status="PASS" starttime="20230515 18:40:34.967" endtime="20230515 18:40:34.984"/>
</kw>
<kw name="Close Browser" library="SeleniumLibrary" type="TEARDOWN">
<doc>Closes the current browser.</doc>
<status status="PASS" starttime="20230515 18:40:34.984" endtime="20230515 18:40:37.236"/>
</kw>
<status status="PASS" starttime="20230515 18:40:31.835" endtime="20230515 18:40:37.236"/>
</test>
<test id="s1-s1-s1-t6" name="Enter null username and null password" line="46">
<kw name="Open Browser" library="SeleniumLibrary" type="SETUP">
<arg>${url}</arg>
<arg>${browser}</arg>
<doc>Opens a new browser instance to the optional ``url``.</doc>
<msg timestamp="20230515 18:40:37.243" level="INFO">Opening browser 'chrome' to base url 'https://saucedemo.com'.</msg>
<status status="PASS" starttime="20230515 18:40:37.241" endtime="20230515 18:40:39.799"/>
</kw>
<kw name="Maximize Browser Window" library="SeleniumLibrary">
<doc>Maximizes current browser window.</doc>
<status status="PASS" starttime="20230515 18:40:39.799" endtime="20230515 18:40:39.928"/>
</kw>
<kw name="Input Text" library="SeleniumLibrary">
<arg>${username_loc}</arg>
<arg>${null_data}</arg>
<doc>Types the given ``text`` into the text field identified by ``locator``.</doc>
<msg timestamp="20230515 18:40:39.936" level="INFO">Typing text '' into text field '//input[@id='user-name']'.</msg>
<status status="PASS" starttime="20230515 18:40:39.936" endtime="20230515 18:40:40.208"/>
</kw>
<kw name="Input Password" library="SeleniumLibrary">
<arg>${password_loc}</arg>
<arg>${null_data}</arg>
<doc>Types the given password into the text field identified by ``locator``.</doc>
<msg timestamp="20230515 18:40:40.216" level="INFO">Typing password into text field '//input[@id='password']'.</msg>
<msg timestamp="20230515 18:40:40.265" level="INFO">Temporally setting log level to: NONE</msg>
<msg timestamp="20230515 18:40:40.317" level="INFO">Log level changed from NONE to INFO.</msg>
<status status="PASS" starttime="20230515 18:40:40.216" endtime="20230515 18:40:40.317"/>
</kw>
<kw name="Click Button" library="SeleniumLibrary">
<arg>${login_btn_loc}</arg>
<doc>Clicks the button identified by ``locator``.</doc>
<msg timestamp="20230515 18:40:40.317" level="INFO">Clicking button '//input[@id='login-button']'.</msg>
<status status="PASS" starttime="20230515 18:40:40.317" endtime="20230515 18:40:40.434"/>
</kw>
<kw name="Page Should Contain" library="SeleniumLibrary">
<arg>${uname_req_txt}</arg>
<doc>Verifies that current page contains ``text``.</doc>
<msg timestamp="20230515 18:40:40.458" level="INFO">Current page contains text 'Epic sadface: Username is required'.</msg>
<status status="PASS" starttime="20230515 18:40:40.434" endtime="20230515 18:40:40.458"/>
</kw>
<kw name="Close Browser" library="SeleniumLibrary" type="TEARDOWN">
<doc>Closes the current browser.</doc>
<status status="PASS" starttime="20230515 18:40:40.458" endtime="20230515 18:40:42.682"/>
</kw>
<status status="PASS" starttime="20230515 18:40:37.236" endtime="20230515 18:40:42.682"/>
</test>
<test id="s1-s1-s1-t7" name="Enter valid username and valid password" line="53">
<kw name="Open Browser" library="SeleniumLibrary" type="SETUP">
<arg>${url}</arg>
<arg>${browser}</arg>
<doc>Opens a new browser instance to the optional ``url``.</doc>
<msg timestamp="20230515 18:40:42.682" level="INFO">Opening browser 'chrome' to base url 'https://saucedemo.com'.</msg>
<status status="PASS" starttime="20230515 18:40:42.682" endtime="20230515 18:40:45.213"/>
</kw>
<kw name="Maximize Browser Window" library="SeleniumLibrary">
<doc>Maximizes current browser window.</doc>
<status status="PASS" starttime="20230515 18:40:45.213" endtime="20230515 18:40:45.417"/>
</kw>
<kw name="Input Text" library="SeleniumLibrary">
<arg>${username_loc}</arg>
<arg>${vusername}</arg>
<doc>Types the given ``text`` into the text field identified by ``locator``.</doc>
<msg timestamp="20230515 18:40:45.428" level="INFO">Typing text 'standard_user' into text field '//input[@id='user-name']'.</msg>
<status status="PASS" starttime="20230515 18:40:45.417" endtime="20230515 18:40:45.786"/>
</kw>
<kw name="Input Password" library="SeleniumLibrary">
<arg>${password_loc}</arg>
<arg>${vpassword}</arg>
<doc>Types the given password into the text field identified by ``locator``.</doc>
<msg timestamp="20230515 18:40:45.788" level="INFO">Typing password into text field '//input[@id='password']'.</msg>
<msg timestamp="20230515 18:40:45.868" level="INFO">Temporally setting log level to: NONE</msg>
<msg timestamp="20230515 18:40:46.008" level="INFO">Log level changed from NONE to INFO.</msg>
<status status="PASS" starttime="20230515 18:40:45.788" endtime="20230515 18:40:46.008"/>
</kw>
<kw name="Click Button" library="SeleniumLibrary">
<arg>${login_btn_loc}</arg>
<doc>Clicks the button identified by ``locator``.</doc>
<msg timestamp="20230515 18:40:46.016" level="INFO">Clicking button '//input[@id='login-button']'.</msg>
<status status="PASS" starttime="20230515 18:40:46.016" endtime="20230515 18:40:46.257"/>
</kw>
<kw name="Page Should Contain Element" library="SeleniumLibrary">
<arg>${cart_icon}</arg>
<doc>Verifies that element ``locator`` is found on the current page.</doc>
<msg timestamp="20230515 18:40:46.348" level="INFO">Current page contains element '//*[@id='shopping_cart_container']/a'.</msg>
<status status="PASS" starttime="20230515 18:40:46.268" endtime="20230515 18:40:46.348"/>
</kw>
<kw name="Page Should Contain" library="SeleniumLibrary">
<arg>${products_txt}</arg>
<doc>Verifies that current page contains ``text``.</doc>
<msg timestamp="20230515 18:40:46.394" level="INFO">Current page contains text 'Products'.</msg>
<status status="PASS" starttime="20230515 18:40:46.362" endtime="20230515 18:40:46.394"/>
</kw>
<kw name="Close Browser" library="SeleniumLibrary" type="TEARDOWN">
<doc>Closes the current browser.</doc>
<status status="PASS" starttime="20230515 18:40:46.402" endtime="20230515 18:40:48.751"/>
</kw>
<status status="PASS" starttime="20230515 18:40:42.682" endtime="20230515 18:40:48.751"/>
</test>
<doc>This test suite is to perform login scenario testcases</doc>
<status status="PASS" starttime="20230515 18:40:06.221" endtime="20230515 18:40:48.751"/>
</suite>
<status status="PASS" starttime="20230515 18:40:06.205" endtime="20230515 18:40:48.758"/>
</suite>
<status status="PASS" starttime="20230515 18:40:06.085" endtime="20230515 18:40:48.766"/>
</suite>
<statistics>
<total>
<stat pass="7" fail="0" skip="0">All Tests</stat>
</total>
<tag>
</tag>
<suite>
<stat pass="7" fail="0" skip="0" id="s1" name="RFW-Practice">RFW-Practice</stat>
<stat pass="7" fail="0" skip="0" id="s1-s1" name="Test Cases">RFW-Practice.Test Cases</stat>
<stat pass="7" fail="0" skip="0" id="s1-s1-s1" name="Login scenario">RFW-Practice.Test Cases.Login scenario</stat>
</suite>
</statistics>
<errors>
</errors>
</robot>
