<?xml version="1.0" encoding="UTF-8"?>
<robot generator="Robot 6.0.2 (Python 3.11.3 on win32)" generated="20230516 11:12:12.187" rpa="false" schemaversion="3">
<suite id="s1" name="RFW-Practice" source="C:\Users\UdhayaParanthaman\Downloads\RFW-Practice">
<suite id="s1-s1" name="TestCase" source="C:\Users\UdhayaParanthaman\Downloads\RFW-Practice\TestCase">
<suite id="s1-s1-s1" name="Register" source="C:\Users\UdhayaParanthaman\Downloads\RFW-Practice\TestCase\Register.robot">
<test id="s1-s1-s1-t1" name="Register User and Validating Registration details" line="26">
<kw name="Open Browser" library="SeleniumLibrary" type="SETUP">
<arg>${url}</arg>
<arg>${browserName}</arg>
<doc>Opens a new browser instance to the optional ``url``.</doc>
<msg timestamp="20230516 11:12:12.948" level="INFO">Opening browser 'Chrome' to base url 'https://demo.nopcommerce.com/'.</msg>
<status status="PASS" starttime="20230516 11:12:12.948" endtime="20230516 11:12:19.107"/>
</kw>
<kw name="Maximize Browser Window" library="SeleniumLibrary">
<doc>Maximizes current browser window.</doc>
<status status="PASS" starttime="20230516 11:12:19.108" endtime="20230516 11:12:19.224"/>
</kw>
<kw name="Wait Until Element Is Visible" library="SeleniumLibrary">
<arg>${img_demoStore}</arg>
<doc>Waits until the element ``locator`` is visible.</doc>
<status status="PASS" starttime="20230516 11:12:19.224" endtime="20230516 11:12:19.336"/>
</kw>
<kw name="Click Link" library="SeleniumLibrary">
<arg>${lnk_register}</arg>
<doc>Clicks a link identified by ``locator``.</doc>
<msg timestamp="20230516 11:12:19.338" level="INFO">Clicking link '//a[@class='ico-register']'.</msg>
<status status="PASS" starttime="20230516 11:12:19.338" endtime="20230516 11:12:19.854"/>
</kw>
<kw name="Select Radio Button" library="SeleniumLibrary">
<arg>${rdBtn_name}</arg>
<arg>${genderName}</arg>
<doc>Sets the radio button group ``group_name`` to ``value``.</doc>
<msg timestamp="20230516 11:12:19.856" level="INFO">Selecting 'F' from radio button 'Gender'.</msg>
<status status="PASS" starttime="20230516 11:12:19.855" endtime="20230516 11:12:19.965"/>
</kw>
<kw name="First Name" library="FakerLibrary">
<var>${firstName}</var>
<msg timestamp="20230516 11:12:19.969" level="INFO">${firstName} = Anne</msg>
<status status="PASS" starttime="20230516 11:12:19.967" endtime="20230516 11:12:19.970"/>
</kw>
<kw name="Input Text" library="SeleniumLibrary">
<arg>${txt_fName}</arg>
<arg>${firstName}</arg>
<doc>Types the given ``text`` into the text field identified by ``locator``.</doc>
<msg timestamp="20230516 11:12:19.972" level="INFO">Typing text 'Anne' into text field 'FirstName'.</msg>
<status status="PASS" starttime="20230516 11:12:19.971" endtime="20230516 11:12:20.138"/>
</kw>
<kw name="Last Name" library="FakerLibrary">
<var>${lastName}</var>
<msg timestamp="20230516 11:12:20.138" level="INFO">${lastName} = Massey</msg>
<status status="PASS" starttime="20230516 11:12:20.138" endtime="20230516 11:12:20.139"/>
</kw>
<kw name="Input Text" library="SeleniumLibrary">
<arg>${txt_lName}</arg>
<arg>${lastName}</arg>
<doc>Types the given ``text`` into the text field identified by ``locator``.</doc>
<msg timestamp="20230516 11:12:20.140" level="INFO">Typing text 'Massey' into text field 'LastName'.</msg>
<status status="PASS" starttime="20230516 11:12:20.139" endtime="20230516 11:12:20.306"/>
</kw>
<kw name="Select From List By Label" library="SeleniumLibrary">
<arg>${date_locator}</arg>
<arg>${dateIndex}</arg>
<doc>Selects options from selection list ``locator`` by ``labels``.</doc>
<msg timestamp="20230516 11:12:20.309" level="INFO">Selecting options from selection list 'DateOfBirthDay' by label 1.</msg>
<status status="PASS" starttime="20230516 11:12:20.308" endtime="20230516 11:12:20.429"/>
</kw>
<kw name="Month Name" library="FakerLibrary">
<var>${monthIndex}</var>
<msg timestamp="20230516 11:12:20.431" level="INFO">${monthIndex} = October</msg>
<status status="PASS" starttime="20230516 11:12:20.430" endtime="20230516 11:12:20.431"/>
</kw>
<kw name="Select From List By Label" library="SeleniumLibrary">
<arg>${month_locator}</arg>
<arg>${monthIndex}</arg>
<doc>Selects options from selection list ``locator`` by ``labels``.</doc>
<msg timestamp="20230516 11:12:20.434" level="INFO">Selecting options from selection list 'DateOfBirthMonth' by label October.</msg>
<status status="PASS" starttime="20230516 11:12:20.432" endtime="20230516 11:12:20.545"/>
</kw>
<kw name="Year" library="FakerLibrary">
<var>${yearIndex}</var>
<msg timestamp="20230516 11:12:20.547" level="INFO">${yearIndex} = 1971</msg>
<status status="PASS" starttime="20230516 11:12:20.546" endtime="20230516 11:12:20.547"/>
</kw>
<kw name="Select From List By Label" library="SeleniumLibrary">
<arg>${year_locator}</arg>
<arg>${yearIndex}</arg>
<doc>Selects options from selection list ``locator`` by ``labels``.</doc>
<msg timestamp="20230516 11:12:20.551" level="INFO">Selecting options from selection list 'DateOfBirthYear' by label 1971.</msg>
<status status="PASS" starttime="20230516 11:12:20.549" endtime="20230516 11:12:20.658"/>
</kw>
<kw name="Email" library="FakerLibrary">
<var>${email}</var>
<msg timestamp="20230516 11:12:20.660" level="INFO">${email} = ebryan@example.net</msg>
<status status="PASS" starttime="20230516 11:12:20.660" endtime="20230516 11:12:20.660"/>
</kw>
<kw name="Input Text" library="SeleniumLibrary">
<arg>${txt_email}</arg>
<arg>${email}</arg>
<doc>Types the given ``text`` into the text field identified by ``locator``.</doc>
<msg timestamp="20230516 11:12:20.664" level="INFO">Typing text 'ebryan@example.net' into text field 'Email'.</msg>
<status status="PASS" starttime="20230516 11:12:20.663" endtime="20230516 11:12:20.813"/>
</kw>
<kw name="Company" library="FakerLibrary">
<var>${company}</var>
<doc>:example: 'Acme Ltd'</doc>
<msg timestamp="20230516 11:12:20.814" level="INFO">${company} = Phillips Group</msg>
<status status="PASS" starttime="20230516 11:12:20.814" endtime="20230516 11:12:20.814"/>
</kw>
<kw name="Input Text" library="SeleniumLibrary">
<arg>${txt_company}</arg>
<arg>${company}</arg>
<doc>Types the given ``text`` into the text field identified by ``locator``.</doc>
<msg timestamp="20230516 11:12:20.816" level="INFO">Typing text 'Phillips Group' into text field 'Company'.</msg>
<status status="PASS" starttime="20230516 11:12:20.815" endtime="20230516 11:12:20.920"/>
</kw>
<kw name="Input Password" library="SeleniumLibrary">
<arg>${txt_password}</arg>
<arg>${password}</arg>
<doc>Types the given password into the text field identified by ``locator``.</doc>
<msg timestamp="20230516 11:12:20.922" level="INFO">Typing password into text field 'Password'.</msg>
<msg timestamp="20230516 11:12:20.959" level="INFO">Temporally setting log level to: NONE</msg>
<msg timestamp="20230516 11:12:21.014" level="INFO">Log level changed from NONE to INFO.</msg>
<status status="PASS" starttime="20230516 11:12:20.921" endtime="20230516 11:12:21.014"/>
</kw>
<kw name="Input Password" library="SeleniumLibrary">
<arg>${txt_cnfPassword}</arg>
<arg>${confirmPassword}</arg>
<doc>Types the given password into the text field identified by ``locator``.</doc>
<msg timestamp="20230516 11:12:21.015" level="INFO">Typing password into text field 'ConfirmPassword'.</msg>
<msg timestamp="20230516 11:12:21.048" level="INFO">Temporally setting log level to: NONE</msg>
<msg timestamp="20230516 11:12:21.101" level="INFO">Log level changed from NONE to INFO.</msg>
<status status="PASS" starttime="20230516 11:12:21.015" endtime="20230516 11:12:21.103"/>
</kw>
<kw name="Should Be Equal" library="BuiltIn">
<arg>${password}</arg>
<arg>${confirmPassword}</arg>
<doc>Fails if the given objects are unequal.</doc>
<status status="PASS" starttime="20230516 11:12:21.105" endtime="20230516 11:12:21.106"/>
</kw>
<kw name="Click Button" library="SeleniumLibrary">
<arg>${register_btn}</arg>
<doc>Clicks the button identified by ``locator``.</doc>
<msg timestamp="20230516 11:12:21.108" level="INFO">Clicking button 'register-button'.</msg>
<status status="PASS" starttime="20230516 11:12:21.107" endtime="20230516 11:12:21.841"/>
</kw>
<kw name="Wait Until Page Contains" library="SeleniumLibrary">
<arg>${successRegisterPagetxt}</arg>
<doc>Waits until ``text`` appears on the current page.</doc>
<status status="PASS" starttime="20230516 11:12:21.842" endtime="20230516 11:12:21.858"/>
</kw>
<kw name="Capture Page Screenshot" library="SeleniumLibrary">
<arg>C:/Users/UdhayaParanthaman/eclipse-workspace/RobotProjects/nopCommerceProject/result/screenshot.png</arg>
<doc>Takes a screenshot of the current page and embeds it into a log file.</doc>
<msg timestamp="20230516 11:12:22.011" level="INFO" html="true">&lt;/td&gt;&lt;/tr&gt;&lt;tr&gt;&lt;td colspan="3"&gt;&lt;a href="../../../eclipse-workspace/RobotProjects/nopCommerceProject/result/screenshot.png"&gt;&lt;img src="../../../eclipse-workspace/RobotProjects/nopCommerceProject/result/screenshot.png" width="800px"&gt;&lt;/a&gt;</msg>
<status status="PASS" starttime="20230516 11:12:21.859" endtime="20230516 11:12:22.011"/>
</kw>
<kw name="Close Browser" library="SeleniumLibrary" type="TEARDOWN">
<doc>Closes the current browser.</doc>
<status status="PASS" starttime="20230516 11:12:22.013" endtime="20230516 11:12:24.111"/>
</kw>
<tag>Smoke</tag>
<status status="PASS" starttime="20230516 11:12:12.946" endtime="20230516 11:12:24.113"/>
</test>
<test id="s1-s1-s1-t2" name="Register with incorrect data and validating" line="68">
<kw name="Open Browser" library="SeleniumLibrary" type="SETUP">
<arg>${url}</arg>
<arg>${browserName}</arg>
<doc>Opens a new browser instance to the optional ``url``.</doc>
<msg timestamp="20230516 11:12:24.121" level="INFO">Opening browser 'Chrome' to base url 'https://demo.nopcommerce.com/'.</msg>
<status status="PASS" starttime="20230516 11:12:24.118" endtime="20230516 11:12:26.038"/>
</kw>
<kw name="Maximize Browser Window" library="SeleniumLibrary">
<doc>Maximizes current browser window.</doc>
<status status="PASS" starttime="20230516 11:12:26.038" endtime="20230516 11:12:26.152"/>
</kw>
<kw name="Wait Until Element Is Visible" library="SeleniumLibrary">
<arg>${img_demoStore}</arg>
<doc>Waits until the element ``locator`` is visible.</doc>
<status status="PASS" starttime="20230516 11:12:26.154" endtime="20230516 11:12:26.178"/>
</kw>
<kw name="Click Link" library="SeleniumLibrary">
<arg>${lnk_register}</arg>
<doc>Clicks a link identified by ``locator``.</doc>
<msg timestamp="20230516 11:12:26.179" level="INFO">Clicking link '//a[@class='ico-register']'.</msg>
<status status="PASS" starttime="20230516 11:12:26.178" endtime="20230516 11:12:26.665"/>
</kw>
<kw name="Input Text" library="SeleniumLibrary">
<arg>${txt_fName}</arg>
<arg>${nameFirst}</arg>
<doc>Types the given ``text`` into the text field identified by ``locator``.</doc>
<msg timestamp="20230516 11:12:26.667" level="INFO">Typing text ' ' into text field 'FirstName'.</msg>
<status status="PASS" starttime="20230516 11:12:26.665" endtime="20230516 11:12:26.774"/>
</kw>
<kw name="Input Text" library="SeleniumLibrary">
<arg>${txt_lName}</arg>
<arg>${nameLast}</arg>
<doc>Types the given ``text`` into the text field identified by ``locator``.</doc>
<msg timestamp="20230516 11:12:26.775" level="INFO">Typing text ' ' into text field 'LastName'.</msg>
<status status="PASS" starttime="20230516 11:12:26.774" endtime="20230516 11:12:26.863"/>
</kw>
<kw name="Input Text" library="SeleniumLibrary">
<arg>${txt_email}</arg>
<arg>${invalidEmail}</arg>
<doc>Types the given ``text`` into the text field identified by ``locator``.</doc>
<msg timestamp="20230516 11:12:26.864" level="INFO">Typing text 'gouse@gmail.com' into text field 'Email'.</msg>
<status status="PASS" starttime="20230516 11:12:26.864" endtime="20230516 11:12:26.961"/>
</kw>
<kw name="Input Text" library="SeleniumLibrary">
<arg>${txt_company}</arg>
<arg>${invalidCompany}</arg>
<doc>Types the given ``text`` into the text field identified by ``locator``.</doc>
<msg timestamp="20230516 11:12:26.963" level="INFO">Typing text 'Kumaran Systems Private Limited' into text field 'Company'.</msg>
<status status="PASS" starttime="20230516 11:12:26.961" endtime="20230516 11:12:27.088"/>
</kw>
<kw name="Input Password" library="SeleniumLibrary">
<arg>${txt_password}</arg>
<arg>${invalidpassword}</arg>
<doc>Types the given password into the text field identified by ``locator``.</doc>
<msg timestamp="20230516 11:12:27.090" level="INFO">Typing password into text field 'Password'.</msg>
<msg timestamp="20230516 11:12:27.121" level="INFO">Temporally setting log level to: NONE</msg>
<msg timestamp="20230516 11:12:27.166" level="INFO">Log level changed from NONE to INFO.</msg>
<status status="PASS" starttime="20230516 11:12:27.089" endtime="20230516 11:12:27.168"/>
</kw>
<kw name="Input Password" library="SeleniumLibrary">
<arg>${txt_password}</arg>
<arg>${invalidConfirmPassword}</arg>
<doc>Types the given password into the text field identified by ``locator``.</doc>
<msg timestamp="20230516 11:12:27.171" level="INFO">Typing password into text field 'Password'.</msg>
<msg timestamp="20230516 11:12:27.206" level="INFO">Temporally setting log level to: NONE</msg>
<msg timestamp="20230516 11:12:27.248" level="INFO">Log level changed from NONE to INFO.</msg>
<status status="PASS" starttime="20230516 11:12:27.169" endtime="20230516 11:12:27.248"/>
</kw>
<kw name="Click Button" library="SeleniumLibrary">
<arg>${register_btn}</arg>
<doc>Clicks the button identified by ``locator``.</doc>
<msg timestamp="20230516 11:12:27.251" level="INFO">Clicking button 'register-button'.</msg>
<status status="PASS" starttime="20230516 11:12:27.249" endtime="20230516 11:12:27.315"/>
</kw>
<kw name="Wait Until Page Contains" library="SeleniumLibrary">
<arg>${errorMsgTxt}</arg>
<doc>Waits until ``text`` appears on the current page.</doc>
<status status="PASS" starttime="20230516 11:12:27.315" endtime="20230516 11:12:27.330"/>
</kw>
<kw name="Close Browser" library="SeleniumLibrary" type="TEARDOWN">
<doc>Closes the current browser.</doc>
<status status="PASS" starttime="20230516 11:12:27.330" endtime="20230516 11:12:29.429"/>
</kw>
<tag>Regression</tag>
<status status="PASS" starttime="20230516 11:12:24.116" endtime="20230516 11:12:29.430"/>
</test>
<doc>This file is for registering account</doc>
<status status="PASS" starttime="20230516 11:12:12.263" endtime="20230516 11:12:29.435"/>
</suite>
<status status="PASS" starttime="20230516 11:12:12.260" endtime="20230516 11:12:29.440"/>
</suite>
<status status="PASS" starttime="20230516 11:12:12.211" endtime="20230516 11:12:29.444"/>
</suite>
<statistics>
<total>
<stat pass="2" fail="0" skip="0">All Tests</stat>
</total>
<tag>
<stat pass="1" fail="0" skip="0">Regression</stat>
<stat pass="1" fail="0" skip="0">Smoke</stat>
</tag>
<suite>
<stat pass="2" fail="0" skip="0" id="s1" name="RFW-Practice">RFW-Practice</stat>
<stat pass="2" fail="0" skip="0" id="s1-s1" name="TestCase">RFW-Practice.TestCase</stat>
<stat pass="2" fail="0" skip="0" id="s1-s1-s1" name="Register">RFW-Practice.TestCase.Register</stat>
</suite>
</statistics>
<errors>
</errors>
</robot>
