<?xml version="1.0" encoding="UTF-8"?>
<robot generator="Robot 6.0.2 (Python 3.11.3 on win32)" generated="20230517 11:16:36.124" rpa="false" schemaversion="3">
<suite id="s1" name="RFW-Practice" source="C:\Users\UdhayaParanthaman\Downloads\RFW-Practice">
<suite id="s1-s1" name="TestCase" source="C:\Users\UdhayaParanthaman\Downloads\RFW-Practice\TestCase">
<suite id="s1-s1-s1" name="Register" source="C:\Users\UdhayaParanthaman\Downloads\RFW-Practice\TestCase\Register.robot">
<test id="s1-s1-s1-t1" name="Register User and Validating Registration details" line="36">
<kw name="Open Browser" library="SeleniumLibrary" type="SETUP">
<arg>${url}</arg>
<arg>${browserName}</arg>
<doc>Opens a new browser instance to the optional ``url``.</doc>
<msg timestamp="20230517 11:16:36.676" level="INFO">Opening browser 'Chrome' to base url 'https://demo.nopcommerce.com/'.</msg>
<status status="PASS" starttime="20230517 11:16:36.676" endtime="20230517 11:16:39.182"/>
</kw>
<kw name="Maximize Browser Window" library="SeleniumLibrary">
<doc>Maximizes current browser window.</doc>
<status status="PASS" starttime="20230517 11:16:39.183" endtime="20230517 11:16:39.307"/>
</kw>
<kw name="Wait Until Element Is Visible" library="SeleniumLibrary">
<arg>${img_demoStore}</arg>
<doc>Waits until the element ``locator`` is visible.</doc>
<status status="PASS" starttime="20230517 11:16:39.308" endtime="20230517 11:16:39.366"/>
</kw>
<kw name="Click Link" library="SeleniumLibrary">
<arg>${lnk_register}</arg>
<doc>Clicks a link identified by ``locator``.</doc>
<msg timestamp="20230517 11:16:39.368" level="INFO">Clicking link '//a[@class='ico-register']'.</msg>
<status status="PASS" starttime="20230517 11:16:39.368" endtime="20230517 11:16:40.346"/>
</kw>
<kw name="Select Radio Button" library="SeleniumLibrary">
<arg>${rdBtn_name}</arg>
<arg>${genderName}</arg>
<doc>Sets the radio button group ``group_name`` to ``value``.</doc>
<msg timestamp="20230517 11:16:40.348" level="INFO">Selecting 'F' from radio button 'Gender'.</msg>
<status status="PASS" starttime="20230517 11:16:40.347" endtime="20230517 11:16:40.412"/>
</kw>
<kw name="First Name" library="FakerLibrary">
<var>${firstName}</var>
<msg timestamp="20230517 11:16:40.413" level="INFO">${firstName} = Michael</msg>
<status status="PASS" starttime="20230517 11:16:40.413" endtime="20230517 11:16:40.413"/>
</kw>
<kw name="Input Text" library="SeleniumLibrary">
<arg>${txt_fName}</arg>
<arg>${firstName}</arg>
<doc>Types the given ``text`` into the text field identified by ``locator``.</doc>
<msg timestamp="20230517 11:16:40.415" level="INFO">Typing text 'Michael' into text field 'FirstName'.</msg>
<status status="PASS" starttime="20230517 11:16:40.414" endtime="20230517 11:16:40.499"/>
</kw>
<kw name="Last Name" library="FakerLibrary">
<var>${lastName}</var>
<msg timestamp="20230517 11:16:40.500" level="INFO">${lastName} = Cunningham</msg>
<status status="PASS" starttime="20230517 11:16:40.500" endtime="20230517 11:16:40.500"/>
</kw>
<kw name="Input Text" library="SeleniumLibrary">
<arg>${txt_lName}</arg>
<arg>${lastName}</arg>
<doc>Types the given ``text`` into the text field identified by ``locator``.</doc>
<msg timestamp="20230517 11:16:40.502" level="INFO">Typing text 'Cunningham' into text field 'LastName'.</msg>
<status status="PASS" starttime="20230517 11:16:40.501" endtime="20230517 11:16:40.584"/>
</kw>
<kw name="Select From List By Label" library="SeleniumLibrary">
<arg>${date_locator}</arg>
<arg>${dateIndex}</arg>
<doc>Selects options from selection list ``locator`` by ``labels``.</doc>
<msg timestamp="20230517 11:16:40.585" level="INFO">Selecting options from selection list 'DateOfBirthDay' by label 1.</msg>
<status status="PASS" starttime="20230517 11:16:40.584" endtime="20230517 11:16:40.648"/>
</kw>
<kw name="Month Name" library="FakerLibrary">
<var>${monthIndex}</var>
<msg timestamp="20230517 11:16:40.650" level="INFO">${monthIndex} = February</msg>
<status status="PASS" starttime="20230517 11:16:40.650" endtime="20230517 11:16:40.650"/>
</kw>
<kw name="Select From List By Label" library="SeleniumLibrary">
<arg>${month_locator}</arg>
<arg>${monthIndex}</arg>
<doc>Selects options from selection list ``locator`` by ``labels``.</doc>
<msg timestamp="20230517 11:16:40.652" level="INFO">Selecting options from selection list 'DateOfBirthMonth' by label February.</msg>
<status status="PASS" starttime="20230517 11:16:40.651" endtime="20230517 11:16:40.702"/>
</kw>
<kw name="Year" library="FakerLibrary">
<var>${yearIndex}</var>
<msg timestamp="20230517 11:16:40.704" level="INFO">${yearIndex} = 1973</msg>
<status status="PASS" starttime="20230517 11:16:40.703" endtime="20230517 11:16:40.704"/>
</kw>
<kw name="Select From List By Label" library="SeleniumLibrary">
<arg>${year_locator}</arg>
<arg>${yearIndex}</arg>
<doc>Selects options from selection list ``locator`` by ``labels``.</doc>
<msg timestamp="20230517 11:16:40.705" level="INFO">Selecting options from selection list 'DateOfBirthYear' by label 1973.</msg>
<status status="PASS" starttime="20230517 11:16:40.704" endtime="20230517 11:16:40.764"/>
</kw>
<kw name="Email" library="FakerLibrary">
<var>${email}</var>
<msg timestamp="20230517 11:16:40.766" level="INFO">${email} = garciaanthony@example.com</msg>
<status status="PASS" starttime="20230517 11:16:40.765" endtime="20230517 11:16:40.766"/>
</kw>
<kw name="Input Text" library="SeleniumLibrary">
<arg>${txt_email}</arg>
<arg>${email}</arg>
<doc>Types the given ``text`` into the text field identified by ``locator``.</doc>
<msg timestamp="20230517 11:16:40.767" level="INFO">Typing text 'garciaanthony@example.com' into text field 'Email'.</msg>
<status status="PASS" starttime="20230517 11:16:40.766" endtime="20230517 11:16:40.865"/>
</kw>
<kw name="Company" library="FakerLibrary">
<var>${company}</var>
<doc>:example: 'Acme Ltd'</doc>
<msg timestamp="20230517 11:16:40.866" level="INFO">${company} = Espinoza Inc</msg>
<status status="PASS" starttime="20230517 11:16:40.866" endtime="20230517 11:16:40.866"/>
</kw>
<kw name="Input Text" library="SeleniumLibrary">
<arg>${txt_company}</arg>
<arg>${company}</arg>
<doc>Types the given ``text`` into the text field identified by ``locator``.</doc>
<msg timestamp="20230517 11:16:40.867" level="INFO">Typing text 'Espinoza Inc' into text field 'Company'.</msg>
<status status="PASS" starttime="20230517 11:16:40.867" endtime="20230517 11:16:40.951"/>
</kw>
<kw name="Input Password" library="SeleniumLibrary">
<arg>${txt_password}</arg>
<arg>${password}</arg>
<doc>Types the given password into the text field identified by ``locator``.</doc>
<msg timestamp="20230517 11:16:40.952" level="INFO">Typing password into text field 'Password'.</msg>
<msg timestamp="20230517 11:16:40.983" level="INFO">Temporally setting log level to: NONE</msg>
<msg timestamp="20230517 11:16:41.038" level="INFO">Log level changed from NONE to INFO.</msg>
<status status="PASS" starttime="20230517 11:16:40.952" endtime="20230517 11:16:41.038"/>
</kw>
<kw name="Input Password" library="SeleniumLibrary">
<arg>${txt_cnfPassword}</arg>
<arg>${confirmPassword}</arg>
<doc>Types the given password into the text field identified by ``locator``.</doc>
<msg timestamp="20230517 11:16:41.040" level="INFO">Typing password into text field 'ConfirmPassword'.</msg>
<msg timestamp="20230517 11:16:41.070" level="INFO">Temporally setting log level to: NONE</msg>
<msg timestamp="20230517 11:16:41.118" level="INFO">Log level changed from NONE to INFO.</msg>
<status status="PASS" starttime="20230517 11:16:41.038" endtime="20230517 11:16:41.118"/>
</kw>
<kw name="Should Be Equal" library="BuiltIn">
<arg>${password}</arg>
<arg>${confirmPassword}</arg>
<doc>Fails if the given objects are unequal.</doc>
<status status="PASS" starttime="20230517 11:16:41.119" endtime="20230517 11:16:41.119"/>
</kw>
<kw name="Click Button" library="SeleniumLibrary">
<arg>${register_btn}</arg>
<doc>Clicks the button identified by ``locator``.</doc>
<msg timestamp="20230517 11:16:41.120" level="INFO">Clicking button 'register-button'.</msg>
<status status="PASS" starttime="20230517 11:16:41.119" endtime="20230517 11:16:41.793"/>
</kw>
<kw name="Wait Until Page Contains" library="SeleniumLibrary">
<arg>${successRegisterPagetxt}</arg>
<doc>Waits until ``text`` appears on the current page.</doc>
<status status="PASS" starttime="20230517 11:16:41.794" endtime="20230517 11:16:41.813"/>
</kw>
<kw name="Take Screenshot" library="Screenshot">
<arg>C:\\Users\\UdhayaParanthaman\\Downloads\\RFW-Practice\\TestCase../../results/${TEST NAME}.png</arg>
<doc>Takes a screenshot in JPEG format and embeds it into the log file.</doc>
<msg timestamp="20230517 11:16:41.877" level="INFO" html="true">&lt;a href="Register%20User%20and%20Validating%20Registration%20details.png_1.jpg"&gt;&lt;img src="Register%20User%20and%20Validating%20Registration%20details.png_1.jpg" width="800px"&gt;&lt;/a&gt;</msg>
<status status="PASS" starttime="20230517 11:16:41.813" endtime="20230517 11:16:41.877"/>
</kw>
<kw name="Capture Page Screenshot" library="SeleniumLibrary">
<arg>C:/Users/UdhayaParanthaman/eclipse-workspace/RobotProjects/nopCommerceProject/result/screenshot.png</arg>
<doc>Takes a screenshot of the current page and embeds it into a log file.</doc>
<msg timestamp="20230517 11:16:41.989" level="INFO" html="true">&lt;/td&gt;&lt;/tr&gt;&lt;tr&gt;&lt;td colspan="3"&gt;&lt;a href="../../../eclipse-workspace/RobotProjects/nopCommerceProject/result/screenshot.png"&gt;&lt;img src="../../../eclipse-workspace/RobotProjects/nopCommerceProject/result/screenshot.png" width="800px"&gt;&lt;/a&gt;</msg>
<status status="PASS" starttime="20230517 11:16:41.879" endtime="20230517 11:16:41.990"/>
</kw>
<kw name="Close Browser" library="SeleniumLibrary" type="TEARDOWN">
<doc>Closes the current browser.</doc>
<status status="PASS" starttime="20230517 11:16:41.991" endtime="20230517 11:16:44.106"/>
</kw>
<tag>Smoke</tag>
<status status="PASS" starttime="20230517 11:16:36.674" endtime="20230517 11:16:44.107"/>
</test>
<doc>This file is for registering account</doc>
<status status="PASS" starttime="20230517 11:16:36.155" endtime="20230517 11:16:44.112"/>
</suite>
<status status="PASS" starttime="20230517 11:16:36.151" endtime="20230517 11:16:44.116"/>
</suite>
<status status="PASS" starttime="20230517 11:16:36.129" endtime="20230517 11:16:44.119"/>
</suite>
<statistics>
<total>
<stat pass="1" fail="0" skip="0">All Tests</stat>
</total>
<tag>
<stat pass="1" fail="0" skip="0">Smoke</stat>
</tag>
<suite>
<stat pass="1" fail="0" skip="0" id="s1" name="RFW-Practice">RFW-Practice</stat>
<stat pass="1" fail="0" skip="0" id="s1-s1" name="TestCase">RFW-Practice.TestCase</stat>
<stat pass="1" fail="0" skip="0" id="s1-s1-s1" name="Register">RFW-Practice.TestCase.Register</stat>
</suite>
</statistics>
<errors>
</errors>
</robot>
