<?xml version="1.0" encoding="UTF-8"?>
<robot generator="Robot 6.0.2 (Python 3.11.3 on win32)" generated="20230602 18:27:53.213" rpa="false" schemaversion="3">
<suite id="s1" name="RFW-Practice" source="C:\Users\UdhayaParanthaman\Downloads\RFW-Practice">
<suite id="s1-s1" name="TestCase" source="C:\Users\UdhayaParanthaman\Downloads\RFW-Practice\TestCase">
<suite id="s1-s1-s1" name="databaseFromDatas" source="C:\Users\UdhayaParanthaman\Downloads\RFW-Practice\TestCase\databaseFromDatas.robot">
<kw name="Connect To Database" library="DatabaseLibrary" type="SETUP">
<arg>pymysql</arg>
<arg>${DBName}</arg>
<arg>${DBUser}</arg>
<arg>${DBPass}</arg>
<arg>${DBHost}</arg>
<arg>${DBPort}</arg>
<doc>Loads the DB API 2.0 module given `dbapiModuleName` then uses it to
connect to the database using `dbName`, `dbUsername`, and `dbPassword`.</doc>
<msg timestamp="20230602 18:27:53.709" level="INFO">Connecting using : pymysql.connect(db=demo, user=root, passwd=root, host=localhost, port=3306, charset=None) </msg>
<status status="PASS" starttime="20230602 18:27:53.709" endtime="20230602 18:27:53.727"/>
</kw>
<test id="s1-s1-s1-t1" name="Verify regexps and compare with Test Datas" line="63">
<kw name="Query" library="DatabaseLibrary">
<var>${data}</var>
<arg>Select * from EmployeeDetails</arg>
<doc>Uses the input `selectStatement` to query for the values that will be returned as a list of tuples. Set optional
input `sansTran` to True to run command without an explicit transaction commit or rollback.
Set optional input `returnAsDict` to True to return values as a list of dictionaries.</doc>
<msg timestamp="20230602 18:27:53.727" level="INFO">Executing : Query  |  Select * from EmployeeDetails </msg>
<msg timestamp="20230602 18:27:53.734" level="INFO">${data} = (('d{6}', '[A-Za-z ]{5,20}$', '^[a-zA-Z0-9_.]+@[a-zA-Z0-9-]+.[a-zA-Z0-9-.]+$', '^[0-9]{10}$', ''), ('12343', 'udhaya', 'udhaya@gmail.com', '8167538', ''), ('8122', 'udhaya', 'udhaya@gmail.com', '81675...</msg>
<status status="PASS" starttime="20230602 18:27:53.727" endtime="20230602 18:27:53.734"/>
</kw>
<kw name="Log" library="BuiltIn">
<arg>${data}</arg>
<doc>Logs the given message with the given level.</doc>
<msg timestamp="20230602 18:27:53.736" level="INFO">(('d{6}', '[A-Za-z ]{5,20}$', '^[a-zA-Z0-9_.]+@[a-zA-Z0-9-]+.[a-zA-Z0-9-.]+$', '^[0-9]{10}$', ''), ('12343', 'udhaya', 'udhaya@gmail.com', '8167538', ''), ('8122', 'udhaya', 'udhaya@gmail.com', '8167538', ''), ('1287', 'udhaya', 'udhaya@gmail.com', '8167538', ''), ('443656', 'udhaya', 'udhaya@gmail.com', '8167538', ''), ('765456', 'udhaya', 'udhaya@gmail.com', '8167538', ''), ('9876', 'udhaya', 'udhaya@gmail.com', '8167538', ''), ('123456', 'udhaya', 'udhaya@gmail.com', '8167538', ''), ('5678', 'udhaya', 'udhaya@gmail.com', '8167538', ''), ('23456', 'udhaya', 'udhaya@gmail.com', '8167538', ''), ('19876', 'udhaya', 'udhaya@gmail.com', '8167538', ''), ('657352', 'udhaya', 'udhaya@gmail.com', '8167538', ''))</msg>
<status status="PASS" starttime="20230602 18:27:53.736" endtime="20230602 18:27:53.736"/>
</kw>
<status status="PASS" starttime="20230602 18:27:53.727" endtime="20230602 18:27:53.742"/>
</test>
<kw name="Disconnect From Database" library="DatabaseLibrary" type="TEARDOWN">
<doc>Disconnects from the database.</doc>
<msg timestamp="20230602 18:27:53.742" level="INFO">Executing : Disconnect From Database</msg>
<status status="PASS" starttime="20230602 18:27:53.742" endtime="20230602 18:27:53.750"/>
</kw>
<doc>This file has to verify the format of each data cell</doc>
<status status="PASS" starttime="20230602 18:27:53.284" endtime="20230602 18:27:53.750"/>
</suite>
<status status="PASS" starttime="20230602 18:27:53.275" endtime="20230602 18:27:53.750"/>
</suite>
<status status="PASS" starttime="20230602 18:27:53.219" endtime="20230602 18:27:53.758"/>
</suite>
<statistics>
<total>
<stat pass="1" fail="0" skip="0">All Tests</stat>
</total>
<tag>
</tag>
<suite>
<stat pass="1" fail="0" skip="0" id="s1" name="RFW-Practice">RFW-Practice</stat>
<stat pass="1" fail="0" skip="0" id="s1-s1" name="TestCase">RFW-Practice.TestCase</stat>
<stat pass="1" fail="0" skip="0" id="s1-s1-s1" name="databaseFromDatas">RFW-Practice.TestCase.databaseFromDatas</stat>
</suite>
</statistics>
<errors>
</errors>
</robot>
