<?xml version="1.0" encoding="UTF-8"?>
<robot generator="Robot 6.0.2 (Python 3.11.3 on win32)" generated="20230525 14:04:12.984" rpa="false" schemaversion="3">
<suite id="s1" name="RFW-Practice" source="C:\Users\UdhayaParanthaman\Downloads\RFW-Practice">
<suite id="s1-s1" name="TestCase" source="C:\Users\UdhayaParanthaman\Downloads\RFW-Practice\TestCase">
<suite id="s1-s1-s1" name="datasFromExcelUsingregExp" source="C:\Users\UdhayaParanthaman\Downloads\RFW-Practice\TestCase\datasFromExcelUsingregExp.robot">
<test id="s1-s1-s1-t1" name="Verify format of data from Each cell" line="11">
<kw name="Open Excel" library="ExcelUtil">
<arg>EmployeeDatas.xlsx</arg>
<doc>Open excel file
Arguments:
    | File             | Filename with fullpath to open and test upon        |</doc>
<status status="PASS" starttime="20230525 14:04:13.206" endtime="20230525 14:04:13.220"/>
</kw>
<kw name="Set Variable" library="BuiltIn">
<var>${sheetName}</var>
<arg>EmployeeDetails</arg>
<doc>Returns the given values which can then be assigned to a variables.</doc>
<msg timestamp="20230525 14:04:13.221" level="INFO">${sheetName} = EmployeeDetails</msg>
<status status="PASS" starttime="20230525 14:04:13.221" endtime="20230525 14:04:13.223"/>
</kw>
<kw name="Get Row Count" library="ExcelUtil">
<var>${row_count}</var>
<arg>${sheetName}</arg>
<doc>Return the Row count of the given sheet
Example:
| Open Excel      |  C:\Data\ExcelTest.xlsx  |
| Get Row count     |  Sheet1 |</doc>
<msg timestamp="20230525 14:04:13.225" level="INFO">${row_count} = 9</msg>
<status status="PASS" starttime="20230525 14:04:13.224" endtime="20230525 14:04:13.225"/>
</kw>
<kw name="Get Column Count" library="ExcelUtil">
<var>${column_count}</var>
<arg>${sheetName}</arg>
<doc>Return the column count of the given sheet
Example:
| Open Excel      |  C:\Data\ExcelTest.xlsx  |
| Get Column count     |  Sheet1 |</doc>
<msg timestamp="20230525 14:04:13.226" level="INFO">${column_count} = 5</msg>
<status status="PASS" starttime="20230525 14:04:13.226" endtime="20230525 14:04:13.226"/>
</kw>
<for flavor="IN RANGE">
<var>${rowIndex}</var>
<value>3</value>
<value>${row_count+1}</value>
<iter>
<var name="${rowIndex}">3</var>
<for flavor="IN RANGE">
<var>${columnIndex}</var>
<value>1</value>
<value>${column_count}</value>
<iter>
<var name="${columnIndex}">1</var>
<kw name="Read Cell Data By Coordinates" library="ExcelUtil">
<var>${columnHeader}</var>
<arg>${sheetName}</arg>
<arg>1</arg>
<arg>${columnIndex}</arg>
<doc>Return the value of a cell by giving the sheetname, row value &amp; column value
Example:
| Read Cell Data By Coordinates     |  SheetName | Row Number |  Column Number  |
| Read Cell Data By Coordinates     |  Sheet1 |  1  |  1  |
 To pass integer arguments
| Read Cell Data By Coordinates     |  Sheet1 |  ${1}  |  ${3}  |</doc>
<msg timestamp="20230525 14:04:13.229" level="INFO">${columnHeader} = Name</msg>
<status status="PASS" starttime="20230525 14:04:13.228" endtime="20230525 14:04:13.229"/>
</kw>
<kw name="Read Cell Data By Coordinates" library="ExcelUtil">
<var>${regex}</var>
<arg>${sheetName}</arg>
<arg>2</arg>
<arg>${columnIndex}</arg>
<doc>Return the value of a cell by giving the sheetname, row value &amp; column value
Example:
| Read Cell Data By Coordinates     |  SheetName | Row Number |  Column Number  |
| Read Cell Data By Coordinates     |  Sheet1 |  1  |  1  |
 To pass integer arguments
| Read Cell Data By Coordinates     |  Sheet1 |  ${1}  |  ${3}  |</doc>
<msg timestamp="20230525 14:04:13.230" level="INFO">${regex} = ^[A-Za-z ]{5,20}$</msg>
<status status="PASS" starttime="20230525 14:04:13.230" endtime="20230525 14:04:13.230"/>
</kw>
<kw name="Log" library="BuiltIn">
<arg>${regex}</arg>
<doc>Logs the given message with the given level.</doc>
<msg timestamp="20230525 14:04:13.231" level="INFO">^[A-Za-z ]{5,20}$</msg>
<status status="PASS" starttime="20230525 14:04:13.230" endtime="20230525 14:04:13.231"/>
</kw>
<kw name="Read Cell Data By Coordinates" library="ExcelUtil">
<var>${cellData}</var>
<arg>${sheetName}</arg>
<arg>${rowIndex}</arg>
<arg>${columnIndex}</arg>
<doc>Return the value of a cell by giving the sheetname, row value &amp; column value
Example:
| Read Cell Data By Coordinates     |  SheetName | Row Number |  Column Number  |
| Read Cell Data By Coordinates     |  Sheet1 |  1  |  1  |
 To pass integer arguments
| Read Cell Data By Coordinates     |  Sheet1 |  ${1}  |  ${3}  |</doc>
<msg timestamp="20230525 14:04:13.232" level="INFO">${cellData} = udha</msg>
<status status="PASS" starttime="20230525 14:04:13.231" endtime="20230525 14:04:13.232"/>
</kw>
<kw name="Convert To String" library="BuiltIn">
<var>${data}</var>
<arg>${cellData}</arg>
<doc>Converts the given item to a Unicode string.</doc>
<msg timestamp="20230525 14:04:13.233" level="INFO">${data} = udha</msg>
<status status="PASS" starttime="20230525 14:04:13.232" endtime="20230525 14:04:13.233"/>
</kw>
<kw name="Log" library="BuiltIn">
<arg>${data}</arg>
<doc>Logs the given message with the given level.</doc>
<msg timestamp="20230525 14:04:13.234" level="INFO">udha</msg>
<status status="PASS" starttime="20230525 14:04:13.233" endtime="20230525 14:04:13.235"/>
</kw>
<kw name="Get Regexp Matches" library="String">
<var>${matches}</var>
<arg>${data}</arg>
<arg>${regex}</arg>
<doc>Returns a list of all non-overlapping matches in the given string.</doc>
<msg timestamp="20230525 14:04:13.235" level="INFO">${matches} = []</msg>
<status status="PASS" starttime="20230525 14:04:13.235" endtime="20230525 14:04:13.235"/>
</kw>
<kw name="Log" library="BuiltIn">
<arg>${matches}</arg>
<doc>Logs the given message with the given level.</doc>
<msg timestamp="20230525 14:04:13.236" level="INFO">[]</msg>
<status status="PASS" starttime="20230525 14:04:13.236" endtime="20230525 14:04:13.236"/>
</kw>
<if>
<branch type="IF" condition="${matches} == []">
<kw name="Write Data By Coordinates" library="ExcelUtil">
<arg>${sheetName}</arg>
<arg>${rowIndex}</arg>
<arg>${column_count}</arg>
<arg>Fail</arg>
<doc>Write the value to a call using its co-ordinates
Example:
| Write Data By Coordinates    |  SheetName  | Row Number | Column Number |  Data  |
| Write Data By Coordinates    | Sheet1 | 1 | 1 |  TestData  |</doc>
<status status="PASS" starttime="20230525 14:04:13.237" endtime="20230525 14:04:13.238"/>
</kw>
<kw name="Save Excel" library="ExcelUtil">
<arg>EmployeeDatas.xlsx</arg>
<doc>Save the excel file after writing the data.
Example:
Update existing file:</doc>
<status status="PASS" starttime="20230525 14:04:13.239" endtime="20230525 14:04:13.259"/>
</kw>
<break>
<status status="PASS" starttime="20230525 14:04:13.260" endtime="20230525 14:04:13.260"/>
</break>
<status status="PASS" starttime="20230525 14:04:13.236" endtime="20230525 14:04:13.260"/>
</branch>
<branch type="ELSE">
<kw name="Write Data By Coordinates" library="ExcelUtil">
<arg>${sheetName}</arg>
<arg>${rowIndex}</arg>
<arg>${column_count}</arg>
<arg>Pass</arg>
<doc>Write the value to a call using its co-ordinates
Example:
| Write Data By Coordinates    |  SheetName  | Row Number | Column Number |  Data  |
| Write Data By Coordinates    | Sheet1 | 1 | 1 |  TestData  |</doc>
<status status="NOT RUN" starttime="20230525 14:04:13.260" endtime="20230525 14:04:13.262"/>
</kw>
<kw name="Save Excel" library="ExcelUtil">
<arg>EmployeeDatas.xlsx</arg>
<doc>Save the excel file after writing the data.
Example:
Update existing file:</doc>
<status status="NOT RUN" starttime="20230525 14:04:13.262" endtime="20230525 14:04:13.262"/>
</kw>
<status status="NOT RUN" starttime="20230525 14:04:13.260" endtime="20230525 14:04:13.263"/>
</branch>
<status status="PASS" starttime="20230525 14:04:13.236" endtime="20230525 14:04:13.263"/>
</if>
<status status="PASS" starttime="20230525 14:04:13.228" endtime="20230525 14:04:13.263"/>
</iter>
<status status="PASS" starttime="20230525 14:04:13.228" endtime="20230525 14:04:13.263"/>
</for>
<status status="PASS" starttime="20230525 14:04:13.228" endtime="20230525 14:04:13.263"/>
</iter>
<iter>
<var name="${rowIndex}">4</var>
<for flavor="IN RANGE">
<var>${columnIndex}</var>
<value>1</value>
<value>${column_count}</value>
<iter>
<var name="${columnIndex}">1</var>
<kw name="Read Cell Data By Coordinates" library="ExcelUtil">
<var>${columnHeader}</var>
<arg>${sheetName}</arg>
<arg>1</arg>
<arg>${columnIndex}</arg>
<doc>Return the value of a cell by giving the sheetname, row value &amp; column value
Example:
| Read Cell Data By Coordinates     |  SheetName | Row Number |  Column Number  |
| Read Cell Data By Coordinates     |  Sheet1 |  1  |  1  |
 To pass integer arguments
| Read Cell Data By Coordinates     |  Sheet1 |  ${1}  |  ${3}  |</doc>
<msg timestamp="20230525 14:04:13.265" level="INFO">${columnHeader} = Name</msg>
<status status="PASS" starttime="20230525 14:04:13.265" endtime="20230525 14:04:13.265"/>
</kw>
<kw name="Read Cell Data By Coordinates" library="ExcelUtil">
<var>${regex}</var>
<arg>${sheetName}</arg>
<arg>2</arg>
<arg>${columnIndex}</arg>
<doc>Return the value of a cell by giving the sheetname, row value &amp; column value
Example:
| Read Cell Data By Coordinates     |  SheetName | Row Number |  Column Number  |
| Read Cell Data By Coordinates     |  Sheet1 |  1  |  1  |
 To pass integer arguments
| Read Cell Data By Coordinates     |  Sheet1 |  ${1}  |  ${3}  |</doc>
<msg timestamp="20230525 14:04:13.265" level="INFO">${regex} = ^[A-Za-z ]{5,20}$</msg>
<status status="PASS" starttime="20230525 14:04:13.265" endtime="20230525 14:04:13.266"/>
</kw>
<kw name="Log" library="BuiltIn">
<arg>${regex}</arg>
<doc>Logs the given message with the given level.</doc>
<msg timestamp="20230525 14:04:13.266" level="INFO">^[A-Za-z ]{5,20}$</msg>
<status status="PASS" starttime="20230525 14:04:13.266" endtime="20230525 14:04:13.267"/>
</kw>
<kw name="Read Cell Data By Coordinates" library="ExcelUtil">
<var>${cellData}</var>
<arg>${sheetName}</arg>
<arg>${rowIndex}</arg>
<arg>${columnIndex}</arg>
<doc>Return the value of a cell by giving the sheetname, row value &amp; column value
Example:
| Read Cell Data By Coordinates     |  SheetName | Row Number |  Column Number  |
| Read Cell Data By Coordinates     |  Sheet1 |  1  |  1  |
 To pass integer arguments
| Read Cell Data By Coordinates     |  Sheet1 |  ${1}  |  ${3}  |</doc>
<msg timestamp="20230525 14:04:13.267" level="INFO">${cellData} = Dinesh</msg>
<status status="PASS" starttime="20230525 14:04:13.267" endtime="20230525 14:04:13.268"/>
</kw>
<kw name="Convert To String" library="BuiltIn">
<var>${data}</var>
<arg>${cellData}</arg>
<doc>Converts the given item to a Unicode string.</doc>
<msg timestamp="20230525 14:04:13.269" level="INFO">${data} = Dinesh</msg>
<status status="PASS" starttime="20230525 14:04:13.268" endtime="20230525 14:04:13.269"/>
</kw>
<kw name="Log" library="BuiltIn">
<arg>${data}</arg>
<doc>Logs the given message with the given level.</doc>
<msg timestamp="20230525 14:04:13.269" level="INFO">Dinesh</msg>
<status status="PASS" starttime="20230525 14:04:13.269" endtime="20230525 14:04:13.270"/>
</kw>
<kw name="Get Regexp Matches" library="String">
<var>${matches}</var>
<arg>${data}</arg>
<arg>${regex}</arg>
<doc>Returns a list of all non-overlapping matches in the given string.</doc>
<msg timestamp="20230525 14:04:13.271" level="INFO">${matches} = ['Dinesh']</msg>
<status status="PASS" starttime="20230525 14:04:13.270" endtime="20230525 14:04:13.271"/>
</kw>
<kw name="Log" library="BuiltIn">
<arg>${matches}</arg>
<doc>Logs the given message with the given level.</doc>
<msg timestamp="20230525 14:04:13.271" level="INFO">['Dinesh']</msg>
<status status="PASS" starttime="20230525 14:04:13.271" endtime="20230525 14:04:13.272"/>
</kw>
<if>
<branch type="IF" condition="${matches} == []">
<kw name="Write Data By Coordinates" library="ExcelUtil">
<arg>${sheetName}</arg>
<arg>${rowIndex}</arg>
<arg>${column_count}</arg>
<arg>Fail</arg>
<doc>Write the value to a call using its co-ordinates
Example:
| Write Data By Coordinates    |  SheetName  | Row Number | Column Number |  Data  |
| Write Data By Coordinates    | Sheet1 | 1 | 1 |  TestData  |</doc>
<status status="NOT RUN" starttime="20230525 14:04:13.272" endtime="20230525 14:04:13.273"/>
</kw>
<kw name="Save Excel" library="ExcelUtil">
<arg>EmployeeDatas.xlsx</arg>
<doc>Save the excel file after writing the data.
Example:
Update existing file:</doc>
<status status="NOT RUN" starttime="20230525 14:04:13.273" endtime="20230525 14:04:13.273"/>
</kw>
<break>
<status status="NOT RUN" starttime="20230525 14:04:13.273" endtime="20230525 14:04:13.273"/>
</break>
<status status="NOT RUN" starttime="20230525 14:04:13.272" endtime="20230525 14:04:13.273"/>
</branch>
<branch type="ELSE">
<kw name="Write Data By Coordinates" library="ExcelUtil">
<arg>${sheetName}</arg>
<arg>${rowIndex}</arg>
<arg>${column_count}</arg>
<arg>Pass</arg>
<doc>Write the value to a call using its co-ordinates
Example:
| Write Data By Coordinates    |  SheetName  | Row Number | Column Number |  Data  |
| Write Data By Coordinates    | Sheet1 | 1 | 1 |  TestData  |</doc>
<status status="PASS" starttime="20230525 14:04:13.273" endtime="20230525 14:04:13.274"/>
</kw>
<kw name="Save Excel" library="ExcelUtil">
<arg>EmployeeDatas.xlsx</arg>
<doc>Save the excel file after writing the data.
Example:
Update existing file:</doc>
<status status="PASS" starttime="20230525 14:04:13.274" endtime="20230525 14:04:13.287"/>
</kw>
<status status="PASS" starttime="20230525 14:04:13.273" endtime="20230525 14:04:13.287"/>
</branch>
<status status="PASS" starttime="20230525 14:04:13.272" endtime="20230525 14:04:13.287"/>
</if>
<status status="PASS" starttime="20230525 14:04:13.264" endtime="20230525 14:04:13.287"/>
</iter>
<iter>
<var name="${columnIndex}">2</var>
<kw name="Read Cell Data By Coordinates" library="ExcelUtil">
<var>${columnHeader}</var>
<arg>${sheetName}</arg>
<arg>1</arg>
<arg>${columnIndex}</arg>
<doc>Return the value of a cell by giving the sheetname, row value &amp; column value
Example:
| Read Cell Data By Coordinates     |  SheetName | Row Number |  Column Number  |
| Read Cell Data By Coordinates     |  Sheet1 |  1  |  1  |
 To pass integer arguments
| Read Cell Data By Coordinates     |  Sheet1 |  ${1}  |  ${3}  |</doc>
<msg timestamp="20230525 14:04:13.288" level="INFO">${columnHeader} = Email</msg>
<status status="PASS" starttime="20230525 14:04:13.287" endtime="20230525 14:04:13.288"/>
</kw>
<kw name="Read Cell Data By Coordinates" library="ExcelUtil">
<var>${regex}</var>
<arg>${sheetName}</arg>
<arg>2</arg>
<arg>${columnIndex}</arg>
<doc>Return the value of a cell by giving the sheetname, row value &amp; column value
Example:
| Read Cell Data By Coordinates     |  SheetName | Row Number |  Column Number  |
| Read Cell Data By Coordinates     |  Sheet1 |  1  |  1  |
 To pass integer arguments
| Read Cell Data By Coordinates     |  Sheet1 |  ${1}  |  ${3}  |</doc>
<msg timestamp="20230525 14:04:13.288" level="INFO">${regex} = ^[a-zA-Z0-9_.]+@[a-zA-Z0-9-]+\.[a-zA-Z0-9-.]+$</msg>
<status status="PASS" starttime="20230525 14:04:13.288" endtime="20230525 14:04:13.288"/>
</kw>
<kw name="Log" library="BuiltIn">
<arg>${regex}</arg>
<doc>Logs the given message with the given level.</doc>
<msg timestamp="20230525 14:04:13.289" level="INFO">^[a-zA-Z0-9_.]+@[a-zA-Z0-9-]+\.[a-zA-Z0-9-.]+$</msg>
<status status="PASS" starttime="20230525 14:04:13.289" endtime="20230525 14:04:13.289"/>
</kw>
<kw name="Read Cell Data By Coordinates" library="ExcelUtil">
<var>${cellData}</var>
<arg>${sheetName}</arg>
<arg>${rowIndex}</arg>
<arg>${columnIndex}</arg>
<doc>Return the value of a cell by giving the sheetname, row value &amp; column value
Example:
| Read Cell Data By Coordinates     |  SheetName | Row Number |  Column Number  |
| Read Cell Data By Coordinates     |  Sheet1 |  1  |  1  |
 To pass integer arguments
| Read Cell Data By Coordinates     |  Sheet1 |  ${1}  |  ${3}  |</doc>
<msg timestamp="20230525 14:04:13.290" level="INFO">${cellData} = dini@gmail.com</msg>
<status status="PASS" starttime="20230525 14:04:13.289" endtime="20230525 14:04:13.290"/>
</kw>
<kw name="Convert To String" library="BuiltIn">
<var>${data}</var>
<arg>${cellData}</arg>
<doc>Converts the given item to a Unicode string.</doc>
<msg timestamp="20230525 14:04:13.291" level="INFO">${data} = dini@gmail.com</msg>
<status status="PASS" starttime="20230525 14:04:13.291" endtime="20230525 14:04:13.292"/>
</kw>
<kw name="Log" library="BuiltIn">
<arg>${data}</arg>
<doc>Logs the given message with the given level.</doc>
<msg timestamp="20230525 14:04:13.293" level="INFO">dini@gmail.com</msg>
<status status="PASS" starttime="20230525 14:04:13.293" endtime="20230525 14:04:13.294"/>
</kw>
<kw name="Get Regexp Matches" library="String">
<var>${matches}</var>
<arg>${data}</arg>
<arg>${regex}</arg>
<doc>Returns a list of all non-overlapping matches in the given string.</doc>
<msg timestamp="20230525 14:04:13.295" level="INFO">${matches} = ['dini@gmail.com']</msg>
<status status="PASS" starttime="20230525 14:04:13.294" endtime="20230525 14:04:13.295"/>
</kw>
<kw name="Log" library="BuiltIn">
<arg>${matches}</arg>
<doc>Logs the given message with the given level.</doc>
<msg timestamp="20230525 14:04:13.296" level="INFO">['dini@gmail.com']</msg>
<status status="PASS" starttime="20230525 14:04:13.295" endtime="20230525 14:04:13.296"/>
</kw>
<if>
<branch type="IF" condition="${matches} == []">
<kw name="Write Data By Coordinates" library="ExcelUtil">
<arg>${sheetName}</arg>
<arg>${rowIndex}</arg>
<arg>${column_count}</arg>
<arg>Fail</arg>
<doc>Write the value to a call using its co-ordinates
Example:
| Write Data By Coordinates    |  SheetName  | Row Number | Column Number |  Data  |
| Write Data By Coordinates    | Sheet1 | 1 | 1 |  TestData  |</doc>
<status status="NOT RUN" starttime="20230525 14:04:13.297" endtime="20230525 14:04:13.297"/>
</kw>
<kw name="Save Excel" library="ExcelUtil">
<arg>EmployeeDatas.xlsx</arg>
<doc>Save the excel file after writing the data.
Example:
Update existing file:</doc>
<status status="NOT RUN" starttime="20230525 14:04:13.297" endtime="20230525 14:04:13.297"/>
</kw>
<break>
<status status="NOT RUN" starttime="20230525 14:04:13.297" endtime="20230525 14:04:13.297"/>
</break>
<status status="NOT RUN" starttime="20230525 14:04:13.296" endtime="20230525 14:04:13.297"/>
</branch>
<branch type="ELSE">
<kw name="Write Data By Coordinates" library="ExcelUtil">
<arg>${sheetName}</arg>
<arg>${rowIndex}</arg>
<arg>${column_count}</arg>
<arg>Pass</arg>
<doc>Write the value to a call using its co-ordinates
Example:
| Write Data By Coordinates    |  SheetName  | Row Number | Column Number |  Data  |
| Write Data By Coordinates    | Sheet1 | 1 | 1 |  TestData  |</doc>
<status status="PASS" starttime="20230525 14:04:13.298" endtime="20230525 14:04:13.298"/>
</kw>
<kw name="Save Excel" library="ExcelUtil">
<arg>EmployeeDatas.xlsx</arg>
<doc>Save the excel file after writing the data.
Example:
Update existing file:</doc>
<status status="PASS" starttime="20230525 14:04:13.298" endtime="20230525 14:04:13.305"/>
</kw>
<status status="PASS" starttime="20230525 14:04:13.297" endtime="20230525 14:04:13.306"/>
</branch>
<status status="PASS" starttime="20230525 14:04:13.296" endtime="20230525 14:04:13.306"/>
</if>
<status status="PASS" starttime="20230525 14:04:13.287" endtime="20230525 14:04:13.306"/>
</iter>
<iter>
<var name="${columnIndex}">3</var>
<kw name="Read Cell Data By Coordinates" library="ExcelUtil">
<var>${columnHeader}</var>
<arg>${sheetName}</arg>
<arg>1</arg>
<arg>${columnIndex}</arg>
<doc>Return the value of a cell by giving the sheetname, row value &amp; column value
Example:
| Read Cell Data By Coordinates     |  SheetName | Row Number |  Column Number  |
| Read Cell Data By Coordinates     |  Sheet1 |  1  |  1  |
 To pass integer arguments
| Read Cell Data By Coordinates     |  Sheet1 |  ${1}  |  ${3}  |</doc>
<msg timestamp="20230525 14:04:13.307" level="INFO">${columnHeader} = Mobile No</msg>
<status status="PASS" starttime="20230525 14:04:13.306" endtime="20230525 14:04:13.307"/>
</kw>
<kw name="Read Cell Data By Coordinates" library="ExcelUtil">
<var>${regex}</var>
<arg>${sheetName}</arg>
<arg>2</arg>
<arg>${columnIndex}</arg>
<doc>Return the value of a cell by giving the sheetname, row value &amp; column value
Example:
| Read Cell Data By Coordinates     |  SheetName | Row Number |  Column Number  |
| Read Cell Data By Coordinates     |  Sheet1 |  1  |  1  |
 To pass integer arguments
| Read Cell Data By Coordinates     |  Sheet1 |  ${1}  |  ${3}  |</doc>
<msg timestamp="20230525 14:04:13.308" level="INFO">${regex} = ^[0-9]{10}$</msg>
<status status="PASS" starttime="20230525 14:04:13.307" endtime="20230525 14:04:13.308"/>
</kw>
<kw name="Log" library="BuiltIn">
<arg>${regex}</arg>
<doc>Logs the given message with the given level.</doc>
<msg timestamp="20230525 14:04:13.309" level="INFO">^[0-9]{10}$</msg>
<status status="PASS" starttime="20230525 14:04:13.309" endtime="20230525 14:04:13.309"/>
</kw>
<kw name="Read Cell Data By Coordinates" library="ExcelUtil">
<var>${cellData}</var>
<arg>${sheetName}</arg>
<arg>${rowIndex}</arg>
<arg>${columnIndex}</arg>
<doc>Return the value of a cell by giving the sheetname, row value &amp; column value
Example:
| Read Cell Data By Coordinates     |  SheetName | Row Number |  Column Number  |
| Read Cell Data By Coordinates     |  Sheet1 |  1  |  1  |
 To pass integer arguments
| Read Cell Data By Coordinates     |  Sheet1 |  ${1}  |  ${3}  |</doc>
<msg timestamp="20230525 14:04:13.310" level="INFO">${cellData} = 812216565</msg>
<status status="PASS" starttime="20230525 14:04:13.310" endtime="20230525 14:04:13.312"/>
</kw>
<kw name="Convert To String" library="BuiltIn">
<var>${data}</var>
<arg>${cellData}</arg>
<doc>Converts the given item to a Unicode string.</doc>
<msg timestamp="20230525 14:04:13.314" level="INFO">${data} = 812216565</msg>
<status status="PASS" starttime="20230525 14:04:13.312" endtime="20230525 14:04:13.314"/>
</kw>
<kw name="Log" library="BuiltIn">
<arg>${data}</arg>
<doc>Logs the given message with the given level.</doc>
<msg timestamp="20230525 14:04:13.315" level="INFO">812216565</msg>
<status status="PASS" starttime="20230525 14:04:13.315" endtime="20230525 14:04:13.316"/>
</kw>
<kw name="Get Regexp Matches" library="String">
<var>${matches}</var>
<arg>${data}</arg>
<arg>${regex}</arg>
<doc>Returns a list of all non-overlapping matches in the given string.</doc>
<msg timestamp="20230525 14:04:13.317" level="INFO">${matches} = []</msg>
<status status="PASS" starttime="20230525 14:04:13.316" endtime="20230525 14:04:13.317"/>
</kw>
<kw name="Log" library="BuiltIn">
<arg>${matches}</arg>
<doc>Logs the given message with the given level.</doc>
<msg timestamp="20230525 14:04:13.318" level="INFO">[]</msg>
<status status="PASS" starttime="20230525 14:04:13.318" endtime="20230525 14:04:13.319"/>
</kw>
<if>
<branch type="IF" condition="${matches} == []">
<kw name="Write Data By Coordinates" library="ExcelUtil">
<arg>${sheetName}</arg>
<arg>${rowIndex}</arg>
<arg>${column_count}</arg>
<arg>Fail</arg>
<doc>Write the value to a call using its co-ordinates
Example:
| Write Data By Coordinates    |  SheetName  | Row Number | Column Number |  Data  |
| Write Data By Coordinates    | Sheet1 | 1 | 1 |  TestData  |</doc>
<status status="PASS" starttime="20230525 14:04:13.320" endtime="20230525 14:04:13.320"/>
</kw>
<kw name="Save Excel" library="ExcelUtil">
<arg>EmployeeDatas.xlsx</arg>
<doc>Save the excel file after writing the data.
Example:
Update existing file:</doc>
<status status="PASS" starttime="20230525 14:04:13.321" endtime="20230525 14:04:13.336"/>
</kw>
<break>
<status status="PASS" starttime="20230525 14:04:13.336" endtime="20230525 14:04:13.336"/>
</break>
<status status="PASS" starttime="20230525 14:04:13.319" endtime="20230525 14:04:13.336"/>
</branch>
<branch type="ELSE">
<kw name="Write Data By Coordinates" library="ExcelUtil">
<arg>${sheetName}</arg>
<arg>${rowIndex}</arg>
<arg>${column_count}</arg>
<arg>Pass</arg>
<doc>Write the value to a call using its co-ordinates
Example:
| Write Data By Coordinates    |  SheetName  | Row Number | Column Number |  Data  |
| Write Data By Coordinates    | Sheet1 | 1 | 1 |  TestData  |</doc>
<status status="NOT RUN" starttime="20230525 14:04:13.336" endtime="20230525 14:04:13.337"/>
</kw>
<kw name="Save Excel" library="ExcelUtil">
<arg>EmployeeDatas.xlsx</arg>
<doc>Save the excel file after writing the data.
Example:
Update existing file:</doc>
<status status="NOT RUN" starttime="20230525 14:04:13.337" endtime="20230525 14:04:13.337"/>
</kw>
<status status="NOT RUN" starttime="20230525 14:04:13.336" endtime="20230525 14:04:13.337"/>
</branch>
<status status="PASS" starttime="20230525 14:04:13.319" endtime="20230525 14:04:13.337"/>
</if>
<status status="PASS" starttime="20230525 14:04:13.306" endtime="20230525 14:04:13.337"/>
</iter>
<status status="PASS" starttime="20230525 14:04:13.264" endtime="20230525 14:04:13.337"/>
</for>
<status status="PASS" starttime="20230525 14:04:13.264" endtime="20230525 14:04:13.337"/>
</iter>
<iter>
<var name="${rowIndex}">5</var>
<for flavor="IN RANGE">
<var>${columnIndex}</var>
<value>1</value>
<value>${column_count}</value>
<iter>
<var name="${columnIndex}">1</var>
<kw name="Read Cell Data By Coordinates" library="ExcelUtil">
<var>${columnHeader}</var>
<arg>${sheetName}</arg>
<arg>1</arg>
<arg>${columnIndex}</arg>
<doc>Return the value of a cell by giving the sheetname, row value &amp; column value
Example:
| Read Cell Data By Coordinates     |  SheetName | Row Number |  Column Number  |
| Read Cell Data By Coordinates     |  Sheet1 |  1  |  1  |
 To pass integer arguments
| Read Cell Data By Coordinates     |  Sheet1 |  ${1}  |  ${3}  |</doc>
<msg timestamp="20230525 14:04:13.339" level="INFO">${columnHeader} = Name</msg>
<status status="PASS" starttime="20230525 14:04:13.338" endtime="20230525 14:04:13.339"/>
</kw>
<kw name="Read Cell Data By Coordinates" library="ExcelUtil">
<var>${regex}</var>
<arg>${sheetName}</arg>
<arg>2</arg>
<arg>${columnIndex}</arg>
<doc>Return the value of a cell by giving the sheetname, row value &amp; column value
Example:
| Read Cell Data By Coordinates     |  SheetName | Row Number |  Column Number  |
| Read Cell Data By Coordinates     |  Sheet1 |  1  |  1  |
 To pass integer arguments
| Read Cell Data By Coordinates     |  Sheet1 |  ${1}  |  ${3}  |</doc>
<msg timestamp="20230525 14:04:13.340" level="INFO">${regex} = ^[A-Za-z ]{5,20}$</msg>
<status status="PASS" starttime="20230525 14:04:13.339" endtime="20230525 14:04:13.340"/>
</kw>
<kw name="Log" library="BuiltIn">
<arg>${regex}</arg>
<doc>Logs the given message with the given level.</doc>
<msg timestamp="20230525 14:04:13.342" level="INFO">^[A-Za-z ]{5,20}$</msg>
<status status="PASS" starttime="20230525 14:04:13.341" endtime="20230525 14:04:13.342"/>
</kw>
<kw name="Read Cell Data By Coordinates" library="ExcelUtil">
<var>${cellData}</var>
<arg>${sheetName}</arg>
<arg>${rowIndex}</arg>
<arg>${columnIndex}</arg>
<doc>Return the value of a cell by giving the sheetname, row value &amp; column value
Example:
| Read Cell Data By Coordinates     |  SheetName | Row Number |  Column Number  |
| Read Cell Data By Coordinates     |  Sheet1 |  1  |  1  |
 To pass integer arguments
| Read Cell Data By Coordinates     |  Sheet1 |  ${1}  |  ${3}  |</doc>
<msg timestamp="20230525 14:04:13.343" level="INFO">${cellData} = san</msg>
<status status="PASS" starttime="20230525 14:04:13.343" endtime="20230525 14:04:13.344"/>
</kw>
<kw name="Convert To String" library="BuiltIn">
<var>${data}</var>
<arg>${cellData}</arg>
<doc>Converts the given item to a Unicode string.</doc>
<msg timestamp="20230525 14:04:13.345" level="INFO">${data} = san</msg>
<status status="PASS" starttime="20230525 14:04:13.344" endtime="20230525 14:04:13.346"/>
</kw>
<kw name="Log" library="BuiltIn">
<arg>${data}</arg>
<doc>Logs the given message with the given level.</doc>
<msg timestamp="20230525 14:04:13.347" level="INFO">san</msg>
<status status="PASS" starttime="20230525 14:04:13.346" endtime="20230525 14:04:13.347"/>
</kw>
<kw name="Get Regexp Matches" library="String">
<var>${matches}</var>
<arg>${data}</arg>
<arg>${regex}</arg>
<doc>Returns a list of all non-overlapping matches in the given string.</doc>
<msg timestamp="20230525 14:04:13.348" level="INFO">${matches} = []</msg>
<status status="PASS" starttime="20230525 14:04:13.347" endtime="20230525 14:04:13.349"/>
</kw>
<kw name="Log" library="BuiltIn">
<arg>${matches}</arg>
<doc>Logs the given message with the given level.</doc>
<msg timestamp="20230525 14:04:13.350" level="INFO">[]</msg>
<status status="PASS" starttime="20230525 14:04:13.349" endtime="20230525 14:04:13.350"/>
</kw>
<if>
<branch type="IF" condition="${matches} == []">
<kw name="Write Data By Coordinates" library="ExcelUtil">
<arg>${sheetName}</arg>
<arg>${rowIndex}</arg>
<arg>${column_count}</arg>
<arg>Fail</arg>
<doc>Write the value to a call using its co-ordinates
Example:
| Write Data By Coordinates    |  SheetName  | Row Number | Column Number |  Data  |
| Write Data By Coordinates    | Sheet1 | 1 | 1 |  TestData  |</doc>
<status status="PASS" starttime="20230525 14:04:13.352" endtime="20230525 14:04:13.352"/>
</kw>
<kw name="Save Excel" library="ExcelUtil">
<arg>EmployeeDatas.xlsx</arg>
<doc>Save the excel file after writing the data.
Example:
Update existing file:</doc>
<status status="PASS" starttime="20230525 14:04:13.352" endtime="20230525 14:04:13.367"/>
</kw>
<break>
<status status="PASS" starttime="20230525 14:04:13.367" endtime="20230525 14:04:13.367"/>
</break>
<status status="PASS" starttime="20230525 14:04:13.350" endtime="20230525 14:04:13.367"/>
</branch>
<branch type="ELSE">
<kw name="Write Data By Coordinates" library="ExcelUtil">
<arg>${sheetName}</arg>
<arg>${rowIndex}</arg>
<arg>${column_count}</arg>
<arg>Pass</arg>
<doc>Write the value to a call using its co-ordinates
Example:
| Write Data By Coordinates    |  SheetName  | Row Number | Column Number |  Data  |
| Write Data By Coordinates    | Sheet1 | 1 | 1 |  TestData  |</doc>
<status status="NOT RUN" starttime="20230525 14:04:13.367" endtime="20230525 14:04:13.368"/>
</kw>
<kw name="Save Excel" library="ExcelUtil">
<arg>EmployeeDatas.xlsx</arg>
<doc>Save the excel file after writing the data.
Example:
Update existing file:</doc>
<status status="NOT RUN" starttime="20230525 14:04:13.368" endtime="20230525 14:04:13.368"/>
</kw>
<status status="NOT RUN" starttime="20230525 14:04:13.367" endtime="20230525 14:04:13.368"/>
</branch>
<status status="PASS" starttime="20230525 14:04:13.350" endtime="20230525 14:04:13.368"/>
</if>
<status status="PASS" starttime="20230525 14:04:13.338" endtime="20230525 14:04:13.368"/>
</iter>
<status status="PASS" starttime="20230525 14:04:13.338" endtime="20230525 14:04:13.368"/>
</for>
<status status="PASS" starttime="20230525 14:04:13.337" endtime="20230525 14:04:13.368"/>
</iter>
<iter>
<var name="${rowIndex}">6</var>
<for flavor="IN RANGE">
<var>${columnIndex}</var>
<value>1</value>
<value>${column_count}</value>
<iter>
<var name="${columnIndex}">1</var>
<kw name="Read Cell Data By Coordinates" library="ExcelUtil">
<var>${columnHeader}</var>
<arg>${sheetName}</arg>
<arg>1</arg>
<arg>${columnIndex}</arg>
<doc>Return the value of a cell by giving the sheetname, row value &amp; column value
Example:
| Read Cell Data By Coordinates     |  SheetName | Row Number |  Column Number  |
| Read Cell Data By Coordinates     |  Sheet1 |  1  |  1  |
 To pass integer arguments
| Read Cell Data By Coordinates     |  Sheet1 |  ${1}  |  ${3}  |</doc>
<msg timestamp="20230525 14:04:13.369" level="INFO">${columnHeader} = Name</msg>
<status status="PASS" starttime="20230525 14:04:13.369" endtime="20230525 14:04:13.369"/>
</kw>
<kw name="Read Cell Data By Coordinates" library="ExcelUtil">
<var>${regex}</var>
<arg>${sheetName}</arg>
<arg>2</arg>
<arg>${columnIndex}</arg>
<doc>Return the value of a cell by giving the sheetname, row value &amp; column value
Example:
| Read Cell Data By Coordinates     |  SheetName | Row Number |  Column Number  |
| Read Cell Data By Coordinates     |  Sheet1 |  1  |  1  |
 To pass integer arguments
| Read Cell Data By Coordinates     |  Sheet1 |  ${1}  |  ${3}  |</doc>
<msg timestamp="20230525 14:04:13.370" level="INFO">${regex} = ^[A-Za-z ]{5,20}$</msg>
<status status="PASS" starttime="20230525 14:04:13.370" endtime="20230525 14:04:13.370"/>
</kw>
<kw name="Log" library="BuiltIn">
<arg>${regex}</arg>
<doc>Logs the given message with the given level.</doc>
<msg timestamp="20230525 14:04:13.370" level="INFO">^[A-Za-z ]{5,20}$</msg>
<status status="PASS" starttime="20230525 14:04:13.370" endtime="20230525 14:04:13.370"/>
</kw>
<kw name="Read Cell Data By Coordinates" library="ExcelUtil">
<var>${cellData}</var>
<arg>${sheetName}</arg>
<arg>${rowIndex}</arg>
<arg>${columnIndex}</arg>
<doc>Return the value of a cell by giving the sheetname, row value &amp; column value
Example:
| Read Cell Data By Coordinates     |  SheetName | Row Number |  Column Number  |
| Read Cell Data By Coordinates     |  Sheet1 |  1  |  1  |
 To pass integer arguments
| Read Cell Data By Coordinates     |  Sheet1 |  ${1}  |  ${3}  |</doc>
<msg timestamp="20230525 14:04:13.371" level="INFO">${cellData} = Ghouseuddin</msg>
<status status="PASS" starttime="20230525 14:04:13.370" endtime="20230525 14:04:13.371"/>
</kw>
<kw name="Convert To String" library="BuiltIn">
<var>${data}</var>
<arg>${cellData}</arg>
<doc>Converts the given item to a Unicode string.</doc>
<msg timestamp="20230525 14:04:13.371" level="INFO">${data} = Ghouseuddin</msg>
<status status="PASS" starttime="20230525 14:04:13.371" endtime="20230525 14:04:13.371"/>
</kw>
<kw name="Log" library="BuiltIn">
<arg>${data}</arg>
<doc>Logs the given message with the given level.</doc>
<msg timestamp="20230525 14:04:13.372" level="INFO">Ghouseuddin</msg>
<status status="PASS" starttime="20230525 14:04:13.371" endtime="20230525 14:04:13.372"/>
</kw>
<kw name="Get Regexp Matches" library="String">
<var>${matches}</var>
<arg>${data}</arg>
<arg>${regex}</arg>
<doc>Returns a list of all non-overlapping matches in the given string.</doc>
<msg timestamp="20230525 14:04:13.372" level="INFO">${matches} = ['Ghouseuddin']</msg>
<status status="PASS" starttime="20230525 14:04:13.372" endtime="20230525 14:04:13.373"/>
</kw>
<kw name="Log" library="BuiltIn">
<arg>${matches}</arg>
<doc>Logs the given message with the given level.</doc>
<msg timestamp="20230525 14:04:13.374" level="INFO">['Ghouseuddin']</msg>
<status status="PASS" starttime="20230525 14:04:13.373" endtime="20230525 14:04:13.376"/>
</kw>
<if>
<branch type="IF" condition="${matches} == []">
<kw name="Write Data By Coordinates" library="ExcelUtil">
<arg>${sheetName}</arg>
<arg>${rowIndex}</arg>
<arg>${column_count}</arg>
<arg>Fail</arg>
<doc>Write the value to a call using its co-ordinates
Example:
| Write Data By Coordinates    |  SheetName  | Row Number | Column Number |  Data  |
| Write Data By Coordinates    | Sheet1 | 1 | 1 |  TestData  |</doc>
<status status="NOT RUN" starttime="20230525 14:04:13.377" endtime="20230525 14:04:13.377"/>
</kw>
<kw name="Save Excel" library="ExcelUtil">
<arg>EmployeeDatas.xlsx</arg>
<doc>Save the excel file after writing the data.
Example:
Update existing file:</doc>
<status status="NOT RUN" starttime="20230525 14:04:13.377" endtime="20230525 14:04:13.377"/>
</kw>
<break>
<status status="NOT RUN" starttime="20230525 14:04:13.377" endtime="20230525 14:04:13.377"/>
</break>
<status status="NOT RUN" starttime="20230525 14:04:13.376" endtime="20230525 14:04:13.377"/>
</branch>
<branch type="ELSE">
<kw name="Write Data By Coordinates" library="ExcelUtil">
<arg>${sheetName}</arg>
<arg>${rowIndex}</arg>
<arg>${column_count}</arg>
<arg>Pass</arg>
<doc>Write the value to a call using its co-ordinates
Example:
| Write Data By Coordinates    |  SheetName  | Row Number | Column Number |  Data  |
| Write Data By Coordinates    | Sheet1 | 1 | 1 |  TestData  |</doc>
<status status="PASS" starttime="20230525 14:04:13.378" endtime="20230525 14:04:13.378"/>
</kw>
<kw name="Save Excel" library="ExcelUtil">
<arg>EmployeeDatas.xlsx</arg>
<doc>Save the excel file after writing the data.
Example:
Update existing file:</doc>
<status status="PASS" starttime="20230525 14:04:13.378" endtime="20230525 14:04:13.393"/>
</kw>
<status status="PASS" starttime="20230525 14:04:13.378" endtime="20230525 14:04:13.393"/>
</branch>
<status status="PASS" starttime="20230525 14:04:13.376" endtime="20230525 14:04:13.394"/>
</if>
<status status="PASS" starttime="20230525 14:04:13.369" endtime="20230525 14:04:13.394"/>
</iter>
<iter>
<var name="${columnIndex}">2</var>
<kw name="Read Cell Data By Coordinates" library="ExcelUtil">
<var>${columnHeader}</var>
<arg>${sheetName}</arg>
<arg>1</arg>
<arg>${columnIndex}</arg>
<doc>Return the value of a cell by giving the sheetname, row value &amp; column value
Example:
| Read Cell Data By Coordinates     |  SheetName | Row Number |  Column Number  |
| Read Cell Data By Coordinates     |  Sheet1 |  1  |  1  |
 To pass integer arguments
| Read Cell Data By Coordinates     |  Sheet1 |  ${1}  |  ${3}  |</doc>
<msg timestamp="20230525 14:04:13.394" level="INFO">${columnHeader} = Email</msg>
<status status="PASS" starttime="20230525 14:04:13.394" endtime="20230525 14:04:13.395"/>
</kw>
<kw name="Read Cell Data By Coordinates" library="ExcelUtil">
<var>${regex}</var>
<arg>${sheetName}</arg>
<arg>2</arg>
<arg>${columnIndex}</arg>
<doc>Return the value of a cell by giving the sheetname, row value &amp; column value
Example:
| Read Cell Data By Coordinates     |  SheetName | Row Number |  Column Number  |
| Read Cell Data By Coordinates     |  Sheet1 |  1  |  1  |
 To pass integer arguments
| Read Cell Data By Coordinates     |  Sheet1 |  ${1}  |  ${3}  |</doc>
<msg timestamp="20230525 14:04:13.395" level="INFO">${regex} = ^[a-zA-Z0-9_.]+@[a-zA-Z0-9-]+\.[a-zA-Z0-9-.]+$</msg>
<status status="PASS" starttime="20230525 14:04:13.395" endtime="20230525 14:04:13.395"/>
</kw>
<kw name="Log" library="BuiltIn">
<arg>${regex}</arg>
<doc>Logs the given message with the given level.</doc>
<msg timestamp="20230525 14:04:13.396" level="INFO">^[a-zA-Z0-9_.]+@[a-zA-Z0-9-]+\.[a-zA-Z0-9-.]+$</msg>
<status status="PASS" starttime="20230525 14:04:13.395" endtime="20230525 14:04:13.396"/>
</kw>
<kw name="Read Cell Data By Coordinates" library="ExcelUtil">
<var>${cellData}</var>
<arg>${sheetName}</arg>
<arg>${rowIndex}</arg>
<arg>${columnIndex}</arg>
<doc>Return the value of a cell by giving the sheetname, row value &amp; column value
Example:
| Read Cell Data By Coordinates     |  SheetName | Row Number |  Column Number  |
| Read Cell Data By Coordinates     |  Sheet1 |  1  |  1  |
 To pass integer arguments
| Read Cell Data By Coordinates     |  Sheet1 |  ${1}  |  ${3}  |</doc>
<msg timestamp="20230525 14:04:13.397" level="INFO">${cellData} = gousegmail.com</msg>
<status status="PASS" starttime="20230525 14:04:13.396" endtime="20230525 14:04:13.397"/>
</kw>
<kw name="Convert To String" library="BuiltIn">
<var>${data}</var>
<arg>${cellData}</arg>
<doc>Converts the given item to a Unicode string.</doc>
<msg timestamp="20230525 14:04:13.398" level="INFO">${data} = gousegmail.com</msg>
<status status="PASS" starttime="20230525 14:04:13.398" endtime="20230525 14:04:13.399"/>
</kw>
<kw name="Log" library="BuiltIn">
<arg>${data}</arg>
<doc>Logs the given message with the given level.</doc>
<msg timestamp="20230525 14:04:13.399" level="INFO">gousegmail.com</msg>
<status status="PASS" starttime="20230525 14:04:13.399" endtime="20230525 14:04:13.400"/>
</kw>
<kw name="Get Regexp Matches" library="String">
<var>${matches}</var>
<arg>${data}</arg>
<arg>${regex}</arg>
<doc>Returns a list of all non-overlapping matches in the given string.</doc>
<msg timestamp="20230525 14:04:13.401" level="INFO">${matches} = []</msg>
<status status="PASS" starttime="20230525 14:04:13.400" endtime="20230525 14:04:13.401"/>
</kw>
<kw name="Log" library="BuiltIn">
<arg>${matches}</arg>
<doc>Logs the given message with the given level.</doc>
<msg timestamp="20230525 14:04:13.402" level="INFO">[]</msg>
<status status="PASS" starttime="20230525 14:04:13.401" endtime="20230525 14:04:13.403"/>
</kw>
<if>
<branch type="IF" condition="${matches} == []">
<kw name="Write Data By Coordinates" library="ExcelUtil">
<arg>${sheetName}</arg>
<arg>${rowIndex}</arg>
<arg>${column_count}</arg>
<arg>Fail</arg>
<doc>Write the value to a call using its co-ordinates
Example:
| Write Data By Coordinates    |  SheetName  | Row Number | Column Number |  Data  |
| Write Data By Coordinates    | Sheet1 | 1 | 1 |  TestData  |</doc>
<status status="PASS" starttime="20230525 14:04:13.404" endtime="20230525 14:04:13.405"/>
</kw>
<kw name="Save Excel" library="ExcelUtil">
<arg>EmployeeDatas.xlsx</arg>
<doc>Save the excel file after writing the data.
Example:
Update existing file:</doc>
<status status="PASS" starttime="20230525 14:04:13.405" endtime="20230525 14:04:13.419"/>
</kw>
<break>
<status status="PASS" starttime="20230525 14:04:13.419" endtime="20230525 14:04:13.419"/>
</break>
<status status="PASS" starttime="20230525 14:04:13.403" endtime="20230525 14:04:13.419"/>
</branch>
<branch type="ELSE">
<kw name="Write Data By Coordinates" library="ExcelUtil">
<arg>${sheetName}</arg>
<arg>${rowIndex}</arg>
<arg>${column_count}</arg>
<arg>Pass</arg>
<doc>Write the value to a call using its co-ordinates
Example:
| Write Data By Coordinates    |  SheetName  | Row Number | Column Number |  Data  |
| Write Data By Coordinates    | Sheet1 | 1 | 1 |  TestData  |</doc>
<status status="NOT RUN" starttime="20230525 14:04:13.419" endtime="20230525 14:04:13.419"/>
</kw>
<kw name="Save Excel" library="ExcelUtil">
<arg>EmployeeDatas.xlsx</arg>
<doc>Save the excel file after writing the data.
Example:
Update existing file:</doc>
<status status="NOT RUN" starttime="20230525 14:04:13.419" endtime="20230525 14:04:13.420"/>
</kw>
<status status="NOT RUN" starttime="20230525 14:04:13.419" endtime="20230525 14:04:13.420"/>
</branch>
<status status="PASS" starttime="20230525 14:04:13.403" endtime="20230525 14:04:13.420"/>
</if>
<status status="PASS" starttime="20230525 14:04:13.394" endtime="20230525 14:04:13.420"/>
</iter>
<status status="PASS" starttime="20230525 14:04:13.368" endtime="20230525 14:04:13.420"/>
</for>
<status status="PASS" starttime="20230525 14:04:13.368" endtime="20230525 14:04:13.420"/>
</iter>
<iter>
<var name="${rowIndex}">7</var>
<for flavor="IN RANGE">
<var>${columnIndex}</var>
<value>1</value>
<value>${column_count}</value>
<iter>
<var name="${columnIndex}">1</var>
<kw name="Read Cell Data By Coordinates" library="ExcelUtil">
<var>${columnHeader}</var>
<arg>${sheetName}</arg>
<arg>1</arg>
<arg>${columnIndex}</arg>
<doc>Return the value of a cell by giving the sheetname, row value &amp; column value
Example:
| Read Cell Data By Coordinates     |  SheetName | Row Number |  Column Number  |
| Read Cell Data By Coordinates     |  Sheet1 |  1  |  1  |
 To pass integer arguments
| Read Cell Data By Coordinates     |  Sheet1 |  ${1}  |  ${3}  |</doc>
<msg timestamp="20230525 14:04:13.421" level="INFO">${columnHeader} = Name</msg>
<status status="PASS" starttime="20230525 14:04:13.421" endtime="20230525 14:04:13.422"/>
</kw>
<kw name="Read Cell Data By Coordinates" library="ExcelUtil">
<var>${regex}</var>
<arg>${sheetName}</arg>
<arg>2</arg>
<arg>${columnIndex}</arg>
<doc>Return the value of a cell by giving the sheetname, row value &amp; column value
Example:
| Read Cell Data By Coordinates     |  SheetName | Row Number |  Column Number  |
| Read Cell Data By Coordinates     |  Sheet1 |  1  |  1  |
 To pass integer arguments
| Read Cell Data By Coordinates     |  Sheet1 |  ${1}  |  ${3}  |</doc>
<msg timestamp="20230525 14:04:13.423" level="INFO">${regex} = ^[A-Za-z ]{5,20}$</msg>
<status status="PASS" starttime="20230525 14:04:13.422" endtime="20230525 14:04:13.423"/>
</kw>
<kw name="Log" library="BuiltIn">
<arg>${regex}</arg>
<doc>Logs the given message with the given level.</doc>
<msg timestamp="20230525 14:04:13.425" level="INFO">^[A-Za-z ]{5,20}$</msg>
<status status="PASS" starttime="20230525 14:04:13.424" endtime="20230525 14:04:13.425"/>
</kw>
<kw name="Read Cell Data By Coordinates" library="ExcelUtil">
<var>${cellData}</var>
<arg>${sheetName}</arg>
<arg>${rowIndex}</arg>
<arg>${columnIndex}</arg>
<doc>Return the value of a cell by giving the sheetname, row value &amp; column value
Example:
| Read Cell Data By Coordinates     |  SheetName | Row Number |  Column Number  |
| Read Cell Data By Coordinates     |  Sheet1 |  1  |  1  |
 To pass integer arguments
| Read Cell Data By Coordinates     |  Sheet1 |  ${1}  |  ${3}  |</doc>
<msg timestamp="20230525 14:04:13.427" level="INFO">${cellData} = Saravanan</msg>
<status status="PASS" starttime="20230525 14:04:13.425" endtime="20230525 14:04:13.427"/>
</kw>
<kw name="Convert To String" library="BuiltIn">
<var>${data}</var>
<arg>${cellData}</arg>
<doc>Converts the given item to a Unicode string.</doc>
<msg timestamp="20230525 14:04:13.428" level="INFO">${data} = Saravanan</msg>
<status status="PASS" starttime="20230525 14:04:13.428" endtime="20230525 14:04:13.428"/>
</kw>
<kw name="Log" library="BuiltIn">
<arg>${data}</arg>
<doc>Logs the given message with the given level.</doc>
<msg timestamp="20230525 14:04:13.430" level="INFO">Saravanan</msg>
<status status="PASS" starttime="20230525 14:04:13.429" endtime="20230525 14:04:13.430"/>
</kw>
<kw name="Get Regexp Matches" library="String">
<var>${matches}</var>
<arg>${data}</arg>
<arg>${regex}</arg>
<doc>Returns a list of all non-overlapping matches in the given string.</doc>
<msg timestamp="20230525 14:04:13.431" level="INFO">${matches} = ['Saravanan']</msg>
<status status="PASS" starttime="20230525 14:04:13.430" endtime="20230525 14:04:13.431"/>
</kw>
<kw name="Log" library="BuiltIn">
<arg>${matches}</arg>
<doc>Logs the given message with the given level.</doc>
<msg timestamp="20230525 14:04:13.432" level="INFO">['Saravanan']</msg>
<status status="PASS" starttime="20230525 14:04:13.432" endtime="20230525 14:04:13.432"/>
</kw>
<if>
<branch type="IF" condition="${matches} == []">
<kw name="Write Data By Coordinates" library="ExcelUtil">
<arg>${sheetName}</arg>
<arg>${rowIndex}</arg>
<arg>${column_count}</arg>
<arg>Fail</arg>
<doc>Write the value to a call using its co-ordinates
Example:
| Write Data By Coordinates    |  SheetName  | Row Number | Column Number |  Data  |
| Write Data By Coordinates    | Sheet1 | 1 | 1 |  TestData  |</doc>
<status status="NOT RUN" starttime="20230525 14:04:13.433" endtime="20230525 14:04:13.433"/>
</kw>
<kw name="Save Excel" library="ExcelUtil">
<arg>EmployeeDatas.xlsx</arg>
<doc>Save the excel file after writing the data.
Example:
Update existing file:</doc>
<status status="NOT RUN" starttime="20230525 14:04:13.433" endtime="20230525 14:04:13.434"/>
</kw>
<break>
<status status="NOT RUN" starttime="20230525 14:04:13.434" endtime="20230525 14:04:13.434"/>
</break>
<status status="NOT RUN" starttime="20230525 14:04:13.432" endtime="20230525 14:04:13.434"/>
</branch>
<branch type="ELSE">
<kw name="Write Data By Coordinates" library="ExcelUtil">
<arg>${sheetName}</arg>
<arg>${rowIndex}</arg>
<arg>${column_count}</arg>
<arg>Pass</arg>
<doc>Write the value to a call using its co-ordinates
Example:
| Write Data By Coordinates    |  SheetName  | Row Number | Column Number |  Data  |
| Write Data By Coordinates    | Sheet1 | 1 | 1 |  TestData  |</doc>
<status status="PASS" starttime="20230525 14:04:13.434" endtime="20230525 14:04:13.435"/>
</kw>
<kw name="Save Excel" library="ExcelUtil">
<arg>EmployeeDatas.xlsx</arg>
<doc>Save the excel file after writing the data.
Example:
Update existing file:</doc>
<status status="PASS" starttime="20230525 14:04:13.435" endtime="20230525 14:04:13.452"/>
</kw>
<status status="PASS" starttime="20230525 14:04:13.434" endtime="20230525 14:04:13.452"/>
</branch>
<status status="PASS" starttime="20230525 14:04:13.432" endtime="20230525 14:04:13.452"/>
</if>
<status status="PASS" starttime="20230525 14:04:13.420" endtime="20230525 14:04:13.452"/>
</iter>
<iter>
<var name="${columnIndex}">2</var>
<kw name="Read Cell Data By Coordinates" library="ExcelUtil">
<var>${columnHeader}</var>
<arg>${sheetName}</arg>
<arg>1</arg>
<arg>${columnIndex}</arg>
<doc>Return the value of a cell by giving the sheetname, row value &amp; column value
Example:
| Read Cell Data By Coordinates     |  SheetName | Row Number |  Column Number  |
| Read Cell Data By Coordinates     |  Sheet1 |  1  |  1  |
 To pass integer arguments
| Read Cell Data By Coordinates     |  Sheet1 |  ${1}  |  ${3}  |</doc>
<msg timestamp="20230525 14:04:13.453" level="INFO">${columnHeader} = Email</msg>
<status status="PASS" starttime="20230525 14:04:13.453" endtime="20230525 14:04:13.453"/>
</kw>
<kw name="Read Cell Data By Coordinates" library="ExcelUtil">
<var>${regex}</var>
<arg>${sheetName}</arg>
<arg>2</arg>
<arg>${columnIndex}</arg>
<doc>Return the value of a cell by giving the sheetname, row value &amp; column value
Example:
| Read Cell Data By Coordinates     |  SheetName | Row Number |  Column Number  |
| Read Cell Data By Coordinates     |  Sheet1 |  1  |  1  |
 To pass integer arguments
| Read Cell Data By Coordinates     |  Sheet1 |  ${1}  |  ${3}  |</doc>
<msg timestamp="20230525 14:04:13.454" level="INFO">${regex} = ^[a-zA-Z0-9_.]+@[a-zA-Z0-9-]+\.[a-zA-Z0-9-.]+$</msg>
<status status="PASS" starttime="20230525 14:04:13.453" endtime="20230525 14:04:13.454"/>
</kw>
<kw name="Log" library="BuiltIn">
<arg>${regex}</arg>
<doc>Logs the given message with the given level.</doc>
<msg timestamp="20230525 14:04:13.455" level="INFO">^[a-zA-Z0-9_.]+@[a-zA-Z0-9-]+\.[a-zA-Z0-9-.]+$</msg>
<status status="PASS" starttime="20230525 14:04:13.454" endtime="20230525 14:04:13.455"/>
</kw>
<kw name="Read Cell Data By Coordinates" library="ExcelUtil">
<var>${cellData}</var>
<arg>${sheetName}</arg>
<arg>${rowIndex}</arg>
<arg>${columnIndex}</arg>
<doc>Return the value of a cell by giving the sheetname, row value &amp; column value
Example:
| Read Cell Data By Coordinates     |  SheetName | Row Number |  Column Number  |
| Read Cell Data By Coordinates     |  Sheet1 |  1  |  1  |
 To pass integer arguments
| Read Cell Data By Coordinates     |  Sheet1 |  ${1}  |  ${3}  |</doc>
<msg timestamp="20230525 14:04:13.456" level="INFO">${cellData} = saro@gmail.com</msg>
<status status="PASS" starttime="20230525 14:04:13.455" endtime="20230525 14:04:13.456"/>
</kw>
<kw name="Convert To String" library="BuiltIn">
<var>${data}</var>
<arg>${cellData}</arg>
<doc>Converts the given item to a Unicode string.</doc>
<msg timestamp="20230525 14:04:13.457" level="INFO">${data} = saro@gmail.com</msg>
<status status="PASS" starttime="20230525 14:04:13.457" endtime="20230525 14:04:13.458"/>
</kw>
<kw name="Log" library="BuiltIn">
<arg>${data}</arg>
<doc>Logs the given message with the given level.</doc>
<msg timestamp="20230525 14:04:13.460" level="INFO">saro@gmail.com</msg>
<status status="PASS" starttime="20230525 14:04:13.458" endtime="20230525 14:04:13.460"/>
</kw>
<kw name="Get Regexp Matches" library="String">
<var>${matches}</var>
<arg>${data}</arg>
<arg>${regex}</arg>
<doc>Returns a list of all non-overlapping matches in the given string.</doc>
<msg timestamp="20230525 14:04:13.461" level="INFO">${matches} = ['saro@gmail.com']</msg>
<status status="PASS" starttime="20230525 14:04:13.460" endtime="20230525 14:04:13.461"/>
</kw>
<kw name="Log" library="BuiltIn">
<arg>${matches}</arg>
<doc>Logs the given message with the given level.</doc>
<msg timestamp="20230525 14:04:13.463" level="INFO">['saro@gmail.com']</msg>
<status status="PASS" starttime="20230525 14:04:13.463" endtime="20230525 14:04:13.464"/>
</kw>
<if>
<branch type="IF" condition="${matches} == []">
<kw name="Write Data By Coordinates" library="ExcelUtil">
<arg>${sheetName}</arg>
<arg>${rowIndex}</arg>
<arg>${column_count}</arg>
<arg>Fail</arg>
<doc>Write the value to a call using its co-ordinates
Example:
| Write Data By Coordinates    |  SheetName  | Row Number | Column Number |  Data  |
| Write Data By Coordinates    | Sheet1 | 1 | 1 |  TestData  |</doc>
<status status="NOT RUN" starttime="20230525 14:04:13.465" endtime="20230525 14:04:13.465"/>
</kw>
<kw name="Save Excel" library="ExcelUtil">
<arg>EmployeeDatas.xlsx</arg>
<doc>Save the excel file after writing the data.
Example:
Update existing file:</doc>
<status status="NOT RUN" starttime="20230525 14:04:13.465" endtime="20230525 14:04:13.466"/>
</kw>
<break>
<status status="NOT RUN" starttime="20230525 14:04:13.466" endtime="20230525 14:04:13.466"/>
</break>
<status status="NOT RUN" starttime="20230525 14:04:13.464" endtime="20230525 14:04:13.466"/>
</branch>
<branch type="ELSE">
<kw name="Write Data By Coordinates" library="ExcelUtil">
<arg>${sheetName}</arg>
<arg>${rowIndex}</arg>
<arg>${column_count}</arg>
<arg>Pass</arg>
<doc>Write the value to a call using its co-ordinates
Example:
| Write Data By Coordinates    |  SheetName  | Row Number | Column Number |  Data  |
| Write Data By Coordinates    | Sheet1 | 1 | 1 |  TestData  |</doc>
<status status="PASS" starttime="20230525 14:04:13.466" endtime="20230525 14:04:13.467"/>
</kw>
<kw name="Save Excel" library="ExcelUtil">
<arg>EmployeeDatas.xlsx</arg>
<doc>Save the excel file after writing the data.
Example:
Update existing file:</doc>
<status status="PASS" starttime="20230525 14:04:13.467" endtime="20230525 14:04:13.476"/>
</kw>
<status status="PASS" starttime="20230525 14:04:13.466" endtime="20230525 14:04:13.476"/>
</branch>
<status status="PASS" starttime="20230525 14:04:13.464" endtime="20230525 14:04:13.476"/>
</if>
<status status="PASS" starttime="20230525 14:04:13.452" endtime="20230525 14:04:13.476"/>
</iter>
<iter>
<var name="${columnIndex}">3</var>
<kw name="Read Cell Data By Coordinates" library="ExcelUtil">
<var>${columnHeader}</var>
<arg>${sheetName}</arg>
<arg>1</arg>
<arg>${columnIndex}</arg>
<doc>Return the value of a cell by giving the sheetname, row value &amp; column value
Example:
| Read Cell Data By Coordinates     |  SheetName | Row Number |  Column Number  |
| Read Cell Data By Coordinates     |  Sheet1 |  1  |  1  |
 To pass integer arguments
| Read Cell Data By Coordinates     |  Sheet1 |  ${1}  |  ${3}  |</doc>
<msg timestamp="20230525 14:04:13.477" level="INFO">${columnHeader} = Mobile No</msg>
<status status="PASS" starttime="20230525 14:04:13.476" endtime="20230525 14:04:13.477"/>
</kw>
<kw name="Read Cell Data By Coordinates" library="ExcelUtil">
<var>${regex}</var>
<arg>${sheetName}</arg>
<arg>2</arg>
<arg>${columnIndex}</arg>
<doc>Return the value of a cell by giving the sheetname, row value &amp; column value
Example:
| Read Cell Data By Coordinates     |  SheetName | Row Number |  Column Number  |
| Read Cell Data By Coordinates     |  Sheet1 |  1  |  1  |
 To pass integer arguments
| Read Cell Data By Coordinates     |  Sheet1 |  ${1}  |  ${3}  |</doc>
<msg timestamp="20230525 14:04:13.478" level="INFO">${regex} = ^[0-9]{10}$</msg>
<status status="PASS" starttime="20230525 14:04:13.477" endtime="20230525 14:04:13.478"/>
</kw>
<kw name="Log" library="BuiltIn">
<arg>${regex}</arg>
<doc>Logs the given message with the given level.</doc>
<msg timestamp="20230525 14:04:13.478" level="INFO">^[0-9]{10}$</msg>
<status status="PASS" starttime="20230525 14:04:13.478" endtime="20230525 14:04:13.480"/>
</kw>
<kw name="Read Cell Data By Coordinates" library="ExcelUtil">
<var>${cellData}</var>
<arg>${sheetName}</arg>
<arg>${rowIndex}</arg>
<arg>${columnIndex}</arg>
<doc>Return the value of a cell by giving the sheetname, row value &amp; column value
Example:
| Read Cell Data By Coordinates     |  SheetName | Row Number |  Column Number  |
| Read Cell Data By Coordinates     |  Sheet1 |  1  |  1  |
 To pass integer arguments
| Read Cell Data By Coordinates     |  Sheet1 |  ${1}  |  ${3}  |</doc>
<msg timestamp="20230525 14:04:13.480" level="INFO">${cellData} = 7686351982</msg>
<status status="PASS" starttime="20230525 14:04:13.480" endtime="20230525 14:04:13.481"/>
</kw>
<kw name="Convert To String" library="BuiltIn">
<var>${data}</var>
<arg>${cellData}</arg>
<doc>Converts the given item to a Unicode string.</doc>
<msg timestamp="20230525 14:04:13.482" level="INFO">${data} = 7686351982</msg>
<status status="PASS" starttime="20230525 14:04:13.481" endtime="20230525 14:04:13.482"/>
</kw>
<kw name="Log" library="BuiltIn">
<arg>${data}</arg>
<doc>Logs the given message with the given level.</doc>
<msg timestamp="20230525 14:04:13.483" level="INFO">7686351982</msg>
<status status="PASS" starttime="20230525 14:04:13.482" endtime="20230525 14:04:13.483"/>
</kw>
<kw name="Get Regexp Matches" library="String">
<var>${matches}</var>
<arg>${data}</arg>
<arg>${regex}</arg>
<doc>Returns a list of all non-overlapping matches in the given string.</doc>
<msg timestamp="20230525 14:04:13.484" level="INFO">${matches} = ['7686351982']</msg>
<status status="PASS" starttime="20230525 14:04:13.483" endtime="20230525 14:04:13.484"/>
</kw>
<kw name="Log" library="BuiltIn">
<arg>${matches}</arg>
<doc>Logs the given message with the given level.</doc>
<msg timestamp="20230525 14:04:13.485" level="INFO">['7686351982']</msg>
<status status="PASS" starttime="20230525 14:04:13.484" endtime="20230525 14:04:13.485"/>
</kw>
<if>
<branch type="IF" condition="${matches} == []">
<kw name="Write Data By Coordinates" library="ExcelUtil">
<arg>${sheetName}</arg>
<arg>${rowIndex}</arg>
<arg>${column_count}</arg>
<arg>Fail</arg>
<doc>Write the value to a call using its co-ordinates
Example:
| Write Data By Coordinates    |  SheetName  | Row Number | Column Number |  Data  |
| Write Data By Coordinates    | Sheet1 | 1 | 1 |  TestData  |</doc>
<status status="NOT RUN" starttime="20230525 14:04:13.486" endtime="20230525 14:04:13.486"/>
</kw>
<kw name="Save Excel" library="ExcelUtil">
<arg>EmployeeDatas.xlsx</arg>
<doc>Save the excel file after writing the data.
Example:
Update existing file:</doc>
<status status="NOT RUN" starttime="20230525 14:04:13.487" endtime="20230525 14:04:13.487"/>
</kw>
<break>
<status status="NOT RUN" starttime="20230525 14:04:13.487" endtime="20230525 14:04:13.487"/>
</break>
<status status="NOT RUN" starttime="20230525 14:04:13.485" endtime="20230525 14:04:13.487"/>
</branch>
<branch type="ELSE">
<kw name="Write Data By Coordinates" library="ExcelUtil">
<arg>${sheetName}</arg>
<arg>${rowIndex}</arg>
<arg>${column_count}</arg>
<arg>Pass</arg>
<doc>Write the value to a call using its co-ordinates
Example:
| Write Data By Coordinates    |  SheetName  | Row Number | Column Number |  Data  |
| Write Data By Coordinates    | Sheet1 | 1 | 1 |  TestData  |</doc>
<status status="PASS" starttime="20230525 14:04:13.487" endtime="20230525 14:04:13.488"/>
</kw>
<kw name="Save Excel" library="ExcelUtil">
<arg>EmployeeDatas.xlsx</arg>
<doc>Save the excel file after writing the data.
Example:
Update existing file:</doc>
<status status="PASS" starttime="20230525 14:04:13.488" endtime="20230525 14:04:13.496"/>
</kw>
<status status="PASS" starttime="20230525 14:04:13.487" endtime="20230525 14:04:13.497"/>
</branch>
<status status="PASS" starttime="20230525 14:04:13.485" endtime="20230525 14:04:13.497"/>
</if>
<status status="PASS" starttime="20230525 14:04:13.476" endtime="20230525 14:04:13.497"/>
</iter>
<iter>
<var name="${columnIndex}">4</var>
<kw name="Read Cell Data By Coordinates" library="ExcelUtil">
<var>${columnHeader}</var>
<arg>${sheetName}</arg>
<arg>1</arg>
<arg>${columnIndex}</arg>
<doc>Return the value of a cell by giving the sheetname, row value &amp; column value
Example:
| Read Cell Data By Coordinates     |  SheetName | Row Number |  Column Number  |
| Read Cell Data By Coordinates     |  Sheet1 |  1  |  1  |
 To pass integer arguments
| Read Cell Data By Coordinates     |  Sheet1 |  ${1}  |  ${3}  |</doc>
<msg timestamp="20230525 14:04:13.498" level="INFO">${columnHeader} = Emp Id</msg>
<status status="PASS" starttime="20230525 14:04:13.497" endtime="20230525 14:04:13.498"/>
</kw>
<kw name="Read Cell Data By Coordinates" library="ExcelUtil">
<var>${regex}</var>
<arg>${sheetName}</arg>
<arg>2</arg>
<arg>${columnIndex}</arg>
<doc>Return the value of a cell by giving the sheetname, row value &amp; column value
Example:
| Read Cell Data By Coordinates     |  SheetName | Row Number |  Column Number  |
| Read Cell Data By Coordinates     |  Sheet1 |  1  |  1  |
 To pass integer arguments
| Read Cell Data By Coordinates     |  Sheet1 |  ${1}  |  ${3}  |</doc>
<msg timestamp="20230525 14:04:13.498" level="INFO">${regex} = \d{6}</msg>
<status status="PASS" starttime="20230525 14:04:13.498" endtime="20230525 14:04:13.499"/>
</kw>
<kw name="Log" library="BuiltIn">
<arg>${regex}</arg>
<doc>Logs the given message with the given level.</doc>
<msg timestamp="20230525 14:04:13.500" level="INFO">\d{6}</msg>
<status status="PASS" starttime="20230525 14:04:13.499" endtime="20230525 14:04:13.500"/>
</kw>
<kw name="Read Cell Data By Coordinates" library="ExcelUtil">
<var>${cellData}</var>
<arg>${sheetName}</arg>
<arg>${rowIndex}</arg>
<arg>${columnIndex}</arg>
<doc>Return the value of a cell by giving the sheetname, row value &amp; column value
Example:
| Read Cell Data By Coordinates     |  SheetName | Row Number |  Column Number  |
| Read Cell Data By Coordinates     |  Sheet1 |  1  |  1  |
 To pass integer arguments
| Read Cell Data By Coordinates     |  Sheet1 |  ${1}  |  ${3}  |</doc>
<msg timestamp="20230525 14:04:13.500" level="INFO">${cellData} = 334100</msg>
<status status="PASS" starttime="20230525 14:04:13.500" endtime="20230525 14:04:13.500"/>
</kw>
<kw name="Convert To String" library="BuiltIn">
<var>${data}</var>
<arg>${cellData}</arg>
<doc>Converts the given item to a Unicode string.</doc>
<msg timestamp="20230525 14:04:13.501" level="INFO">${data} = 334100</msg>
<status status="PASS" starttime="20230525 14:04:13.501" endtime="20230525 14:04:13.502"/>
</kw>
<kw name="Log" library="BuiltIn">
<arg>${data}</arg>
<doc>Logs the given message with the given level.</doc>
<msg timestamp="20230525 14:04:13.502" level="INFO">334100</msg>
<status status="PASS" starttime="20230525 14:04:13.502" endtime="20230525 14:04:13.503"/>
</kw>
<kw name="Get Regexp Matches" library="String">
<var>${matches}</var>
<arg>${data}</arg>
<arg>${regex}</arg>
<doc>Returns a list of all non-overlapping matches in the given string.</doc>
<msg timestamp="20230525 14:04:13.504" level="INFO">${matches} = ['334100']</msg>
<status status="PASS" starttime="20230525 14:04:13.503" endtime="20230525 14:04:13.504"/>
</kw>
<kw name="Log" library="BuiltIn">
<arg>${matches}</arg>
<doc>Logs the given message with the given level.</doc>
<msg timestamp="20230525 14:04:13.505" level="INFO">['334100']</msg>
<status status="PASS" starttime="20230525 14:04:13.504" endtime="20230525 14:04:13.505"/>
</kw>
<if>
<branch type="IF" condition="${matches} == []">
<kw name="Write Data By Coordinates" library="ExcelUtil">
<arg>${sheetName}</arg>
<arg>${rowIndex}</arg>
<arg>${column_count}</arg>
<arg>Fail</arg>
<doc>Write the value to a call using its co-ordinates
Example:
| Write Data By Coordinates    |  SheetName  | Row Number | Column Number |  Data  |
| Write Data By Coordinates    | Sheet1 | 1 | 1 |  TestData  |</doc>
<status status="NOT RUN" starttime="20230525 14:04:13.507" endtime="20230525 14:04:13.507"/>
</kw>
<kw name="Save Excel" library="ExcelUtil">
<arg>EmployeeDatas.xlsx</arg>
<doc>Save the excel file after writing the data.
Example:
Update existing file:</doc>
<status status="NOT RUN" starttime="20230525 14:04:13.507" endtime="20230525 14:04:13.507"/>
</kw>
<break>
<status status="NOT RUN" starttime="20230525 14:04:13.507" endtime="20230525 14:04:13.508"/>
</break>
<status status="NOT RUN" starttime="20230525 14:04:13.506" endtime="20230525 14:04:13.508"/>
</branch>
<branch type="ELSE">
<kw name="Write Data By Coordinates" library="ExcelUtil">
<arg>${sheetName}</arg>
<arg>${rowIndex}</arg>
<arg>${column_count}</arg>
<arg>Pass</arg>
<doc>Write the value to a call using its co-ordinates
Example:
| Write Data By Coordinates    |  SheetName  | Row Number | Column Number |  Data  |
| Write Data By Coordinates    | Sheet1 | 1 | 1 |  TestData  |</doc>
<status status="PASS" starttime="20230525 14:04:13.508" endtime="20230525 14:04:13.508"/>
</kw>
<kw name="Save Excel" library="ExcelUtil">
<arg>EmployeeDatas.xlsx</arg>
<doc>Save the excel file after writing the data.
Example:
Update existing file:</doc>
<status status="PASS" starttime="20230525 14:04:13.509" endtime="20230525 14:04:13.517"/>
</kw>
<status status="PASS" starttime="20230525 14:04:13.508" endtime="20230525 14:04:13.517"/>
</branch>
<status status="PASS" starttime="20230525 14:04:13.506" endtime="20230525 14:04:13.517"/>
</if>
<status status="PASS" starttime="20230525 14:04:13.497" endtime="20230525 14:04:13.517"/>
</iter>
<status status="PASS" starttime="20230525 14:04:13.420" endtime="20230525 14:04:13.517"/>
</for>
<status status="PASS" starttime="20230525 14:04:13.420" endtime="20230525 14:04:13.517"/>
</iter>
<iter>
<var name="${rowIndex}">8</var>
<for flavor="IN RANGE">
<var>${columnIndex}</var>
<value>1</value>
<value>${column_count}</value>
<iter>
<var name="${columnIndex}">1</var>
<kw name="Read Cell Data By Coordinates" library="ExcelUtil">
<var>${columnHeader}</var>
<arg>${sheetName}</arg>
<arg>1</arg>
<arg>${columnIndex}</arg>
<doc>Return the value of a cell by giving the sheetname, row value &amp; column value
Example:
| Read Cell Data By Coordinates     |  SheetName | Row Number |  Column Number  |
| Read Cell Data By Coordinates     |  Sheet1 |  1  |  1  |
 To pass integer arguments
| Read Cell Data By Coordinates     |  Sheet1 |  ${1}  |  ${3}  |</doc>
<msg timestamp="20230525 14:04:13.518" level="INFO">${columnHeader} = Name</msg>
<status status="PASS" starttime="20230525 14:04:13.518" endtime="20230525 14:04:13.519"/>
</kw>
<kw name="Read Cell Data By Coordinates" library="ExcelUtil">
<var>${regex}</var>
<arg>${sheetName}</arg>
<arg>2</arg>
<arg>${columnIndex}</arg>
<doc>Return the value of a cell by giving the sheetname, row value &amp; column value
Example:
| Read Cell Data By Coordinates     |  SheetName | Row Number |  Column Number  |
| Read Cell Data By Coordinates     |  Sheet1 |  1  |  1  |
 To pass integer arguments
| Read Cell Data By Coordinates     |  Sheet1 |  ${1}  |  ${3}  |</doc>
<msg timestamp="20230525 14:04:13.520" level="INFO">${regex} = ^[A-Za-z ]{5,20}$</msg>
<status status="PASS" starttime="20230525 14:04:13.519" endtime="20230525 14:04:13.520"/>
</kw>
<kw name="Log" library="BuiltIn">
<arg>${regex}</arg>
<doc>Logs the given message with the given level.</doc>
<msg timestamp="20230525 14:04:13.520" level="INFO">^[A-Za-z ]{5,20}$</msg>
<status status="PASS" starttime="20230525 14:04:13.520" endtime="20230525 14:04:13.520"/>
</kw>
<kw name="Read Cell Data By Coordinates" library="ExcelUtil">
<var>${cellData}</var>
<arg>${sheetName}</arg>
<arg>${rowIndex}</arg>
<arg>${columnIndex}</arg>
<doc>Return the value of a cell by giving the sheetname, row value &amp; column value
Example:
| Read Cell Data By Coordinates     |  SheetName | Row Number |  Column Number  |
| Read Cell Data By Coordinates     |  Sheet1 |  1  |  1  |
 To pass integer arguments
| Read Cell Data By Coordinates     |  Sheet1 |  ${1}  |  ${3}  |</doc>
<msg timestamp="20230525 14:04:13.521" level="INFO">${cellData} = None</msg>
<status status="PASS" starttime="20230525 14:04:13.520" endtime="20230525 14:04:13.521"/>
</kw>
<kw name="Convert To String" library="BuiltIn">
<var>${data}</var>
<arg>${cellData}</arg>
<doc>Converts the given item to a Unicode string.</doc>
<msg timestamp="20230525 14:04:13.522" level="INFO">${data} = None</msg>
<status status="PASS" starttime="20230525 14:04:13.521" endtime="20230525 14:04:13.522"/>
</kw>
<kw name="Log" library="BuiltIn">
<arg>${data}</arg>
<doc>Logs the given message with the given level.</doc>
<msg timestamp="20230525 14:04:13.523" level="INFO">None</msg>
<status status="PASS" starttime="20230525 14:04:13.522" endtime="20230525 14:04:13.523"/>
</kw>
<kw name="Get Regexp Matches" library="String">
<var>${matches}</var>
<arg>${data}</arg>
<arg>${regex}</arg>
<doc>Returns a list of all non-overlapping matches in the given string.</doc>
<msg timestamp="20230525 14:04:13.526" level="INFO">${matches} = []</msg>
<status status="PASS" starttime="20230525 14:04:13.524" endtime="20230525 14:04:13.526"/>
</kw>
<kw name="Log" library="BuiltIn">
<arg>${matches}</arg>
<doc>Logs the given message with the given level.</doc>
<msg timestamp="20230525 14:04:13.527" level="INFO">[]</msg>
<status status="PASS" starttime="20230525 14:04:13.527" endtime="20230525 14:04:13.528"/>
</kw>
<if>
<branch type="IF" condition="${matches} == []">
<kw name="Write Data By Coordinates" library="ExcelUtil">
<arg>${sheetName}</arg>
<arg>${rowIndex}</arg>
<arg>${column_count}</arg>
<arg>Fail</arg>
<doc>Write the value to a call using its co-ordinates
Example:
| Write Data By Coordinates    |  SheetName  | Row Number | Column Number |  Data  |
| Write Data By Coordinates    | Sheet1 | 1 | 1 |  TestData  |</doc>
<status status="PASS" starttime="20230525 14:04:13.528" endtime="20230525 14:04:13.529"/>
</kw>
<kw name="Save Excel" library="ExcelUtil">
<arg>EmployeeDatas.xlsx</arg>
<doc>Save the excel file after writing the data.
Example:
Update existing file:</doc>
<status status="PASS" starttime="20230525 14:04:13.529" endtime="20230525 14:04:13.540"/>
</kw>
<break>
<status status="PASS" starttime="20230525 14:04:13.540" endtime="20230525 14:04:13.540"/>
</break>
<status status="PASS" starttime="20230525 14:04:13.528" endtime="20230525 14:04:13.542"/>
</branch>
<branch type="ELSE">
<kw name="Write Data By Coordinates" library="ExcelUtil">
<arg>${sheetName}</arg>
<arg>${rowIndex}</arg>
<arg>${column_count}</arg>
<arg>Pass</arg>
<doc>Write the value to a call using its co-ordinates
Example:
| Write Data By Coordinates    |  SheetName  | Row Number | Column Number |  Data  |
| Write Data By Coordinates    | Sheet1 | 1 | 1 |  TestData  |</doc>
<status status="NOT RUN" starttime="20230525 14:04:13.542" endtime="20230525 14:04:13.542"/>
</kw>
<kw name="Save Excel" library="ExcelUtil">
<arg>EmployeeDatas.xlsx</arg>
<doc>Save the excel file after writing the data.
Example:
Update existing file:</doc>
<status status="NOT RUN" starttime="20230525 14:04:13.542" endtime="20230525 14:04:13.542"/>
</kw>
<status status="NOT RUN" starttime="20230525 14:04:13.542" endtime="20230525 14:04:13.543"/>
</branch>
<status status="PASS" starttime="20230525 14:04:13.528" endtime="20230525 14:04:13.543"/>
</if>
<status status="PASS" starttime="20230525 14:04:13.518" endtime="20230525 14:04:13.543"/>
</iter>
<status status="PASS" starttime="20230525 14:04:13.517" endtime="20230525 14:04:13.543"/>
</for>
<status status="PASS" starttime="20230525 14:04:13.517" endtime="20230525 14:04:13.543"/>
</iter>
<iter>
<var name="${rowIndex}">9</var>
<for flavor="IN RANGE">
<var>${columnIndex}</var>
<value>1</value>
<value>${column_count}</value>
<iter>
<var name="${columnIndex}">1</var>
<kw name="Read Cell Data By Coordinates" library="ExcelUtil">
<var>${columnHeader}</var>
<arg>${sheetName}</arg>
<arg>1</arg>
<arg>${columnIndex}</arg>
<doc>Return the value of a cell by giving the sheetname, row value &amp; column value
Example:
| Read Cell Data By Coordinates     |  SheetName | Row Number |  Column Number  |
| Read Cell Data By Coordinates     |  Sheet1 |  1  |  1  |
 To pass integer arguments
| Read Cell Data By Coordinates     |  Sheet1 |  ${1}  |  ${3}  |</doc>
<msg timestamp="20230525 14:04:13.544" level="INFO">${columnHeader} = Name</msg>
<status status="PASS" starttime="20230525 14:04:13.544" endtime="20230525 14:04:13.544"/>
</kw>
<kw name="Read Cell Data By Coordinates" library="ExcelUtil">
<var>${regex}</var>
<arg>${sheetName}</arg>
<arg>2</arg>
<arg>${columnIndex}</arg>
<doc>Return the value of a cell by giving the sheetname, row value &amp; column value
Example:
| Read Cell Data By Coordinates     |  SheetName | Row Number |  Column Number  |
| Read Cell Data By Coordinates     |  Sheet1 |  1  |  1  |
 To pass integer arguments
| Read Cell Data By Coordinates     |  Sheet1 |  ${1}  |  ${3}  |</doc>
<msg timestamp="20230525 14:04:13.545" level="INFO">${regex} = ^[A-Za-z ]{5,20}$</msg>
<status status="PASS" starttime="20230525 14:04:13.544" endtime="20230525 14:04:13.545"/>
</kw>
<kw name="Log" library="BuiltIn">
<arg>${regex}</arg>
<doc>Logs the given message with the given level.</doc>
<msg timestamp="20230525 14:04:13.546" level="INFO">^[A-Za-z ]{5,20}$</msg>
<status status="PASS" starttime="20230525 14:04:13.545" endtime="20230525 14:04:13.546"/>
</kw>
<kw name="Read Cell Data By Coordinates" library="ExcelUtil">
<var>${cellData}</var>
<arg>${sheetName}</arg>
<arg>${rowIndex}</arg>
<arg>${columnIndex}</arg>
<doc>Return the value of a cell by giving the sheetname, row value &amp; column value
Example:
| Read Cell Data By Coordinates     |  SheetName | Row Number |  Column Number  |
| Read Cell Data By Coordinates     |  Sheet1 |  1  |  1  |
 To pass integer arguments
| Read Cell Data By Coordinates     |  Sheet1 |  ${1}  |  ${3}  |</doc>
<msg timestamp="20230525 14:04:13.546" level="INFO">${cellData} = Manish</msg>
<status status="PASS" starttime="20230525 14:04:13.546" endtime="20230525 14:04:13.547"/>
</kw>
<kw name="Convert To String" library="BuiltIn">
<var>${data}</var>
<arg>${cellData}</arg>
<doc>Converts the given item to a Unicode string.</doc>
<msg timestamp="20230525 14:04:13.547" level="INFO">${data} = Manish</msg>
<status status="PASS" starttime="20230525 14:04:13.547" endtime="20230525 14:04:13.548"/>
</kw>
<kw name="Log" library="BuiltIn">
<arg>${data}</arg>
<doc>Logs the given message with the given level.</doc>
<msg timestamp="20230525 14:04:13.548" level="INFO">Manish</msg>
<status status="PASS" starttime="20230525 14:04:13.548" endtime="20230525 14:04:13.549"/>
</kw>
<kw name="Get Regexp Matches" library="String">
<var>${matches}</var>
<arg>${data}</arg>
<arg>${regex}</arg>
<doc>Returns a list of all non-overlapping matches in the given string.</doc>
<msg timestamp="20230525 14:04:13.549" level="INFO">${matches} = ['Manish']</msg>
<status status="PASS" starttime="20230525 14:04:13.549" endtime="20230525 14:04:13.550"/>
</kw>
<kw name="Log" library="BuiltIn">
<arg>${matches}</arg>
<doc>Logs the given message with the given level.</doc>
<msg timestamp="20230525 14:04:13.550" level="INFO">['Manish']</msg>
<status status="PASS" starttime="20230525 14:04:13.550" endtime="20230525 14:04:13.551"/>
</kw>
<if>
<branch type="IF" condition="${matches} == []">
<kw name="Write Data By Coordinates" library="ExcelUtil">
<arg>${sheetName}</arg>
<arg>${rowIndex}</arg>
<arg>${column_count}</arg>
<arg>Fail</arg>
<doc>Write the value to a call using its co-ordinates
Example:
| Write Data By Coordinates    |  SheetName  | Row Number | Column Number |  Data  |
| Write Data By Coordinates    | Sheet1 | 1 | 1 |  TestData  |</doc>
<status status="NOT RUN" starttime="20230525 14:04:13.551" endtime="20230525 14:04:13.552"/>
</kw>
<kw name="Save Excel" library="ExcelUtil">
<arg>EmployeeDatas.xlsx</arg>
<doc>Save the excel file after writing the data.
Example:
Update existing file:</doc>
<status status="NOT RUN" starttime="20230525 14:04:13.552" endtime="20230525 14:04:13.552"/>
</kw>
<break>
<status status="NOT RUN" starttime="20230525 14:04:13.552" endtime="20230525 14:04:13.552"/>
</break>
<status status="NOT RUN" starttime="20230525 14:04:13.551" endtime="20230525 14:04:13.552"/>
</branch>
<branch type="ELSE">
<kw name="Write Data By Coordinates" library="ExcelUtil">
<arg>${sheetName}</arg>
<arg>${rowIndex}</arg>
<arg>${column_count}</arg>
<arg>Pass</arg>
<doc>Write the value to a call using its co-ordinates
Example:
| Write Data By Coordinates    |  SheetName  | Row Number | Column Number |  Data  |
| Write Data By Coordinates    | Sheet1 | 1 | 1 |  TestData  |</doc>
<status status="PASS" starttime="20230525 14:04:13.552" endtime="20230525 14:04:13.553"/>
</kw>
<kw name="Save Excel" library="ExcelUtil">
<arg>EmployeeDatas.xlsx</arg>
<doc>Save the excel file after writing the data.
Example:
Update existing file:</doc>
<status status="PASS" starttime="20230525 14:04:13.553" endtime="20230525 14:04:13.566"/>
</kw>
<status status="PASS" starttime="20230525 14:04:13.552" endtime="20230525 14:04:13.567"/>
</branch>
<status status="PASS" starttime="20230525 14:04:13.551" endtime="20230525 14:04:13.567"/>
</if>
<status status="PASS" starttime="20230525 14:04:13.544" endtime="20230525 14:04:13.567"/>
</iter>
<iter>
<var name="${columnIndex}">2</var>
<kw name="Read Cell Data By Coordinates" library="ExcelUtil">
<var>${columnHeader}</var>
<arg>${sheetName}</arg>
<arg>1</arg>
<arg>${columnIndex}</arg>
<doc>Return the value of a cell by giving the sheetname, row value &amp; column value
Example:
| Read Cell Data By Coordinates     |  SheetName | Row Number |  Column Number  |
| Read Cell Data By Coordinates     |  Sheet1 |  1  |  1  |
 To pass integer arguments
| Read Cell Data By Coordinates     |  Sheet1 |  ${1}  |  ${3}  |</doc>
<msg timestamp="20230525 14:04:13.567" level="INFO">${columnHeader} = Email</msg>
<status status="PASS" starttime="20230525 14:04:13.567" endtime="20230525 14:04:13.568"/>
</kw>
<kw name="Read Cell Data By Coordinates" library="ExcelUtil">
<var>${regex}</var>
<arg>${sheetName}</arg>
<arg>2</arg>
<arg>${columnIndex}</arg>
<doc>Return the value of a cell by giving the sheetname, row value &amp; column value
Example:
| Read Cell Data By Coordinates     |  SheetName | Row Number |  Column Number  |
| Read Cell Data By Coordinates     |  Sheet1 |  1  |  1  |
 To pass integer arguments
| Read Cell Data By Coordinates     |  Sheet1 |  ${1}  |  ${3}  |</doc>
<msg timestamp="20230525 14:04:13.569" level="INFO">${regex} = ^[a-zA-Z0-9_.]+@[a-zA-Z0-9-]+\.[a-zA-Z0-9-.]+$</msg>
<status status="PASS" starttime="20230525 14:04:13.568" endtime="20230525 14:04:13.569"/>
</kw>
<kw name="Log" library="BuiltIn">
<arg>${regex}</arg>
<doc>Logs the given message with the given level.</doc>
<msg timestamp="20230525 14:04:13.570" level="INFO">^[a-zA-Z0-9_.]+@[a-zA-Z0-9-]+\.[a-zA-Z0-9-.]+$</msg>
<status status="PASS" starttime="20230525 14:04:13.569" endtime="20230525 14:04:13.570"/>
</kw>
<kw name="Read Cell Data By Coordinates" library="ExcelUtil">
<var>${cellData}</var>
<arg>${sheetName}</arg>
<arg>${rowIndex}</arg>
<arg>${columnIndex}</arg>
<doc>Return the value of a cell by giving the sheetname, row value &amp; column value
Example:
| Read Cell Data By Coordinates     |  SheetName | Row Number |  Column Number  |
| Read Cell Data By Coordinates     |  Sheet1 |  1  |  1  |
 To pass integer arguments
| Read Cell Data By Coordinates     |  Sheet1 |  ${1}  |  ${3}  |</doc>
<msg timestamp="20230525 14:04:13.571" level="INFO">${cellData} = mani@gmail.com</msg>
<status status="PASS" starttime="20230525 14:04:13.571" endtime="20230525 14:04:13.571"/>
</kw>
<kw name="Convert To String" library="BuiltIn">
<var>${data}</var>
<arg>${cellData}</arg>
<doc>Converts the given item to a Unicode string.</doc>
<msg timestamp="20230525 14:04:13.572" level="INFO">${data} = mani@gmail.com</msg>
<status status="PASS" starttime="20230525 14:04:13.571" endtime="20230525 14:04:13.572"/>
</kw>
<kw name="Log" library="BuiltIn">
<arg>${data}</arg>
<doc>Logs the given message with the given level.</doc>
<msg timestamp="20230525 14:04:13.574" level="INFO">mani@gmail.com</msg>
<status status="PASS" starttime="20230525 14:04:13.573" endtime="20230525 14:04:13.574"/>
</kw>
<kw name="Get Regexp Matches" library="String">
<var>${matches}</var>
<arg>${data}</arg>
<arg>${regex}</arg>
<doc>Returns a list of all non-overlapping matches in the given string.</doc>
<msg timestamp="20230525 14:04:13.576" level="INFO">${matches} = ['mani@gmail.com']</msg>
<status status="PASS" starttime="20230525 14:04:13.575" endtime="20230525 14:04:13.576"/>
</kw>
<kw name="Log" library="BuiltIn">
<arg>${matches}</arg>
<doc>Logs the given message with the given level.</doc>
<msg timestamp="20230525 14:04:13.577" level="INFO">['mani@gmail.com']</msg>
<status status="PASS" starttime="20230525 14:04:13.577" endtime="20230525 14:04:13.577"/>
</kw>
<if>
<branch type="IF" condition="${matches} == []">
<kw name="Write Data By Coordinates" library="ExcelUtil">
<arg>${sheetName}</arg>
<arg>${rowIndex}</arg>
<arg>${column_count}</arg>
<arg>Fail</arg>
<doc>Write the value to a call using its co-ordinates
Example:
| Write Data By Coordinates    |  SheetName  | Row Number | Column Number |  Data  |
| Write Data By Coordinates    | Sheet1 | 1 | 1 |  TestData  |</doc>
<status status="NOT RUN" starttime="20230525 14:04:13.578" endtime="20230525 14:04:13.578"/>
</kw>
<kw name="Save Excel" library="ExcelUtil">
<arg>EmployeeDatas.xlsx</arg>
<doc>Save the excel file after writing the data.
Example:
Update existing file:</doc>
<status status="NOT RUN" starttime="20230525 14:04:13.579" endtime="20230525 14:04:13.579"/>
</kw>
<break>
<status status="NOT RUN" starttime="20230525 14:04:13.579" endtime="20230525 14:04:13.579"/>
</break>
<status status="NOT RUN" starttime="20230525 14:04:13.578" endtime="20230525 14:04:13.579"/>
</branch>
<branch type="ELSE">
<kw name="Write Data By Coordinates" library="ExcelUtil">
<arg>${sheetName}</arg>
<arg>${rowIndex}</arg>
<arg>${column_count}</arg>
<arg>Pass</arg>
<doc>Write the value to a call using its co-ordinates
Example:
| Write Data By Coordinates    |  SheetName  | Row Number | Column Number |  Data  |
| Write Data By Coordinates    | Sheet1 | 1 | 1 |  TestData  |</doc>
<status status="PASS" starttime="20230525 14:04:13.580" endtime="20230525 14:04:13.580"/>
</kw>
<kw name="Save Excel" library="ExcelUtil">
<arg>EmployeeDatas.xlsx</arg>
<doc>Save the excel file after writing the data.
Example:
Update existing file:</doc>
<status status="PASS" starttime="20230525 14:04:13.580" endtime="20230525 14:04:13.587"/>
</kw>
<status status="PASS" starttime="20230525 14:04:13.579" endtime="20230525 14:04:13.587"/>
</branch>
<status status="PASS" starttime="20230525 14:04:13.578" endtime="20230525 14:04:13.587"/>
</if>
<status status="PASS" starttime="20230525 14:04:13.567" endtime="20230525 14:04:13.587"/>
</iter>
<iter>
<var name="${columnIndex}">3</var>
<kw name="Read Cell Data By Coordinates" library="ExcelUtil">
<var>${columnHeader}</var>
<arg>${sheetName}</arg>
<arg>1</arg>
<arg>${columnIndex}</arg>
<doc>Return the value of a cell by giving the sheetname, row value &amp; column value
Example:
| Read Cell Data By Coordinates     |  SheetName | Row Number |  Column Number  |
| Read Cell Data By Coordinates     |  Sheet1 |  1  |  1  |
 To pass integer arguments
| Read Cell Data By Coordinates     |  Sheet1 |  ${1}  |  ${3}  |</doc>
<msg timestamp="20230525 14:04:13.588" level="INFO">${columnHeader} = Mobile No</msg>
<status status="PASS" starttime="20230525 14:04:13.587" endtime="20230525 14:04:13.588"/>
</kw>
<kw name="Read Cell Data By Coordinates" library="ExcelUtil">
<var>${regex}</var>
<arg>${sheetName}</arg>
<arg>2</arg>
<arg>${columnIndex}</arg>
<doc>Return the value of a cell by giving the sheetname, row value &amp; column value
Example:
| Read Cell Data By Coordinates     |  SheetName | Row Number |  Column Number  |
| Read Cell Data By Coordinates     |  Sheet1 |  1  |  1  |
 To pass integer arguments
| Read Cell Data By Coordinates     |  Sheet1 |  ${1}  |  ${3}  |</doc>
<msg timestamp="20230525 14:04:13.588" level="INFO">${regex} = ^[0-9]{10}$</msg>
<status status="PASS" starttime="20230525 14:04:13.588" endtime="20230525 14:04:13.589"/>
</kw>
<kw name="Log" library="BuiltIn">
<arg>${regex}</arg>
<doc>Logs the given message with the given level.</doc>
<msg timestamp="20230525 14:04:13.590" level="INFO">^[0-9]{10}$</msg>
<status status="PASS" starttime="20230525 14:04:13.589" endtime="20230525 14:04:13.590"/>
</kw>
<kw name="Read Cell Data By Coordinates" library="ExcelUtil">
<var>${cellData}</var>
<arg>${sheetName}</arg>
<arg>${rowIndex}</arg>
<arg>${columnIndex}</arg>
<doc>Return the value of a cell by giving the sheetname, row value &amp; column value
Example:
| Read Cell Data By Coordinates     |  SheetName | Row Number |  Column Number  |
| Read Cell Data By Coordinates     |  Sheet1 |  1  |  1  |
 To pass integer arguments
| Read Cell Data By Coordinates     |  Sheet1 |  ${1}  |  ${3}  |</doc>
<msg timestamp="20230525 14:04:13.591" level="INFO">${cellData} = 9787876545</msg>
<status status="PASS" starttime="20230525 14:04:13.590" endtime="20230525 14:04:13.592"/>
</kw>
<kw name="Convert To String" library="BuiltIn">
<var>${data}</var>
<arg>${cellData}</arg>
<doc>Converts the given item to a Unicode string.</doc>
<msg timestamp="20230525 14:04:13.593" level="INFO">${data} = 9787876545</msg>
<status status="PASS" starttime="20230525 14:04:13.593" endtime="20230525 14:04:13.593"/>
</kw>
<kw name="Log" library="BuiltIn">
<arg>${data}</arg>
<doc>Logs the given message with the given level.</doc>
<msg timestamp="20230525 14:04:13.594" level="INFO">9787876545</msg>
<status status="PASS" starttime="20230525 14:04:13.594" endtime="20230525 14:04:13.595"/>
</kw>
<kw name="Get Regexp Matches" library="String">
<var>${matches}</var>
<arg>${data}</arg>
<arg>${regex}</arg>
<doc>Returns a list of all non-overlapping matches in the given string.</doc>
<msg timestamp="20230525 14:04:13.595" level="INFO">${matches} = ['9787876545']</msg>
<status status="PASS" starttime="20230525 14:04:13.595" endtime="20230525 14:04:13.596"/>
</kw>
<kw name="Log" library="BuiltIn">
<arg>${matches}</arg>
<doc>Logs the given message with the given level.</doc>
<msg timestamp="20230525 14:04:13.596" level="INFO">['9787876545']</msg>
<status status="PASS" starttime="20230525 14:04:13.596" endtime="20230525 14:04:13.596"/>
</kw>
<if>
<branch type="IF" condition="${matches} == []">
<kw name="Write Data By Coordinates" library="ExcelUtil">
<arg>${sheetName}</arg>
<arg>${rowIndex}</arg>
<arg>${column_count}</arg>
<arg>Fail</arg>
<doc>Write the value to a call using its co-ordinates
Example:
| Write Data By Coordinates    |  SheetName  | Row Number | Column Number |  Data  |
| Write Data By Coordinates    | Sheet1 | 1 | 1 |  TestData  |</doc>
<status status="NOT RUN" starttime="20230525 14:04:13.597" endtime="20230525 14:04:13.597"/>
</kw>
<kw name="Save Excel" library="ExcelUtil">
<arg>EmployeeDatas.xlsx</arg>
<doc>Save the excel file after writing the data.
Example:
Update existing file:</doc>
<status status="NOT RUN" starttime="20230525 14:04:13.597" endtime="20230525 14:04:13.597"/>
</kw>
<break>
<status status="NOT RUN" starttime="20230525 14:04:13.597" endtime="20230525 14:04:13.597"/>
</break>
<status status="NOT RUN" starttime="20230525 14:04:13.596" endtime="20230525 14:04:13.597"/>
</branch>
<branch type="ELSE">
<kw name="Write Data By Coordinates" library="ExcelUtil">
<arg>${sheetName}</arg>
<arg>${rowIndex}</arg>
<arg>${column_count}</arg>
<arg>Pass</arg>
<doc>Write the value to a call using its co-ordinates
Example:
| Write Data By Coordinates    |  SheetName  | Row Number | Column Number |  Data  |
| Write Data By Coordinates    | Sheet1 | 1 | 1 |  TestData  |</doc>
<status status="PASS" starttime="20230525 14:04:13.597" endtime="20230525 14:04:13.598"/>
</kw>
<kw name="Save Excel" library="ExcelUtil">
<arg>EmployeeDatas.xlsx</arg>
<doc>Save the excel file after writing the data.
Example:
Update existing file:</doc>
<status status="PASS" starttime="20230525 14:04:13.598" endtime="20230525 14:04:13.605"/>
</kw>
<status status="PASS" starttime="20230525 14:04:13.597" endtime="20230525 14:04:13.606"/>
</branch>
<status status="PASS" starttime="20230525 14:04:13.596" endtime="20230525 14:04:13.606"/>
</if>
<status status="PASS" starttime="20230525 14:04:13.587" endtime="20230525 14:04:13.606"/>
</iter>
<iter>
<var name="${columnIndex}">4</var>
<kw name="Read Cell Data By Coordinates" library="ExcelUtil">
<var>${columnHeader}</var>
<arg>${sheetName}</arg>
<arg>1</arg>
<arg>${columnIndex}</arg>
<doc>Return the value of a cell by giving the sheetname, row value &amp; column value
Example:
| Read Cell Data By Coordinates     |  SheetName | Row Number |  Column Number  |
| Read Cell Data By Coordinates     |  Sheet1 |  1  |  1  |
 To pass integer arguments
| Read Cell Data By Coordinates     |  Sheet1 |  ${1}  |  ${3}  |</doc>
<msg timestamp="20230525 14:04:13.607" level="INFO">${columnHeader} = Emp Id</msg>
<status status="PASS" starttime="20230525 14:04:13.606" endtime="20230525 14:04:13.607"/>
</kw>
<kw name="Read Cell Data By Coordinates" library="ExcelUtil">
<var>${regex}</var>
<arg>${sheetName}</arg>
<arg>2</arg>
<arg>${columnIndex}</arg>
<doc>Return the value of a cell by giving the sheetname, row value &amp; column value
Example:
| Read Cell Data By Coordinates     |  SheetName | Row Number |  Column Number  |
| Read Cell Data By Coordinates     |  Sheet1 |  1  |  1  |
 To pass integer arguments
| Read Cell Data By Coordinates     |  Sheet1 |  ${1}  |  ${3}  |</doc>
<msg timestamp="20230525 14:04:13.608" level="INFO">${regex} = \d{6}</msg>
<status status="PASS" starttime="20230525 14:04:13.607" endtime="20230525 14:04:13.608"/>
</kw>
<kw name="Log" library="BuiltIn">
<arg>${regex}</arg>
<doc>Logs the given message with the given level.</doc>
<msg timestamp="20230525 14:04:13.609" level="INFO">\d{6}</msg>
<status status="PASS" starttime="20230525 14:04:13.609" endtime="20230525 14:04:13.609"/>
</kw>
<kw name="Read Cell Data By Coordinates" library="ExcelUtil">
<var>${cellData}</var>
<arg>${sheetName}</arg>
<arg>${rowIndex}</arg>
<arg>${columnIndex}</arg>
<doc>Return the value of a cell by giving the sheetname, row value &amp; column value
Example:
| Read Cell Data By Coordinates     |  SheetName | Row Number |  Column Number  |
| Read Cell Data By Coordinates     |  Sheet1 |  1  |  1  |
 To pass integer arguments
| Read Cell Data By Coordinates     |  Sheet1 |  ${1}  |  ${3}  |</doc>
<msg timestamp="20230525 14:04:13.610" level="INFO">${cellData} = 678318</msg>
<status status="PASS" starttime="20230525 14:04:13.610" endtime="20230525 14:04:13.610"/>
</kw>
<kw name="Convert To String" library="BuiltIn">
<var>${data}</var>
<arg>${cellData}</arg>
<doc>Converts the given item to a Unicode string.</doc>
<msg timestamp="20230525 14:04:13.611" level="INFO">${data} = 678318</msg>
<status status="PASS" starttime="20230525 14:04:13.610" endtime="20230525 14:04:13.611"/>
</kw>
<kw name="Log" library="BuiltIn">
<arg>${data}</arg>
<doc>Logs the given message with the given level.</doc>
<msg timestamp="20230525 14:04:13.611" level="INFO">678318</msg>
<status status="PASS" starttime="20230525 14:04:13.611" endtime="20230525 14:04:13.612"/>
</kw>
<kw name="Get Regexp Matches" library="String">
<var>${matches}</var>
<arg>${data}</arg>
<arg>${regex}</arg>
<doc>Returns a list of all non-overlapping matches in the given string.</doc>
<msg timestamp="20230525 14:04:13.612" level="INFO">${matches} = ['678318']</msg>
<status status="PASS" starttime="20230525 14:04:13.612" endtime="20230525 14:04:13.612"/>
</kw>
<kw name="Log" library="BuiltIn">
<arg>${matches}</arg>
<doc>Logs the given message with the given level.</doc>
<msg timestamp="20230525 14:04:13.613" level="INFO">['678318']</msg>
<status status="PASS" starttime="20230525 14:04:13.613" endtime="20230525 14:04:13.613"/>
</kw>
<if>
<branch type="IF" condition="${matches} == []">
<kw name="Write Data By Coordinates" library="ExcelUtil">
<arg>${sheetName}</arg>
<arg>${rowIndex}</arg>
<arg>${column_count}</arg>
<arg>Fail</arg>
<doc>Write the value to a call using its co-ordinates
Example:
| Write Data By Coordinates    |  SheetName  | Row Number | Column Number |  Data  |
| Write Data By Coordinates    | Sheet1 | 1 | 1 |  TestData  |</doc>
<status status="NOT RUN" starttime="20230525 14:04:13.614" endtime="20230525 14:04:13.614"/>
</kw>
<kw name="Save Excel" library="ExcelUtil">
<arg>EmployeeDatas.xlsx</arg>
<doc>Save the excel file after writing the data.
Example:
Update existing file:</doc>
<status status="NOT RUN" starttime="20230525 14:04:13.614" endtime="20230525 14:04:13.615"/>
</kw>
<break>
<status status="NOT RUN" starttime="20230525 14:04:13.615" endtime="20230525 14:04:13.615"/>
</break>
<status status="NOT RUN" starttime="20230525 14:04:13.614" endtime="20230525 14:04:13.615"/>
</branch>
<branch type="ELSE">
<kw name="Write Data By Coordinates" library="ExcelUtil">
<arg>${sheetName}</arg>
<arg>${rowIndex}</arg>
<arg>${column_count}</arg>
<arg>Pass</arg>
<doc>Write the value to a call using its co-ordinates
Example:
| Write Data By Coordinates    |  SheetName  | Row Number | Column Number |  Data  |
| Write Data By Coordinates    | Sheet1 | 1 | 1 |  TestData  |</doc>
<status status="PASS" starttime="20230525 14:04:13.615" endtime="20230525 14:04:13.615"/>
</kw>
<kw name="Save Excel" library="ExcelUtil">
<arg>EmployeeDatas.xlsx</arg>
<doc>Save the excel file after writing the data.
Example:
Update existing file:</doc>
<status status="PASS" starttime="20230525 14:04:13.615" endtime="20230525 14:04:13.623"/>
</kw>
<status status="PASS" starttime="20230525 14:04:13.615" endtime="20230525 14:04:13.623"/>
</branch>
<status status="PASS" starttime="20230525 14:04:13.614" endtime="20230525 14:04:13.623"/>
</if>
<status status="PASS" starttime="20230525 14:04:13.606" endtime="20230525 14:04:13.623"/>
</iter>
<status status="PASS" starttime="20230525 14:04:13.543" endtime="20230525 14:04:13.623"/>
</for>
<status status="PASS" starttime="20230525 14:04:13.543" endtime="20230525 14:04:13.623"/>
</iter>
<status status="PASS" starttime="20230525 14:04:13.227" endtime="20230525 14:04:13.623"/>
</for>
<status status="PASS" starttime="20230525 14:04:13.204" endtime="20230525 14:04:13.624"/>
</test>
<doc>This file has to verify the format of each data cell</doc>
<status status="PASS" starttime="20230525 14:04:13.018" endtime="20230525 14:04:13.626"/>
</suite>
<status status="PASS" starttime="20230525 14:04:13.013" endtime="20230525 14:04:13.628"/>
</suite>
<status status="PASS" starttime="20230525 14:04:12.988" endtime="20230525 14:04:13.630"/>
</suite>
<statistics>
<total>
<stat pass="1" fail="0" skip="0">All Tests</stat>
</total>
<tag>
</tag>
<suite>
<stat pass="1" fail="0" skip="0" id="s1" name="RFW-Practice">RFW-Practice</stat>
<stat pass="1" fail="0" skip="0" id="s1-s1" name="TestCase">RFW-Practice.TestCase</stat>
<stat pass="1" fail="0" skip="0" id="s1-s1-s1" name="datasFromExcelUsingregExp">RFW-Practice.TestCase.datasFromExcelUsingregExp</stat>
</suite>
</statistics>
<errors>
</errors>
</robot>
