<?xml version="1.0" encoding="UTF-8"?>
<robot generator="Robot 6.0.2 (Python 3.11.3 on win32)" generated="20230519 12:02:29.538" rpa="false" schemaversion="3">
<suite id="s1" name="RFW-Practice" source="C:\Users\kumaran\Downloads\RFW-Practice">
<suite id="s1-s1" name="ExcelTestCase" source="C:\Users\kumaran\Downloads\RFW-Practice\ExcelTestCase.robot">
<test id="s1-s1-t1" name="Verify format of data from Each cell" line="12">
<kw name="Open Excel" library="ExcelUtil">
<arg>EmployeesData.xlsx</arg>
<doc>Open excel file
Arguments:
    | File             | Filename with fullpath to open and test upon        |</doc>
<status status="PASS" starttime="20230519 12:02:30.299" endtime="20230519 12:02:30.312"/>
</kw>
<kw name="Get Row Count" library="ExcelUtil">
<var>${rowCount}</var>
<arg>EmployeeDetails</arg>
<doc>Return the Row count of the given sheet
Example:
| Open Excel      |  C:\Data\ExcelTest.xlsx  |
| Get Row count     |  Sheet1 |</doc>
<msg timestamp="20230519 12:02:30.319" level="INFO">${rowCount} = 3</msg>
<status status="PASS" starttime="20230519 12:02:30.318" endtime="20230519 12:02:30.321"/>
</kw>
<kw name="Log" library="BuiltIn">
<arg>${rowCount}</arg>
<doc>Logs the given message with the given level.</doc>
<msg timestamp="20230519 12:02:30.321" level="INFO">3</msg>
<status status="PASS" starttime="20230519 12:02:30.321" endtime="20230519 12:02:30.331"/>
</kw>
<kw name="Get Column Count" library="ExcelUtil">
<var>${colCount}</var>
<arg>EmployeeDetails</arg>
<doc>Return the column count of the given sheet
Example:
| Open Excel      |  C:\Data\ExcelTest.xlsx  |
| Get Column count     |  Sheet1 |</doc>
<msg timestamp="20230519 12:02:30.331" level="INFO">${colCount} = 5</msg>
<status status="PASS" starttime="20230519 12:02:30.331" endtime="20230519 12:02:30.334"/>
</kw>
<kw name="Log" library="BuiltIn">
<arg>${colCount}</arg>
<doc>Logs the given message with the given level.</doc>
<msg timestamp="20230519 12:02:30.335" level="INFO">5</msg>
<status status="PASS" starttime="20230519 12:02:30.335" endtime="20230519 12:02:30.335"/>
</kw>
<kw name="Read Cell Data By Coordinates" library="ExcelUtil">
<var>${data}</var>
<arg>EmployeeDetails</arg>
<arg>2</arg>
<arg>3</arg>
<doc>Return the value of a cell by giving the sheetname, row value &amp; column value
Example:
| Read Cell Data By Coordinates     |  SheetName | Row Number |  Column Number  |
| Read Cell Data By Coordinates     |  Sheet1 |  1  |  1  |
 To pass integer arguments
| Read Cell Data By Coordinates     |  Sheet1 |  ${1}  |  ${3}  |</doc>
<msg timestamp="20230519 12:02:30.344" level="INFO">${data} = abc@gmail.com</msg>
<status status="PASS" starttime="20230519 12:02:30.343" endtime="20230519 12:02:30.344"/>
</kw>
<kw name="Log" library="BuiltIn">
<arg>${data}</arg>
<doc>Logs the given message with the given level.</doc>
<msg timestamp="20230519 12:02:30.344" level="INFO">abc@gmail.com</msg>
<status status="PASS" starttime="20230519 12:02:30.344" endtime="20230519 12:02:30.344"/>
</kw>
<for flavor="IN RANGE">
<var>${rowIndex}</var>
<value>2</value>
<value>${rowCount}+1</value>
<iter>
<var name="${rowIndex}">2</var>
<kw name="Read Cell Data By Coordinates" library="ExcelUtil">
<var>${empId}</var>
<arg>EmployeeDetails</arg>
<arg>${rowIndex}</arg>
<arg>1</arg>
<doc>Return the value of a cell by giving the sheetname, row value &amp; column value
Example:
| Read Cell Data By Coordinates     |  SheetName | Row Number |  Column Number  |
| Read Cell Data By Coordinates     |  Sheet1 |  1  |  1  |
 To pass integer arguments
| Read Cell Data By Coordinates     |  Sheet1 |  ${1}  |  ${3}  |</doc>
<msg timestamp="20230519 12:02:30.352" level="INFO">${empId} = 123456</msg>
<status status="PASS" starttime="20230519 12:02:30.352" endtime="20230519 12:02:30.355"/>
</kw>
<kw name="Log" library="BuiltIn">
<arg>${empId}</arg>
<doc>Logs the given message with the given level.</doc>
<msg timestamp="20230519 12:02:30.357" level="INFO">123456</msg>
<status status="PASS" starttime="20230519 12:02:30.355" endtime="20230519 12:02:30.357"/>
</kw>
<kw name="Convert To String" library="BuiltIn">
<var>${emp}</var>
<arg>${empId}</arg>
<doc>Converts the given item to a Unicode string.</doc>
<msg timestamp="20230519 12:02:30.357" level="INFO">${emp} = 123456</msg>
<status status="PASS" starttime="20230519 12:02:30.357" endtime="20230519 12:02:30.357"/>
</kw>
<kw name="Get Regexp Matches" library="String">
<var>${emp1}</var>
<arg>${emp}</arg>
<arg>^\\d{6}</arg>
<doc>Returns a list of all non-overlapping matches in the given string.</doc>
<msg timestamp="20230519 12:02:30.365" level="INFO">${emp1} = ['123456']</msg>
<status status="PASS" starttime="20230519 12:02:30.357" endtime="20230519 12:02:30.365"/>
</kw>
<kw name="Log" library="BuiltIn">
<arg>${emp1}</arg>
<doc>Logs the given message with the given level.</doc>
<msg timestamp="20230519 12:02:30.365" level="INFO">['123456']</msg>
<status status="PASS" starttime="20230519 12:02:30.365" endtime="20230519 12:02:30.365"/>
</kw>
<status status="PASS" starttime="20230519 12:02:30.352" endtime="20230519 12:02:30.365"/>
</iter>
<iter>
<var name="${rowIndex}">3</var>
<kw name="Read Cell Data By Coordinates" library="ExcelUtil">
<var>${empId}</var>
<arg>EmployeeDetails</arg>
<arg>${rowIndex}</arg>
<arg>1</arg>
<doc>Return the value of a cell by giving the sheetname, row value &amp; column value
Example:
| Read Cell Data By Coordinates     |  SheetName | Row Number |  Column Number  |
| Read Cell Data By Coordinates     |  Sheet1 |  1  |  1  |
 To pass integer arguments
| Read Cell Data By Coordinates     |  Sheet1 |  ${1}  |  ${3}  |</doc>
<msg timestamp="20230519 12:02:30.365" level="INFO">${empId} = 1234</msg>
<status status="PASS" starttime="20230519 12:02:30.365" endtime="20230519 12:02:30.373"/>
</kw>
<kw name="Log" library="BuiltIn">
<arg>${empId}</arg>
<doc>Logs the given message with the given level.</doc>
<msg timestamp="20230519 12:02:30.373" level="INFO">1234</msg>
<status status="PASS" starttime="20230519 12:02:30.373" endtime="20230519 12:02:30.373"/>
</kw>
<kw name="Convert To String" library="BuiltIn">
<var>${emp}</var>
<arg>${empId}</arg>
<doc>Converts the given item to a Unicode string.</doc>
<msg timestamp="20230519 12:02:30.373" level="INFO">${emp} = 1234</msg>
<status status="PASS" starttime="20230519 12:02:30.373" endtime="20230519 12:02:30.373"/>
</kw>
<kw name="Get Regexp Matches" library="String">
<var>${emp1}</var>
<arg>${emp}</arg>
<arg>^\\d{6}</arg>
<doc>Returns a list of all non-overlapping matches in the given string.</doc>
<msg timestamp="20230519 12:02:30.381" level="INFO">${emp1} = []</msg>
<status status="PASS" starttime="20230519 12:02:30.381" endtime="20230519 12:02:30.381"/>
</kw>
<kw name="Log" library="BuiltIn">
<arg>${emp1}</arg>
<doc>Logs the given message with the given level.</doc>
<msg timestamp="20230519 12:02:30.381" level="INFO">[]</msg>
<status status="PASS" starttime="20230519 12:02:30.381" endtime="20230519 12:02:30.386"/>
</kw>
<status status="PASS" starttime="20230519 12:02:30.365" endtime="20230519 12:02:30.387"/>
</iter>
<status status="PASS" starttime="20230519 12:02:30.344" endtime="20230519 12:02:30.387"/>
</for>
<for flavor="IN RANGE">
<var>${rowIndex}</var>
<value>2</value>
<value>${rowCount}+1</value>
<iter>
<var name="${rowIndex}">2</var>
<kw name="Read Cell Data By Coordinates" library="ExcelUtil">
<var>${name}</var>
<arg>EmployeeDetails</arg>
<arg>${rowIndex}</arg>
<arg>2</arg>
<doc>Return the value of a cell by giving the sheetname, row value &amp; column value
Example:
| Read Cell Data By Coordinates     |  SheetName | Row Number |  Column Number  |
| Read Cell Data By Coordinates     |  Sheet1 |  1  |  1  |
 To pass integer arguments
| Read Cell Data By Coordinates     |  Sheet1 |  ${1}  |  ${3}  |</doc>
<msg timestamp="20230519 12:02:30.393" level="INFO">${name} = Ghouseuddin</msg>
<status status="PASS" starttime="20230519 12:02:30.392" endtime="20230519 12:02:30.393"/>
</kw>
<kw name="Log" library="BuiltIn">
<arg>${name}</arg>
<doc>Logs the given message with the given level.</doc>
<msg timestamp="20230519 12:02:30.398" level="INFO">Ghouseuddin</msg>
<status status="PASS" starttime="20230519 12:02:30.393" endtime="20230519 12:02:30.398"/>
</kw>
<kw name="Get Regexp Matches" library="String">
<var>${empName}</var>
<arg>${name}</arg>
<arg>^[A-Za-z]{5,20}$</arg>
<doc>Returns a list of all non-overlapping matches in the given string.</doc>
<msg timestamp="20230519 12:02:30.399" level="INFO">${empName} = ['Ghouseuddin']</msg>
<status status="PASS" starttime="20230519 12:02:30.399" endtime="20230519 12:02:30.399"/>
</kw>
<kw name="Log" library="BuiltIn">
<arg>${empName}</arg>
<doc>Logs the given message with the given level.</doc>
<msg timestamp="20230519 12:02:30.399" level="INFO">['Ghouseuddin']</msg>
<status status="PASS" starttime="20230519 12:02:30.399" endtime="20230519 12:02:30.399"/>
</kw>
<status status="PASS" starttime="20230519 12:02:30.390" endtime="20230519 12:02:30.399"/>
</iter>
<iter>
<var name="${rowIndex}">3</var>
<kw name="Read Cell Data By Coordinates" library="ExcelUtil">
<var>${name}</var>
<arg>EmployeeDetails</arg>
<arg>${rowIndex}</arg>
<arg>2</arg>
<doc>Return the value of a cell by giving the sheetname, row value &amp; column value
Example:
| Read Cell Data By Coordinates     |  SheetName | Row Number |  Column Number  |
| Read Cell Data By Coordinates     |  Sheet1 |  1  |  1  |
 To pass integer arguments
| Read Cell Data By Coordinates     |  Sheet1 |  ${1}  |  ${3}  |</doc>
<msg timestamp="20230519 12:02:30.407" level="INFO">${name} = gous</msg>
<status status="PASS" starttime="20230519 12:02:30.399" endtime="20230519 12:02:30.407"/>
</kw>
<kw name="Log" library="BuiltIn">
<arg>${name}</arg>
<doc>Logs the given message with the given level.</doc>
<msg timestamp="20230519 12:02:30.407" level="INFO">gous</msg>
<status status="PASS" starttime="20230519 12:02:30.407" endtime="20230519 12:02:30.407"/>
</kw>
<kw name="Get Regexp Matches" library="String">
<var>${empName}</var>
<arg>${name}</arg>
<arg>^[A-Za-z]{5,20}$</arg>
<doc>Returns a list of all non-overlapping matches in the given string.</doc>
<msg timestamp="20230519 12:02:30.407" level="INFO">${empName} = []</msg>
<status status="PASS" starttime="20230519 12:02:30.407" endtime="20230519 12:02:30.415"/>
</kw>
<kw name="Log" library="BuiltIn">
<arg>${empName}</arg>
<doc>Logs the given message with the given level.</doc>
<msg timestamp="20230519 12:02:30.415" level="INFO">[]</msg>
<status status="PASS" starttime="20230519 12:02:30.415" endtime="20230519 12:02:30.415"/>
</kw>
<status status="PASS" starttime="20230519 12:02:30.399" endtime="20230519 12:02:30.415"/>
</iter>
<status status="PASS" starttime="20230519 12:02:30.390" endtime="20230519 12:02:30.415"/>
</for>
<for flavor="IN RANGE">
<var>${rowIndex}</var>
<value>2</value>
<value>${rowCount}+1</value>
<iter>
<var name="${rowIndex}">2</var>
<kw name="Read Cell Data By Coordinates" library="ExcelUtil">
<var>${email}</var>
<arg>EmployeeDetails</arg>
<arg>${rowIndex}</arg>
<arg>3</arg>
<doc>Return the value of a cell by giving the sheetname, row value &amp; column value
Example:
| Read Cell Data By Coordinates     |  SheetName | Row Number |  Column Number  |
| Read Cell Data By Coordinates     |  Sheet1 |  1  |  1  |
 To pass integer arguments
| Read Cell Data By Coordinates     |  Sheet1 |  ${1}  |  ${3}  |</doc>
<msg timestamp="20230519 12:02:30.426" level="INFO">${email} = abc@gmail.com</msg>
<status status="PASS" starttime="20230519 12:02:30.424" endtime="20230519 12:02:30.427"/>
</kw>
<kw name="Log" library="BuiltIn">
<arg>${email}</arg>
<doc>Logs the given message with the given level.</doc>
<msg timestamp="20230519 12:02:30.428" level="INFO">abc@gmail.com</msg>
<status status="PASS" starttime="20230519 12:02:30.428" endtime="20230519 12:02:30.428"/>
</kw>
<kw name="Get Regexp Matches" library="String">
<var>${empEmail}</var>
<arg>${email}</arg>
<arg>^[a-zA-Z0-9_.+-]+@[a-zA-Z0-9-]+\.[a-zA-Z0-9-.]+$</arg>
<doc>Returns a list of all non-overlapping matches in the given string.</doc>
<msg timestamp="20230519 12:02:30.428" level="INFO">${empEmail} = ['abc@gmail.com']</msg>
<status status="PASS" starttime="20230519 12:02:30.428" endtime="20230519 12:02:30.428"/>
</kw>
<kw name="Log" library="BuiltIn">
<arg>${empEmail}</arg>
<doc>Logs the given message with the given level.</doc>
<msg timestamp="20230519 12:02:30.436" level="INFO">['abc@gmail.com']</msg>
<status status="PASS" starttime="20230519 12:02:30.428" endtime="20230519 12:02:30.436"/>
</kw>
<status status="PASS" starttime="20230519 12:02:30.424" endtime="20230519 12:02:30.436"/>
</iter>
<iter>
<var name="${rowIndex}">3</var>
<kw name="Read Cell Data By Coordinates" library="ExcelUtil">
<var>${email}</var>
<arg>EmployeeDetails</arg>
<arg>${rowIndex}</arg>
<arg>3</arg>
<doc>Return the value of a cell by giving the sheetname, row value &amp; column value
Example:
| Read Cell Data By Coordinates     |  SheetName | Row Number |  Column Number  |
| Read Cell Data By Coordinates     |  Sheet1 |  1  |  1  |
 To pass integer arguments
| Read Cell Data By Coordinates     |  Sheet1 |  ${1}  |  ${3}  |</doc>
<msg timestamp="20230519 12:02:30.436" level="INFO">${email} = gousegmail.com</msg>
<status status="PASS" starttime="20230519 12:02:30.436" endtime="20230519 12:02:30.436"/>
</kw>
<kw name="Log" library="BuiltIn">
<arg>${email}</arg>
<doc>Logs the given message with the given level.</doc>
<msg timestamp="20230519 12:02:30.446" level="INFO">gousegmail.com</msg>
<status status="PASS" starttime="20230519 12:02:30.436" endtime="20230519 12:02:30.446"/>
</kw>
<kw name="Get Regexp Matches" library="String">
<var>${empEmail}</var>
<arg>${email}</arg>
<arg>^[a-zA-Z0-9_.+-]+@[a-zA-Z0-9-]+\.[a-zA-Z0-9-.]+$</arg>
<doc>Returns a list of all non-overlapping matches in the given string.</doc>
<msg timestamp="20230519 12:02:30.446" level="INFO">${empEmail} = []</msg>
<status status="PASS" starttime="20230519 12:02:30.446" endtime="20230519 12:02:30.446"/>
</kw>
<kw name="Log" library="BuiltIn">
<arg>${empEmail}</arg>
<doc>Logs the given message with the given level.</doc>
<msg timestamp="20230519 12:02:30.451" level="INFO">[]</msg>
<status status="PASS" starttime="20230519 12:02:30.446" endtime="20230519 12:02:30.452"/>
</kw>
<status status="PASS" starttime="20230519 12:02:30.436" endtime="20230519 12:02:30.452"/>
</iter>
<status status="PASS" starttime="20230519 12:02:30.423" endtime="20230519 12:02:30.452"/>
</for>
<for flavor="IN RANGE">
<var>${rowIndex}</var>
<value>2</value>
<value>${rowCount}+1</value>
<iter>
<var name="${rowIndex}">2</var>
<kw name="Read Cell Data By Coordinates" library="ExcelUtil">
<var>${mobileNo}</var>
<arg>EmployeeDetails</arg>
<arg>${rowIndex}</arg>
<arg>4</arg>
<doc>Return the value of a cell by giving the sheetname, row value &amp; column value
Example:
| Read Cell Data By Coordinates     |  SheetName | Row Number |  Column Number  |
| Read Cell Data By Coordinates     |  Sheet1 |  1  |  1  |
 To pass integer arguments
| Read Cell Data By Coordinates     |  Sheet1 |  ${1}  |  ${3}  |</doc>
<msg timestamp="20230519 12:02:30.458" level="INFO">${mobileNo} = 9606407263</msg>
<status status="PASS" starttime="20230519 12:02:30.457" endtime="20230519 12:02:30.458"/>
</kw>
<kw name="Log" library="BuiltIn">
<arg>${mobileNo}</arg>
<doc>Logs the given message with the given level.</doc>
<msg timestamp="20230519 12:02:30.458" level="INFO">9606407263</msg>
<status status="PASS" starttime="20230519 12:02:30.458" endtime="20230519 12:02:30.458"/>
</kw>
<kw name="Convert To String" library="BuiltIn">
<var>${empMobile}</var>
<arg>${mobileNo}</arg>
<doc>Converts the given item to a Unicode string.</doc>
<msg timestamp="20230519 12:02:30.458" level="INFO">${empMobile} = 9606407263</msg>
<status status="PASS" starttime="20230519 12:02:30.458" endtime="20230519 12:02:30.458"/>
</kw>
<kw name="Get Regexp Matches" library="String">
<var>${empmobileNo}</var>
<arg>${empMobile}</arg>
<arg>^[0-9]{1,10}$</arg>
<doc>Returns a list of all non-overlapping matches in the given string.</doc>
<msg timestamp="20230519 12:02:30.466" level="INFO">${empmobileNo} = ['9606407263']</msg>
<status status="PASS" starttime="20230519 12:02:30.466" endtime="20230519 12:02:30.466"/>
</kw>
<kw name="Log" library="BuiltIn">
<arg>${empmobileNo}</arg>
<doc>Logs the given message with the given level.</doc>
<msg timestamp="20230519 12:02:30.466" level="INFO">['9606407263']</msg>
<status status="PASS" starttime="20230519 12:02:30.466" endtime="20230519 12:02:30.466"/>
</kw>
<status status="PASS" starttime="20230519 12:02:30.452" endtime="20230519 12:02:30.466"/>
</iter>
<iter>
<var name="${rowIndex}">3</var>
<kw name="Read Cell Data By Coordinates" library="ExcelUtil">
<var>${mobileNo}</var>
<arg>EmployeeDetails</arg>
<arg>${rowIndex}</arg>
<arg>4</arg>
<doc>Return the value of a cell by giving the sheetname, row value &amp; column value
Example:
| Read Cell Data By Coordinates     |  SheetName | Row Number |  Column Number  |
| Read Cell Data By Coordinates     |  Sheet1 |  1  |  1  |
 To pass integer arguments
| Read Cell Data By Coordinates     |  Sheet1 |  ${1}  |  ${3}  |</doc>
<msg timestamp="20230519 12:02:30.474" level="INFO">${mobileNo} = 983654267</msg>
<status status="PASS" starttime="20230519 12:02:30.474" endtime="20230519 12:02:30.474"/>
</kw>
<kw name="Log" library="BuiltIn">
<arg>${mobileNo}</arg>
<doc>Logs the given message with the given level.</doc>
<msg timestamp="20230519 12:02:30.474" level="INFO">983654267</msg>
<status status="PASS" starttime="20230519 12:02:30.474" endtime="20230519 12:02:30.474"/>
</kw>
<kw name="Convert To String" library="BuiltIn">
<var>${empMobile}</var>
<arg>${mobileNo}</arg>
<doc>Converts the given item to a Unicode string.</doc>
<msg timestamp="20230519 12:02:30.482" level="INFO">${empMobile} = 983654267</msg>
<status status="PASS" starttime="20230519 12:02:30.474" endtime="20230519 12:02:30.482"/>
</kw>
<kw name="Get Regexp Matches" library="String">
<var>${empmobileNo}</var>
<arg>${empMobile}</arg>
<arg>^[0-9]{1,10}$</arg>
<doc>Returns a list of all non-overlapping matches in the given string.</doc>
<msg timestamp="20230519 12:02:30.482" level="INFO">${empmobileNo} = ['983654267']</msg>
<status status="PASS" starttime="20230519 12:02:30.482" endtime="20230519 12:02:30.482"/>
</kw>
<kw name="Log" library="BuiltIn">
<arg>${empmobileNo}</arg>
<doc>Logs the given message with the given level.</doc>
<msg timestamp="20230519 12:02:30.490" level="INFO">['983654267']</msg>
<status status="PASS" starttime="20230519 12:02:30.490" endtime="20230519 12:02:30.490"/>
</kw>
<status status="PASS" starttime="20230519 12:02:30.473" endtime="20230519 12:02:30.490"/>
</iter>
<status status="PASS" starttime="20230519 12:02:30.452" endtime="20230519 12:02:30.490"/>
</for>
<status status="PASS" starttime="20230519 12:02:30.296" endtime="20230519 12:02:30.495"/>
</test>
<doc>This file has to verify the format of each data cell</doc>
<status status="PASS" starttime="20230519 12:02:29.653" endtime="20230519 12:02:30.499"/>
</suite>
<status status="PASS" starttime="20230519 12:02:29.567" endtime="20230519 12:02:30.511"/>
</suite>
<statistics>
<total>
<stat pass="1" fail="0" skip="0">All Tests</stat>
</total>
<tag>
</tag>
<suite>
<stat pass="1" fail="0" skip="0" id="s1" name="RFW-Practice">RFW-Practice</stat>
<stat pass="1" fail="0" skip="0" id="s1-s1" name="ExcelTestCase">RFW-Practice.ExcelTestCase</stat>
</suite>
</statistics>
<errors>
</errors>
</robot>
