<?xml version="1.0" encoding="UTF-8"?>
<robot generator="Robot 6.0.2 (Python 3.11.3 on win32)" generated="20230601 12:14:10.799" rpa="false" schemaversion="3">
<suite id="s1" name="RFW-Practice" source="C:\Users\UdhayaParanthaman\Downloads\RFW-Practice">
<suite id="s1-s1" name="TestCase" source="C:\Users\UdhayaParanthaman\Downloads\RFW-Practice\TestCase">
<suite id="s1-s1-s1" name="databaseFromDatas" source="C:\Users\UdhayaParanthaman\Downloads\RFW-Practice\TestCase\databaseFromDatas.robot">
<kw name="Connect To Database" library="DatabaseLibrary" type="SETUP">
<arg>pymysql</arg>
<arg>${DBName}</arg>
<arg>${DBUser}</arg>
<arg>${DBPass}</arg>
<arg>${DBHost}</arg>
<arg>${DBPort}</arg>
<doc>Loads the DB API 2.0 module given `dbapiModuleName` then uses it to
connect to the database using `dbName`, `dbUsername`, and `dbPassword`.</doc>
<msg timestamp="20230601 12:14:11.043" level="INFO">Connecting using : pymysql.connect(db=demo, user=root, passwd=root, host=localhost, port=3306, charset=None) </msg>
<status status="PASS" starttime="20230601 12:14:11.042" endtime="20230601 12:14:11.053"/>
</kw>
<test id="s1-s1-s1-t1" name="Verify count row" line="34">
<kw name="Execute Sql String" library="DatabaseLibrary">
<var>${rowcount}</var>
<arg>SELECT COUNT(empId) FROM EmployeeDetails</arg>
<doc>Executes the sqlString as SQL commands. Useful to pass arguments to your sql. Set optional input `sansTran` to
True to run command without an explicit transaction commit or rollback.</doc>
<msg timestamp="20230601 12:14:11.056" level="INFO">Executing : Execute SQL String  |  SELECT COUNT(empId) FROM EmployeeDetails </msg>
<msg timestamp="20230601 12:14:11.058" level="INFO">${rowcount} = None</msg>
<status status="PASS" starttime="20230601 12:14:11.055" endtime="20230601 12:14:11.058"/>
</kw>
<kw name="Log" library="BuiltIn">
<arg>${rowcount}</arg>
<doc>Logs the given message with the given level.</doc>
<msg timestamp="20230601 12:14:11.060" level="INFO">None</msg>
<status status="PASS" starttime="20230601 12:14:11.059" endtime="20230601 12:14:11.060"/>
</kw>
<status status="PASS" starttime="20230601 12:14:11.054" endtime="20230601 12:14:11.061"/>
</test>
<kw name="Disconnect From Database" library="DatabaseLibrary" type="TEARDOWN">
<doc>Disconnects from the database.</doc>
<msg timestamp="20230601 12:14:11.063" level="INFO">Executing : Disconnect From Database</msg>
<status status="PASS" starttime="20230601 12:14:11.063" endtime="20230601 12:14:11.064"/>
</kw>
<doc>This file has to verify the format of each data cell</doc>
<status status="PASS" starttime="20230601 12:14:10.829" endtime="20230601 12:14:11.065"/>
</suite>
<status status="PASS" starttime="20230601 12:14:10.824" endtime="20230601 12:14:11.068"/>
</suite>
<status status="PASS" starttime="20230601 12:14:10.803" endtime="20230601 12:14:11.071"/>
</suite>
<statistics>
<total>
<stat pass="1" fail="0" skip="0">All Tests</stat>
</total>
<tag>
</tag>
<suite>
<stat pass="1" fail="0" skip="0" id="s1" name="RFW-Practice">RFW-Practice</stat>
<stat pass="1" fail="0" skip="0" id="s1-s1" name="TestCase">RFW-Practice.TestCase</stat>
<stat pass="1" fail="0" skip="0" id="s1-s1-s1" name="databaseFromDatas">RFW-Practice.TestCase.databaseFromDatas</stat>
</suite>
</statistics>
<errors>
</errors>
</robot>
