<?xml version="1.0" encoding="UTF-8"?>
<robot generator="Robot 6.0.2 (Python 3.11.3 on win32)" generated="20230523 13:33:29.175" rpa="false" schemaversion="3">
<suite id="s1" name="RFW-Practice" source="C:\Users\DhineshlingamNataraj\Downloads\eclipse-workspace-robotframeworkNew2\RFW-Practice">
<suite id="s1-s1" name="TestCases" source="C:\Users\DhineshlingamNataraj\Downloads\eclipse-workspace-robotframeworkNew2\RFW-Practice\TestCases">
<suite id="s1-s1-s1" name="Regex2" source="C:\Users\DhineshlingamNataraj\Downloads\eclipse-workspace-robotframeworkNew2\RFW-Practice\TestCases\Regex2.robot">
<test id="s1-s1-s1-t1" name="Verify format of data from Each cell" line="9">
<kw name="Open Excel" library="ExcelUtil">
<arg>EmployeeDatas.xlsx</arg>
<doc>Open excel file
Arguments:
    | File             | Filename with fullpath to open and test upon        |</doc>
<msg timestamp="20230523 13:33:29.434" level="FAIL">FileNotFoundError: [Errno 2] No such file or directory: 'EmployeeDatas.xlsx'</msg>
<status status="FAIL" starttime="20230523 13:33:29.434" endtime="20230523 13:33:29.482"/>
</kw>
<kw name="Get Row Count" library="ExcelUtil">
<var>${rowCount}</var>
<arg>EmployeeDetails</arg>
<doc>Return the Row count of the given sheet
Example:
| Open Excel      |  C:\Data\ExcelTest.xlsx  |
| Get Row count     |  Sheet1 |</doc>
<status status="NOT RUN" starttime="20230523 13:33:29.482" endtime="20230523 13:33:29.482"/>
</kw>
<kw name="Get Column Count" library="ExcelUtil">
<var>${columnCount}</var>
<arg>EmployeeDetails</arg>
<doc>Return the column count of the given sheet
Example:
| Open Excel      |  C:\Data\ExcelTest.xlsx  |
| Get Column count     |  Sheet1 |</doc>
<status status="NOT RUN" starttime="20230523 13:33:29.482" endtime="20230523 13:33:29.482"/>
</kw>
<for flavor="IN RANGE">
<var>${rowIndex}</var>
<value>2</value>
<value>${rowCount}+1</value>
<iter>
<var name="${rowIndex}"/>
<for flavor="IN RANGE">
<var>${columnIndex}</var>
<value>1</value>
<value>${columnCount}</value>
<iter>
<var name="${columnIndex}"/>
<kw name="Run Keyword If" library="BuiltIn">
<var>${regex}</var>
<arg>${columnIndex} == 1</arg>
<arg>Set Variable</arg>
<arg>${Regex_empID}</arg>
<arg>ELSE IF</arg>
<arg>${columnIndex} == 2</arg>
<arg>Set Variable</arg>
<arg>${Regex_name}</arg>
<arg>ELSE IF</arg>
<arg>${columnIndex} == 3</arg>
<arg>Set Variable</arg>
<arg>${Regex_mail}</arg>
<arg>ELSE IF</arg>
<arg>${columnIndex} == 4</arg>
<arg>Set Variable</arg>
<arg>${Regex_mobile}</arg>
<doc>Runs the given keyword with the given arguments, if ``condition`` is true.</doc>
<status status="NOT RUN" starttime="20230523 13:33:29.482" endtime="20230523 13:33:29.482"/>
</kw>
<kw name="Read Cell Data By Coordinates" library="ExcelUtil">
<var>${Data}</var>
<arg>EmployeeDetails</arg>
<arg>${rowIndex}</arg>
<arg>${columnIndex}</arg>
<doc>Return the value of a cell by giving the sheetname, row value &amp; column value
Example:
| Read Cell Data By Coordinates     |  SheetName | Row Number |  Column Number  |
| Read Cell Data By Coordinates     |  Sheet1 |  1  |  1  |
 To pass integer arguments
| Read Cell Data By Coordinates     |  Sheet1 |  ${1}  |  ${3}  |</doc>
<status status="NOT RUN" starttime="20230523 13:33:29.482" endtime="20230523 13:33:29.482"/>
</kw>
<kw name="Convert To String" library="BuiltIn">
<var>${cellData}</var>
<arg>${Data}</arg>
<doc>Converts the given item to a Unicode string.</doc>
<status status="NOT RUN" starttime="20230523 13:33:29.482" endtime="20230523 13:33:29.482"/>
</kw>
<kw name="Get Regexp Matches" library="String">
<var>${matches}</var>
<arg>${cellData}</arg>
<arg>${regex}</arg>
<doc>Returns a list of all non-overlapping matches in the given string.</doc>
<status status="NOT RUN" starttime="20230523 13:33:29.482" endtime="20230523 13:33:29.482"/>
</kw>
<if>
<branch type="IF" condition="${matches} == []">
<kw name="Write Data By Coordinates" library="ExcelUtil">
<arg>EmployeeDetails</arg>
<arg>${rowIndex}</arg>
<arg>${columnCount}</arg>
<arg>fail</arg>
<doc>Write the value to a call using its co-ordinates
Example:
| Write Data By Coordinates    |  SheetName  | Row Number | Column Number |  Data  |
| Write Data By Coordinates    | Sheet1 | 1 | 1 |  TestData  |</doc>
<status status="NOT RUN" starttime="20230523 13:33:29.490" endtime="20230523 13:33:29.490"/>
</kw>
<kw name="Save Excel" library="ExcelUtil">
<arg>EmployeeDatas.xlsx</arg>
<doc>Save the excel file after writing the data.
Example:
Update existing file:</doc>
<status status="NOT RUN" starttime="20230523 13:33:29.490" endtime="20230523 13:33:29.490"/>
</kw>
<break>
<status status="NOT RUN" starttime="20230523 13:33:29.490" endtime="20230523 13:33:29.490"/>
</break>
<status status="NOT RUN" starttime="20230523 13:33:29.482" endtime="20230523 13:33:29.490"/>
</branch>
<branch type="ELSE">
<kw name="Write Data By Coordinates" library="ExcelUtil">
<arg>EmployeeDetails</arg>
<arg>${rowIndex}</arg>
<arg>${columnCount}</arg>
<arg>pass</arg>
<doc>Write the value to a call using its co-ordinates
Example:
| Write Data By Coordinates    |  SheetName  | Row Number | Column Number |  Data  |
| Write Data By Coordinates    | Sheet1 | 1 | 1 |  TestData  |</doc>
<status status="NOT RUN" starttime="20230523 13:33:29.490" endtime="20230523 13:33:29.490"/>
</kw>
<kw name="Save Excel" library="ExcelUtil">
<arg>EmployeeDatas.xlsx</arg>
<doc>Save the excel file after writing the data.
Example:
Update existing file:</doc>
<status status="NOT RUN" starttime="20230523 13:33:29.490" endtime="20230523 13:33:29.490"/>
</kw>
<status status="NOT RUN" starttime="20230523 13:33:29.490" endtime="20230523 13:33:29.490"/>
</branch>
<status status="NOT RUN" starttime="20230523 13:33:29.482" endtime="20230523 13:33:29.490"/>
</if>
<status status="NOT RUN" starttime="20230523 13:33:29.482" endtime="20230523 13:33:29.490"/>
</iter>
<status status="NOT RUN" starttime="20230523 13:33:29.482" endtime="20230523 13:33:29.490"/>
</for>
<status status="NOT RUN" starttime="20230523 13:33:29.482" endtime="20230523 13:33:29.490"/>
</iter>
<status status="NOT RUN" starttime="20230523 13:33:29.482" endtime="20230523 13:33:29.490"/>
</for>
<status status="FAIL" starttime="20230523 13:33:29.434" endtime="20230523 13:33:29.490">FileNotFoundError: [Errno 2] No such file or directory: 'EmployeeDatas.xlsx'</status>
</test>
<doc>This file has to verify the format of each data cell</doc>
<status status="FAIL" starttime="20230523 13:33:29.215" endtime="20230523 13:33:29.490"/>
</suite>
<status status="FAIL" starttime="20230523 13:33:29.207" endtime="20230523 13:33:29.498"/>
</suite>
<status status="FAIL" starttime="20230523 13:33:29.183" endtime="20230523 13:33:29.498"/>
</suite>
<statistics>
<total>
<stat pass="0" fail="1" skip="0">All Tests</stat>
</total>
<tag>
</tag>
<suite>
<stat pass="0" fail="1" skip="0" id="s1" name="RFW-Practice">RFW-Practice</stat>
<stat pass="0" fail="1" skip="0" id="s1-s1" name="TestCases">RFW-Practice.TestCases</stat>
<stat pass="0" fail="1" skip="0" id="s1-s1-s1" name="Regex2">RFW-Practice.TestCases.Regex2</stat>
</suite>
</statistics>
<errors>
</errors>
</robot>
