<?xml version="1.0" encoding="UTF-8"?>
<robot generator="Robot 6.0.2 (Python 3.11.3 on win32)" generated="20230517 12:07:11.422" rpa="false" schemaversion="3">
<suite id="s1" name="RFW-Practice" source="C:\Users\DhineshlingamNataraj\Downloads\eclipse-workspace-robotframeworkNew2\RFW-Practice">
<suite id="s1-s1" name="TestCases" source="C:\Users\DhineshlingamNataraj\Downloads\eclipse-workspace-robotframeworkNew2\RFW-Practice\TestCases">
<suite id="s1-s1-s1" name="Register" source="C:\Users\DhineshlingamNataraj\Downloads\eclipse-workspace-robotframeworkNew2\RFW-Practice\TestCases\Register.robot">
<test id="s1-s1-s1-t1" name="Invalid Phonenumber" line="51">
<kw name="Open Browser" library="SeleniumLibrary" type="SETUP">
<arg>${url}</arg>
<arg>${browser}</arg>
<doc>Opens a new browser instance to the optional ``url``.</doc>
<msg timestamp="20230517 12:07:11.973" level="INFO">Opening browser 'edge' to base url 'https://rahulshettyacademy.com/client'.</msg>
<msg timestamp="20230517 12:07:11.978" level="INFO">Applicable driver not found; attempting to install with Selenium Manager (Beta)</msg>
<status status="PASS" starttime="20230517 12:07:11.973" endtime="20230517 12:07:13.796"/>
</kw>
<kw name="Maximize Browser Window" library="SeleniumLibrary">
<doc>Maximizes current browser window.</doc>
<status status="PASS" starttime="20230517 12:07:13.798" endtime="20230517 12:07:13.927"/>
</kw>
<kw name="Click Element" library="SeleniumLibrary">
<arg>${btn_RegisterHere}</arg>
<doc>Click the element identified by ``locator``.</doc>
<msg timestamp="20230517 12:07:13.929" level="INFO">Clicking element '//a[@class='text-reset']'.</msg>
<status status="PASS" starttime="20230517 12:07:13.928" endtime="20230517 12:07:14.010"/>
</kw>
<kw name="Input Text" library="SeleniumLibrary">
<arg>${txt_FirstName}</arg>
<arg>${mob_name}</arg>
<doc>Types the given ``text`` into the text field identified by ``locator``.</doc>
<msg timestamp="20230517 12:07:14.011" level="INFO">Typing text 'Sanjai' into text field '//input[@id='firstName']'.</msg>
<status status="PASS" starttime="20230517 12:07:14.010" endtime="20230517 12:07:14.165"/>
</kw>
<kw name="Input Text" library="SeleniumLibrary">
<arg>${txt_Email}</arg>
<arg>${mob_Email}</arg>
<doc>Types the given ``text`` into the text field identified by ``locator``.</doc>
<msg timestamp="20230517 12:07:14.167" level="INFO">Typing text 'san135@gmail.com' into text field '//input[@id='userEmail']'.</msg>
<status status="PASS" starttime="20230517 12:07:14.166" endtime="20230517 12:07:14.273"/>
</kw>
<kw name="Input Text" library="SeleniumLibrary">
<arg>${txt_mobile}</arg>
<arg>${mob_no}</arg>
<doc>Types the given ``text`` into the text field identified by ``locator``.</doc>
<msg timestamp="20230517 12:07:14.274" level="INFO">Typing text '7687809' into text field '//input[@id='userMobile']'.</msg>
<status status="PASS" starttime="20230517 12:07:14.274" endtime="20230517 12:07:14.358"/>
</kw>
<kw name="Wait Until Element Is Visible" library="SeleniumLibrary">
<arg>${dropdown_btn}</arg>
<doc>Waits until the element ``locator`` is visible.</doc>
<status status="PASS" starttime="20230517 12:07:14.358" endtime="20230517 12:07:14.384"/>
</kw>
<kw name="Select From List By Label" library="SeleniumLibrary">
<arg>${dropdown_btn}</arg>
<arg>Doctor</arg>
<doc>Selects options from selection list ``locator`` by ``labels``.</doc>
<msg timestamp="20230517 12:07:14.386" level="INFO">Selecting options from selection list '//select[@formcontrolname='occupation']' by label Doctor.</msg>
<status status="PASS" starttime="20230517 12:07:14.385" endtime="20230517 12:07:14.460"/>
</kw>
<kw name="Click Element" library="SeleniumLibrary">
<arg>${btn_Radio}</arg>
<doc>Click the element identified by ``locator``.</doc>
<msg timestamp="20230517 12:07:14.461" level="INFO">Clicking element '//input[@value='Male']'.</msg>
<status status="PASS" starttime="20230517 12:07:14.461" endtime="20230517 12:07:14.508"/>
</kw>
<kw name="Input Password" library="SeleniumLibrary">
<arg>${txt_password}</arg>
<arg>${mob_password}</arg>
<doc>Types the given password into the text field identified by ``locator``.</doc>
<msg timestamp="20230517 12:07:14.509" level="INFO">Typing password into text field '//input[@id='userPassword']'.</msg>
<msg timestamp="20230517 12:07:14.542" level="INFO">Temporally setting log level to: NONE</msg>
<msg timestamp="20230517 12:07:14.606" level="INFO">Log level changed from NONE to INFO.</msg>
<status status="PASS" starttime="20230517 12:07:14.509" endtime="20230517 12:07:14.606"/>
</kw>
<kw name="Input Password" library="SeleniumLibrary">
<arg>${txt_Confirmpassword}</arg>
<arg>${mob_password}</arg>
<doc>Types the given password into the text field identified by ``locator``.</doc>
<msg timestamp="20230517 12:07:14.607" level="INFO">Typing password into text field '//input[@id='confirmPassword']'.</msg>
<msg timestamp="20230517 12:07:14.639" level="INFO">Temporally setting log level to: NONE</msg>
<msg timestamp="20230517 12:07:14.693" level="INFO">Log level changed from NONE to INFO.</msg>
<status status="PASS" starttime="20230517 12:07:14.606" endtime="20230517 12:07:14.694"/>
</kw>
<kw name="Click Element" library="SeleniumLibrary">
<arg>${Chech_box}</arg>
<doc>Click the element identified by ``locator``.</doc>
<msg timestamp="20230517 12:07:14.695" level="INFO">Clicking element '//input[@type='checkbox']'.</msg>
<status status="PASS" starttime="20230517 12:07:14.694" endtime="20230517 12:07:14.749"/>
</kw>
<kw name="Click Button" library="SeleniumLibrary">
<arg>${btn_Login}</arg>
<doc>Clicks the button identified by ``locator``.</doc>
<msg timestamp="20230517 12:07:14.751" level="INFO">Clicking button '//input[@id='login']'.</msg>
<status status="PASS" starttime="20230517 12:07:14.750" endtime="20230517 12:07:14.820"/>
</kw>
<kw name="Wait Until Page Contains" library="SeleniumLibrary">
<arg>*Phone Number must be 10 digit</arg>
<doc>Waits until ``text`` appears on the current page.</doc>
<status status="PASS" starttime="20230517 12:07:14.821" endtime="20230517 12:07:14.834"/>
</kw>
<kw name="Capture Page Screenshot" library="SeleniumLibrary">
<arg>C:/Users/DhineshlingamNataraj/Downloads/eclipse-workspace-robotframeworkNew2/RFW-Practice/Result/Screenshot3.png</arg>
<doc>Takes a screenshot of the current page and embeds it into a log file.</doc>
<msg timestamp="20230517 12:07:15.010" level="INFO" html="true">&lt;/td&gt;&lt;/tr&gt;&lt;tr&gt;&lt;td colspan="3"&gt;&lt;a href="../Result/Screenshot3.png"&gt;&lt;img src="../Result/Screenshot3.png" width="800px"&gt;&lt;/a&gt;</msg>
<status status="PASS" starttime="20230517 12:07:14.834" endtime="20230517 12:07:15.010"/>
</kw>
<kw name="Close Browser" library="SeleniumLibrary" type="TEARDOWN">
<doc>Closes the current browser.</doc>
<status status="PASS" starttime="20230517 12:07:15.011" endtime="20230517 12:07:17.153"/>
</kw>
<status status="PASS" starttime="20230517 12:07:11.971" endtime="20230517 12:07:17.155"/>
</test>
<doc>Create new account</doc>
<status status="PASS" starttime="20230517 12:07:11.459" endtime="20230517 12:07:17.160"/>
</suite>
<status status="PASS" starttime="20230517 12:07:11.455" endtime="20230517 12:07:17.165"/>
</suite>
<status status="PASS" starttime="20230517 12:07:11.427" endtime="20230517 12:07:17.167"/>
</suite>
<statistics>
<total>
<stat pass="1" fail="0" skip="0">All Tests</stat>
</total>
<tag>
</tag>
<suite>
<stat pass="1" fail="0" skip="0" id="s1" name="RFW-Practice">RFW-Practice</stat>
<stat pass="1" fail="0" skip="0" id="s1-s1" name="TestCases">RFW-Practice.TestCases</stat>
<stat pass="1" fail="0" skip="0" id="s1-s1-s1" name="Register">RFW-Practice.TestCases.Register</stat>
</suite>
</statistics>
<errors>
</errors>
</robot>
