<?xml version="1.0" encoding="UTF-8"?>
<robot generator="Robot 5.0.1 (Python 3.11.3 on win32)" generated="20230712 17:43:57.949" rpa="false" schemaversion="3">
<suite id="s1" name="RFW-Practice" source="C:\Users\DhineshlingamNataraj\Downloads\eclipse-workspace-robotframeworkNew2\RFW-Practice">
<suite id="s1-s1" name="TestCases" source="C:\Users\DhineshlingamNataraj\Downloads\eclipse-workspace-robotframeworkNew2\RFW-Practice\TestCases">
<suite id="s1-s1-s1" name="APITesting" source="C:\Users\DhineshlingamNataraj\Downloads\eclipse-workspace-robotframeworkNew2\RFW-Practice\TestCases\APITesting.robot">
<test id="s1-s1-s1-t1" name="Get petID" line="7">
<kw name="Demo ApiTesting to get petId">
<kw name="GET" library="RequestsLibrary">
<var>${Response}</var>
<arg>https://petstore3.swagger.io/api/v3/pet/${petId}</arg>
<arg>expected_status=200</arg>
<doc>Sends a GET request.</doc>
<msg timestamp="20230712 17:43:59.466" level="INFO">GET Request : url=https://petstore3.swagger.io/api/v3/pet/5 
 path_url=/api/v3/pet/5 
 headers={'User-Agent': 'python-requests/2.31.0', 'Accept-Encoding': 'gzip, deflate', 'Accept': '*/*', 'Connection': 'keep-alive'} 
 body=None 
 </msg>
<msg timestamp="20230712 17:43:59.466" level="INFO">GET Response : url=https://petstore3.swagger.io/api/v3/pet/5 
 status=200, reason=OK 
 headers={'Date': 'Wed, 12 Jul 2023 12:14:01 GMT', 'Content-Type': 'application/json', 'Content-Length': '156', 'Connection': 'keep-alive', 'Access-Control-Allow-Origin': '*', 'Access-Control-Allow-Methods': 'GET, POST, DELETE, PUT', 'Access-Control-Allow-Headers': 'Content-Type, api_key, Authorization', 'Access-Control-Expose-Headers': 'Content-Disposition', 'Server': 'Jetty(9.4.9.v20180320)'} 
 body={"id":5,"category":{"id":1,"name":"Dogs"},"name":"Dog 2","photoUrls":["url1","url2"],"tags":[{"id":1,"name":"tag2"},{"id":2,"name":"tag3"}],"status":"sold"} 
 </msg>
<msg timestamp="20230712 17:43:59.466" level="INFO">${Response} = &lt;Response [200]&gt;</msg>
<status status="PASS" starttime="20230712 17:43:58.291" endtime="20230712 17:43:59.466"/>
</kw>
<kw name="Log To Console" library="BuiltIn">
<arg>${Response.json()}</arg>
<doc>Logs the given message to the console.</doc>
<status status="PASS" starttime="20230712 17:43:59.466" endtime="20230712 17:43:59.466"/>
</kw>
<status status="PASS" starttime="20230712 17:43:58.291" endtime="20230712 17:43:59.471"/>
</kw>
<kw name="Demo PostApi">
<kw name="Create Dictionary" library="BuiltIn">
<var>${body}</var>
<arg>id=10</arg>
<arg>name=doggie</arg>
<doc>Creates and returns a dictionary based on the given ``items``.</doc>
<msg timestamp="20230712 17:43:59.472" level="INFO">${body} = {'id': '10', 'name': 'doggie'}</msg>
<status status="PASS" starttime="20230712 17:43:59.472" endtime="20230712 17:43:59.472"/>
</kw>
<kw name="POST" library="RequestsLibrary">
<var>${response}</var>
<arg>https://petstore3.swagger.io/api/v3/pet</arg>
<arg>json=${body}</arg>
<doc>Sends a POST request.</doc>
<msg timestamp="20230712 17:44:00.592" level="INFO">POST Request : url=https://petstore3.swagger.io/api/v3/pet 
 path_url=/api/v3/pet 
 headers={'User-Agent': 'python-requests/2.31.0', 'Accept-Encoding': 'gzip, deflate', 'Accept': '*/*', 'Connection': 'keep-alive', 'Content-Length': '30', 'Content-Type': 'application/json'} 
 body=b'{"id": "10", "name": "doggie"}' 
 </msg>
<msg timestamp="20230712 17:44:00.592" level="INFO">POST Response : url=https://petstore3.swagger.io/api/v3/pet 
 status=200, reason=OK 
 headers={'Date': 'Wed, 12 Jul 2023 12:14:02 GMT', 'Content-Type': 'application/json', 'Content-Length': '50', 'Connection': 'keep-alive', 'Access-Control-Allow-Origin': '*', 'Access-Control-Allow-Methods': 'GET, POST, DELETE, PUT', 'Access-Control-Allow-Headers': 'Content-Type, api_key, Authorization', 'Access-Control-Expose-Headers': 'Content-Disposition', 'Server': 'Jetty(9.4.9.v20180320)'} 
 body={"id":10,"name":"doggie","photoUrls":[],"tags":[]} 
 </msg>
<msg timestamp="20230712 17:44:00.592" level="INFO">${response} = &lt;Response [200]&gt;</msg>
<status status="PASS" starttime="20230712 17:43:59.472" endtime="20230712 17:44:00.600"/>
</kw>
<kw name="Log" library="BuiltIn">
<arg>${response}</arg>
<doc>Logs the given message with the given level.</doc>
<msg timestamp="20230712 17:44:00.600" level="INFO">&lt;Response [200]&gt;</msg>
<status status="PASS" starttime="20230712 17:44:00.600" endtime="20230712 17:44:00.600"/>
</kw>
<kw name="Get Binary File" library="OperatingSystem">
<arg>results/Empty Firstname.jpeg</arg>
<doc>Returns the contents of a specified file.</doc>
<msg timestamp="20230712 17:44:00.600" level="INFO" html="true">Getting file '&lt;a href="file://C:\Users\DhineshlingamNataraj\Downloads\eclipse-workspace-robotframeworkNew2\RFW-Practice\results\Empty Firstname.jpeg"&gt;C:\Users\DhineshlingamNataraj\Downloads\eclipse-workspace-robotframeworkNew2\RFW-Practice\results\Empty Firstname.jpeg&lt;/a&gt;'.</msg>
<status status="PASS" starttime="20230712 17:44:00.600" endtime="20230712 17:44:00.600"/>
</kw>
<status status="PASS" starttime="20230712 17:43:59.472" endtime="20230712 17:44:00.600"/>
</kw>
<status status="PASS" starttime="20230712 17:43:58.291" endtime="20230712 17:44:00.600"/>
</test>
<status status="PASS" starttime="20230712 17:43:57.982" endtime="20230712 17:44:00.608"/>
</suite>
<status status="PASS" starttime="20230712 17:43:57.982" endtime="20230712 17:44:00.608"/>
</suite>
<status status="PASS" starttime="20230712 17:43:57.958" endtime="20230712 17:44:00.608"/>
</suite>
<statistics>
<total>
<stat pass="1" fail="0" skip="0">All Tests</stat>
</total>
<tag>
</tag>
<suite>
<stat pass="1" fail="0" skip="0" id="s1" name="RFW-Practice">RFW-Practice</stat>
<stat pass="1" fail="0" skip="0" id="s1-s1" name="TestCases">RFW-Practice.TestCases</stat>
<stat pass="1" fail="0" skip="0" id="s1-s1-s1" name="APITesting">RFW-Practice.TestCases.APITesting</stat>
</suite>
</statistics>
<errors>
</errors>
</robot>
