<?xml version="1.0" encoding="UTF-8"?>
<robot generator="Robot 6.0.2 (Python 3.11.3 on win32)" generated="20230516 16:32:35.590" rpa="false" schemaversion="3">
<suite id="s1" name="Register" source="C:\Users\UdhayaParanthaman\Downloads\RFW-Practice\TestCase\register.robot">
<test id="s1-t1" name="Register with incorrect data and validating" line="68">
<kw name="Open Browser" library="SeleniumLibrary" type="SETUP">
<arg>${url}</arg>
<arg>${browserName}</arg>
<doc>Opens a new browser instance to the optional ``url``.</doc>
<msg timestamp="20230516 16:32:36.600" level="INFO">Opening browser 'Chrome' to base url 'https://demo.nopcommerce.com/'.</msg>
<status status="PASS" starttime="20230516 16:32:36.600" endtime="20230516 16:32:46.171"/>
</kw>
<kw name="Maximize Browser Window" library="SeleniumLibrary">
<doc>Maximizes current browser window.</doc>
<status status="PASS" starttime="20230516 16:32:46.171" endtime="20230516 16:32:46.375"/>
</kw>
<kw name="Wait Until Element Is Visible" library="SeleniumLibrary">
<arg>${img_demoStore}</arg>
<doc>Waits until the element ``locator`` is visible.</doc>
<status status="PASS" starttime="20230516 16:32:46.375" endtime="20230516 16:32:46.433"/>
</kw>
<kw name="Click Link" library="SeleniumLibrary">
<arg>${lnk_register}</arg>
<doc>Clicks a link identified by ``locator``.</doc>
<msg timestamp="20230516 16:32:46.448" level="INFO">Clicking link '//a[@class='ico-register']'.</msg>
<status status="PASS" starttime="20230516 16:32:46.433" endtime="20230516 16:32:47.131"/>
</kw>
<kw name="Input Text" library="SeleniumLibrary">
<arg>${txt_fName}</arg>
<arg>${nameFirst}</arg>
<doc>Types the given ``text`` into the text field identified by ``locator``.</doc>
<msg timestamp="20230516 16:32:47.133" level="INFO">Typing text ' ' into text field 'FirstName'.</msg>
<status status="PASS" starttime="20230516 16:32:47.133" endtime="20230516 16:32:47.350"/>
</kw>
<kw name="Input Text" library="SeleniumLibrary">
<arg>${txt_lName}</arg>
<arg>${nameLast}</arg>
<doc>Types the given ``text`` into the text field identified by ``locator``.</doc>
<msg timestamp="20230516 16:32:47.350" level="INFO">Typing text ' ' into text field 'LastName'.</msg>
<status status="PASS" starttime="20230516 16:32:47.350" endtime="20230516 16:32:47.571"/>
</kw>
<kw name="Input Text" library="SeleniumLibrary">
<arg>${txt_email}</arg>
<arg>${invalidEmail}</arg>
<doc>Types the given ``text`` into the text field identified by ``locator``.</doc>
<msg timestamp="20230516 16:32:47.573" level="INFO">Typing text 'gouse@gmail.com' into text field 'Email'.</msg>
<status status="PASS" starttime="20230516 16:32:47.571" endtime="20230516 16:32:47.772"/>
</kw>
<kw name="Input Text" library="SeleniumLibrary">
<arg>${txt_company}</arg>
<arg>${invalidCompany}</arg>
<doc>Types the given ``text`` into the text field identified by ``locator``.</doc>
<msg timestamp="20230516 16:32:47.772" level="INFO">Typing text 'Kumaran Systems Private Limited' into text field 'Company'.</msg>
<status status="PASS" starttime="20230516 16:32:47.772" endtime="20230516 16:32:47.992"/>
</kw>
<kw name="Input Password" library="SeleniumLibrary">
<arg>${txt_password}</arg>
<arg>${invalidpassword}</arg>
<doc>Types the given password into the text field identified by ``locator``.</doc>
<msg timestamp="20230516 16:32:47.992" level="INFO">Typing password into text field 'Password'.</msg>
<msg timestamp="20230516 16:32:48.072" level="INFO">Temporally setting log level to: NONE</msg>
<msg timestamp="20230516 16:32:48.175" level="INFO">Log level changed from NONE to INFO.</msg>
<status status="PASS" starttime="20230516 16:32:47.992" endtime="20230516 16:32:48.175"/>
</kw>
<kw name="Input Password" library="SeleniumLibrary">
<arg>${txt_password}</arg>
<arg>${invalidConfirmPassword}</arg>
<doc>Types the given password into the text field identified by ``locator``.</doc>
<msg timestamp="20230516 16:32:48.175" level="INFO">Typing password into text field 'Password'.</msg>
<msg timestamp="20230516 16:32:48.265" level="INFO">Temporally setting log level to: NONE</msg>
<msg timestamp="20230516 16:32:48.383" level="INFO">Log level changed from NONE to INFO.</msg>
<status status="PASS" starttime="20230516 16:32:48.175" endtime="20230516 16:32:48.383"/>
</kw>
<kw name="Click Button" library="SeleniumLibrary">
<arg>${register_btn}</arg>
<doc>Clicks the button identified by ``locator``.</doc>
<msg timestamp="20230516 16:32:48.383" level="INFO">Clicking button 'register-button'.</msg>
<status status="PASS" starttime="20230516 16:32:48.383" endtime="20230516 16:32:48.546"/>
</kw>
<kw name="Wait Until Page Contains" library="SeleniumLibrary">
<arg>${errorMsgTxt}</arg>
<doc>Waits until ``text`` appears on the current page.</doc>
<status status="PASS" starttime="20230516 16:32:48.546" endtime="20230516 16:32:48.578"/>
</kw>
<kw name="Close Browser" library="SeleniumLibrary" type="TEARDOWN">
<doc>Closes the current browser.</doc>
<status status="PASS" starttime="20230516 16:32:48.578" endtime="20230516 16:32:50.729"/>
</kw>
<tag>Regression</tag>
<status status="PASS" starttime="20230516 16:32:36.600" endtime="20230516 16:32:50.730"/>
</test>
<doc>This file is for registering account</doc>
<status status="PASS" starttime="20230516 16:32:35.599" endtime="20230516 16:32:50.731"/>
</suite>
<statistics>
<total>
<stat pass="1" fail="0" skip="0">All Tests</stat>
</total>
<tag>
<stat pass="1" fail="0" skip="0">Regression</stat>
</tag>
<suite>
<stat pass="1" fail="0" skip="0" id="s1" name="Register">Register</stat>
</suite>
</statistics>
<errors>
</errors>
</robot>
